#
# There is insufficient memory for the Java Runtime Environment to continue.
# Native memory allocation (malloc) failed to allocate 131088 bytes for Chunk::new
# Possible reasons:
#   The system is out of physical RAM or swap space
#   The process is running with CompressedOops enabled, and the Java Heap may be blocking the growth of the native heap
# Possible solutions:
#   Reduce memory load on the system
#   Increase physical memory or swap space
#   Check if swap backing store is full
#   Decrease Java heap size (-Xmx/-Xms)
#   Decrease number of Java threads
#   Decrease Java thread stack sizes (-Xss)
#   Set larger code cache with -XX:ReservedCodeCacheSize=
#   JVM is running with Unscaled Compressed Oops mode in which the Java heap is
#     placed in the first 4GB address space. The Java Heap base address is the
#     maximum limit for the native heap growth. Please use -XX:HeapBaseMinAddress
#     to set the Java Heap base and to place the Java Heap above 4GB virtual address.
# This output file may be truncated or incomplete.
#
#  Out of Memory Error (arena.cpp:191), pid=10816, tid=21972
#
# JRE version: OpenJDK Runtime Environment Corretto-17.0.9.8.1 (17.0.9+8) (build 17.0.9+8-LTS)
# Java VM: OpenJDK 64-Bit Server VM Corretto-17.0.9.8.1 (17.0.9+8-LTS, mixed mode, sharing, tiered, compressed oops, compressed class ptrs, g1 gc, windows-amd64)
# No core dump will be written. Minidumps are not enabled by default on client versions of Windows
#

---------------  S U M M A R Y ------------

Command Line: --add-opens=java.base/java.util=ALL-UNNAMED --add-opens=java.base/java.lang=ALL-UNNAMED --add-opens=java.base/java.lang.invoke=ALL-UNNAMED --add-opens=java.prefs/java.util.prefs=ALL-UNNAMED --add-opens=java.base/java.nio.charset=ALL-UNNAMED --add-opens=java.base/java.net=ALL-UNNAMED --add-opens=java.base/java.util.concurrent.atomic=ALL-UNNAMED -XX:MaxMetaspaceSize=384m -XX:+HeapDumpOnOutOfMemoryError -Xms256m -Xmx512m -Dfile.encoding=x-windows-949 -Duser.country=KR -Duser.language=ko -Duser.variant -javaagent:C:\Users\yoon\.gradle\wrapper\dists\gradle-8.5-bin\5t9huq95ubn472n8rpzujfbqh\gradle-8.5\lib\agents\gradle-instrumentation-agent-8.5.jar org.gradle.launcher.daemon.bootstrap.GradleDaemon 8.5

Host: 11th Gen Intel(R) Core(TM) i5-1135G7 @ 2.40GHz, 8 cores, 7G,  Windows 10 , 64 bit Build 19041 (10.0.19041.3636)
Time: Fri Feb 16 20:45:50 2024  Windows 10 , 64 bit Build 19041 (10.0.19041.3636) elapsed time: 144.199946 seconds (0d 0h 2m 24s)

---------------  T H R E A D  ---------------

Current thread (0x0000014fdda6b2f0):  JavaThread "C2 CompilerThread0" daemon [_thread_in_native, id=21972, stack(0x0000000479e00000,0x0000000479f00000)]


Current CompileTask:
C2: 144210 10666       4       javax.management.ObjectName::construct (1135 bytes)

Stack: [0x0000000479e00000,0x0000000479f00000]
Native frames: (J=compiled Java code, j=interpreted, Vv=VM code, C=native code)
V  [jvm.dll+0x67cb49]
V  [jvm.dll+0x8344da]
V  [jvm.dll+0x835f9e]
V  [jvm.dll+0x836603]
V  [jvm.dll+0x247b5f]
V  [jvm.dll+0xac43c]
V  [jvm.dll+0xaca8c]
V  [jvm.dll+0xac54b]
V  [jvm.dll+0x6d380c]
V  [jvm.dll+0x58e897]
V  [jvm.dll+0x5915c4]
V  [jvm.dll+0x57b68e]
V  [jvm.dll+0x57be3a]
V  [jvm.dll+0x57e19f]
V  [jvm.dll+0x57dcdd]
V  [jvm.dll+0x57dbc0]
V  [jvm.dll+0x5858f4]
V  [jvm.dll+0x222bb2]
V  [jvm.dll+0x222f9f]
V  [jvm.dll+0x21c0c6]
V  [jvm.dll+0x219511]
V  [jvm.dll+0x1a56cd]
V  [jvm.dll+0x2293ee]
V  [jvm.dll+0x2275bc]
V  [jvm.dll+0x7e95a7]
V  [jvm.dll+0x7e396a]
V  [jvm.dll+0x67ba35]
C  [ucrtbase.dll+0x21bb2]
C  [KERNEL32.DLL+0x17344]
C  [ntdll.dll+0x526b1]


---------------  P R O C E S S  ---------------

Threads class SMR info:
_java_thread_list=0x0000014ffa2a62c0, length=136, elements={
0x0000014fc2edda20, 0x0000014fdda39980, 0x0000014fdda3a450, 0x0000014fdda62530,
0x0000014fdda52170, 0x0000014fdda55a60, 0x0000014fdda58340, 0x0000014fdda6b2f0,
0x0000014fdda5c620, 0x0000014fdda5cf30, 0x0000014fdda233f0, 0x0000014fddc373a0,
0x0000014ff8cd8660, 0x0000014ff7f01cb0, 0x0000014ff84d0560, 0x0000014ff899b190,
0x0000014fddcabc80, 0x0000014ff8538840, 0x0000014ff85bf850, 0x0000014ff95360d0,
0x0000014ff9538440, 0x0000014ff9537a20, 0x0000014ff9538950, 0x0000014ff9536af0,
0x0000014ff95365e0, 0x0000014ff9537510, 0x0000014ff9538e60, 0x0000014ff9539880,
0x0000014ff9537000, 0x0000014ff9539370, 0x0000014ff8a16230, 0x0000014ff8a12060,
0x0000014ff8a11130, 0x0000014ff8a15810, 0x0000014ff8a12f90, 0x0000014ff8a139b0,
0x0000014ff8a143d0, 0x0000014ff8a15300, 0x0000014ff8a16740, 0x0000014ff8a12570,
0x0000014ff8a12a80, 0x0000014ff8a17160, 0x0000014ff8a15d20, 0x0000014ff8a14df0,
0x0000014ff8a16c50, 0x0000014ff8a134a0, 0x0000014ff8a10200, 0x0000014ff8a11b50,
0x0000014ff8a0fcf0, 0x0000014ff8a17670, 0x0000014ffa4970a0, 0x0000014ffa496680,
0x0000014ffa491580, 0x0000014ffa495240, 0x0000014ffa493e00, 0x0000014ffa496b90,
0x0000014ffa495750, 0x0000014ffa4975b0, 0x0000014ffa4933e0, 0x0000014ffa490140,
0x0000014ffa497ac0, 0x0000014ffa494310, 0x0000014ffa491a90, 0x0000014ffa492ed0,
0x0000014ffa494820, 0x0000014ffa490650, 0x0000014ffa490b60, 0x0000014ffa491070,
0x0000014ffa4938f0, 0x0000014ffa491fa0, 0x0000014ffa4924b0, 0x0000014ffa4929c0,
0x0000014ffa494d30, 0x0000014ffcad1340, 0x0000014ffcad0e30, 0x0000014ffcad5a20,
0x0000014ffcad36b0, 0x0000014ffcad3bc0, 0x0000014ffcad6440, 0x0000014ffcacff00,
0x0000014ffcad0410, 0x0000014ffcad0920, 0x0000014ffcacf9f0, 0x0000014ffcad1d60,
0x0000014ffcad2c90, 0x0000014ffcad40d0, 0x0000014ffcad4af0, 0x0000014ffcad5510,
0x0000014ffcad5f30, 0x0000014ffcad1850, 0x0000014ffcad2270, 0x0000014ffcad6950,
0x0000014ffcad6e60, 0x0000014ffcad2780, 0x0000014ffcad7370, 0x0000014ffcad31a0,
0x0000014ffcad45e0, 0x0000014ffcad5000, 0x0000014ff9e30630, 0x0000014ff9e2e2c0,
0x0000014ff9e2d390, 0x0000014ff9e30b40, 0x0000014ff9e31f80, 0x0000014ff9e31a70,
0x0000014ff9e2e7d0, 0x0000014ff9e2f1f0, 0x0000014ff9e2ece0, 0x0000014ff9e32eb0,
0x0000014ff9e2f700, 0x0000014ff9e329a0, 0x0000014ff9e2d8a0, 0x0000014ff9e31050,
0x0000014ff9e2ddb0, 0x0000014ff9e30120, 0x0000014ff9e31560, 0x0000014ff9e2ba40,
0x0000014ff9e333c0, 0x0000014ff9e2bf50, 0x0000014ff9e2c460, 0x0000014ff9e2c970,
0x0000014ff9e2ce80, 0x0000014ffcd24b60, 0x0000014ffcd25580, 0x0000014ffcd22d00,
0x0000014ffcd213b0, 0x0000014ffcd20480, 0x0000014ffcd25a90, 0x0000014ffcd23210,
0x0000014ffcd20990, 0x0000014ffcd23720, 0x0000014ffcd1ff70, 0x0000014ffcd25fa0,
0x0000014ffcd1f550, 0x0000014ffcd264b0, 0x0000014ffcd24650, 0x0000014ffcd1fa60
}

Java Threads: ( => current thread )
  0x0000014fc2edda20 JavaThread "main" [_thread_blocked, id=3444, stack(0x0000000479100000,0x0000000479200000)]
  0x0000014fdda39980 JavaThread "Reference Handler" daemon [_thread_blocked, id=20652, stack(0x0000000479800000,0x0000000479900000)]
  0x0000014fdda3a450 JavaThread "Finalizer" daemon [_thread_blocked, id=12340, stack(0x0000000479900000,0x0000000479a00000)]
  0x0000014fdda62530 JavaThread "Signal Dispatcher" daemon [_thread_blocked, id=4764, stack(0x0000000479a00000,0x0000000479b00000)]
  0x0000014fdda52170 JavaThread "Attach Listener" daemon [_thread_blocked, id=3848, stack(0x0000000479b00000,0x0000000479c00000)]
  0x0000014fdda55a60 JavaThread "Service Thread" daemon [_thread_blocked, id=21292, stack(0x0000000479c00000,0x0000000479d00000)]
  0x0000014fdda58340 JavaThread "Monitor Deflation Thread" daemon [_thread_blocked, id=16276, stack(0x0000000479d00000,0x0000000479e00000)]
=>0x0000014fdda6b2f0 JavaThread "C2 CompilerThread0" daemon [_thread_in_native, id=21972, stack(0x0000000479e00000,0x0000000479f00000)]
  0x0000014fdda5c620 JavaThread "C1 CompilerThread0" daemon [_thread_blocked, id=21524, stack(0x0000000479f00000,0x000000047a000000)]
  0x0000014fdda5cf30 JavaThread "Sweeper thread" daemon [_thread_blocked, id=4152, stack(0x000000047a000000,0x000000047a100000)]
  0x0000014fdda233f0 JavaThread "Common-Cleaner" daemon [_thread_blocked, id=13384, stack(0x000000047a100000,0x000000047a200000)]
  0x0000014fddc373a0 JavaThread "Notification Thread" daemon [_thread_blocked, id=21800, stack(0x000000047a200000,0x000000047a300000)]
  0x0000014ff8cd8660 JavaThread "Daemon health stats" [_thread_blocked, id=20988, stack(0x000000047a400000,0x000000047a500000)]
  0x0000014ff7f01cb0 JavaThread "Incoming local TCP Connector on port 58858" [_thread_in_native, id=4620, stack(0x000000047aa00000,0x000000047ab00000)]
  0x0000014ff84d0560 JavaThread "Daemon periodic checks" [_thread_blocked, id=18308, stack(0x000000047ab00000,0x000000047ac00000)]
  0x0000014ff899b190 JavaThread "Daemon" [_thread_blocked, id=12376, stack(0x000000047ac00000,0x000000047ad00000)]
  0x0000014fddcabc80 JavaThread "Handler for socket connection from /127.0.0.1:58858 to /127.0.0.1:58860" [_thread_in_native, id=17964, stack(0x000000047ad00000,0x000000047ae00000)]
  0x0000014ff8538840 JavaThread "Cancel handler" [_thread_blocked, id=11272, stack(0x000000047ae00000,0x000000047af00000)]
  0x0000014ff85bf850 JavaThread "Daemon worker" [_thread_blocked, id=20308, stack(0x000000047af00000,0x000000047b000000)]
  0x0000014ff95360d0 JavaThread "Asynchronous log dispatcher for DefaultDaemonConnection: socket connection from /127.0.0.1:58858 to /127.0.0.1:58860" [_thread_blocked, id=21216, stack(0x000000047b000000,0x000000047b100000)]
  0x0000014ff9538440 JavaThread "Stdin handler" [_thread_blocked, id=4188, stack(0x000000047b100000,0x000000047b200000)]
  0x0000014ff9537a20 JavaThread "Daemon client event forwarder" [_thread_blocked, id=11788, stack(0x000000047b200000,0x000000047b300000)]
  0x0000014ff9538950 JavaThread "Cache worker for journal cache (C:\Users\yoon\.gradle\caches\journal-1)" [_thread_blocked, id=15992, stack(0x000000047b300000,0x000000047b400000)]
  0x0000014ff9536af0 JavaThread "File lock request listener" [_thread_in_native, id=6952, stack(0x000000047b400000,0x000000047b500000)]
  0x0000014ff95365e0 JavaThread "Cache worker for file hash cache (C:\Users\yoon\.gradle\caches\8.5\fileHashes)" [_thread_blocked, id=5496, stack(0x000000047b500000,0x000000047b600000)]
  0x0000014ff9537510 JavaThread "File watcher server" daemon [_thread_in_native, id=20776, stack(0x000000047b700000,0x000000047b800000)]
  0x0000014ff9538e60 JavaThread "File watcher consumer" daemon [_thread_blocked, id=22196, stack(0x000000047b800000,0x000000047b900000)]
  0x0000014ff9539880 JavaThread "Cache worker for checksums cache (C:\FP\cherry-weather\.gradle\8.5\checksums)" [_thread_blocked, id=7580, stack(0x000000047bb00000,0x000000047bc00000)]
  0x0000014ff9537000 JavaThread "Cache worker for file hash cache (C:\FP\cherry-weather\.gradle\8.5\fileHashes)" [_thread_blocked, id=19828, stack(0x000000047bc00000,0x000000047bd00000)]
  0x0000014ff9539370 JavaThread "Cache worker for cache directory md-supplier (C:\Users\yoon\.gradle\caches\8.5\md-supplier)" [_thread_blocked, id=5732, stack(0x000000047bd00000,0x000000047be00000)]
  0x0000014ff8a16230 JavaThread "Cache worker for cache directory md-rule (C:\Users\yoon\.gradle\caches\8.5\md-rule)" [_thread_blocked, id=12816, stack(0x000000047be00000,0x000000047bf00000)]
  0x0000014ff8a12060 JavaThread "Cache worker for file content cache (C:\Users\yoon\.gradle\caches\8.5\fileContent)" [_thread_blocked, id=13304, stack(0x000000047bf00000,0x000000047c000000)]
  0x0000014ff8a11130 JavaThread "Cache worker for execution history cache (C:\Users\yoon\.gradle\caches\8.5\executionHistory)" [_thread_blocked, id=8588, stack(0x000000047c000000,0x000000047c100000)]
  0x0000014ff8a15810 JavaThread "jar transforms" [_thread_blocked, id=18808, stack(0x000000047c100000,0x000000047c200000)]
  0x0000014ff8a12f90 JavaThread "jar transforms Thread 2" [_thread_blocked, id=15220, stack(0x000000047c200000,0x000000047c300000)]
  0x0000014ff8a139b0 JavaThread "jar transforms Thread 3" [_thread_blocked, id=21348, stack(0x000000047c400000,0x000000047c500000)]
  0x0000014ff8a143d0 JavaThread "jar transforms Thread 4" [_thread_blocked, id=12356, stack(0x000000047c500000,0x000000047c600000)]
  0x0000014ff8a15300 JavaThread "jar transforms Thread 5" [_thread_blocked, id=15640, stack(0x000000047c600000,0x000000047c700000)]
  0x0000014ff8a16740 JavaThread "jar transforms Thread 6" [_thread_blocked, id=21764, stack(0x000000047c700000,0x000000047c800000)]
  0x0000014ff8a12570 JavaThread "Cache worker for dependencies-accessors (C:\FP\cherry-weather\.gradle\8.5\dependencies-accessors)" [_thread_blocked, id=8540, stack(0x000000047c800000,0x000000047c900000)]
  0x0000014ff8a12a80 JavaThread "jar transforms Thread 7" [_thread_blocked, id=9960, stack(0x000000047c900000,0x000000047ca00000)]
  0x0000014ff8a17160 JavaThread "Cache worker for Build Output Cleanup Cache (C:\FP\cherry-weather\.gradle\buildOutputCleanup)" [_thread_blocked, id=21988, stack(0x000000047c300000,0x000000047c400000)]
  0x0000014ff8a15d20 JavaThread "Unconstrained build operations" [_thread_blocked, id=22444, stack(0x000000047ca00000,0x000000047cb00000)]
  0x0000014ff8a14df0 JavaThread "Unconstrained build operations Thread 2" [_thread_blocked, id=9480, stack(0x000000047cb00000,0x000000047cc00000)]
  0x0000014ff8a16c50 JavaThread "Unconstrained build operations Thread 3" [_thread_blocked, id=18740, stack(0x000000047cc00000,0x000000047cd00000)]
  0x0000014ff8a134a0 JavaThread "Unconstrained build operations Thread 4" [_thread_blocked, id=3136, stack(0x000000047cd00000,0x000000047ce00000)]
  0x0000014ff8a10200 JavaThread "Unconstrained build operations Thread 5" [_thread_blocked, id=16948, stack(0x000000047ce00000,0x000000047cf00000)]
  0x0000014ff8a11b50 JavaThread "Unconstrained build operations Thread 6" [_thread_blocked, id=15312, stack(0x000000047cf00000,0x000000047d000000)]
  0x0000014ff8a0fcf0 JavaThread "Unconstrained build operations Thread 7" [_thread_blocked, id=7484, stack(0x000000047d000000,0x000000047d100000)]
  0x0000014ff8a17670 JavaThread "jar transforms Thread 8" [_thread_blocked, id=19356, stack(0x000000047d100000,0x000000047d200000)]
  0x0000014ffa4970a0 JavaThread "Memory manager" [_thread_blocked, id=16740, stack(0x000000047d200000,0x000000047d300000)]
  0x0000014ffa496680 JavaThread "included builds" [_thread_blocked, id=20696, stack(0x000000047d400000,0x000000047d500000)]
  0x0000014ffa491580 JavaThread "Execution worker" [_thread_blocked, id=16440, stack(0x000000047d500000,0x000000047d600000)]
  0x0000014ffa495240 JavaThread "Execution worker Thread 2" [_thread_blocked, id=20700, stack(0x000000047d600000,0x000000047d700000)]
  0x0000014ffa493e00 JavaThread "Execution worker Thread 3" [_thread_blocked, id=8348, stack(0x000000047d700000,0x000000047d800000)]
  0x0000014ffa496b90 JavaThread "Execution worker Thread 4" [_thread_blocked, id=11432, stack(0x000000047d800000,0x000000047d900000)]
  0x0000014ffa495750 JavaThread "Execution worker Thread 5" [_thread_blocked, id=1808, stack(0x000000047d900000,0x000000047da00000)]
  0x0000014ffa4975b0 JavaThread "Execution worker Thread 6" [_thread_blocked, id=12700, stack(0x000000047da00000,0x000000047db00000)]
  0x0000014ffa4933e0 JavaThread "Execution worker Thread 7" [_thread_blocked, id=7404, stack(0x000000047db00000,0x000000047dc00000)]
  0x0000014ffa490140 JavaThread "Cache worker for execution history cache (C:\FP\cherry-weather\.gradle\8.5\executionHistory)" [_thread_blocked, id=19776, stack(0x000000047dc00000,0x000000047dd00000)]
  0x0000014ffa497ac0 JavaThread "Unconstrained build operations Thread 8" [_thread_blocked, id=18244, stack(0x000000047dd00000,0x000000047de00000)]
  0x0000014ffa494310 JavaThread "Unconstrained build operations Thread 9" [_thread_blocked, id=12096, stack(0x000000047de00000,0x000000047df00000)]
  0x0000014ffa491a90 JavaThread "Unconstrained build operations Thread 10" [_thread_blocked, id=5260, stack(0x000000047df00000,0x000000047e000000)]
  0x0000014ffa492ed0 JavaThread "Unconstrained build operations Thread 11" [_thread_blocked, id=20580, stack(0x000000047e000000,0x000000047e100000)]
  0x0000014ffa494820 JavaThread "Unconstrained build operations Thread 12" [_thread_blocked, id=10096, stack(0x000000047e100000,0x000000047e200000)]
  0x0000014ffa490650 JavaThread "Unconstrained build operations Thread 13" [_thread_blocked, id=13056, stack(0x000000047e200000,0x000000047e300000)]
  0x0000014ffa490b60 JavaThread "Unconstrained build operations Thread 14" [_thread_blocked, id=22432, stack(0x000000047e300000,0x000000047e400000)]
  0x0000014ffa491070 JavaThread "Unconstrained build operations Thread 15" [_thread_blocked, id=22380, stack(0x000000047e400000,0x000000047e500000)]
  0x0000014ffa4938f0 JavaThread "Unconstrained build operations Thread 16" [_thread_blocked, id=17920, stack(0x000000047e500000,0x000000047e600000)]
  0x0000014ffa491fa0 JavaThread "Unconstrained build operations Thread 17" [_thread_blocked, id=21428, stack(0x000000047e600000,0x000000047e700000)]
  0x0000014ffa4924b0 JavaThread "Unconstrained build operations Thread 18" [_thread_blocked, id=20236, stack(0x000000047e700000,0x000000047e800000)]
  0x0000014ffa4929c0 JavaThread "Unconstrained build operations Thread 19" [_thread_blocked, id=14364, stack(0x000000047e800000,0x000000047e900000)]
  0x0000014ffa494d30 JavaThread "Unconstrained build operations Thread 20" [_thread_blocked, id=8708, stack(0x000000047e900000,0x000000047ea00000)]
  0x0000014ffcad1340 JavaThread "Unconstrained build operations Thread 21" [_thread_blocked, id=22320, stack(0x000000047ea00000,0x000000047eb00000)]
  0x0000014ffcad0e30 JavaThread "Unconstrained build operations Thread 22" [_thread_blocked, id=22092, stack(0x000000047eb00000,0x000000047ec00000)]
  0x0000014ffcad5a20 JavaThread "Unconstrained build operations Thread 23" [_thread_blocked, id=21712, stack(0x000000047ec00000,0x000000047ed00000)]
  0x0000014ffcad36b0 JavaThread "Unconstrained build operations Thread 24" [_thread_blocked, id=7716, stack(0x000000047ed00000,0x000000047ee00000)]
  0x0000014ffcad3bc0 JavaThread "Unconstrained build operations Thread 25" [_thread_blocked, id=13196, stack(0x000000047ee00000,0x000000047ef00000)]
  0x0000014ffcad6440 JavaThread "Unconstrained build operations Thread 26" [_thread_blocked, id=2940, stack(0x000000047ef00000,0x000000047f000000)]
  0x0000014ffcacff00 JavaThread "Unconstrained build operations Thread 27" [_thread_blocked, id=3200, stack(0x000000047f000000,0x000000047f100000)]
  0x0000014ffcad0410 JavaThread "Unconstrained build operations Thread 28" [_thread_blocked, id=12820, stack(0x000000047f100000,0x000000047f200000)]
  0x0000014ffcad0920 JavaThread "Unconstrained build operations Thread 29" [_thread_blocked, id=5488, stack(0x000000047f200000,0x000000047f300000)]
  0x0000014ffcacf9f0 JavaThread "Unconstrained build operations Thread 30" [_thread_blocked, id=1960, stack(0x000000047f300000,0x000000047f400000)]
  0x0000014ffcad1d60 JavaThread "Unconstrained build operations Thread 31" [_thread_blocked, id=11704, stack(0x000000047f400000,0x000000047f500000)]
  0x0000014ffcad2c90 JavaThread "Unconstrained build operations Thread 32" [_thread_blocked, id=672, stack(0x000000047f500000,0x000000047f600000)]
  0x0000014ffcad40d0 JavaThread "Unconstrained build operations Thread 33" [_thread_blocked, id=20804, stack(0x000000047f600000,0x000000047f700000)]
  0x0000014ffcad4af0 JavaThread "Unconstrained build operations Thread 34" [_thread_blocked, id=6124, stack(0x000000047f700000,0x000000047f800000)]
  0x0000014ffcad5510 JavaThread "Unconstrained build operations Thread 35" [_thread_blocked, id=7884, stack(0x000000047f800000,0x000000047f900000)]
  0x0000014ffcad5f30 JavaThread "Unconstrained build operations Thread 36" [_thread_blocked, id=22276, stack(0x000000047f900000,0x000000047fa00000)]
  0x0000014ffcad1850 JavaThread "Unconstrained build operations Thread 37" [_thread_blocked, id=12852, stack(0x000000047fa00000,0x000000047fb00000)]
  0x0000014ffcad2270 JavaThread "Unconstrained build operations Thread 38" [_thread_blocked, id=19712, stack(0x000000047fb00000,0x000000047fc00000)]
  0x0000014ffcad6950 JavaThread "Unconstrained build operations Thread 39" [_thread_blocked, id=22268, stack(0x000000047fc00000,0x000000047fd00000)]
  0x0000014ffcad6e60 JavaThread "Unconstrained build operations Thread 40" [_thread_blocked, id=12796, stack(0x000000047fd00000,0x000000047fe00000)]
  0x0000014ffcad2780 JavaThread "Unconstrained build operations Thread 41" [_thread_blocked, id=19916, stack(0x000000047fe00000,0x000000047ff00000)]
  0x0000014ffcad7370 JavaThread "Unconstrained build operations Thread 42" [_thread_blocked, id=4392, stack(0x000000047ff00000,0x0000000480000000)]
  0x0000014ffcad31a0 JavaThread "Unconstrained build operations Thread 43" [_thread_blocked, id=3912, stack(0x0000000400000000,0x0000000400100000)]
  0x0000014ffcad45e0 JavaThread "Unconstrained build operations Thread 44" [_thread_blocked, id=22076, stack(0x0000000400100000,0x0000000400200000)]
  0x0000014ffcad5000 JavaThread "Unconstrained build operations Thread 45" [_thread_blocked, id=4272, stack(0x0000000400200000,0x0000000400300000)]
  0x0000014ff9e30630 JavaThread "Unconstrained build operations Thread 46" [_thread_blocked, id=12368, stack(0x0000000400300000,0x0000000400400000)]
  0x0000014ff9e2e2c0 JavaThread "Unconstrained build operations Thread 47" [_thread_blocked, id=18148, stack(0x0000000400400000,0x0000000400500000)]
  0x0000014ff9e2d390 JavaThread "Unconstrained build operations Thread 48" [_thread_blocked, id=18040, stack(0x0000000400500000,0x0000000400600000)]
  0x0000014ff9e30b40 JavaThread "Unconstrained build operations Thread 49" [_thread_blocked, id=14276, stack(0x0000000400600000,0x0000000400700000)]
  0x0000014ff9e31f80 JavaThread "Unconstrained build operations Thread 50" [_thread_blocked, id=18784, stack(0x0000000400700000,0x0000000400800000)]
  0x0000014ff9e31a70 JavaThread "Unconstrained build operations Thread 51" [_thread_blocked, id=20120, stack(0x0000000400800000,0x0000000400900000)]
  0x0000014ff9e2e7d0 JavaThread "Unconstrained build operations Thread 52" [_thread_blocked, id=21912, stack(0x0000000400900000,0x0000000400a00000)]
  0x0000014ff9e2f1f0 JavaThread "Unconstrained build operations Thread 53" [_thread_blocked, id=19180, stack(0x0000000400a00000,0x0000000400b00000)]
  0x0000014ff9e2ece0 JavaThread "Unconstrained build operations Thread 54" [_thread_blocked, id=10032, stack(0x0000000400b00000,0x0000000400c00000)]
  0x0000014ff9e32eb0 JavaThread "Unconstrained build operations Thread 55" [_thread_blocked, id=5808, stack(0x0000000400c00000,0x0000000400d00000)]
  0x0000014ff9e2f700 JavaThread "Unconstrained build operations Thread 56" [_thread_blocked, id=8336, stack(0x0000000400d00000,0x0000000400e00000)]
  0x0000014ff9e329a0 JavaThread "Unconstrained build operations Thread 57" [_thread_blocked, id=5492, stack(0x0000000400e00000,0x0000000400f00000)]
  0x0000014ff9e2d8a0 JavaThread "Unconstrained build operations Thread 58" [_thread_blocked, id=18676, stack(0x0000000400f00000,0x0000000401000000)]
  0x0000014ff9e31050 JavaThread "Unconstrained build operations Thread 59" [_thread_blocked, id=19228, stack(0x0000000401000000,0x0000000401100000)]
  0x0000014ff9e2ddb0 JavaThread "Unconstrained build operations Thread 60" [_thread_blocked, id=2612, stack(0x0000000401100000,0x0000000401200000)]
  0x0000014ff9e30120 JavaThread "Unconstrained build operations Thread 61" [_thread_blocked, id=12104, stack(0x0000000401200000,0x0000000401300000)]
  0x0000014ff9e31560 JavaThread "Unconstrained build operations Thread 62" [_thread_blocked, id=20552, stack(0x0000000401300000,0x0000000401400000)]
  0x0000014ff9e2ba40 JavaThread "Unconstrained build operations Thread 63" [_thread_blocked, id=15192, stack(0x0000000401400000,0x0000000401500000)]
  0x0000014ff9e333c0 JavaThread "Unconstrained build operations Thread 64" [_thread_blocked, id=22136, stack(0x0000000401500000,0x0000000401600000)]
  0x0000014ff9e2bf50 JavaThread "Unconstrained build operations Thread 65" [_thread_blocked, id=21640, stack(0x0000000401600000,0x0000000401700000)]
  0x0000014ff9e2c460 JavaThread "Unconstrained build operations Thread 66" [_thread_blocked, id=4384, stack(0x0000000401700000,0x0000000401800000)]
  0x0000014ff9e2c970 JavaThread "Unconstrained build operations Thread 67" [_thread_blocked, id=10004, stack(0x0000000401800000,0x0000000401900000)]
  0x0000014ff9e2ce80 JavaThread "Unconstrained build operations Thread 68" [_thread_blocked, id=21576, stack(0x0000000401900000,0x0000000401a00000)]
  0x0000014ffcd24b60 JavaThread "Unconstrained build operations Thread 69" [_thread_blocked, id=692, stack(0x0000000401a00000,0x0000000401b00000)]
  0x0000014ffcd25580 JavaThread "Unconstrained build operations Thread 70" [_thread_blocked, id=21536, stack(0x0000000401b00000,0x0000000401c00000)]
  0x0000014ffcd22d00 JavaThread "Unconstrained build operations Thread 71" [_thread_blocked, id=20904, stack(0x0000000401c00000,0x0000000401d00000)]
  0x0000014ffcd213b0 JavaThread "Unconstrained build operations Thread 72" [_thread_blocked, id=7592, stack(0x0000000401d00000,0x0000000401e00000)]
  0x0000014ffcd20480 JavaThread "Unconstrained build operations Thread 73" [_thread_blocked, id=2352, stack(0x0000000401e00000,0x0000000401f00000)]
  0x0000014ffcd25a90 JavaThread "Unconstrained build operations Thread 74" [_thread_blocked, id=9060, stack(0x0000000401f00000,0x0000000402000000)]
  0x0000014ffcd23210 JavaThread "Unconstrained build operations Thread 75" [_thread_blocked, id=9184, stack(0x0000000402000000,0x0000000402100000)]
  0x0000014ffcd20990 JavaThread "Unconstrained build operations Thread 76" [_thread_blocked, id=3832, stack(0x0000000402100000,0x0000000402200000)]
  0x0000014ffcd23720 JavaThread "Unconstrained build operations Thread 77" [_thread_blocked, id=21680, stack(0x0000000402200000,0x0000000402300000)]
  0x0000014ffcd1ff70 JavaThread "Unconstrained build operations Thread 78" [_thread_blocked, id=11724, stack(0x0000000402300000,0x0000000402400000)]
  0x0000014ffcd25fa0 JavaThread "Unconstrained build operations Thread 79" [_thread_blocked, id=8964, stack(0x0000000402400000,0x0000000402500000)]
  0x0000014ffcd1f550 JavaThread "Unconstrained build operations Thread 80" [_thread_blocked, id=17872, stack(0x0000000402500000,0x0000000402600000)]
  0x0000014ffcd264b0 JavaThread "Exec process" [_thread_in_native, id=13136, stack(0x0000000402600000,0x0000000402700000)]
  0x0000014ffcd24650 JavaThread "Exec process Thread 2" [_thread_in_native, id=3212, stack(0x0000000402700000,0x0000000402800000)]
  0x0000014ffcd1fa60 JavaThread "Exec process Thread 3" [_thread_in_native, id=14968, stack(0x0000000402800000,0x0000000402900000)]

Other Threads:
  0x0000014fdda35fc0 VMThread "VM Thread" [stack: 0x0000000479700000,0x0000000479800000] [id=20740]
  0x0000014fddc37880 WatcherThread [stack: 0x000000047a300000,0x000000047a400000] [id=21556]
  0x0000014fc2f0dd50 GCTaskThread "GC Thread#0" [stack: 0x0000000479200000,0x0000000479300000] [id=10044]
  0x0000014ff7aea6e0 GCTaskThread "GC Thread#1" [stack: 0x000000047a500000,0x000000047a600000] [id=14100]
  0x0000014ff7aea9a0 GCTaskThread "GC Thread#2" [stack: 0x000000047a600000,0x000000047a700000] [id=4956]
  0x0000014ff7aeac60 GCTaskThread "GC Thread#3" [stack: 0x000000047a700000,0x000000047a800000] [id=15532]
  0x0000014ff7bc43c0 GCTaskThread "GC Thread#4" [stack: 0x000000047a800000,0x000000047a900000] [id=14740]
  0x0000014ff7bc59c0 GCTaskThread "GC Thread#5" [stack: 0x000000047a900000,0x000000047aa00000] [id=21300]
  0x0000014ff7bc4ec0 GCTaskThread "GC Thread#6" [stack: 0x000000047b600000,0x000000047b700000] [id=3168]
  0x0000014ff7bc5440 GCTaskThread "GC Thread#7" [stack: 0x000000047b900000,0x000000047ba00000] [id=20764]
  0x0000014fc2f13350 ConcurrentGCThread "G1 Main Marker" [stack: 0x0000000479300000,0x0000000479400000] [id=21368]
  0x0000014fc2f14c90 ConcurrentGCThread "G1 Conc#0" [stack: 0x0000000479400000,0x0000000479500000] [id=17600]
  0x0000014ff7bc5700 ConcurrentGCThread "G1 Conc#1" [stack: 0x000000047ba00000,0x000000047bb00000] [id=15244]
  0x0000014fc2f9e030 ConcurrentGCThread "G1 Refine#0" [stack: 0x0000000479500000,0x0000000479600000] [id=7000]
  0x0000014ff9b39c50 ConcurrentGCThread "G1 Refine#1" [stack: 0x000000047d300000,0x000000047d400000] [id=22168]
  0x0000014fc2f9e970 ConcurrentGCThread "G1 Service" [stack: 0x0000000479600000,0x0000000479700000] [id=14648]

Threads with active compile tasks:
C2 CompilerThread0   145071 10666       4       javax.management.ObjectName::construct (1135 bytes)

VM state: not at safepoint (normal execution)

VM Mutex/Monitor currently owned by a thread: None

Heap address: 0x00000000e0000000, size: 512 MB, Compressed Oops mode: 32-bit

CDS archive(s) mapped at: [0x0000014fde000000-0x0000014fdeba0000-0x0000014fdeba0000), size 12189696, SharedBaseAddress: 0x0000014fde000000, ArchiveRelocationMode: 1.
Compressed class space mapped at: 0x0000014fdf000000-0x0000014ff3000000, reserved size: 335544320
Narrow klass base: 0x0000014fde000000, Narrow klass shift: 0, Narrow klass range: 0x100000000

GC Precious Log:
 CPUs: 8 total, 8 available
 Memory: 7886M
 Large Page Support: Disabled
 NUMA Support: Disabled
 Compressed Oops: Enabled (32-bit)
 Heap Region Size: 1M
 Heap Min Capacity: 256M
 Heap Initial Capacity: 256M
 Heap Max Capacity: 512M
 Pre-touch: Disabled
 Parallel Workers: 8
 Concurrent Workers: 2
 Concurrent Refinement Workers: 8
 Periodic GC: Disabled

Heap:
 garbage-first heap   total 262144K, used 186052K [0x00000000e0000000, 0x0000000100000000)
  region size 1024K, 125 young (128000K), 14 survivors (14336K)
 Metaspace       used 65136K, committed 65728K, reserved 393216K
  class space    used 8929K, committed 9216K, reserved 327680K

Heap Regions: E=young(eden), S=young(survivor), O=old, HS=humongous(starts), HC=humongous(continues), CS=collection set, F=free, OA=open archive, CA=closed archive, TAMS=top-at-mark-start (previous, next)
|   0|0x00000000e0000000, 0x00000000e0100000, 0x00000000e0100000|100%|HS|  |TAMS 0x00000000e0100000, 0x00000000e0000000| Complete 
|   1|0x00000000e0100000, 0x00000000e0200000, 0x00000000e0200000|100%|HC|  |TAMS 0x00000000e0200000, 0x00000000e0100000| Complete 
|   2|0x00000000e0200000, 0x00000000e0300000, 0x00000000e0300000|100%|HC|  |TAMS 0x00000000e0300000, 0x00000000e0200000| Complete 
|   3|0x00000000e0300000, 0x00000000e0400000, 0x00000000e0400000|100%|HC|  |TAMS 0x00000000e0400000, 0x00000000e0300000| Complete 
|   4|0x00000000e0400000, 0x00000000e0500000, 0x00000000e0500000|100%| O|  |TAMS 0x00000000e0500000, 0x00000000e0400000| Untracked 
|   5|0x00000000e0500000, 0x00000000e0600000, 0x00000000e0600000|100%| O|  |TAMS 0x00000000e0600000, 0x00000000e0500000| Untracked 
|   6|0x00000000e0600000, 0x00000000e0700000, 0x00000000e0700000|100%| O|  |TAMS 0x00000000e0700000, 0x00000000e0600000| Untracked 
|   7|0x00000000e0700000, 0x00000000e0800000, 0x00000000e0800000|100%| O|  |TAMS 0x00000000e0800000, 0x00000000e0700000| Untracked 
|   8|0x00000000e0800000, 0x00000000e0900000, 0x00000000e0900000|100%| O|  |TAMS 0x00000000e0900000, 0x00000000e0800000| Untracked 
|   9|0x00000000e0900000, 0x00000000e0a00000, 0x00000000e0a00000|100%| O|  |TAMS 0x00000000e0a00000, 0x00000000e0900000| Untracked 
|  10|0x00000000e0a00000, 0x00000000e0b00000, 0x00000000e0b00000|100%| O|  |TAMS 0x00000000e0b00000, 0x00000000e0a00000| Untracked 
|  11|0x00000000e0b00000, 0x00000000e0c00000, 0x00000000e0c00000|100%| O|  |TAMS 0x00000000e0c00000, 0x00000000e0b00000| Untracked 
|  12|0x00000000e0c00000, 0x00000000e0d00000, 0x00000000e0d00000|100%| O|  |TAMS 0x00000000e0d00000, 0x00000000e0c00000| Untracked 
|  13|0x00000000e0d00000, 0x00000000e0e00000, 0x00000000e0e00000|100%|HS|  |TAMS 0x00000000e0e00000, 0x00000000e0d00000| Complete 
|  14|0x00000000e0e00000, 0x00000000e0f00000, 0x00000000e0f00000|100%|HC|  |TAMS 0x00000000e0f00000, 0x00000000e0e00000| Complete 
|  15|0x00000000e0f00000, 0x00000000e1000000, 0x00000000e1000000|100%|HS|  |TAMS 0x00000000e1000000, 0x00000000e0f00000| Complete 
|  16|0x00000000e1000000, 0x00000000e1100000, 0x00000000e1100000|100%| O|  |TAMS 0x00000000e1100000, 0x00000000e1000000| Untracked 
|  17|0x00000000e1100000, 0x00000000e1200000, 0x00000000e1200000|100%| O|  |TAMS 0x00000000e1200000, 0x00000000e1100000| Untracked 
|  18|0x00000000e1200000, 0x00000000e1300000, 0x00000000e1300000|100%| O|  |TAMS 0x00000000e1300000, 0x00000000e1200000| Untracked 
|  19|0x00000000e1300000, 0x00000000e1400000, 0x00000000e1400000|100%| O|  |TAMS 0x00000000e1400000, 0x00000000e1300000| Untracked 
|  20|0x00000000e1400000, 0x00000000e1500000, 0x00000000e1500000|100%| O|  |TAMS 0x00000000e1500000, 0x00000000e1400000| Untracked 
|  21|0x00000000e1500000, 0x00000000e1600000, 0x00000000e1600000|100%| O|  |TAMS 0x00000000e1600000, 0x00000000e1500000| Untracked 
|  22|0x00000000e1600000, 0x00000000e1700000, 0x00000000e1700000|100%| O|  |TAMS 0x00000000e1700000, 0x00000000e1600000| Untracked 
|  23|0x00000000e1700000, 0x00000000e1800000, 0x00000000e1800000|100%| O|  |TAMS 0x00000000e1800000, 0x00000000e1700000| Untracked 
|  24|0x00000000e1800000, 0x00000000e1900000, 0x00000000e1900000|100%| O|  |TAMS 0x00000000e1900000, 0x00000000e1800000| Untracked 
|  25|0x00000000e1900000, 0x00000000e1a00000, 0x00000000e1a00000|100%| O|  |TAMS 0x00000000e1a00000, 0x00000000e1900000| Untracked 
|  26|0x00000000e1a00000, 0x00000000e1b00000, 0x00000000e1b00000|100%| O|  |TAMS 0x00000000e1b00000, 0x00000000e1a00000| Untracked 
|  27|0x00000000e1b00000, 0x00000000e1c00000, 0x00000000e1c00000|100%|HS|  |TAMS 0x00000000e1c00000, 0x00000000e1b00000| Complete 
|  28|0x00000000e1c00000, 0x00000000e1d00000, 0x00000000e1d00000|100%|HC|  |TAMS 0x00000000e1d00000, 0x00000000e1c00000| Complete 
|  29|0x00000000e1d00000, 0x00000000e1e00000, 0x00000000e1e00000|100%|HC|  |TAMS 0x00000000e1e00000, 0x00000000e1d00000| Complete 
|  30|0x00000000e1e00000, 0x00000000e1f00000, 0x00000000e1f00000|100%|HC|  |TAMS 0x00000000e1f00000, 0x00000000e1e00000| Complete 
|  31|0x00000000e1f00000, 0x00000000e2000000, 0x00000000e2000000|100%| O|  |TAMS 0x00000000e2000000, 0x00000000e1f00000| Untracked 
|  32|0x00000000e2000000, 0x00000000e2100000, 0x00000000e2100000|100%| O|  |TAMS 0x00000000e2100000, 0x00000000e2000000| Untracked 
|  33|0x00000000e2100000, 0x00000000e2200000, 0x00000000e2200000|100%| O|  |TAMS 0x00000000e2200000, 0x00000000e2100000| Untracked 
|  34|0x00000000e2200000, 0x00000000e2300000, 0x00000000e2300000|100%| O|  |TAMS 0x00000000e2300000, 0x00000000e2200000| Untracked 
|  35|0x00000000e2300000, 0x00000000e2400000, 0x00000000e2400000|100%| O|  |TAMS 0x00000000e2400000, 0x00000000e2300000| Untracked 
|  36|0x00000000e2400000, 0x00000000e2500000, 0x00000000e2500000|100%| O|  |TAMS 0x00000000e2500000, 0x00000000e2400000| Untracked 
|  37|0x00000000e2500000, 0x00000000e2600000, 0x00000000e2600000|100%| O|  |TAMS 0x00000000e2600000, 0x00000000e2500000| Untracked 
|  38|0x00000000e2600000, 0x00000000e2700000, 0x00000000e2700000|100%| O|  |TAMS 0x00000000e2700000, 0x00000000e2600000| Untracked 
|  39|0x00000000e2700000, 0x00000000e2800000, 0x00000000e2800000|100%| O|  |TAMS 0x00000000e2800000, 0x00000000e2700000| Untracked 
|  40|0x00000000e2800000, 0x00000000e2900000, 0x00000000e2900000|100%| O|  |TAMS 0x00000000e2900000, 0x00000000e2800000| Untracked 
|  41|0x00000000e2900000, 0x00000000e2a00000, 0x00000000e2a00000|100%| O|  |TAMS 0x00000000e2a00000, 0x00000000e2900000| Untracked 
|  42|0x00000000e2a00000, 0x00000000e2b00000, 0x00000000e2b00000|100%| O|  |TAMS 0x00000000e2b00000, 0x00000000e2a00000| Untracked 
|  43|0x00000000e2b00000, 0x00000000e2c00000, 0x00000000e2c00000|100%| O|  |TAMS 0x00000000e2c00000, 0x00000000e2b00000| Untracked 
|  44|0x00000000e2c00000, 0x00000000e2d00000, 0x00000000e2d00000|100%| O|  |TAMS 0x00000000e2d00000, 0x00000000e2c00000| Untracked 
|  45|0x00000000e2d00000, 0x00000000e2e00000, 0x00000000e2e00000|100%| O|  |TAMS 0x00000000e2e00000, 0x00000000e2d00000| Untracked 
|  46|0x00000000e2e00000, 0x00000000e2f00000, 0x00000000e2f00000|100%| O|  |TAMS 0x00000000e2f00000, 0x00000000e2e00000| Untracked 
|  47|0x00000000e2f00000, 0x00000000e3000000, 0x00000000e3000000|100%| O|  |TAMS 0x00000000e3000000, 0x00000000e2f00000| Untracked 
|  48|0x00000000e3000000, 0x00000000e3100000, 0x00000000e3100000|100%| O|  |TAMS 0x00000000e30ae400, 0x00000000e3000000| Untracked 
|  49|0x00000000e3100000, 0x00000000e3200000, 0x00000000e3200000|100%| O|  |TAMS 0x00000000e3100000, 0x00000000e3100000| Untracked 
|  50|0x00000000e3200000, 0x00000000e3300000, 0x00000000e3300000|100%| O|  |TAMS 0x00000000e3200000, 0x00000000e3200000| Untracked 
|  51|0x00000000e3300000, 0x00000000e3400000, 0x00000000e3400000|100%| O|  |TAMS 0x00000000e3300000, 0x00000000e3300000| Untracked 
|  52|0x00000000e3400000, 0x00000000e3500000, 0x00000000e3500000|100%| O|  |TAMS 0x00000000e3400000, 0x00000000e3400000| Untracked 
|  53|0x00000000e3500000, 0x00000000e3600000, 0x00000000e3600000|100%| O|  |TAMS 0x00000000e3500000, 0x00000000e3500000| Untracked 
|  54|0x00000000e3600000, 0x00000000e3700000, 0x00000000e3700000|100%| O|  |TAMS 0x00000000e3600000, 0x00000000e3600000| Untracked 
|  55|0x00000000e3700000, 0x00000000e3800000, 0x00000000e3800000|100%| O|  |TAMS 0x00000000e3700000, 0x00000000e3700000| Untracked 
|  56|0x00000000e3800000, 0x00000000e3900000, 0x00000000e3900000|100%| O|  |TAMS 0x00000000e3800000, 0x00000000e3800000| Untracked 
|  57|0x00000000e3900000, 0x00000000e39b1000, 0x00000000e3a00000| 69%| O|  |TAMS 0x00000000e3900000, 0x00000000e3900000| Untracked 
|  58|0x00000000e3a00000, 0x00000000e3a00000, 0x00000000e3b00000|  0%| F|  |TAMS 0x00000000e3a00000, 0x00000000e3a00000| Untracked 
|  59|0x00000000e3b00000, 0x00000000e3b00000, 0x00000000e3c00000|  0%| F|  |TAMS 0x00000000e3b00000, 0x00000000e3b00000| Untracked 
|  60|0x00000000e3c00000, 0x00000000e3c00000, 0x00000000e3d00000|  0%| F|  |TAMS 0x00000000e3c00000, 0x00000000e3c00000| Untracked 
|  61|0x00000000e3d00000, 0x00000000e3d00000, 0x00000000e3e00000|  0%| F|  |TAMS 0x00000000e3d00000, 0x00000000e3d00000| Untracked 
|  62|0x00000000e3e00000, 0x00000000e3e00000, 0x00000000e3f00000|  0%| F|  |TAMS 0x00000000e3e00000, 0x00000000e3e00000| Untracked 
|  63|0x00000000e3f00000, 0x00000000e3f00000, 0x00000000e4000000|  0%| F|  |TAMS 0x00000000e3f00000, 0x00000000e3f00000| Untracked 
|  64|0x00000000e4000000, 0x00000000e4000000, 0x00000000e4100000|  0%| F|  |TAMS 0x00000000e4000000, 0x00000000e4000000| Untracked 
|  65|0x00000000e4100000, 0x00000000e4100000, 0x00000000e4200000|  0%| F|  |TAMS 0x00000000e4100000, 0x00000000e4100000| Untracked 
|  66|0x00000000e4200000, 0x00000000e4200000, 0x00000000e4300000|  0%| F|  |TAMS 0x00000000e4200000, 0x00000000e4200000| Untracked 
|  67|0x00000000e4300000, 0x00000000e4300000, 0x00000000e4400000|  0%| F|  |TAMS 0x00000000e4300000, 0x00000000e4300000| Untracked 
|  68|0x00000000e4400000, 0x00000000e4400000, 0x00000000e4500000|  0%| F|  |TAMS 0x00000000e4400000, 0x00000000e4400000| Untracked 
|  69|0x00000000e4500000, 0x00000000e4500000, 0x00000000e4600000|  0%| F|  |TAMS 0x00000000e4500000, 0x00000000e4500000| Untracked 
|  70|0x00000000e4600000, 0x00000000e4600000, 0x00000000e4700000|  0%| F|  |TAMS 0x00000000e4600000, 0x00000000e4600000| Untracked 
|  71|0x00000000e4700000, 0x00000000e4700000, 0x00000000e4800000|  0%| F|  |TAMS 0x00000000e4700000, 0x00000000e4700000| Untracked 
|  72|0x00000000e4800000, 0x00000000e4800000, 0x00000000e4900000|  0%| F|  |TAMS 0x00000000e4800000, 0x00000000e4800000| Untracked 
|  73|0x00000000e4900000, 0x00000000e4900000, 0x00000000e4a00000|  0%| F|  |TAMS 0x00000000e4900000, 0x00000000e4900000| Untracked 
|  74|0x00000000e4a00000, 0x00000000e4a00000, 0x00000000e4b00000|  0%| F|  |TAMS 0x00000000e4a00000, 0x00000000e4a00000| Untracked 
|  75|0x00000000e4b00000, 0x00000000e4b00000, 0x00000000e4c00000|  0%| F|  |TAMS 0x00000000e4b00000, 0x00000000e4b00000| Untracked 
|  76|0x00000000e4c00000, 0x00000000e4c00000, 0x00000000e4d00000|  0%| F|  |TAMS 0x00000000e4c00000, 0x00000000e4c00000| Untracked 
|  77|0x00000000e4d00000, 0x00000000e4d00000, 0x00000000e4e00000|  0%| F|  |TAMS 0x00000000e4d00000, 0x00000000e4d00000| Untracked 
|  78|0x00000000e4e00000, 0x00000000e4e00000, 0x00000000e4f00000|  0%| F|  |TAMS 0x00000000e4e00000, 0x00000000e4e00000| Untracked 
|  79|0x00000000e4f00000, 0x00000000e4f00000, 0x00000000e5000000|  0%| F|  |TAMS 0x00000000e4f00000, 0x00000000e4f00000| Untracked 
|  80|0x00000000e5000000, 0x00000000e5000000, 0x00000000e5100000|  0%| F|  |TAMS 0x00000000e5000000, 0x00000000e5000000| Untracked 
|  81|0x00000000e5100000, 0x00000000e5100000, 0x00000000e5200000|  0%| F|  |TAMS 0x00000000e5100000, 0x00000000e5100000| Untracked 
|  82|0x00000000e5200000, 0x00000000e5200000, 0x00000000e5300000|  0%| F|  |TAMS 0x00000000e5200000, 0x00000000e5200000| Untracked 
|  83|0x00000000e5300000, 0x00000000e5300000, 0x00000000e5400000|  0%| F|  |TAMS 0x00000000e5300000, 0x00000000e5300000| Untracked 
|  84|0x00000000e5400000, 0x00000000e5400000, 0x00000000e5500000|  0%| F|  |TAMS 0x00000000e5400000, 0x00000000e5400000| Untracked 
|  85|0x00000000e5500000, 0x00000000e5500000, 0x00000000e5600000|  0%| F|  |TAMS 0x00000000e5500000, 0x00000000e5500000| Untracked 
|  86|0x00000000e5600000, 0x00000000e5600000, 0x00000000e5700000|  0%| F|  |TAMS 0x00000000e5600000, 0x00000000e5600000| Untracked 
|  87|0x00000000e5700000, 0x00000000e5700000, 0x00000000e5800000|  0%| F|  |TAMS 0x00000000e5700000, 0x00000000e5700000| Untracked 
|  88|0x00000000e5800000, 0x00000000e5800000, 0x00000000e5900000|  0%| F|  |TAMS 0x00000000e5800000, 0x00000000e5800000| Untracked 
|  89|0x00000000e5900000, 0x00000000e5900000, 0x00000000e5a00000|  0%| F|  |TAMS 0x00000000e5900000, 0x00000000e5900000| Untracked 
|  90|0x00000000e5a00000, 0x00000000e5a00000, 0x00000000e5b00000|  0%| F|  |TAMS 0x00000000e5a00000, 0x00000000e5a00000| Untracked 
|  91|0x00000000e5b00000, 0x00000000e5b00000, 0x00000000e5c00000|  0%| F|  |TAMS 0x00000000e5b00000, 0x00000000e5b00000| Untracked 
|  92|0x00000000e5c00000, 0x00000000e5d00000, 0x00000000e5d00000|100%| S|CS|TAMS 0x00000000e5c00000, 0x00000000e5c00000| Complete 
|  93|0x00000000e5d00000, 0x00000000e5e00000, 0x00000000e5e00000|100%| S|CS|TAMS 0x00000000e5d00000, 0x00000000e5d00000| Complete 
|  94|0x00000000e5e00000, 0x00000000e5f00000, 0x00000000e5f00000|100%| S|CS|TAMS 0x00000000e5e00000, 0x00000000e5e00000| Complete 
|  95|0x00000000e5f00000, 0x00000000e6000000, 0x00000000e6000000|100%| S|CS|TAMS 0x00000000e5f00000, 0x00000000e5f00000| Complete 
|  96|0x00000000e6000000, 0x00000000e6100000, 0x00000000e6100000|100%| S|CS|TAMS 0x00000000e6000000, 0x00000000e6000000| Complete 
|  97|0x00000000e6100000, 0x00000000e6200000, 0x00000000e6200000|100%| S|CS|TAMS 0x00000000e6100000, 0x00000000e6100000| Complete 
|  98|0x00000000e6200000, 0x00000000e6300000, 0x00000000e6300000|100%| S|CS|TAMS 0x00000000e6200000, 0x00000000e6200000| Complete 
|  99|0x00000000e6300000, 0x00000000e6400000, 0x00000000e6400000|100%| S|CS|TAMS 0x00000000e6300000, 0x00000000e6300000| Complete 
| 100|0x00000000e6400000, 0x00000000e6500000, 0x00000000e6500000|100%| S|CS|TAMS 0x00000000e6400000, 0x00000000e6400000| Complete 
| 101|0x00000000e6500000, 0x00000000e6600000, 0x00000000e6600000|100%| S|CS|TAMS 0x00000000e6500000, 0x00000000e6500000| Complete 
| 102|0x00000000e6600000, 0x00000000e6700000, 0x00000000e6700000|100%| S|CS|TAMS 0x00000000e6600000, 0x00000000e6600000| Complete 
| 103|0x00000000e6700000, 0x00000000e6800000, 0x00000000e6800000|100%| S|CS|TAMS 0x00000000e6700000, 0x00000000e6700000| Complete 
| 104|0x00000000e6800000, 0x00000000e6900000, 0x00000000e6900000|100%| S|CS|TAMS 0x00000000e6800000, 0x00000000e6800000| Complete 
| 105|0x00000000e6900000, 0x00000000e6a00000, 0x00000000e6a00000|100%| S|CS|TAMS 0x00000000e6900000, 0x00000000e6900000| Complete 
| 106|0x00000000e6a00000, 0x00000000e6a00000, 0x00000000e6b00000|  0%| F|  |TAMS 0x00000000e6a00000, 0x00000000e6a00000| Untracked 
| 107|0x00000000e6b00000, 0x00000000e6b00000, 0x00000000e6c00000|  0%| F|  |TAMS 0x00000000e6b00000, 0x00000000e6b00000| Untracked 
| 108|0x00000000e6c00000, 0x00000000e6c00000, 0x00000000e6d00000|  0%| F|  |TAMS 0x00000000e6c00000, 0x00000000e6c00000| Untracked 
| 109|0x00000000e6d00000, 0x00000000e6d00000, 0x00000000e6e00000|  0%| F|  |TAMS 0x00000000e6d00000, 0x00000000e6d00000| Untracked 
| 110|0x00000000e6e00000, 0x00000000e6e00000, 0x00000000e6f00000|  0%| F|  |TAMS 0x00000000e6e00000, 0x00000000e6e00000| Untracked 
| 111|0x00000000e6f00000, 0x00000000e6f00000, 0x00000000e7000000|  0%| F|  |TAMS 0x00000000e6f00000, 0x00000000e6f00000| Untracked 
| 112|0x00000000e7000000, 0x00000000e7000000, 0x00000000e7100000|  0%| F|  |TAMS 0x00000000e7000000, 0x00000000e7000000| Untracked 
| 113|0x00000000e7100000, 0x00000000e7100000, 0x00000000e7200000|  0%| F|  |TAMS 0x00000000e7100000, 0x00000000e7100000| Untracked 
| 114|0x00000000e7200000, 0x00000000e7200000, 0x00000000e7300000|  0%| F|  |TAMS 0x00000000e7200000, 0x00000000e7200000| Untracked 
| 115|0x00000000e7300000, 0x00000000e7300000, 0x00000000e7400000|  0%| F|  |TAMS 0x00000000e7300000, 0x00000000e7300000| Untracked 
| 116|0x00000000e7400000, 0x00000000e7400000, 0x00000000e7500000|  0%| F|  |TAMS 0x00000000e7400000, 0x00000000e7400000| Untracked 
| 117|0x00000000e7500000, 0x00000000e7500000, 0x00000000e7600000|  0%| F|  |TAMS 0x00000000e7500000, 0x00000000e7500000| Untracked 
| 118|0x00000000e7600000, 0x00000000e7600000, 0x00000000e7700000|  0%| F|  |TAMS 0x00000000e7600000, 0x00000000e7600000| Untracked 
| 119|0x00000000e7700000, 0x00000000e7700000, 0x00000000e7800000|  0%| F|  |TAMS 0x00000000e7700000, 0x00000000e7700000| Untracked 
| 120|0x00000000e7800000, 0x00000000e7800000, 0x00000000e7900000|  0%| F|  |TAMS 0x00000000e7800000, 0x00000000e7800000| Untracked 
| 121|0x00000000e7900000, 0x00000000e7900000, 0x00000000e7a00000|  0%| F|  |TAMS 0x00000000e7900000, 0x00000000e7900000| Untracked 
| 122|0x00000000e7a00000, 0x00000000e7a00000, 0x00000000e7b00000|  0%| F|  |TAMS 0x00000000e7a00000, 0x00000000e7a00000| Untracked 
| 123|0x00000000e7b00000, 0x00000000e7b00000, 0x00000000e7c00000|  0%| F|  |TAMS 0x00000000e7b00000, 0x00000000e7b00000| Untracked 
| 124|0x00000000e7c00000, 0x00000000e7c00000, 0x00000000e7d00000|  0%| F|  |TAMS 0x00000000e7c00000, 0x00000000e7c00000| Untracked 
| 125|0x00000000e7d00000, 0x00000000e7d00000, 0x00000000e7e00000|  0%| F|  |TAMS 0x00000000e7d00000, 0x00000000e7d00000| Untracked 
| 126|0x00000000e7e00000, 0x00000000e7e00000, 0x00000000e7f00000|  0%| F|  |TAMS 0x00000000e7e00000, 0x00000000e7e00000| Untracked 
| 127|0x00000000e7f00000, 0x00000000e7f00000, 0x00000000e8000000|  0%| F|  |TAMS 0x00000000e7f00000, 0x00000000e7f00000| Untracked 
| 128|0x00000000e8000000, 0x00000000e8000000, 0x00000000e8100000|  0%| F|  |TAMS 0x00000000e8000000, 0x00000000e8000000| Untracked 
| 129|0x00000000e8100000, 0x00000000e8100000, 0x00000000e8200000|  0%| F|  |TAMS 0x00000000e8100000, 0x00000000e8100000| Untracked 
| 130|0x00000000e8200000, 0x00000000e8200000, 0x00000000e8300000|  0%| F|  |TAMS 0x00000000e8200000, 0x00000000e8200000| Untracked 
| 131|0x00000000e8300000, 0x00000000e8300000, 0x00000000e8400000|  0%| F|  |TAMS 0x00000000e8300000, 0x00000000e8300000| Untracked 
| 132|0x00000000e8400000, 0x00000000e8400000, 0x00000000e8500000|  0%| F|  |TAMS 0x00000000e8400000, 0x00000000e8400000| Untracked 
| 133|0x00000000e8500000, 0x00000000e8500000, 0x00000000e8600000|  0%| F|  |TAMS 0x00000000e8500000, 0x00000000e8500000| Untracked 
| 134|0x00000000e8600000, 0x00000000e8600000, 0x00000000e8700000|  0%| F|  |TAMS 0x00000000e8600000, 0x00000000e8600000| Untracked 
| 135|0x00000000e8700000, 0x00000000e8700000, 0x00000000e8800000|  0%| F|  |TAMS 0x00000000e8700000, 0x00000000e8700000| Untracked 
| 136|0x00000000e8800000, 0x00000000e8800000, 0x00000000e8900000|  0%| F|  |TAMS 0x00000000e8800000, 0x00000000e8800000| Untracked 
| 137|0x00000000e8900000, 0x00000000e8900000, 0x00000000e8a00000|  0%| F|  |TAMS 0x00000000e8900000, 0x00000000e8900000| Untracked 
| 138|0x00000000e8a00000, 0x00000000e8a00000, 0x00000000e8b00000|  0%| F|  |TAMS 0x00000000e8a00000, 0x00000000e8a00000| Untracked 
| 139|0x00000000e8b00000, 0x00000000e8b00000, 0x00000000e8c00000|  0%| F|  |TAMS 0x00000000e8b00000, 0x00000000e8b00000| Untracked 
| 140|0x00000000e8c00000, 0x00000000e8c00000, 0x00000000e8d00000|  0%| F|  |TAMS 0x00000000e8c00000, 0x00000000e8c00000| Untracked 
| 141|0x00000000e8d00000, 0x00000000e8d00000, 0x00000000e8e00000|  0%| F|  |TAMS 0x00000000e8d00000, 0x00000000e8d00000| Untracked 
| 142|0x00000000e8e00000, 0x00000000e8e00000, 0x00000000e8f00000|  0%| F|  |TAMS 0x00000000e8e00000, 0x00000000e8e00000| Untracked 
| 143|0x00000000e8f00000, 0x00000000e8f00000, 0x00000000e9000000|  0%| F|  |TAMS 0x00000000e8f00000, 0x00000000e8f00000| Untracked 
| 144|0x00000000e9000000, 0x00000000e9000000, 0x00000000e9100000|  0%| F|  |TAMS 0x00000000e9000000, 0x00000000e9000000| Untracked 
| 145|0x00000000e9100000, 0x00000000e91bce28, 0x00000000e9200000| 73%| E|  |TAMS 0x00000000e9100000, 0x00000000e9100000| Complete 
| 146|0x00000000e9200000, 0x00000000e9300000, 0x00000000e9300000|100%| E|CS|TAMS 0x00000000e9200000, 0x00000000e9200000| Complete 
| 147|0x00000000e9300000, 0x00000000e9400000, 0x00000000e9400000|100%| E|CS|TAMS 0x00000000e9300000, 0x00000000e9300000| Complete 
| 148|0x00000000e9400000, 0x00000000e9500000, 0x00000000e9500000|100%| E|CS|TAMS 0x00000000e9400000, 0x00000000e9400000| Complete 
| 149|0x00000000e9500000, 0x00000000e9600000, 0x00000000e9600000|100%| E|CS|TAMS 0x00000000e9500000, 0x00000000e9500000| Complete 
| 150|0x00000000e9600000, 0x00000000e9700000, 0x00000000e9700000|100%| E|CS|TAMS 0x00000000e9600000, 0x00000000e9600000| Complete 
| 151|0x00000000e9700000, 0x00000000e9800000, 0x00000000e9800000|100%| E|CS|TAMS 0x00000000e9700000, 0x00000000e9700000| Complete 
| 152|0x00000000e9800000, 0x00000000e9900000, 0x00000000e9900000|100%| E|CS|TAMS 0x00000000e9800000, 0x00000000e9800000| Complete 
| 153|0x00000000e9900000, 0x00000000e9a00000, 0x00000000e9a00000|100%| E|CS|TAMS 0x00000000e9900000, 0x00000000e9900000| Complete 
| 154|0x00000000e9a00000, 0x00000000e9b00000, 0x00000000e9b00000|100%| E|CS|TAMS 0x00000000e9a00000, 0x00000000e9a00000| Complete 
| 155|0x00000000e9b00000, 0x00000000e9c00000, 0x00000000e9c00000|100%| E|CS|TAMS 0x00000000e9b00000, 0x00000000e9b00000| Complete 
| 156|0x00000000e9c00000, 0x00000000e9d00000, 0x00000000e9d00000|100%| E|CS|TAMS 0x00000000e9c00000, 0x00000000e9c00000| Complete 
| 157|0x00000000e9d00000, 0x00000000e9e00000, 0x00000000e9e00000|100%| E|CS|TAMS 0x00000000e9d00000, 0x00000000e9d00000| Complete 
| 158|0x00000000e9e00000, 0x00000000e9f00000, 0x00000000e9f00000|100%| E|CS|TAMS 0x00000000e9e00000, 0x00000000e9e00000| Complete 
| 159|0x00000000e9f00000, 0x00000000ea000000, 0x00000000ea000000|100%| E|CS|TAMS 0x00000000e9f00000, 0x00000000e9f00000| Complete 
| 160|0x00000000ea000000, 0x00000000ea100000, 0x00000000ea100000|100%| E|CS|TAMS 0x00000000ea000000, 0x00000000ea000000| Complete 
| 161|0x00000000ea100000, 0x00000000ea200000, 0x00000000ea200000|100%| E|CS|TAMS 0x00000000ea100000, 0x00000000ea100000| Complete 
| 162|0x00000000ea200000, 0x00000000ea300000, 0x00000000ea300000|100%| E|CS|TAMS 0x00000000ea200000, 0x00000000ea200000| Complete 
| 163|0x00000000ea300000, 0x00000000ea400000, 0x00000000ea400000|100%| E|CS|TAMS 0x00000000ea300000, 0x00000000ea300000| Complete 
| 164|0x00000000ea400000, 0x00000000ea500000, 0x00000000ea500000|100%| E|CS|TAMS 0x00000000ea400000, 0x00000000ea400000| Complete 
| 165|0x00000000ea500000, 0x00000000ea600000, 0x00000000ea600000|100%| E|CS|TAMS 0x00000000ea500000, 0x00000000ea500000| Complete 
| 166|0x00000000ea600000, 0x00000000ea700000, 0x00000000ea700000|100%| E|CS|TAMS 0x00000000ea600000, 0x00000000ea600000| Complete 
| 167|0x00000000ea700000, 0x00000000ea800000, 0x00000000ea800000|100%| E|CS|TAMS 0x00000000ea700000, 0x00000000ea700000| Complete 
| 168|0x00000000ea800000, 0x00000000ea900000, 0x00000000ea900000|100%| E|CS|TAMS 0x00000000ea800000, 0x00000000ea800000| Complete 
| 169|0x00000000ea900000, 0x00000000eaa00000, 0x00000000eaa00000|100%| E|CS|TAMS 0x00000000ea900000, 0x00000000ea900000| Complete 
| 170|0x00000000eaa00000, 0x00000000eab00000, 0x00000000eab00000|100%| E|CS|TAMS 0x00000000eaa00000, 0x00000000eaa00000| Complete 
| 171|0x00000000eab00000, 0x00000000eac00000, 0x00000000eac00000|100%| E|CS|TAMS 0x00000000eab00000, 0x00000000eab00000| Complete 
| 172|0x00000000eac00000, 0x00000000ead00000, 0x00000000ead00000|100%| E|CS|TAMS 0x00000000eac00000, 0x00000000eac00000| Complete 
| 173|0x00000000ead00000, 0x00000000eae00000, 0x00000000eae00000|100%| E|CS|TAMS 0x00000000ead00000, 0x00000000ead00000| Complete 
| 174|0x00000000eae00000, 0x00000000eaf00000, 0x00000000eaf00000|100%| E|CS|TAMS 0x00000000eae00000, 0x00000000eae00000| Complete 
| 175|0x00000000eaf00000, 0x00000000eb000000, 0x00000000eb000000|100%| E|CS|TAMS 0x00000000eaf00000, 0x00000000eaf00000| Complete 
| 176|0x00000000eb000000, 0x00000000eb100000, 0x00000000eb100000|100%| E|CS|TAMS 0x00000000eb000000, 0x00000000eb000000| Complete 
| 177|0x00000000eb100000, 0x00000000eb200000, 0x00000000eb200000|100%| E|CS|TAMS 0x00000000eb100000, 0x00000000eb100000| Complete 
| 178|0x00000000eb200000, 0x00000000eb300000, 0x00000000eb300000|100%| E|CS|TAMS 0x00000000eb200000, 0x00000000eb200000| Complete 
| 179|0x00000000eb300000, 0x00000000eb400000, 0x00000000eb400000|100%| E|CS|TAMS 0x00000000eb300000, 0x00000000eb300000| Complete 
| 180|0x00000000eb400000, 0x00000000eb500000, 0x00000000eb500000|100%| E|CS|TAMS 0x00000000eb400000, 0x00000000eb400000| Complete 
| 181|0x00000000eb500000, 0x00000000eb600000, 0x00000000eb600000|100%| E|CS|TAMS 0x00000000eb500000, 0x00000000eb500000| Complete 
| 182|0x00000000eb600000, 0x00000000eb700000, 0x00000000eb700000|100%| E|CS|TAMS 0x00000000eb600000, 0x00000000eb600000| Complete 
| 183|0x00000000eb700000, 0x00000000eb800000, 0x00000000eb800000|100%| E|CS|TAMS 0x00000000eb700000, 0x00000000eb700000| Complete 
| 184|0x00000000eb800000, 0x00000000eb900000, 0x00000000eb900000|100%| E|CS|TAMS 0x00000000eb800000, 0x00000000eb800000| Complete 
| 185|0x00000000eb900000, 0x00000000eba00000, 0x00000000eba00000|100%| E|CS|TAMS 0x00000000eb900000, 0x00000000eb900000| Complete 
| 186|0x00000000eba00000, 0x00000000ebb00000, 0x00000000ebb00000|100%| E|CS|TAMS 0x00000000eba00000, 0x00000000eba00000| Complete 
| 187|0x00000000ebb00000, 0x00000000ebc00000, 0x00000000ebc00000|100%| E|CS|TAMS 0x00000000ebb00000, 0x00000000ebb00000| Complete 
| 188|0x00000000ebc00000, 0x00000000ebd00000, 0x00000000ebd00000|100%| E|CS|TAMS 0x00000000ebc00000, 0x00000000ebc00000| Complete 
| 189|0x00000000ebd00000, 0x00000000ebe00000, 0x00000000ebe00000|100%| E|CS|TAMS 0x00000000ebd00000, 0x00000000ebd00000| Complete 
| 190|0x00000000ebe00000, 0x00000000ebf00000, 0x00000000ebf00000|100%| E|CS|TAMS 0x00000000ebe00000, 0x00000000ebe00000| Complete 
| 191|0x00000000ebf00000, 0x00000000ec000000, 0x00000000ec000000|100%| E|CS|TAMS 0x00000000ebf00000, 0x00000000ebf00000| Complete 
| 192|0x00000000ec000000, 0x00000000ec100000, 0x00000000ec100000|100%| E|CS|TAMS 0x00000000ec000000, 0x00000000ec000000| Complete 
| 193|0x00000000ec100000, 0x00000000ec200000, 0x00000000ec200000|100%| E|CS|TAMS 0x00000000ec100000, 0x00000000ec100000| Complete 
| 194|0x00000000ec200000, 0x00000000ec300000, 0x00000000ec300000|100%| E|CS|TAMS 0x00000000ec200000, 0x00000000ec200000| Complete 
| 195|0x00000000ec300000, 0x00000000ec400000, 0x00000000ec400000|100%| E|CS|TAMS 0x00000000ec300000, 0x00000000ec300000| Complete 
| 196|0x00000000ec400000, 0x00000000ec500000, 0x00000000ec500000|100%| E|CS|TAMS 0x00000000ec400000, 0x00000000ec400000| Complete 
| 197|0x00000000ec500000, 0x00000000ec600000, 0x00000000ec600000|100%| E|CS|TAMS 0x00000000ec500000, 0x00000000ec500000| Complete 
| 198|0x00000000ec600000, 0x00000000ec700000, 0x00000000ec700000|100%| E|CS|TAMS 0x00000000ec600000, 0x00000000ec600000| Complete 
| 199|0x00000000ec700000, 0x00000000ec800000, 0x00000000ec800000|100%| E|CS|TAMS 0x00000000ec700000, 0x00000000ec700000| Complete 
| 200|0x00000000ec800000, 0x00000000ec900000, 0x00000000ec900000|100%| E|CS|TAMS 0x00000000ec800000, 0x00000000ec800000| Complete 
| 201|0x00000000ec900000, 0x00000000eca00000, 0x00000000eca00000|100%| E|CS|TAMS 0x00000000ec900000, 0x00000000ec900000| Complete 
| 202|0x00000000eca00000, 0x00000000ecb00000, 0x00000000ecb00000|100%| E|CS|TAMS 0x00000000eca00000, 0x00000000eca00000| Complete 
| 203|0x00000000ecb00000, 0x00000000ecc00000, 0x00000000ecc00000|100%| E|CS|TAMS 0x00000000ecb00000, 0x00000000ecb00000| Complete 
| 204|0x00000000ecc00000, 0x00000000ecd00000, 0x00000000ecd00000|100%| E|CS|TAMS 0x00000000ecc00000, 0x00000000ecc00000| Complete 
| 205|0x00000000ecd00000, 0x00000000ece00000, 0x00000000ece00000|100%| E|CS|TAMS 0x00000000ecd00000, 0x00000000ecd00000| Complete 
| 206|0x00000000ece00000, 0x00000000ecf00000, 0x00000000ecf00000|100%| E|CS|TAMS 0x00000000ece00000, 0x00000000ece00000| Complete 
| 207|0x00000000ecf00000, 0x00000000ed000000, 0x00000000ed000000|100%| E|CS|TAMS 0x00000000ecf00000, 0x00000000ecf00000| Complete 
| 208|0x00000000ed000000, 0x00000000ed100000, 0x00000000ed100000|100%| E|CS|TAMS 0x00000000ed000000, 0x00000000ed000000| Complete 
| 209|0x00000000ed100000, 0x00000000ed200000, 0x00000000ed200000|100%| E|CS|TAMS 0x00000000ed100000, 0x00000000ed100000| Complete 
| 210|0x00000000ed200000, 0x00000000ed300000, 0x00000000ed300000|100%| E|CS|TAMS 0x00000000ed200000, 0x00000000ed200000| Complete 
| 211|0x00000000ed300000, 0x00000000ed400000, 0x00000000ed400000|100%| E|CS|TAMS 0x00000000ed300000, 0x00000000ed300000| Complete 
| 212|0x00000000ed400000, 0x00000000ed500000, 0x00000000ed500000|100%| E|CS|TAMS 0x00000000ed400000, 0x00000000ed400000| Complete 
| 213|0x00000000ed500000, 0x00000000ed600000, 0x00000000ed600000|100%| E|CS|TAMS 0x00000000ed500000, 0x00000000ed500000| Complete 
| 214|0x00000000ed600000, 0x00000000ed700000, 0x00000000ed700000|100%| E|CS|TAMS 0x00000000ed600000, 0x00000000ed600000| Complete 
| 215|0x00000000ed700000, 0x00000000ed800000, 0x00000000ed800000|100%| E|CS|TAMS 0x00000000ed700000, 0x00000000ed700000| Complete 
| 216|0x00000000ed800000, 0x00000000ed900000, 0x00000000ed900000|100%| E|CS|TAMS 0x00000000ed800000, 0x00000000ed800000| Complete 
| 217|0x00000000ed900000, 0x00000000eda00000, 0x00000000eda00000|100%| E|CS|TAMS 0x00000000ed900000, 0x00000000ed900000| Complete 
| 218|0x00000000eda00000, 0x00000000edb00000, 0x00000000edb00000|100%| E|CS|TAMS 0x00000000eda00000, 0x00000000eda00000| Complete 
| 219|0x00000000edb00000, 0x00000000edc00000, 0x00000000edc00000|100%| E|CS|TAMS 0x00000000edb00000, 0x00000000edb00000| Complete 
| 220|0x00000000edc00000, 0x00000000edd00000, 0x00000000edd00000|100%| E|CS|TAMS 0x00000000edc00000, 0x00000000edc00000| Complete 
| 221|0x00000000edd00000, 0x00000000ede00000, 0x00000000ede00000|100%| E|CS|TAMS 0x00000000edd00000, 0x00000000edd00000| Complete 
| 222|0x00000000ede00000, 0x00000000edf00000, 0x00000000edf00000|100%| E|CS|TAMS 0x00000000ede00000, 0x00000000ede00000| Complete 
| 223|0x00000000edf00000, 0x00000000ee000000, 0x00000000ee000000|100%| E|CS|TAMS 0x00000000edf00000, 0x00000000edf00000| Complete 
| 224|0x00000000ee000000, 0x00000000ee100000, 0x00000000ee100000|100%| E|CS|TAMS 0x00000000ee000000, 0x00000000ee000000| Complete 
| 225|0x00000000ee100000, 0x00000000ee200000, 0x00000000ee200000|100%| E|CS|TAMS 0x00000000ee100000, 0x00000000ee100000| Complete 
| 226|0x00000000ee200000, 0x00000000ee300000, 0x00000000ee300000|100%| E|CS|TAMS 0x00000000ee200000, 0x00000000ee200000| Complete 
| 227|0x00000000ee300000, 0x00000000ee400000, 0x00000000ee400000|100%| E|CS|TAMS 0x00000000ee300000, 0x00000000ee300000| Complete 
| 228|0x00000000ee400000, 0x00000000ee500000, 0x00000000ee500000|100%| E|CS|TAMS 0x00000000ee400000, 0x00000000ee400000| Complete 
| 229|0x00000000ee500000, 0x00000000ee600000, 0x00000000ee600000|100%| E|CS|TAMS 0x00000000ee500000, 0x00000000ee500000| Complete 
| 230|0x00000000ee600000, 0x00000000ee700000, 0x00000000ee700000|100%| E|CS|TAMS 0x00000000ee600000, 0x00000000ee600000| Complete 
| 231|0x00000000ee700000, 0x00000000ee800000, 0x00000000ee800000|100%| E|CS|TAMS 0x00000000ee700000, 0x00000000ee700000| Complete 
| 232|0x00000000ee800000, 0x00000000ee900000, 0x00000000ee900000|100%| E|CS|TAMS 0x00000000ee800000, 0x00000000ee800000| Complete 
| 233|0x00000000ee900000, 0x00000000eea00000, 0x00000000eea00000|100%| E|CS|TAMS 0x00000000ee900000, 0x00000000ee900000| Complete 
| 234|0x00000000eea00000, 0x00000000eeb00000, 0x00000000eeb00000|100%| E|CS|TAMS 0x00000000eea00000, 0x00000000eea00000| Complete 
| 235|0x00000000eeb00000, 0x00000000eec00000, 0x00000000eec00000|100%| E|CS|TAMS 0x00000000eeb00000, 0x00000000eeb00000| Complete 
| 236|0x00000000eec00000, 0x00000000eed00000, 0x00000000eed00000|100%| E|CS|TAMS 0x00000000eec00000, 0x00000000eec00000| Complete 
| 237|0x00000000eed00000, 0x00000000eee00000, 0x00000000eee00000|100%| E|CS|TAMS 0x00000000eed00000, 0x00000000eed00000| Complete 
| 238|0x00000000eee00000, 0x00000000eef00000, 0x00000000eef00000|100%| E|CS|TAMS 0x00000000eee00000, 0x00000000eee00000| Complete 
| 239|0x00000000eef00000, 0x00000000ef000000, 0x00000000ef000000|100%| E|CS|TAMS 0x00000000eef00000, 0x00000000eef00000| Complete 
| 240|0x00000000ef000000, 0x00000000ef100000, 0x00000000ef100000|100%| E|CS|TAMS 0x00000000ef000000, 0x00000000ef000000| Complete 
| 241|0x00000000ef100000, 0x00000000ef200000, 0x00000000ef200000|100%| E|CS|TAMS 0x00000000ef100000, 0x00000000ef100000| Complete 
| 242|0x00000000ef200000, 0x00000000ef300000, 0x00000000ef300000|100%| E|CS|TAMS 0x00000000ef200000, 0x00000000ef200000| Complete 
| 243|0x00000000ef300000, 0x00000000ef400000, 0x00000000ef400000|100%| E|CS|TAMS 0x00000000ef300000, 0x00000000ef300000| Complete 
| 244|0x00000000ef400000, 0x00000000ef500000, 0x00000000ef500000|100%| E|CS|TAMS 0x00000000ef400000, 0x00000000ef400000| Complete 
| 245|0x00000000ef500000, 0x00000000ef600000, 0x00000000ef600000|100%| E|CS|TAMS 0x00000000ef500000, 0x00000000ef500000| Complete 
| 246|0x00000000ef600000, 0x00000000ef700000, 0x00000000ef700000|100%| E|CS|TAMS 0x00000000ef600000, 0x00000000ef600000| Complete 
| 247|0x00000000ef700000, 0x00000000ef800000, 0x00000000ef800000|100%| E|CS|TAMS 0x00000000ef700000, 0x00000000ef700000| Complete 
| 248|0x00000000ef800000, 0x00000000ef900000, 0x00000000ef900000|100%| E|CS|TAMS 0x00000000ef800000, 0x00000000ef800000| Complete 
| 249|0x00000000ef900000, 0x00000000efa00000, 0x00000000efa00000|100%| E|CS|TAMS 0x00000000ef900000, 0x00000000ef900000| Complete 
| 250|0x00000000efa00000, 0x00000000efb00000, 0x00000000efb00000|100%| E|CS|TAMS 0x00000000efa00000, 0x00000000efa00000| Complete 
| 251|0x00000000efb00000, 0x00000000efc00000, 0x00000000efc00000|100%| E|CS|TAMS 0x00000000efb00000, 0x00000000efb00000| Complete 
| 252|0x00000000efc00000, 0x00000000efd00000, 0x00000000efd00000|100%| E|CS|TAMS 0x00000000efc00000, 0x00000000efc00000| Complete 
| 253|0x00000000efd00000, 0x00000000efe00000, 0x00000000efe00000|100%| E|CS|TAMS 0x00000000efd00000, 0x00000000efd00000| Complete 
| 254|0x00000000efe00000, 0x00000000eff00000, 0x00000000eff00000|100%| E|CS|TAMS 0x00000000efe00000, 0x00000000efe00000| Complete 
| 255|0x00000000eff00000, 0x00000000f0000000, 0x00000000f0000000|100%| E|CS|TAMS 0x00000000eff00000, 0x00000000eff00000| Complete 

Card table byte_map: [0x0000014fd9e20000,0x0000014fd9f20000] _byte_map_base: 0x0000014fd9720000

Marking Bits (Prev, Next): (CMBitMap*) 0x0000014fc2f0e2c0, (CMBitMap*) 0x0000014fc2f0e280
 Prev Bits: [0x0000014fda820000, 0x0000014fdb020000)
 Next Bits: [0x0000014fda020000, 0x0000014fda820000)

Polling page: 0x0000014fc0e60000

Metaspace:

Usage:
  Non-class:     54.89 MB used.
      Class:      8.72 MB used.
       Both:     63.61 MB used.

Virtual space:
  Non-class space:       64.00 MB reserved,      55.19 MB ( 86%) committed,  1 nodes.
      Class space:      320.00 MB reserved,       9.00 MB (  3%) committed,  1 nodes.
             Both:      384.00 MB reserved,      64.19 MB ( 17%) committed. 

Chunk freelists:
   Non-Class:  8.64 MB
       Class:  6.91 MB
        Both:  15.55 MB

MaxMetaspaceSize: 384.00 MB
CompressedClassSpaceSize: 320.00 MB
Initial GC threshold: 21.00 MB
Current GC threshold: 98.06 MB
CDS: on
MetaspaceReclaimPolicy: balanced
 - commit_granule_bytes: 65536.
 - commit_granule_words: 8192.
 - virtual_space_node_default_size: 8388608.
 - enlarge_chunks_in_place: 1.
 - new_chunks_are_fully_committed: 0.
 - uncommit_free_chunks: 1.
 - use_allocation_guard: 0.
 - handle_deallocations: 1.


Internal statistics:

num_allocs_failed_limit: 9.
num_arena_births: 676.
num_arena_deaths: 0.
num_vsnodes_births: 2.
num_vsnodes_deaths: 0.
num_space_committed: 1027.
num_space_uncommitted: 0.
num_chunks_returned_to_freelist: 9.
num_chunks_taken_from_freelist: 3330.
num_chunk_merges: 6.
num_chunk_splits: 2221.
num_chunks_enlarged: 1485.
num_inconsistent_stats: 0.

CodeHeap 'non-profiled nmethods': size=120000Kb used=5712Kb max_used=5712Kb free=114288Kb
 bounds [0x0000014fd24c0000, 0x0000014fd2a60000, 0x0000014fd99f0000]
CodeHeap 'profiled nmethods': size=120000Kb used=20565Kb max_used=20565Kb free=99434Kb
 bounds [0x0000014fca9f0000, 0x0000014fcbe10000, 0x0000014fd1f20000]
CodeHeap 'non-nmethods': size=5760Kb used=2357Kb max_used=2416Kb free=3402Kb
 bounds [0x0000014fd1f20000, 0x0000014fd2190000, 0x0000014fd24c0000]
 total_blobs=10753 nmethods=9887 adapters=778
 compilation: enabled
              stopped_count=0, restarted_count=0
 full_count=0

Compilation events (20 events):
Event: 132.780 Thread 0x0000014fdda5c620 nmethod 10656 0x0000014fd2a53a10 code [0x0000014fd2a53ba0, 0x0000014fd2a53c78]
Event: 135.676 Thread 0x0000014fdda5c620 10657   !   3       java.util.concurrent.LinkedBlockingDeque$AbstractItr::next (100 bytes)
Event: 135.869 Thread 0x0000014fdda5c620 nmethod 10657 0x0000014fcbdff790 code [0x0000014fcbdffa20, 0x0000014fcbe009b8]
Event: 135.869 Thread 0x0000014fdda5c620 10658       3       java.util.concurrent.LinkedBlockingDeque$Itr::nextNode (5 bytes)
Event: 135.869 Thread 0x0000014fdda5c620 nmethod 10658 0x0000014fcbe00e90 code [0x0000014fcbe01020, 0x0000014fcbe01138]
Event: 135.869 Thread 0x0000014fdda5c620 10659       3       org.gradle.internal.serialize.InputStreamBackedDecoder::readBytes (11 bytes)
Event: 135.940 Thread 0x0000014fdda5c620 nmethod 10659 0x0000014fcbe01210 code [0x0000014fcbe013c0, 0x0000014fcbe01508]
Event: 141.462 Thread 0x0000014fdda5c620 10660       3       org.gradle.internal.resources.DefaultResourceLockCoordinationService::startOperation (49 bytes)
Event: 141.637 Thread 0x0000014fdda5c620 nmethod 10660 0x0000014fcbe01610 code [0x0000014fcbe017c0, 0x0000014fcbe01b28]
Event: 141.650 Thread 0x0000014fdda5c620 10661       3       org.gradle.internal.resources.DefaultResourceLockCoordinationService::maybeNotifyStateChange (94 bytes)
Event: 141.683 Thread 0x0000014fdda5c620 nmethod 10661 0x0000014fcbe01c10 code [0x0000014fcbe01ea0, 0x0000014fcbe02c68]
Event: 141.683 Thread 0x0000014fdda5c620 10662       3       org.gradle.internal.resources.DefaultResourceLockCoordinationService$DefaultResourceLockState::getUnlockedResources (18 bytes)
Event: 141.705 Thread 0x0000014fdda5c620 nmethod 10662 0x0000014fcbe03110 code [0x0000014fcbe032a0, 0x0000014fcbe03458]
Event: 141.729 Thread 0x0000014fdda5c620 10663   !   3       java.util.concurrent.LinkedBlockingDeque::offerLast (53 bytes)
Event: 141.760 Thread 0x0000014fdda5c620 nmethod 10663 0x0000014fcbe03510 code [0x0000014fcbe03780, 0x0000014fcbe04358]
Event: 141.760 Thread 0x0000014fdda5c620 10664       3       java.util.concurrent.LinkedBlockingDeque$Node::<init> (10 bytes)
Event: 141.760 Thread 0x0000014fdda5c620 nmethod 10664 0x0000014fcbe04790 code [0x0000014fcbe04920, 0x0000014fcbe04ad8]
Event: 141.760 Thread 0x0000014fdda5c620 10665       3       java.util.concurrent.LinkedBlockingDeque::linkLast (69 bytes)
Event: 141.788 Thread 0x0000014fdda5c620 nmethod 10665 0x0000014fcbe04b90 code [0x0000014fcbe04da0, 0x0000014fcbe05408]
Event: 143.746 Thread 0x0000014fdda6b2f0 10666       4       javax.management.ObjectName::construct (1135 bytes)

GC Heap History (16 events):
Event: 1.549 GC heap before
{Heap before GC invocations=0 (full 0):
 garbage-first heap   total 262144K, used 26624K [0x00000000e0000000, 0x0000000100000000)
  region size 1024K, 23 young (23552K), 0 survivors (0K)
 Metaspace       used 3040K, committed 3200K, reserved 393216K
  class space    used 389K, committed 448K, reserved 327680K
}
Event: 1.553 GC heap after
{Heap after GC invocations=1 (full 0):
 garbage-first heap   total 262144K, used 10468K [0x00000000e0000000, 0x0000000100000000)
  region size 1024K, 3 young (3072K), 3 survivors (3072K)
 Metaspace       used 3040K, committed 3200K, reserved 393216K
  class space    used 389K, committed 448K, reserved 327680K
}
Event: 2.650 GC heap before
{Heap before GC invocations=1 (full 0):
 garbage-first heap   total 262144K, used 38116K [0x00000000e0000000, 0x0000000100000000)
  region size 1024K, 30 young (30720K), 3 survivors (3072K)
 Metaspace       used 4052K, committed 4224K, reserved 393216K
  class space    used 498K, committed 576K, reserved 327680K
}
Event: 2.652 GC heap after
{Heap after GC invocations=2 (full 0):
 garbage-first heap   total 262144K, used 11324K [0x00000000e0000000, 0x0000000100000000)
  region size 1024K, 1 young (1024K), 1 survivors (1024K)
 Metaspace       used 4052K, committed 4224K, reserved 393216K
  class space    used 498K, committed 576K, reserved 327680K
}
Event: 9.104 GC heap before
{Heap before GC invocations=2 (full 0):
 garbage-first heap   total 262144K, used 130108K [0x00000000e0000000, 0x0000000100000000)
  region size 1024K, 117 young (119808K), 1 survivors (1024K)
 Metaspace       used 21195K, committed 21504K, reserved 393216K
  class space    used 3112K, committed 3264K, reserved 327680K
}
Event: 9.116 GC heap after
{Heap after GC invocations=3 (full 0):
 garbage-first heap   total 262144K, used 22468K [0x00000000e0000000, 0x0000000100000000)
  region size 1024K, 12 young (12288K), 12 survivors (12288K)
 Metaspace       used 21195K, committed 21504K, reserved 393216K
  class space    used 3112K, committed 3264K, reserved 327680K
}
Event: 12.279 GC heap before
{Heap before GC invocations=4 (full 0):
 garbage-first heap   total 262144K, used 139204K [0x00000000e0000000, 0x0000000100000000)
  region size 1024K, 123 young (125952K), 12 survivors (12288K)
 Metaspace       used 35654K, committed 35968K, reserved 393216K
  class space    used 4988K, committed 5120K, reserved 327680K
}
Event: 12.290 GC heap after
{Heap after GC invocations=5 (full 0):
 garbage-first heap   total 262144K, used 31805K [0x00000000e0000000, 0x0000000100000000)
  region size 1024K, 10 young (10240K), 10 survivors (10240K)
 Metaspace       used 35654K, committed 35968K, reserved 393216K
  class space    used 4988K, committed 5120K, reserved 327680K
}
Event: 17.164 GC heap before
{Heap before GC invocations=6 (full 0):
 garbage-first heap   total 262144K, used 186429K [0x00000000e0000000, 0x0000000100000000)
  region size 1024K, 153 young (156672K), 10 survivors (10240K)
 Metaspace       used 48124K, committed 48640K, reserved 393216K
  class space    used 6800K, committed 7040K, reserved 327680K
}
Event: 17.178 GC heap after
{Heap after GC invocations=7 (full 0):
 garbage-first heap   total 262144K, used 50176K [0x00000000e0000000, 0x0000000100000000)
  region size 1024K, 20 young (20480K), 20 survivors (20480K)
 Metaspace       used 48124K, committed 48640K, reserved 393216K
  class space    used 6800K, committed 7040K, reserved 327680K
}
Event: 19.706 GC heap before
{Heap before GC invocations=7 (full 0):
 garbage-first heap   total 262144K, used 185344K [0x00000000e0000000, 0x0000000100000000)
  region size 1024K, 153 young (156672K), 20 survivors (20480K)
 Metaspace       used 57022K, committed 57600K, reserved 393216K
  class space    used 7970K, committed 8256K, reserved 327680K
}
Event: 19.753 GC heap after
{Heap after GC invocations=8 (full 0):
 garbage-first heap   total 262144K, used 60089K [0x00000000e0000000, 0x0000000100000000)
  region size 1024K, 10 young (10240K), 10 survivors (10240K)
 Metaspace       used 57022K, committed 57600K, reserved 393216K
  class space    used 7970K, committed 8256K, reserved 327680K
}
Event: 20.519 GC heap before
{Heap before GC invocations=8 (full 0):
 garbage-first heap   total 262144K, used 86713K [0x00000000e0000000, 0x0000000100000000)
  region size 1024K, 37 young (37888K), 10 survivors (10240K)
 Metaspace       used 59570K, committed 60096K, reserved 393216K
  class space    used 8354K, committed 8640K, reserved 327680K
}
Event: 20.528 GC heap after
{Heap after GC invocations=9 (full 0):
 garbage-first heap   total 262144K, used 60881K [0x00000000e0000000, 0x0000000100000000)
  region size 1024K, 11 young (11264K), 11 survivors (11264K)
 Metaspace       used 59570K, committed 60096K, reserved 393216K
  class space    used 8354K, committed 8640K, reserved 327680K
}
Event: 25.349 GC heap before
{Heap before GC invocations=10 (full 0):
 garbage-first heap   total 262144K, used 202193K [0x00000000e0000000, 0x0000000100000000)
  region size 1024K, 150 young (153600K), 11 survivors (11264K)
 Metaspace       used 63808K, committed 64384K, reserved 393216K
  class space    used 8771K, committed 9024K, reserved 327680K
}
Event: 25.392 GC heap after
{Heap after GC invocations=11 (full 0):
 garbage-first heap   total 262144K, used 73412K [0x00000000e0000000, 0x0000000100000000)
  region size 1024K, 14 young (14336K), 14 survivors (14336K)
 Metaspace       used 63808K, committed 64384K, reserved 393216K
  class space    used 8771K, committed 9024K, reserved 327680K
}

Dll operation events (14 events):
Event: 0.089 Loaded shared library C:\Users\yoon\.jdks\corretto-17.0.9\bin\java.dll
Event: 0.177 Loaded shared library C:\Users\yoon\.jdks\corretto-17.0.9\bin\jsvml.dll
Event: 0.283 Loaded shared library C:\Users\yoon\.jdks\corretto-17.0.9\bin\zip.dll
Event: 0.290 Loaded shared library C:\Users\yoon\.jdks\corretto-17.0.9\bin\instrument.dll
Event: 0.300 Loaded shared library C:\Users\yoon\.jdks\corretto-17.0.9\bin\net.dll
Event: 0.309 Loaded shared library C:\Users\yoon\.jdks\corretto-17.0.9\bin\nio.dll
Event: 0.315 Loaded shared library C:\Users\yoon\.jdks\corretto-17.0.9\bin\zip.dll
Event: 1.018 Loaded shared library C:\Users\yoon\.jdks\corretto-17.0.9\bin\jimage.dll
Event: 1.141 Loaded shared library C:\Users\yoon\.jdks\corretto-17.0.9\bin\verify.dll
Event: 1.445 Loaded shared library C:\Users\yoon\.gradle\native\c067742578af261105cb4f569cf0c3c89f3d7b1fecec35dd04571415982c5e48\windows-amd64\native-platform.dll
Event: 1.459 Loaded shared library C:\Users\yoon\.gradle\native\38dada09dfb8b06ba9b0570ebf7e218e3eb74d4ef43ca46872605cf95ebc2f47\windows-amd64\native-platform-file-events.dll
Event: 3.647 Loaded shared library C:\Users\yoon\.jdks\corretto-17.0.9\bin\management.dll
Event: 3.654 Loaded shared library C:\Users\yoon\.jdks\corretto-17.0.9\bin\management_ext.dll
Event: 6.799 Loaded shared library C:\Users\yoon\.jdks\corretto-17.0.9\bin\sunmscapi.dll

Deoptimization events (20 events):
Event: 27.704 Thread 0x0000014ffa496680 Uncommon trap: trap_request=0xffffffc6 fr.pc=0x0000014fd279f104 relative=0x0000000000000264
Event: 27.704 Thread 0x0000014ffa496680 Uncommon trap: reason=bimorphic_or_optimized_type_check action=maybe_recompile pc=0x0000014fd279f104 method=java.util.stream.StreamOpFlag.fromCharacteristics(Ljava/util/Spliterator;)I @ 14 c2
Event: 27.704 Thread 0x0000014ffa496680 DEOPT PACKING pc=0x0000014fd279f104 sp=0x000000047d4fd180
Event: 27.704 Thread 0x0000014ffa496680 DEOPT UNPACKING pc=0x0000014fd1f7a1a3 sp=0x000000047d4fd068 mode 2
Event: 35.667 Thread 0x0000014ff84d0560 DEOPT PACKING pc=0x0000014fcb078349 sp=0x000000047abfe670
Event: 35.667 Thread 0x0000014ff84d0560 DEOPT UNPACKING pc=0x0000014fd1f7ace3 sp=0x000000047abfdb80 mode 0
Event: 47.402 Thread 0x0000014ffa496680 Uncommon trap: trap_request=0xffffffc6 fr.pc=0x0000014fd279f104 relative=0x0000000000000264
Event: 47.402 Thread 0x0000014ffa496680 Uncommon trap: reason=bimorphic_or_optimized_type_check action=maybe_recompile pc=0x0000014fd279f104 method=java.util.stream.StreamOpFlag.fromCharacteristics(Ljava/util/Spliterator;)I @ 14 c2
Event: 47.402 Thread 0x0000014ffa496680 DEOPT PACKING pc=0x0000014fd279f104 sp=0x000000047d4fd180
Event: 47.402 Thread 0x0000014ffa496680 DEOPT UNPACKING pc=0x0000014fd1f7a1a3 sp=0x000000047d4fd068 mode 2
Event: 47.403 Thread 0x0000014ffa496680 Uncommon trap: trap_request=0xffffff45 fr.pc=0x0000014fd2a1dcac relative=0x000000000000088c
Event: 47.403 Thread 0x0000014ffa496680 Uncommon trap: reason=unstable_if action=reinterpret pc=0x0000014fd2a1dcac method=org.gradle.internal.snapshot.VfsRelativePath.compareToFirstSegment(Ljava/lang/String;Lorg/gradle/internal/snapshot/CaseSensitivity;)I @ 134 c2
Event: 47.403 Thread 0x0000014ffa496680 DEOPT PACKING pc=0x0000014fd2a1dcac sp=0x000000047d4fb6a0
Event: 47.403 Thread 0x0000014ffa496680 DEOPT UNPACKING pc=0x0000014fd1f7a1a3 sp=0x000000047d4fb620 mode 2
Event: 55.103 Thread 0x0000014ffa4970a0 Uncommon trap: trap_request=0xffffffbe fr.pc=0x0000014fd2a358e0 relative=0x0000000000000320
Event: 55.103 Thread 0x0000014ffa4970a0 Uncommon trap: reason=profile_predicate action=maybe_recompile pc=0x0000014fd2a358e0 method=sun.instrument.TransformerManager.transform(Ljava/lang/Module;Ljava/lang/ClassLoader;Ljava/lang/String;Ljava/lang/Class;Ljava/security/ProtectionDomain;[B)[B @ 21 
Event: 55.103 Thread 0x0000014ffa4970a0 DEOPT PACKING pc=0x0000014fd2a358e0 sp=0x000000047d2fcc60
Event: 55.103 Thread 0x0000014ffa4970a0 DEOPT UNPACKING pc=0x0000014fd1f7a1a3 sp=0x000000047d2fcbe0 mode 2
Event: 143.747 Thread 0x0000014ff8cd8660 DEOPT PACKING pc=0x0000014fcafc16dc sp=0x000000047a4fe910
Event: 143.787 Thread 0x0000014ff8cd8660 DEOPT UNPACKING pc=0x0000014fd1f7ace3 sp=0x000000047a4fde50 mode 0

Classes unloaded (0 events):
No events

Classes redefined (0 events):
No events

Internal exceptions (20 events):
Event: 20.843 Thread 0x0000014ff9537a20 Exception <a 'java/lang/NoSuchMethodError'{0x00000000ef7901a0}: static Lorg/gradle/internal/build/event/types/DefaultTaskDescriptor;.<clinit>()V> (0x00000000ef7901a0) 
thrown [s\src\hotspot\share\prims\jni.cpp, line 1107]
Event: 20.847 Thread 0x0000014ff9537a20 Exception <a 'java/lang/NoSuchMethodError'{0x00000000ef7f48a0}: static Lorg/gradle/internal/operations/OperationIdentifier;.<clinit>()V> (0x00000000ef7f48a0) 
thrown [s\src\hotspot\share\prims\jni.cpp, line 1107]
Event: 20.848 Thread 0x0000014ff9537a20 Exception <a 'java/lang/NoSuchMethodError'{0x00000000ef7fe4f8}: static Lorg/gradle/internal/build/event/types/DefaultBinaryPluginIdentifier;.<clinit>()V> (0x00000000ef7fe4f8) 
thrown [s\src\hotspot\share\prims\jni.cpp, line 1107]
Event: 21.075 Thread 0x0000014ffa491580 Exception <a 'java/lang/IncompatibleClassChangeError'{0x00000000ef2ba570}: Found class java.lang.Object, but interface was expected> (0x00000000ef2ba570) 
thrown [s\src\hotspot\share\interpreter\linkResolver.cpp, line 826]
Event: 21.080 Thread 0x0000014ffa491580 Exception <a 'java/lang/NoSuchMethodError'{0x00000000ef2d2ed8}: static Ljava/lang/Object;.<clinit>()V> (0x00000000ef2d2ed8) 
thrown [s\src\hotspot\share\prims\jni.cpp, line 1107]
Event: 27.226 Thread 0x0000014ffa491580 Exception <a 'java/lang/NoSuchMethodError'{0x00000000ea398688}: 'void java.lang.invoke.DirectMethodHandle$Holder.invokeVirtual(java.lang.Object, java.lang.Object, java.lang.Object, java.lang.Object)'> (0x00000000ea398688) 
thrown [s\src\hotspot\share\interpreter\linkResolver.cpp, line 759]
Event: 27.445 Thread 0x0000014ffcad2780 Exception <a 'java/lang/NoSuchMethodError'{0x00000000e9d4f4e0}: 'void java.lang.invoke.DirectMethodHandle$Holder.invokeVirtual(java.lang.Object, java.lang.Object)'> (0x00000000e9d4f4e0) 
thrown [s\src\hotspot\share\interpreter\linkResolver.cpp, line 759]
Event: 27.621 Thread 0x0000014ffa491580 Exception <a 'java/lang/NoSuchMethodError'{0x00000000e9767e90}: 'int java.lang.invoke.DirectMethodHandle$Holder.invokeStaticInit(java.lang.Object, java.lang.Object, java.lang.Object, java.lang.Object, java.lang.Object)'> (0x00000000e9767e90) 
thrown [s\src\hotspot\share\interpreter\linkResolver.cpp, line 759]
Event: 27.701 Thread 0x0000014ff9537a20 Exception <a 'java/lang/NoSuchMethodError'{0x00000000eff09748}: static Lorg/gradle/internal/build/event/types/DefaultTaskFinishedProgressEvent;.<clinit>()V> (0x00000000eff09748) 
thrown [s\src\hotspot\share\prims\jni.cpp, line 1107]
Event: 27.706 Thread 0x0000014ff9537a20 Exception <a 'java/lang/NoSuchMethodError'{0x00000000e9538188}: static Lorg/gradle/internal/build/event/types/DefaultTaskSuccessResult;.<clinit>()V> (0x00000000e9538188) 
thrown [s\src\hotspot\share\prims\jni.cpp, line 1107]
Event: 27.706 Thread 0x0000014ff9537a20 Exception <a 'java/lang/NoSuchMethodError'{0x00000000e95393f8}: static Lorg/gradle/internal/build/event/types/AbstractTaskResult;.<clinit>()V> (0x00000000e95393f8) 
thrown [s\src\hotspot\share\prims\jni.cpp, line 1107]
Event: 27.706 Thread 0x0000014ff9537a20 Exception <a 'java/lang/NoSuchMethodError'{0x00000000e953a920}: static Lorg/gradle/internal/build/event/types/AbstractResult;.<clinit>()V> (0x00000000e953a920) 
thrown [s\src\hotspot\share\prims\jni.cpp, line 1107]
Event: 27.709 Thread 0x0000014ff9537a20 Exception <a 'java/lang/NoSuchMethodError'{0x00000000e956a568}: static Lorg/gradle/internal/build/event/types/DefaultScriptPluginIdentifier;.<clinit>()V> (0x00000000e956a568) 
thrown [s\src\hotspot\share\prims\jni.cpp, line 1107]
Event: 27.711 Thread 0x0000014ff9537a20 Exception <a 'java/lang/NoSuchMethodError'{0x00000000e957f1f8}: static Lorg/gradle/internal/build/event/types/DefaultTaskSkippedResult;.<clinit>()V> (0x00000000e957f1f8) 
thrown [s\src\hotspot\share\prims\jni.cpp, line 1107]
Event: 27.824 Thread 0x0000014ffcd264b0 Exception <a 'java/lang/NoSuchMethodError'{0x00000000e9469380}: 'void java.lang.invoke.DirectMethodHandle$Holder.invokeStatic(java.lang.Object, long)'> (0x00000000e9469380) 
thrown [s\src\hotspot\share\interpreter\linkResolver.cpp, line 759]
Event: 27.825 Thread 0x0000014ffcd264b0 Exception <a 'java/lang/NoSuchMethodError'{0x00000000e946ebf8}: 'java.lang.Object java.lang.invoke.DirectMethodHandle$Holder.newInvokeSpecial(java.lang.Object, long)'> (0x00000000e946ebf8) 
thrown [s\src\hotspot\share\interpreter\linkResolver.cpp, line 759]
Event: 27.827 Thread 0x0000014ffcd264b0 Exception <a 'java/lang/NoSuchMethodError'{0x00000000e9478278}: 'java.lang.Object java.lang.invoke.DirectMethodHandle$Holder.invokeStatic(java.lang.Object, java.lang.Object, long, java.lang.Object)'> (0x00000000e9478278) 
thrown [s\src\hotspot\share\interpreter\linkResolver.cpp, line 759]
Event: 27.827 Thread 0x0000014ffcd264b0 Exception <a 'java/lang/NoSuchMethodError'{0x00000000e947bf98}: 'java.lang.Object java.lang.invoke.DirectMethodHandle$Holder.invokeStaticInit(java.lang.Object, java.lang.Object, long, java.lang.Object)'> (0x00000000e947bf98) 
thrown [s\src\hotspot\share\interpreter\linkResolver.cpp, line 759]
Event: 47.377 Thread 0x0000014ffcd264b0 Exception <a 'java/lang/NoSuchMethodError'{0x00000000e948efa0}: 'void java.lang.invoke.DirectMethodHandle$Holder.invokeSpecial(java.lang.Object, java.lang.Object, int)'> (0x00000000e948efa0) 
thrown [s\src\hotspot\share\interpreter\linkResolver.cpp, line 759]
Event: 47.412 Thread 0x0000014ff9537a20 Exception <a 'java/lang/NoSuchMethodError'{0x00000000e938ec00}: static [Ljava/lang/Object;.<clinit>()V> (0x00000000e938ec00) 
thrown [s\src\hotspot\share\prims\jni.cpp, line 1107]

VM Operations (20 events):
Event: 51.039 Executing VM operation: Cleanup
Event: 51.039 Executing VM operation: Cleanup done
Event: 54.062 Executing VM operation: Cleanup
Event: 54.062 Executing VM operation: Cleanup done
Event: 55.075 Executing VM operation: Cleanup
Event: 55.076 Executing VM operation: Cleanup done
Event: 56.084 Executing VM operation: Cleanup
Event: 56.084 Executing VM operation: Cleanup done
Event: 60.376 Executing VM operation: HandshakeAllThreads
Event: 60.377 Executing VM operation: HandshakeAllThreads done
Event: 63.409 Executing VM operation: Cleanup
Event: 63.409 Executing VM operation: Cleanup done
Event: 74.516 Executing VM operation: Cleanup
Event: 74.516 Executing VM operation: Cleanup done
Event: 94.708 Executing VM operation: Cleanup
Event: 94.726 Executing VM operation: Cleanup done
Event: 102.790 Executing VM operation: Cleanup
Event: 102.797 Executing VM operation: Cleanup done
Event: 124.058 Executing VM operation: Cleanup
Event: 124.128 Executing VM operation: Cleanup done

Events (20 events):
Event: 25.219 loading class sun/nio/cs/ISO_8859_1$Decoder done
Event: 27.760 Thread 0x0000014ffcd264b0 Thread added: 0x0000014ffcd264b0
Event: 27.765 loading class java/lang/ProcessImpl
Event: 27.766 loading class java/lang/ProcessImpl done
Event: 27.825 loading class java/lang/ProcessHandleImpl
Event: 27.827 loading class java/lang/ProcessHandleImpl done
Event: 27.828 loading class java/lang/ProcessImpl$2
Event: 27.828 loading class java/lang/ProcessImpl$2 done
Event: 27.828 loading class java/lang/Process$PipeInputStream
Event: 27.830 loading class java/lang/Process$PipeInputStream done
Event: 27.831 loading class jdk/internal/event/ProcessStartEvent
Event: 27.835 loading class jdk/internal/event/ProcessStartEvent done
Event: 27.837 Thread 0x0000014ffcd24650 Thread added: 0x0000014ffcd24650
Event: 27.837 Thread 0x0000014ffcd1fa60 Thread added: 0x0000014ffcd1fa60
Event: 46.964 Thread 0x0000014ffcd25070 Thread added: 0x0000014ffcd25070
Event: 47.411 loading class java/io/ObjectStreamClass$ExceptionInfo
Event: 47.412 loading class java/io/ObjectStreamClass$ExceptionInfo done
Event: 50.863 loading class java/time/Instant$1
Event: 50.869 loading class java/time/Instant$1 done
Event: 123.718 Thread 0x0000014ffcd25070 Thread exited: 0x0000014ffcd25070


Dynamic libraries:
0x00007ff628180000 - 0x00007ff62818e000 	C:\Users\yoon\.jdks\corretto-17.0.9\bin\java.exe
0x00007ffeca0f0000 - 0x00007ffeca2e8000 	C:\Windows\SYSTEM32\ntdll.dll
0x00007ffec9f30000 - 0x00007ffec9fed000 	C:\Windows\System32\KERNEL32.DLL
0x00007ffec77c0000 - 0x00007ffec7ab6000 	C:\Windows\System32\KERNELBASE.dll
0x00007ffec7be0000 - 0x00007ffec7ce0000 	C:\Windows\System32\ucrtbase.dll
0x00007ffe90b80000 - 0x00007ffe90b97000 	C:\Users\yoon\.jdks\corretto-17.0.9\bin\jli.dll
0x00007ffe8e140000 - 0x00007ffe8e15b000 	C:\Users\yoon\.jdks\corretto-17.0.9\bin\VCRUNTIME140.dll
0x00007ffec8cb0000 - 0x00007ffec8e4e000 	C:\Windows\System32\USER32.dll
0x00007ffec8110000 - 0x00007ffec8132000 	C:\Windows\System32\win32u.dll
0x00007ffec9180000 - 0x00007ffec91ac000 	C:\Windows\System32\GDI32.dll
0x00007ffec7ac0000 - 0x00007ffec7bda000 	C:\Windows\System32\gdi32full.dll
0x00007ffec7f00000 - 0x00007ffec7f9d000 	C:\Windows\System32\msvcp_win.dll
0x00007ffeb0800000 - 0x00007ffeb0a9a000 	C:\Windows\WinSxS\amd64_microsoft.windows.common-controls_6595b64144ccf1df_6.0.19041.3636_none_60b6a03d71f818d5\COMCTL32.dll
0x00007ffec90e0000 - 0x00007ffec917e000 	C:\Windows\System32\msvcrt.dll
0x00007ffec8fa0000 - 0x00007ffec8fd0000 	C:\Windows\System32\IMM32.DLL
0x00007ffe8dff0000 - 0x00007ffe8dffc000 	C:\Users\yoon\.jdks\corretto-17.0.9\bin\vcruntime140_1.dll
0x00007ffe82370000 - 0x00007ffe823fd000 	C:\Users\yoon\.jdks\corretto-17.0.9\bin\msvcp140.dll
0x00007ffe33290000 - 0x00007ffe33ef1000 	C:\Users\yoon\.jdks\corretto-17.0.9\bin\server\jvm.dll
0x00007ffec9ff0000 - 0x00007ffeca0a3000 	C:\Windows\System32\ADVAPI32.dll
0x00007ffec8460000 - 0x00007ffec84ff000 	C:\Windows\System32\sechost.dll
0x00007ffec9770000 - 0x00007ffec9896000 	C:\Windows\System32\RPCRT4.dll
0x00007ffec7fa0000 - 0x00007ffec7fc7000 	C:\Windows\System32\bcrypt.dll
0x00007ffebcbb0000 - 0x00007ffebcbba000 	C:\Windows\SYSTEM32\VERSION.dll
0x00007ffeafd40000 - 0x00007ffeafd67000 	C:\Windows\SYSTEM32\WINMM.dll
0x00007ffea3fc0000 - 0x00007ffea3fc9000 	C:\Windows\SYSTEM32\WSOCK32.dll
0x00007ffec6d10000 - 0x00007ffec6d5b000 	C:\Windows\SYSTEM32\POWRPROF.dll
0x00007ffec9a50000 - 0x00007ffec9abb000 	C:\Windows\System32\WS2_32.dll
0x00007ffec6bd0000 - 0x00007ffec6be2000 	C:\Windows\SYSTEM32\UMPDC.dll
0x00007ffec6000000 - 0x00007ffec6012000 	C:\Windows\SYSTEM32\kernel.appcore.dll
0x00007ffe8dfe0000 - 0x00007ffe8dfea000 	C:\Users\yoon\.jdks\corretto-17.0.9\bin\jimage.dll
0x00007ffec5d60000 - 0x00007ffec5f44000 	C:\Windows\SYSTEM32\DBGHELP.DLL
0x00007ffeb6b20000 - 0x00007ffeb6b54000 	C:\Windows\SYSTEM32\dbgcore.DLL
0x00007ffec7fd0000 - 0x00007ffec8052000 	C:\Windows\System32\bcryptPrimitives.dll
0x00007ffebce20000 - 0x00007ffebce2e000 	C:\Users\yoon\.jdks\corretto-17.0.9\bin\instrument.dll
0x00007ffe84560000 - 0x00007ffe84585000 	C:\Users\yoon\.jdks\corretto-17.0.9\bin\java.dll
0x00007ffe5a1d0000 - 0x00007ffe5a2a7000 	C:\Users\yoon\.jdks\corretto-17.0.9\bin\jsvml.dll
0x00007ffec8560000 - 0x00007ffec8ca5000 	C:\Windows\System32\SHELL32.dll
0x00007ffec5500000 - 0x00007ffec5c9b000 	C:\Windows\SYSTEM32\windows.storage.dll
0x00007ffec91c0000 - 0x00007ffec9514000 	C:\Windows\System32\combase.dll
0x00007ffec71f0000 - 0x00007ffec721d000 	C:\Windows\SYSTEM32\Wldp.dll
0x00007ffec8ef0000 - 0x00007ffec8f9d000 	C:\Windows\System32\SHCORE.dll
0x00007ffec8500000 - 0x00007ffec8555000 	C:\Windows\System32\shlwapi.dll
0x00007ffec76f0000 - 0x00007ffec7715000 	C:\Windows\SYSTEM32\profapi.dll
0x00007ffe8e240000 - 0x00007ffe8e258000 	C:\Users\yoon\.jdks\corretto-17.0.9\bin\zip.dll
0x00007ffebe8b0000 - 0x00007ffebe8c9000 	C:\Users\yoon\.jdks\corretto-17.0.9\bin\net.dll
0x00007ffebf960000 - 0x00007ffebfa6a000 	C:\Windows\SYSTEM32\WINHTTP.dll
0x00007ffec6f50000 - 0x00007ffec6fba000 	C:\Windows\system32\mswsock.dll
0x00007ffe8e260000 - 0x00007ffe8e276000 	C:\Users\yoon\.jdks\corretto-17.0.9\bin\nio.dll
0x00007ffe82360000 - 0x00007ffe82370000 	C:\Users\yoon\.jdks\corretto-17.0.9\bin\verify.dll
0x00007ffebce90000 - 0x00007ffebceb7000 	C:\Users\yoon\.gradle\native\c067742578af261105cb4f569cf0c3c89f3d7b1fecec35dd04571415982c5e48\windows-amd64\native-platform.dll
0x00007ffe61da0000 - 0x00007ffe61ee4000 	C:\Users\yoon\.gradle\native\38dada09dfb8b06ba9b0570ebf7e218e3eb74d4ef43ca46872605cf95ebc2f47\windows-amd64\native-platform-file-events.dll
0x00007ffebcff0000 - 0x00007ffebcff9000 	C:\Users\yoon\.jdks\corretto-17.0.9\bin\management.dll
0x00007ffebcfe0000 - 0x00007ffebcfeb000 	C:\Users\yoon\.jdks\corretto-17.0.9\bin\management_ext.dll
0x00007ffec91b0000 - 0x00007ffec91b8000 	C:\Windows\System32\PSAPI.DLL
0x00007ffec7140000 - 0x00007ffec7158000 	C:\Windows\SYSTEM32\CRYPTSP.dll
0x00007ffec6810000 - 0x00007ffec6844000 	C:\Windows\system32\rsaenh.dll
0x00007ffec76b0000 - 0x00007ffec76de000 	C:\Windows\SYSTEM32\USERENV.dll
0x00007ffec7160000 - 0x00007ffec716c000 	C:\Windows\SYSTEM32\CRYPTBASE.dll
0x00007ffec6bf0000 - 0x00007ffec6c2b000 	C:\Windows\SYSTEM32\IPHLPAPI.DLL
0x00007ffec9520000 - 0x00007ffec9528000 	C:\Windows\System32\NSI.dll
0x00007ffebdaf0000 - 0x00007ffebdb07000 	C:\Windows\SYSTEM32\dhcpcsvc6.DLL
0x00007ffebdad0000 - 0x00007ffebdaed000 	C:\Windows\SYSTEM32\dhcpcsvc.DLL
0x00007ffec6c30000 - 0x00007ffec6cfa000 	C:\Windows\SYSTEM32\DNSAPI.dll
0x00007ffebce80000 - 0x00007ffebce8e000 	C:\Users\yoon\.jdks\corretto-17.0.9\bin\sunmscapi.dll
0x00007ffec7d30000 - 0x00007ffec7e8d000 	C:\Windows\System32\CRYPT32.dll
0x00007ffec7260000 - 0x00007ffec7288000 	C:\Windows\SYSTEM32\ncrypt.dll
0x00007ffec7220000 - 0x00007ffec725b000 	C:\Windows\SYSTEM32\NTASN1.dll
0x00007ffe5a4f0000 - 0x00007ffe5a4f7000 	C:\Windows\system32\wshunix.dll

dbghelp: loaded successfully - version: 4.0.5 - missing functions: none
symbol engine: initialized successfully - sym options: 0x614 - pdb path: .;C:\Users\yoon\.jdks\corretto-17.0.9\bin;C:\Windows\SYSTEM32;C:\Windows\WinSxS\amd64_microsoft.windows.common-controls_6595b64144ccf1df_6.0.19041.3636_none_60b6a03d71f818d5;C:\Users\yoon\.jdks\corretto-17.0.9\bin\server;C:\Users\yoon\.gradle\native\c067742578af261105cb4f569cf0c3c89f3d7b1fecec35dd04571415982c5e48\windows-amd64;C:\Users\yoon\.gradle\native\38dada09dfb8b06ba9b0570ebf7e218e3eb74d4ef43ca46872605cf95ebc2f47\windows-amd64

VM Arguments:
jvm_args: --add-opens=java.base/java.util=ALL-UNNAMED --add-opens=java.base/java.lang=ALL-UNNAMED --add-opens=java.base/java.lang.invoke=ALL-UNNAMED --add-opens=java.prefs/java.util.prefs=ALL-UNNAMED --add-opens=java.base/java.nio.charset=ALL-UNNAMED --add-opens=java.base/java.net=ALL-UNNAMED --add-opens=java.base/java.util.concurrent.atomic=ALL-UNNAMED -XX:MaxMetaspaceSize=384m -XX:+HeapDumpOnOutOfMemoryError -Xms256m -Xmx512m -Dfile.encoding=x-windows-949 -Duser.country=KR -Duser.language=ko -Duser.variant -javaagent:C:\Users\yoon\.gradle\wrapper\dists\gradle-8.5-bin\5t9huq95ubn472n8rpzujfbqh\gradle-8.5\lib\agents\gradle-instrumentation-agent-8.5.jar 
java_command: org.gradle.launcher.daemon.bootstrap.GradleDaemon 8.5
java_class_path (initial): C:\Users\yoon\.gradle\wrapper\dists\gradle-8.5-bin\5t9huq95ubn472n8rpzujfbqh\gradle-8.5\lib\gradle-launcher-8.5.jar
Launcher Type: SUN_STANDARD

[Global flags]
     intx CICompilerCount                          = 4                                         {product} {ergonomic}
   size_t CompressedClassSpaceSize                 = 335544320                                 {product} {ergonomic}
     uint ConcGCThreads                            = 2                                         {product} {ergonomic}
     uint G1ConcRefinementThreads                  = 8                                         {product} {ergonomic}
   size_t G1HeapRegionSize                         = 1048576                                   {product} {ergonomic}
    uintx GCDrainStackTargetSize                   = 64                                        {product} {ergonomic}
     bool HeapDumpOnOutOfMemoryError               = true                                   {manageable} {command line}
   size_t InitialHeapSize                          = 268435456                                 {product} {command line}
   size_t MarkStackSize                            = 4194304                                   {product} {ergonomic}
   size_t MaxHeapSize                              = 536870912                                 {product} {command line}
   size_t MaxMetaspaceSize                         = 402653184                                 {product} {command line}
   size_t MaxNewSize                               = 321912832                                 {product} {ergonomic}
   size_t MinHeapDeltaBytes                        = 1048576                                   {product} {ergonomic}
   size_t MinHeapSize                              = 268435456                                 {product} {command line}
    uintx NonNMethodCodeHeapSize                   = 5839372                                {pd product} {ergonomic}
    uintx NonProfiledCodeHeapSize                  = 122909434                              {pd product} {ergonomic}
    uintx ProfiledCodeHeapSize                     = 122909434                              {pd product} {ergonomic}
    uintx ReservedCodeCacheSize                    = 251658240                              {pd product} {ergonomic}
     bool SegmentedCodeCache                       = true                                      {product} {ergonomic}
   size_t SoftMaxHeapSize                          = 536870912                              {manageable} {ergonomic}
     bool UseCompressedClassPointers               = true                           {product lp64_product} {ergonomic}
     bool UseCompressedOops                        = true                           {product lp64_product} {ergonomic}
     bool UseG1GC                                  = true                                      {product} {ergonomic}
     bool UseLargePagesIndividualAllocation        = false                                  {pd product} {ergonomic}

Logging:
Log output configuration:
 #0: stdout all=warning uptime,level,tags
 #1: stderr all=off uptime,level,tags

Environment Variables:
JAVA_HOME=C:\naver0829\jdk-17_windows-x64_bin\jdk-17.0.8
PATH=C:\Program Files\Common Files\Oracle\Java\javapath;C:\app\yoon\product\21c\dbhomeXE\bin;C:\naver0829\jdk-17_windows-x64_bin\jdk-17.0.8\bin;C:\Windows\system32;C:\Windows;C:\Windows\System32\Wbem;C:\Windows\System32\WindowsPowerShell\v1.0\;C:\Windows\System32\OpenSSH\;C:\Program Files\Git\cmd;C:\Program Files\MySQL\MySQL Server 8.0\bin;C:\Program Files\Bandizip\;C:\Program Files\dotnet\;C:\Program Files\nodejs\;C:\Program Files\MongoDB\Server\5.0\bin;C:\Users\yoon\AppData\Local\Microsoft\WindowsApps;C:\Users\yoon\AppData\Local\afreeca;C:\Users\yoon\AppData\Roaming\npm;C:\Users\yoon\AppData\Local\Programs\Microsoft VS Code\bin;C:\Program Files\JetBrains\IntelliJ IDEA 2023.3.2\bin;;
USERNAME=yoon
OS=Windows_NT
PROCESSOR_IDENTIFIER=Intel64 Family 6 Model 140 Stepping 1, GenuineIntel
TMP=C:\Users\yoon\AppData\Local\Temp
TEMP=C:\Users\yoon\AppData\Local\Temp



Periodic native trim disabled


---------------  S Y S T E M  ---------------

OS:
 Windows 10 , 64 bit Build 19041 (10.0.19041.3636)
OS uptime: 0 days 3:25 hours

CPU: total 8 (initial active 8) (4 cores per cpu, 2 threads per core) family 6 model 140 stepping 1 microcode 0xa6, cx8, cmov, fxsr, ht, mmx, 3dnowpref, sse, sse2, sse3, ssse3, sse4.1, sse4.2, popcnt, lzcnt, tsc, tscinvbit, avx, avx2, aes, erms, clmul, bmi1, bmi2, adx, avx512f, avx512dq, avx512cd, avx512bw, avx512vl, sha, fma, vzeroupper, avx512_vpopcntdq, avx512_vpclmulqdq, avx512_vaes, avx512_vnni, clflush, clflushopt, clwb, avx512_vbmi2, avx512_vbmi
Processor Information for all 8 processors :
  Max Mhz: 2419, Current Mhz: 2419, Mhz Limit: 2419

Memory: 4k page, system-wide physical 7886M (49M free)
TotalPageFile size 32462M (AvailPageFile size 0M)
current process WorkingSet (physical memory assigned to process): 28M, peak: 416M
current process commit charge ("private bytes"): 505M, peak: 520M

vm_info: OpenJDK 64-Bit Server VM (17.0.9+8-LTS) for windows-amd64 JRE (17.0.9+8-LTS), built on Oct 12 2023 16:15:33 by "Administrator" with MS VC++ 16.10 / 16.11 (VS2019)

END.
