#
# There is insufficient memory for the Java Runtime Environment to continue.
# Native memory allocation (malloc) failed to allocate 66016 bytes for Chunk::new
# Possible reasons:
#   The system is out of physical RAM or swap space
#   The process is running with CompressedOops enabled, and the Java Heap may be blocking the growth of the native heap
# Possible solutions:
#   Reduce memory load on the system
#   Increase physical memory or swap space
#   Check if swap backing store is full
#   Decrease Java heap size (-Xmx/-Xms)
#   Decrease number of Java threads
#   Decrease Java thread stack sizes (-Xss)
#   Set larger code cache with -XX:ReservedCodeCacheSize=
#   JVM is running with Unscaled Compressed Oops mode in which the Java heap is
#     placed in the first 4GB address space. The Java Heap base address is the
#     maximum limit for the native heap growth. Please use -XX:HeapBaseMinAddress
#     to set the Java Heap base and to place the Java Heap above 4GB virtual address.
# This output file may be truncated or incomplete.
#
#  Out of Memory Error (arena.cpp:191), pid=22140, tid=21076
#
# JRE version: OpenJDK Runtime Environment Corretto-17.0.9.8.1 (17.0.9+8) (build 17.0.9+8-LTS)
# Java VM: OpenJDK 64-Bit Server VM Corretto-17.0.9.8.1 (17.0.9+8-LTS, mixed mode, sharing, tiered, compressed oops, compressed class ptrs, g1 gc, windows-amd64)
# No core dump will be written. Minidumps are not enabled by default on client versions of Windows
#

---------------  S U M M A R Y ------------

Command Line: --add-opens=java.base/java.util=ALL-UNNAMED --add-opens=java.base/java.lang=ALL-UNNAMED --add-opens=java.base/java.lang.invoke=ALL-UNNAMED --add-opens=java.prefs/java.util.prefs=ALL-UNNAMED --add-opens=java.base/java.nio.charset=ALL-UNNAMED --add-opens=java.base/java.net=ALL-UNNAMED --add-opens=java.base/java.util.concurrent.atomic=ALL-UNNAMED -XX:MaxMetaspaceSize=384m -XX:+HeapDumpOnOutOfMemoryError -Xms256m -Xmx512m -Dfile.encoding=x-windows-949 -Duser.country=KR -Duser.language=ko -Duser.variant -javaagent:C:\Users\yoon\.gradle\wrapper\dists\gradle-8.5-bin\5t9huq95ubn472n8rpzujfbqh\gradle-8.5\lib\agents\gradle-instrumentation-agent-8.5.jar org.gradle.launcher.daemon.bootstrap.GradleDaemon 8.5

Host: 11th Gen Intel(R) Core(TM) i5-1135G7 @ 2.40GHz, 8 cores, 7G,  Windows 10 , 64 bit Build 19041 (10.0.19041.3636)
Time: Fri Feb 16 20:45:53 2024  Windows 10 , 64 bit Build 19041 (10.0.19041.3636) elapsed time: 108.689627 seconds (0d 0h 1m 48s)

---------------  T H R E A D  ---------------

Current thread (0x00000239f5d50840):  JavaThread "C2 CompilerThread0" daemon [_thread_in_native, id=21076, stack(0x0000008520b00000,0x0000008520c00000)]


Current CompileTask:
C2: 108695 10552       4       sun.instrument.InstrumentationImpl::transform (73 bytes)

Stack: [0x0000008520b00000,0x0000008520c00000]
Native frames: (J=compiled Java code, j=interpreted, Vv=VM code, C=native code)
V  [jvm.dll+0x67cb49]
V  [jvm.dll+0x8344da]
V  [jvm.dll+0x835f9e]
V  [jvm.dll+0x836603]
V  [jvm.dll+0x247b5f]
V  [jvm.dll+0xac43c]
V  [jvm.dll+0xaca8c]
V  [jvm.dll+0x2af07f]
V  [jvm.dll+0x585037]
V  [jvm.dll+0x222bb2]
V  [jvm.dll+0x21bc52]
V  [jvm.dll+0x219511]
V  [jvm.dll+0x1a56cd]
V  [jvm.dll+0x2293ee]
V  [jvm.dll+0x2275bc]
V  [jvm.dll+0x7e95a7]
V  [jvm.dll+0x7e396a]
V  [jvm.dll+0x67ba35]
C  [ucrtbase.dll+0x21bb2]
C  [KERNEL32.DLL+0x17344]
C  [ntdll.dll+0x526b1]


---------------  P R O C E S S  ---------------

Threads class SMR info:
_java_thread_list=0x00000239fbe239e0, length=136, elements={
0x00000239e828fca0, 0x00000239f5d26370, 0x00000239f5d26e40, 0x00000239f5d44e10,
0x00000239f5d477f0, 0x00000239f5d4a0d0, 0x00000239f5d4a9a0, 0x00000239f5d50840,
0x00000239f5d519a0, 0x00000239f5d63620, 0x00000239f5d11da0, 0x00000239fa170590,
0x00000239fc03b010, 0x00000239fb6362a0, 0x00000239fb99af80, 0x00000239fa51a020,
0x00000239facfd0c0, 0x00000239fa242520, 0x00000239fa2406c0, 0x00000239fa23fca0,
0x00000239fa241b00, 0x00000239fa240bd0, 0x00000239fa243450, 0x00000239fa2410e0,
0x00000239fa242f40, 0x00000239fca62000, 0x00000239fca5e340, 0x00000239fca606b0,
0x00000239fca5f270, 0x00000239fca601a0, 0x00000239fca5bfd0, 0x00000239fca5e850,
0x00000239fca5ed60, 0x00000239fca615e0, 0x00000239fca610d0, 0x00000239fca5de30,
0x00000239fca5f780, 0x00000239fca62a20, 0x00000239fca5fc90, 0x00000239fca62f30,
0x00000239fca63950, 0x00000239fd2ba870, 0x00000239fd2bc1c0, 0x00000239fd2bb7a0,
0x00000239fd2bbcb0, 0x00000239fd2bad80, 0x00000239fd2b8a10, 0x00000239fd2bb290,
0x00000239fd2ba360, 0x00000239fd2b9940, 0x00000239fd2b9430, 0x00000239fd2b9e50,
0x00000239fa242010, 0x00000239fe9d0300, 0x00000239fe9cdf90, 0x00000239fe9cf3d0,
0x00000239fe9ce9b0, 0x00000239fe9d0810, 0x00000239fe9cda80, 0x00000239fe9ceec0,
0x00000239fe9cd570, 0x00000239fe9cd060, 0x00000239fe9ce4a0, 0x00000239fe9cf8e0,
0x00000239fe9cfdf0, 0x00000239fe0f8670, 0x00000239fe0fa4d0, 0x00000239fe0f44a0,
0x00000239fe0f3060, 0x00000239fe0f9090, 0x00000239fe0f49b0, 0x00000239fe0f4ec0,
0x00000239fe0fa9e0, 0x00000239fe0f53d0, 0x00000239fe0f3570, 0x00000239fe0f58e0,
0x00000239fe0f7740, 0x00000239fe0f6300, 0x00000239fe0f5df0, 0x00000239fe0f6810,
0x00000239fe0f7c50, 0x00000239fe0f6d20, 0x00000239fe0f7230, 0x00000239fe0f8160,
0x00000239fe0f8b80, 0x00000239fe0f9ab0, 0x00000239fe0f95a0, 0x00000239fe0f9fc0,
0x00000239fe0f3a80, 0x00000239fe0f3f90, 0x00000239fef29ed0, 0x00000239fef28fa0,
0x00000239fef2f4e0, 0x00000239fef2b820, 0x00000239fef2eac0, 0x00000239fef28580,
0x00000239fef2a3e0, 0x00000239fef294b0, 0x00000239fef2bd30, 0x00000239fef2efd0,
0x00000239fef299c0, 0x00000239fef2e0a0, 0x00000239fef2c240, 0x00000239fef2a8f0,
0x00000239fef2b310, 0x00000239fef28070, 0x00000239fef2ae00, 0x00000239fef2c750,
0x00000239fef2cc60, 0x00000239fef2d170, 0x00000239fef2f9f0, 0x00000239fef2d680,
0x00000239fef2db90, 0x00000239fec80020, 0x00000239fec80530, 0x00000239fec837d0,
0x00000239fec879a0, 0x00000239fec82db0, 0x00000239fec84c10, 0x00000239fec81460,
0x00000239fec81970, 0x00000239fec85120, 0x00000239fec83ce0, 0x00000239fec87490,
0x00000239fec80a40, 0x00000239fec81e80, 0x00000239fec80f50, 0x00000239fec82390,
0x00000239fec86050, 0x00000239fec828a0, 0x00000239fec85630, 0x00000239fec832c0,
0x00000239fec86560, 0x00000239fec86f80, 0x00000239fdb6d6a0, 0x00000239fdb6bd50
}

Java Threads: ( => current thread )
  0x00000239e828fca0 JavaThread "main" [_thread_blocked, id=22308, stack(0x000000851fe00000,0x000000851ff00000)]
  0x00000239f5d26370 JavaThread "Reference Handler" daemon [_thread_blocked, id=13964, stack(0x0000008520500000,0x0000008520600000)]
  0x00000239f5d26e40 JavaThread "Finalizer" daemon [_thread_blocked, id=22164, stack(0x0000008520600000,0x0000008520700000)]
  0x00000239f5d44e10 JavaThread "Signal Dispatcher" daemon [_thread_blocked, id=5464, stack(0x0000008520700000,0x0000008520800000)]
  0x00000239f5d477f0 JavaThread "Attach Listener" daemon [_thread_blocked, id=3452, stack(0x0000008520800000,0x0000008520900000)]
  0x00000239f5d4a0d0 JavaThread "Service Thread" daemon [_thread_blocked, id=7056, stack(0x0000008520900000,0x0000008520a00000)]
  0x00000239f5d4a9a0 JavaThread "Monitor Deflation Thread" daemon [_thread_blocked, id=19544, stack(0x0000008520a00000,0x0000008520b00000)]
=>0x00000239f5d50840 JavaThread "C2 CompilerThread0" daemon [_thread_in_native, id=21076, stack(0x0000008520b00000,0x0000008520c00000)]
  0x00000239f5d519a0 JavaThread "C1 CompilerThread0" daemon [_thread_blocked, id=21356, stack(0x0000008520c00000,0x0000008520d00000)]
  0x00000239f5d63620 JavaThread "Sweeper thread" daemon [_thread_blocked, id=6316, stack(0x0000008520d00000,0x0000008520e00000)]
  0x00000239f5d11da0 JavaThread "Common-Cleaner" daemon [_thread_blocked, id=3924, stack(0x0000008520e00000,0x0000008520f00000)]
  0x00000239fa170590 JavaThread "Notification Thread" daemon [_thread_blocked, id=22496, stack(0x0000008520f00000,0x0000008521000000)]
  0x00000239fc03b010 JavaThread "Daemon health stats" [_thread_blocked, id=22288, stack(0x0000008521600000,0x0000008521700000)]
  0x00000239fb6362a0 JavaThread "Incoming local TCP Connector on port 58898" [_thread_in_native, id=2168, stack(0x0000008521700000,0x0000008521800000)]
  0x00000239fb99af80 JavaThread "Daemon periodic checks" [_thread_blocked, id=6304, stack(0x0000008521800000,0x0000008521900000)]
  0x00000239fa51a020 JavaThread "Daemon" [_thread_blocked, id=8956, stack(0x0000008521900000,0x0000008521a00000)]
  0x00000239facfd0c0 JavaThread "Handler for socket connection from /127.0.0.1:58898 to /127.0.0.1:58901" [_thread_in_native, id=2968, stack(0x0000008521a00000,0x0000008521b00000)]
  0x00000239fa242520 JavaThread "Cancel handler" [_thread_blocked, id=7048, stack(0x0000008521b00000,0x0000008521c00000)]
  0x00000239fa2406c0 JavaThread "Daemon worker" [_thread_blocked, id=18980, stack(0x0000008521c00000,0x0000008521d00000)]
  0x00000239fa23fca0 JavaThread "Asynchronous log dispatcher for DefaultDaemonConnection: socket connection from /127.0.0.1:58898 to /127.0.0.1:58901" [_thread_blocked, id=4128, stack(0x0000008521d00000,0x0000008521e00000)]
  0x00000239fa241b00 JavaThread "Stdin handler" [_thread_blocked, id=21872, stack(0x0000008521e00000,0x0000008521f00000)]
  0x00000239fa240bd0 JavaThread "Daemon client event forwarder" [_thread_blocked, id=1964, stack(0x0000008521f00000,0x0000008522000000)]
  0x00000239fa243450 JavaThread "Cache worker for journal cache (C:\Users\yoon\.gradle\caches\journal-1)" [_thread_blocked, id=16372, stack(0x0000008522000000,0x0000008522100000)]
  0x00000239fa2410e0 JavaThread "File lock request listener" [_thread_in_native, id=19948, stack(0x0000008522100000,0x0000008522200000)]
  0x00000239fa242f40 JavaThread "Cache worker for file hash cache (C:\Users\yoon\.gradle\caches\8.5\fileHashes)" [_thread_blocked, id=19760, stack(0x0000008522200000,0x0000008522300000)]
  0x00000239fca62000 JavaThread "File watcher server" daemon [_thread_in_vm, id=9260, stack(0x0000008522300000,0x0000008522400000)]
  0x00000239fca5e340 JavaThread "File watcher consumer" daemon [_thread_blocked, id=21156, stack(0x0000008522400000,0x0000008522500000)]
  0x00000239fca606b0 JavaThread "Cache worker for checksums cache (C:\FP\cherry-weather\.gradle\8.5\checksums)" [_thread_blocked, id=20376, stack(0x0000008522800000,0x0000008522900000)]
  0x00000239fca5f270 JavaThread "Cache worker for file hash cache (C:\FP\cherry-weather\.gradle\8.5\fileHashes)" [_thread_blocked, id=2960, stack(0x0000008522900000,0x0000008522a00000)]
  0x00000239fca601a0 JavaThread "Cache worker for cache directory md-supplier (C:\Users\yoon\.gradle\caches\8.5\md-supplier)" [_thread_blocked, id=10396, stack(0x0000008522a00000,0x0000008522b00000)]
  0x00000239fca5bfd0 JavaThread "Cache worker for cache directory md-rule (C:\Users\yoon\.gradle\caches\8.5\md-rule)" [_thread_blocked, id=14928, stack(0x0000008522b00000,0x0000008522c00000)]
  0x00000239fca5e850 JavaThread "Cache worker for file content cache (C:\Users\yoon\.gradle\caches\8.5\fileContent)" [_thread_blocked, id=16884, stack(0x0000008522c00000,0x0000008522d00000)]
  0x00000239fca5ed60 JavaThread "Cache worker for execution history cache (C:\Users\yoon\.gradle\caches\8.5\executionHistory)" [_thread_blocked, id=21812, stack(0x0000008522d00000,0x0000008522e00000)]
  0x00000239fca615e0 JavaThread "jar transforms" [_thread_blocked, id=13028, stack(0x0000008522e00000,0x0000008522f00000)]
  0x00000239fca610d0 JavaThread "jar transforms Thread 2" [_thread_blocked, id=20908, stack(0x0000008522f00000,0x0000008523000000)]
  0x00000239fca5de30 JavaThread "jar transforms Thread 3" [_thread_blocked, id=20164, stack(0x0000008523000000,0x0000008523100000)]
  0x00000239fca5f780 JavaThread "jar transforms Thread 4" [_thread_blocked, id=4108, stack(0x0000008523100000,0x0000008523200000)]
  0x00000239fca62a20 JavaThread "jar transforms Thread 5" [_thread_blocked, id=11120, stack(0x0000008523200000,0x0000008523300000)]
  0x00000239fca5fc90 JavaThread "jar transforms Thread 6" [_thread_blocked, id=12140, stack(0x0000008523300000,0x0000008523400000)]
  0x00000239fca62f30 JavaThread "Cache worker for dependencies-accessors (C:\FP\cherry-weather\.gradle\8.5\dependencies-accessors)" [_thread_blocked, id=3224, stack(0x0000008523400000,0x0000008523500000)]
  0x00000239fca63950 JavaThread "jar transforms Thread 7" [_thread_blocked, id=18220, stack(0x0000008523500000,0x0000008523600000)]
  0x00000239fd2ba870 JavaThread "Cache worker for Build Output Cleanup Cache (C:\FP\cherry-weather\.gradle\buildOutputCleanup)" [_thread_blocked, id=9568, stack(0x0000008523600000,0x0000008523700000)]
  0x00000239fd2bc1c0 JavaThread "Unconstrained build operations" [_thread_blocked, id=18588, stack(0x0000008523700000,0x0000008523800000)]
  0x00000239fd2bb7a0 JavaThread "Unconstrained build operations Thread 2" [_thread_blocked, id=8624, stack(0x0000008523800000,0x0000008523900000)]
  0x00000239fd2bbcb0 JavaThread "Unconstrained build operations Thread 3" [_thread_blocked, id=2660, stack(0x0000008523900000,0x0000008523a00000)]
  0x00000239fd2bad80 JavaThread "Unconstrained build operations Thread 4" [_thread_blocked, id=3392, stack(0x0000008523a00000,0x0000008523b00000)]
  0x00000239fd2b8a10 JavaThread "Unconstrained build operations Thread 5" [_thread_blocked, id=17092, stack(0x0000008523b00000,0x0000008523c00000)]
  0x00000239fd2bb290 JavaThread "Unconstrained build operations Thread 6" [_thread_blocked, id=9832, stack(0x0000008523c00000,0x0000008523d00000)]
  0x00000239fd2ba360 JavaThread "Unconstrained build operations Thread 7" [_thread_blocked, id=7620, stack(0x0000008523d00000,0x0000008523e00000)]
  0x00000239fd2b9940 JavaThread "jar transforms Thread 8" [_thread_blocked, id=6972, stack(0x0000008523e00000,0x0000008523f00000)]
  0x00000239fd2b9430 JavaThread "Memory manager" [_thread_blocked, id=15928, stack(0x0000008523f00000,0x0000008524000000)]
  0x00000239fd2b9e50 JavaThread "included builds" [_thread_blocked, id=19920, stack(0x0000008524100000,0x0000008524200000)]
  0x00000239fa242010 JavaThread "Execution worker" [_thread_blocked, id=21388, stack(0x0000008524200000,0x0000008524300000)]
  0x00000239fe9d0300 JavaThread "Execution worker Thread 2" [_thread_blocked, id=21688, stack(0x0000008524300000,0x0000008524400000)]
  0x00000239fe9cdf90 JavaThread "Execution worker Thread 3" [_thread_blocked, id=11976, stack(0x0000008524400000,0x0000008524500000)]
  0x00000239fe9cf3d0 JavaThread "Execution worker Thread 4" [_thread_blocked, id=1152, stack(0x0000008524500000,0x0000008524600000)]
  0x00000239fe9ce9b0 JavaThread "Execution worker Thread 5" [_thread_blocked, id=21176, stack(0x0000008524600000,0x0000008524700000)]
  0x00000239fe9d0810 JavaThread "Execution worker Thread 6" [_thread_blocked, id=20964, stack(0x0000008524700000,0x0000008524800000)]
  0x00000239fe9cda80 JavaThread "Execution worker Thread 7" [_thread_blocked, id=18572, stack(0x0000008524800000,0x0000008524900000)]
  0x00000239fe9ceec0 JavaThread "Cache worker for execution history cache (C:\FP\cherry-weather\.gradle\8.5\executionHistory)" [_thread_blocked, id=9432, stack(0x0000008524900000,0x0000008524a00000)]
  0x00000239fe9cd570 JavaThread "Unconstrained build operations Thread 8" [_thread_blocked, id=1372, stack(0x0000008524a00000,0x0000008524b00000)]
  0x00000239fe9cd060 JavaThread "Unconstrained build operations Thread 9" [_thread_blocked, id=4340, stack(0x0000008524b00000,0x0000008524c00000)]
  0x00000239fe9ce4a0 JavaThread "Unconstrained build operations Thread 10" [_thread_blocked, id=3876, stack(0x0000008524c00000,0x0000008524d00000)]
  0x00000239fe9cf8e0 JavaThread "Unconstrained build operations Thread 11" [_thread_blocked, id=21304, stack(0x0000008524d00000,0x0000008524e00000)]
  0x00000239fe9cfdf0 JavaThread "Unconstrained build operations Thread 12" [_thread_blocked, id=22104, stack(0x0000008524e00000,0x0000008524f00000)]
  0x00000239fe0f8670 JavaThread "Unconstrained build operations Thread 13" [_thread_blocked, id=10124, stack(0x0000008524f00000,0x0000008525000000)]
  0x00000239fe0fa4d0 JavaThread "Unconstrained build operations Thread 14" [_thread_blocked, id=9356, stack(0x0000008525000000,0x0000008525100000)]
  0x00000239fe0f44a0 JavaThread "Unconstrained build operations Thread 15" [_thread_blocked, id=20944, stack(0x0000008525100000,0x0000008525200000)]
  0x00000239fe0f3060 JavaThread "Unconstrained build operations Thread 16" [_thread_blocked, id=4044, stack(0x0000008525200000,0x0000008525300000)]
  0x00000239fe0f9090 JavaThread "Unconstrained build operations Thread 17" [_thread_blocked, id=20124, stack(0x0000008525300000,0x0000008525400000)]
  0x00000239fe0f49b0 JavaThread "Unconstrained build operations Thread 18" [_thread_blocked, id=10400, stack(0x0000008525400000,0x0000008525500000)]
  0x00000239fe0f4ec0 JavaThread "Unconstrained build operations Thread 19" [_thread_blocked, id=4732, stack(0x0000008525500000,0x0000008525600000)]
  0x00000239fe0fa9e0 JavaThread "Unconstrained build operations Thread 20" [_thread_blocked, id=5608, stack(0x0000008525600000,0x0000008525700000)]
  0x00000239fe0f53d0 JavaThread "Unconstrained build operations Thread 21" [_thread_blocked, id=10316, stack(0x0000008525700000,0x0000008525800000)]
  0x00000239fe0f3570 JavaThread "Unconstrained build operations Thread 22" [_thread_blocked, id=21188, stack(0x0000008525800000,0x0000008525900000)]
  0x00000239fe0f58e0 JavaThread "Unconstrained build operations Thread 23" [_thread_blocked, id=5864, stack(0x0000008525900000,0x0000008525a00000)]
  0x00000239fe0f7740 JavaThread "Unconstrained build operations Thread 24" [_thread_blocked, id=12452, stack(0x0000008525a00000,0x0000008525b00000)]
  0x00000239fe0f6300 JavaThread "Unconstrained build operations Thread 25" [_thread_blocked, id=2932, stack(0x0000008525b00000,0x0000008525c00000)]
  0x00000239fe0f5df0 JavaThread "Unconstrained build operations Thread 26" [_thread_blocked, id=19252, stack(0x0000008525c00000,0x0000008525d00000)]
  0x00000239fe0f6810 JavaThread "Unconstrained build operations Thread 27" [_thread_blocked, id=15240, stack(0x0000008525d00000,0x0000008525e00000)]
  0x00000239fe0f7c50 JavaThread "Unconstrained build operations Thread 28" [_thread_blocked, id=14472, stack(0x0000008525e00000,0x0000008525f00000)]
  0x00000239fe0f6d20 JavaThread "Unconstrained build operations Thread 29" [_thread_blocked, id=15976, stack(0x0000008525f00000,0x0000008526000000)]
  0x00000239fe0f7230 JavaThread "Unconstrained build operations Thread 30" [_thread_blocked, id=14660, stack(0x0000008526000000,0x0000008526100000)]
  0x00000239fe0f8160 JavaThread "Unconstrained build operations Thread 31" [_thread_blocked, id=5144, stack(0x0000008526100000,0x0000008526200000)]
  0x00000239fe0f8b80 JavaThread "Unconstrained build operations Thread 32" [_thread_blocked, id=12980, stack(0x0000008526200000,0x0000008526300000)]
  0x00000239fe0f9ab0 JavaThread "Unconstrained build operations Thread 33" [_thread_blocked, id=7980, stack(0x0000008526300000,0x0000008526400000)]
  0x00000239fe0f95a0 JavaThread "Unconstrained build operations Thread 34" [_thread_blocked, id=7012, stack(0x0000008526400000,0x0000008526500000)]
  0x00000239fe0f9fc0 JavaThread "Unconstrained build operations Thread 35" [_thread_blocked, id=1948, stack(0x0000008526500000,0x0000008526600000)]
  0x00000239fe0f3a80 JavaThread "Unconstrained build operations Thread 36" [_thread_blocked, id=10840, stack(0x0000008526600000,0x0000008526700000)]
  0x00000239fe0f3f90 JavaThread "Unconstrained build operations Thread 37" [_thread_blocked, id=10060, stack(0x0000008526700000,0x0000008526800000)]
  0x00000239fef29ed0 JavaThread "Unconstrained build operations Thread 38" [_thread_blocked, id=16204, stack(0x0000008526800000,0x0000008526900000)]
  0x00000239fef28fa0 JavaThread "Unconstrained build operations Thread 39" [_thread_blocked, id=14520, stack(0x0000008526900000,0x0000008526a00000)]
  0x00000239fef2f4e0 JavaThread "Unconstrained build operations Thread 40" [_thread_blocked, id=4656, stack(0x0000008526a00000,0x0000008526b00000)]
  0x00000239fef2b820 JavaThread "Unconstrained build operations Thread 41" [_thread_blocked, id=10340, stack(0x0000008526b00000,0x0000008526c00000)]
  0x00000239fef2eac0 JavaThread "Unconstrained build operations Thread 42" [_thread_blocked, id=18660, stack(0x0000008526c00000,0x0000008526d00000)]
  0x00000239fef28580 JavaThread "Unconstrained build operations Thread 43" [_thread_blocked, id=3408, stack(0x0000008526d00000,0x0000008526e00000)]
  0x00000239fef2a3e0 JavaThread "Unconstrained build operations Thread 44" [_thread_blocked, id=13332, stack(0x0000008526e00000,0x0000008526f00000)]
  0x00000239fef294b0 JavaThread "Unconstrained build operations Thread 45" [_thread_blocked, id=21340, stack(0x0000008526f00000,0x0000008527000000)]
  0x00000239fef2bd30 JavaThread "Unconstrained build operations Thread 46" [_thread_blocked, id=22356, stack(0x0000008527000000,0x0000008527100000)]
  0x00000239fef2efd0 JavaThread "Unconstrained build operations Thread 47" [_thread_blocked, id=18636, stack(0x0000008527100000,0x0000008527200000)]
  0x00000239fef299c0 JavaThread "Unconstrained build operations Thread 48" [_thread_blocked, id=5180, stack(0x0000008527200000,0x0000008527300000)]
  0x00000239fef2e0a0 JavaThread "Unconstrained build operations Thread 49" [_thread_blocked, id=12780, stack(0x0000008527300000,0x0000008527400000)]
  0x00000239fef2c240 JavaThread "Unconstrained build operations Thread 50" [_thread_blocked, id=20528, stack(0x0000008527400000,0x0000008527500000)]
  0x00000239fef2a8f0 JavaThread "Unconstrained build operations Thread 51" [_thread_blocked, id=20300, stack(0x0000008527500000,0x0000008527600000)]
  0x00000239fef2b310 JavaThread "Unconstrained build operations Thread 52" [_thread_blocked, id=1736, stack(0x0000008527600000,0x0000008527700000)]
  0x00000239fef28070 JavaThread "Unconstrained build operations Thread 53" [_thread_blocked, id=19860, stack(0x0000008527700000,0x0000008527800000)]
  0x00000239fef2ae00 JavaThread "Unconstrained build operations Thread 54" [_thread_blocked, id=9952, stack(0x0000008527800000,0x0000008527900000)]
  0x00000239fef2c750 JavaThread "Unconstrained build operations Thread 55" [_thread_blocked, id=12948, stack(0x0000008527900000,0x0000008527a00000)]
  0x00000239fef2cc60 JavaThread "Unconstrained build operations Thread 56" [_thread_blocked, id=22200, stack(0x0000008527a00000,0x0000008527b00000)]
  0x00000239fef2d170 JavaThread "Unconstrained build operations Thread 57" [_thread_blocked, id=22048, stack(0x0000008527b00000,0x0000008527c00000)]
  0x00000239fef2f9f0 JavaThread "Unconstrained build operations Thread 58" [_thread_blocked, id=4760, stack(0x0000008527c00000,0x0000008527d00000)]
  0x00000239fef2d680 JavaThread "Unconstrained build operations Thread 59" [_thread_blocked, id=13112, stack(0x0000008527d00000,0x0000008527e00000)]
  0x00000239fef2db90 JavaThread "Unconstrained build operations Thread 60" [_thread_blocked, id=14104, stack(0x0000008527e00000,0x0000008527f00000)]
  0x00000239fec80020 JavaThread "Unconstrained build operations Thread 61" [_thread_blocked, id=22540, stack(0x0000008527f00000,0x0000008528000000)]
  0x00000239fec80530 JavaThread "Unconstrained build operations Thread 62" [_thread_blocked, id=22544, stack(0x0000008528000000,0x0000008528100000)]
  0x00000239fec837d0 JavaThread "Unconstrained build operations Thread 63" [_thread_blocked, id=22552, stack(0x0000008528100000,0x0000008528200000)]
  0x00000239fec879a0 JavaThread "Unconstrained build operations Thread 64" [_thread_blocked, id=22588, stack(0x0000008528200000,0x0000008528300000)]
  0x00000239fec82db0 JavaThread "Unconstrained build operations Thread 65" [_thread_blocked, id=22596, stack(0x0000008528300000,0x0000008528400000)]
  0x00000239fec84c10 JavaThread "Unconstrained build operations Thread 66" [_thread_blocked, id=22600, stack(0x0000008528400000,0x0000008528500000)]
  0x00000239fec81460 JavaThread "Unconstrained build operations Thread 67" [_thread_blocked, id=22604, stack(0x0000008528500000,0x0000008528600000)]
  0x00000239fec81970 JavaThread "Unconstrained build operations Thread 68" [_thread_blocked, id=22644, stack(0x0000008528600000,0x0000008528700000)]
  0x00000239fec85120 JavaThread "Unconstrained build operations Thread 69" [_thread_blocked, id=22648, stack(0x0000008528700000,0x0000008528800000)]
  0x00000239fec83ce0 JavaThread "Unconstrained build operations Thread 70" [_thread_blocked, id=22664, stack(0x0000008528800000,0x0000008528900000)]
  0x00000239fec87490 JavaThread "Unconstrained build operations Thread 71" [_thread_blocked, id=22668, stack(0x0000008528900000,0x0000008528a00000)]
  0x00000239fec80a40 JavaThread "Unconstrained build operations Thread 72" [_thread_blocked, id=22672, stack(0x0000008528a00000,0x0000008528b00000)]
  0x00000239fec81e80 JavaThread "Unconstrained build operations Thread 73" [_thread_blocked, id=22676, stack(0x0000008528b00000,0x0000008528c00000)]
  0x00000239fec80f50 JavaThread "Unconstrained build operations Thread 74" [_thread_blocked, id=22680, stack(0x0000008528c00000,0x0000008528d00000)]
  0x00000239fec82390 JavaThread "Unconstrained build operations Thread 75" [_thread_blocked, id=22684, stack(0x0000008528d00000,0x0000008528e00000)]
  0x00000239fec86050 JavaThread "Unconstrained build operations Thread 76" [_thread_blocked, id=22688, stack(0x0000008528e00000,0x0000008528f00000)]
  0x00000239fec828a0 JavaThread "Unconstrained build operations Thread 77" [_thread_blocked, id=22692, stack(0x0000008528f00000,0x0000008529000000)]
  0x00000239fec85630 JavaThread "Unconstrained build operations Thread 78" [_thread_blocked, id=22704, stack(0x0000008529000000,0x0000008529100000)]
  0x00000239fec832c0 JavaThread "Unconstrained build operations Thread 79" [_thread_blocked, id=22708, stack(0x0000008529100000,0x0000008529200000)]
  0x00000239fec86560 JavaThread "Unconstrained build operations Thread 80" [_thread_blocked, id=22712, stack(0x0000008529200000,0x0000008529300000)]
  0x00000239fec86f80 JavaThread "Exec process" [_thread_in_native, id=22852, stack(0x0000008529300000,0x0000008529400000)]
  0x00000239fdb6d6a0 JavaThread "Exec process Thread 2" [_thread_in_native, id=22864, stack(0x0000008529400000,0x0000008529500000)]
  0x00000239fdb6bd50 JavaThread "Exec process Thread 3" [_thread_in_native, id=22868, stack(0x0000008529500000,0x0000008529600000)]

Other Threads:
  0x00000239f5d22960 VMThread "VM Thread" [stack: 0x0000008520400000,0x0000008520500000] [id=1200]
  0x00000239e8290a70 WatcherThread [stack: 0x0000008521000000,0x0000008521100000] [id=7808]
  0x00000239e82bf4c0 GCTaskThread "GC Thread#0" [stack: 0x000000851ff00000,0x0000008520000000] [id=11096]
  0x00000239faeadab0 GCTaskThread "GC Thread#1" [stack: 0x0000008521100000,0x0000008521200000] [id=10248]
  0x00000239fadc8030 GCTaskThread "GC Thread#2" [stack: 0x0000008521200000,0x0000008521300000] [id=21820]
  0x00000239fadc82f0 GCTaskThread "GC Thread#3" [stack: 0x0000008521300000,0x0000008521400000] [id=940]
  0x00000239fadc85b0 GCTaskThread "GC Thread#4" [stack: 0x0000008521400000,0x0000008521500000] [id=14728]
  0x00000239fadc8870 GCTaskThread "GC Thread#5" [stack: 0x0000008521500000,0x0000008521600000] [id=20456]
  0x00000239fca2ca70 GCTaskThread "GC Thread#6" [stack: 0x0000008522500000,0x0000008522600000] [id=8488]
  0x00000239fc3c6040 GCTaskThread "GC Thread#7" [stack: 0x0000008522600000,0x0000008522700000] [id=19144]
  0x00000239e82c4320 ConcurrentGCThread "G1 Main Marker" [stack: 0x0000008520000000,0x0000008520100000] [id=280]
  0x00000239e82c5c60 ConcurrentGCThread "G1 Conc#0" [stack: 0x0000008520100000,0x0000008520200000] [id=21728]
  0x00000239fc3e05c0 ConcurrentGCThread "G1 Conc#1" [stack: 0x0000008522700000,0x0000008522800000] [id=20468]
  0x00000239f5be2540 ConcurrentGCThread "G1 Refine#0" [stack: 0x0000008520200000,0x0000008520300000] [id=22512]
  0x00000239fc8ddad0 ConcurrentGCThread "G1 Refine#1" [stack: 0x0000008524000000,0x0000008524100000] [id=20788]
  0x00000239f5be2d80 ConcurrentGCThread "G1 Service" [stack: 0x0000008520300000,0x0000008520400000] [id=14316]

Threads with active compile tasks:
C2 CompilerThread0   109963 10552       4       sun.instrument.InstrumentationImpl::transform (73 bytes)

VM state: not at safepoint (normal execution)

VM Mutex/Monitor currently owned by a thread: None

Heap address: 0x00000000e0000000, size: 512 MB, Compressed Oops mode: 32-bit

CDS archive(s) mapped at: [0x000002398f000000-0x000002398fba0000-0x000002398fba0000), size 12189696, SharedBaseAddress: 0x000002398f000000, ArchiveRelocationMode: 1.
Compressed class space mapped at: 0x0000023990000000-0x00000239a4000000, reserved size: 335544320
Narrow klass base: 0x000002398f000000, Narrow klass shift: 0, Narrow klass range: 0x100000000

GC Precious Log:
 CPUs: 8 total, 8 available
 Memory: 7886M
 Large Page Support: Disabled
 NUMA Support: Disabled
 Compressed Oops: Enabled (32-bit)
 Heap Region Size: 1M
 Heap Min Capacity: 256M
 Heap Initial Capacity: 256M
 Heap Max Capacity: 512M
 Pre-touch: Disabled
 Parallel Workers: 8
 Concurrent Workers: 2
 Concurrent Refinement Workers: 8
 Periodic GC: Disabled

Heap:
 garbage-first heap   total 262144K, used 179696K [0x00000000e0000000, 0x0000000100000000)
  region size 1024K, 119 young (121856K), 15 survivors (15360K)
 Metaspace       used 65085K, committed 65664K, reserved 393216K
  class space    used 8915K, committed 9216K, reserved 327680K

Heap Regions: E=young(eden), S=young(survivor), O=old, HS=humongous(starts), HC=humongous(continues), CS=collection set, F=free, OA=open archive, CA=closed archive, TAMS=top-at-mark-start (previous, next)
|   0|0x00000000e0000000, 0x00000000e0100000, 0x00000000e0100000|100%|HS|  |TAMS 0x00000000e0100000, 0x00000000e0000000| Complete 
|   1|0x00000000e0100000, 0x00000000e0200000, 0x00000000e0200000|100%|HC|  |TAMS 0x00000000e0200000, 0x00000000e0100000| Complete 
|   2|0x00000000e0200000, 0x00000000e0300000, 0x00000000e0300000|100%|HC|  |TAMS 0x00000000e0300000, 0x00000000e0200000| Complete 
|   3|0x00000000e0300000, 0x00000000e0400000, 0x00000000e0400000|100%|HC|  |TAMS 0x00000000e0400000, 0x00000000e0300000| Complete 
|   4|0x00000000e0400000, 0x00000000e0500000, 0x00000000e0500000|100%| O|  |TAMS 0x00000000e0500000, 0x00000000e0400000| Untracked 
|   5|0x00000000e0500000, 0x00000000e0600000, 0x00000000e0600000|100%| O|  |TAMS 0x00000000e0600000, 0x00000000e0500000| Untracked 
|   6|0x00000000e0600000, 0x00000000e0700000, 0x00000000e0700000|100%| O|  |TAMS 0x00000000e0700000, 0x00000000e0600000| Untracked 
|   7|0x00000000e0700000, 0x00000000e0800000, 0x00000000e0800000|100%| O|  |TAMS 0x00000000e0800000, 0x00000000e0700000| Untracked 
|   8|0x00000000e0800000, 0x00000000e0900000, 0x00000000e0900000|100%| O|  |TAMS 0x00000000e0900000, 0x00000000e0800000| Untracked 
|   9|0x00000000e0900000, 0x00000000e0a00000, 0x00000000e0a00000|100%| O|  |TAMS 0x00000000e0a00000, 0x00000000e0900000| Untracked 
|  10|0x00000000e0a00000, 0x00000000e0b00000, 0x00000000e0b00000|100%| O|  |TAMS 0x00000000e0b00000, 0x00000000e0a00000| Untracked 
|  11|0x00000000e0b00000, 0x00000000e0c00000, 0x00000000e0c00000|100%| O|  |TAMS 0x00000000e0c00000, 0x00000000e0b00000| Untracked 
|  12|0x00000000e0c00000, 0x00000000e0d00000, 0x00000000e0d00000|100%| O|  |TAMS 0x00000000e0d00000, 0x00000000e0c00000| Untracked 
|  13|0x00000000e0d00000, 0x00000000e0e00000, 0x00000000e0e00000|100%|HS|  |TAMS 0x00000000e0e00000, 0x00000000e0d00000| Complete 
|  14|0x00000000e0e00000, 0x00000000e0f00000, 0x00000000e0f00000|100%|HC|  |TAMS 0x00000000e0f00000, 0x00000000e0e00000| Complete 
|  15|0x00000000e0f00000, 0x00000000e1000000, 0x00000000e1000000|100%|HS|  |TAMS 0x00000000e1000000, 0x00000000e0f00000| Complete 
|  16|0x00000000e1000000, 0x00000000e1100000, 0x00000000e1100000|100%| O|  |TAMS 0x00000000e1100000, 0x00000000e1000000| Untracked 
|  17|0x00000000e1100000, 0x00000000e1200000, 0x00000000e1200000|100%| O|  |TAMS 0x00000000e1200000, 0x00000000e1100000| Untracked 
|  18|0x00000000e1200000, 0x00000000e1300000, 0x00000000e1300000|100%| O|  |TAMS 0x00000000e1300000, 0x00000000e1200000| Untracked 
|  19|0x00000000e1300000, 0x00000000e1400000, 0x00000000e1400000|100%| O|  |TAMS 0x00000000e1400000, 0x00000000e1300000| Untracked 
|  20|0x00000000e1400000, 0x00000000e1500000, 0x00000000e1500000|100%| O|  |TAMS 0x00000000e1500000, 0x00000000e1400000| Untracked 
|  21|0x00000000e1500000, 0x00000000e1600000, 0x00000000e1600000|100%| O|  |TAMS 0x00000000e1600000, 0x00000000e1500000| Untracked 
|  22|0x00000000e1600000, 0x00000000e1700000, 0x00000000e1700000|100%| O|  |TAMS 0x00000000e1700000, 0x00000000e1600000| Untracked 
|  23|0x00000000e1700000, 0x00000000e1800000, 0x00000000e1800000|100%| O|  |TAMS 0x00000000e1800000, 0x00000000e1700000| Untracked 
|  24|0x00000000e1800000, 0x00000000e1900000, 0x00000000e1900000|100%| O|  |TAMS 0x00000000e1900000, 0x00000000e1800000| Untracked 
|  25|0x00000000e1900000, 0x00000000e1a00000, 0x00000000e1a00000|100%| O|  |TAMS 0x00000000e1a00000, 0x00000000e1900000| Untracked 
|  26|0x00000000e1a00000, 0x00000000e1b00000, 0x00000000e1b00000|100%| O|  |TAMS 0x00000000e1b00000, 0x00000000e1a00000| Untracked 
|  27|0x00000000e1b00000, 0x00000000e1c00000, 0x00000000e1c00000|100%| O|  |TAMS 0x00000000e1c00000, 0x00000000e1b00000| Untracked 
|  28|0x00000000e1c00000, 0x00000000e1d00000, 0x00000000e1d00000|100%|HS|  |TAMS 0x00000000e1d00000, 0x00000000e1c00000| Complete 
|  29|0x00000000e1d00000, 0x00000000e1e00000, 0x00000000e1e00000|100%|HC|  |TAMS 0x00000000e1e00000, 0x00000000e1d00000| Complete 
|  30|0x00000000e1e00000, 0x00000000e1f00000, 0x00000000e1f00000|100%|HC|  |TAMS 0x00000000e1f00000, 0x00000000e1e00000| Complete 
|  31|0x00000000e1f00000, 0x00000000e2000000, 0x00000000e2000000|100%|HC|  |TAMS 0x00000000e2000000, 0x00000000e1f00000| Complete 
|  32|0x00000000e2000000, 0x00000000e2100000, 0x00000000e2100000|100%| O|  |TAMS 0x00000000e2100000, 0x00000000e2000000| Untracked 
|  33|0x00000000e2100000, 0x00000000e2200000, 0x00000000e2200000|100%| O|  |TAMS 0x00000000e2200000, 0x00000000e2100000| Untracked 
|  34|0x00000000e2200000, 0x00000000e2300000, 0x00000000e2300000|100%| O|  |TAMS 0x00000000e2300000, 0x00000000e2200000| Untracked 
|  35|0x00000000e2300000, 0x00000000e2400000, 0x00000000e2400000|100%| O|  |TAMS 0x00000000e2400000, 0x00000000e2300000| Untracked 
|  36|0x00000000e2400000, 0x00000000e2500000, 0x00000000e2500000|100%| O|  |TAMS 0x00000000e2500000, 0x00000000e2400000| Untracked 
|  37|0x00000000e2500000, 0x00000000e2600000, 0x00000000e2600000|100%| O|  |TAMS 0x00000000e2600000, 0x00000000e2500000| Untracked 
|  38|0x00000000e2600000, 0x00000000e2700000, 0x00000000e2700000|100%| O|  |TAMS 0x00000000e2700000, 0x00000000e2600000| Untracked 
|  39|0x00000000e2700000, 0x00000000e2800000, 0x00000000e2800000|100%| O|  |TAMS 0x00000000e2800000, 0x00000000e2700000| Untracked 
|  40|0x00000000e2800000, 0x00000000e2900000, 0x00000000e2900000|100%| O|  |TAMS 0x00000000e2900000, 0x00000000e2800000| Untracked 
|  41|0x00000000e2900000, 0x00000000e2a00000, 0x00000000e2a00000|100%| O|  |TAMS 0x00000000e2a00000, 0x00000000e2900000| Untracked 
|  42|0x00000000e2a00000, 0x00000000e2b00000, 0x00000000e2b00000|100%| O|  |TAMS 0x00000000e2b00000, 0x00000000e2a00000| Untracked 
|  43|0x00000000e2b00000, 0x00000000e2c00000, 0x00000000e2c00000|100%| O|  |TAMS 0x00000000e2c00000, 0x00000000e2b00000| Untracked 
|  44|0x00000000e2c00000, 0x00000000e2d00000, 0x00000000e2d00000|100%| O|  |TAMS 0x00000000e2d00000, 0x00000000e2c00000| Untracked 
|  45|0x00000000e2d00000, 0x00000000e2e00000, 0x00000000e2e00000|100%| O|  |TAMS 0x00000000e2e00000, 0x00000000e2d00000| Untracked 
|  46|0x00000000e2e00000, 0x00000000e2f00000, 0x00000000e2f00000|100%| O|  |TAMS 0x00000000e2f00000, 0x00000000e2e00000| Untracked 
|  47|0x00000000e2f00000, 0x00000000e3000000, 0x00000000e3000000|100%| O|  |TAMS 0x00000000e3000000, 0x00000000e2f00000| Untracked 
|  48|0x00000000e3000000, 0x00000000e3100000, 0x00000000e3100000|100%| O|  |TAMS 0x00000000e30cae00, 0x00000000e3000000| Untracked 
|  49|0x00000000e3100000, 0x00000000e3200000, 0x00000000e3200000|100%| O|  |TAMS 0x00000000e3100000, 0x00000000e3100000| Untracked 
|  50|0x00000000e3200000, 0x00000000e3300000, 0x00000000e3300000|100%| O|  |TAMS 0x00000000e3200000, 0x00000000e3200000| Untracked 
|  51|0x00000000e3300000, 0x00000000e3400000, 0x00000000e3400000|100%| O|  |TAMS 0x00000000e3300000, 0x00000000e3300000| Untracked 
|  52|0x00000000e3400000, 0x00000000e3500000, 0x00000000e3500000|100%| O|  |TAMS 0x00000000e3400000, 0x00000000e3400000| Untracked 
|  53|0x00000000e3500000, 0x00000000e3600000, 0x00000000e3600000|100%| O|  |TAMS 0x00000000e3500000, 0x00000000e3500000| Untracked 
|  54|0x00000000e3600000, 0x00000000e3700000, 0x00000000e3700000|100%| O|  |TAMS 0x00000000e3600000, 0x00000000e3600000| Untracked 
|  55|0x00000000e3700000, 0x00000000e3800000, 0x00000000e3800000|100%| O|  |TAMS 0x00000000e3700000, 0x00000000e3700000| Untracked 
|  56|0x00000000e3800000, 0x00000000e3900000, 0x00000000e3900000|100%| O|  |TAMS 0x00000000e3800000, 0x00000000e3800000| Untracked 
|  57|0x00000000e3900000, 0x00000000e39f5c00, 0x00000000e3a00000| 95%| O|  |TAMS 0x00000000e3900000, 0x00000000e3900000| Untracked 
|  58|0x00000000e3a00000, 0x00000000e3a00000, 0x00000000e3b00000|  0%| F|  |TAMS 0x00000000e3a00000, 0x00000000e3a00000| Untracked 
|  59|0x00000000e3b00000, 0x00000000e3b00000, 0x00000000e3c00000|  0%| F|  |TAMS 0x00000000e3b00000, 0x00000000e3b00000| Untracked 
|  60|0x00000000e3c00000, 0x00000000e3c00000, 0x00000000e3d00000|  0%| F|  |TAMS 0x00000000e3c00000, 0x00000000e3c00000| Untracked 
|  61|0x00000000e3d00000, 0x00000000e3d00000, 0x00000000e3e00000|  0%| F|  |TAMS 0x00000000e3d00000, 0x00000000e3d00000| Untracked 
|  62|0x00000000e3e00000, 0x00000000e3e00000, 0x00000000e3f00000|  0%| F|  |TAMS 0x00000000e3e00000, 0x00000000e3e00000| Untracked 
|  63|0x00000000e3f00000, 0x00000000e3f00000, 0x00000000e4000000|  0%| F|  |TAMS 0x00000000e3f00000, 0x00000000e3f00000| Untracked 
|  64|0x00000000e4000000, 0x00000000e4000000, 0x00000000e4100000|  0%| F|  |TAMS 0x00000000e4000000, 0x00000000e4000000| Untracked 
|  65|0x00000000e4100000, 0x00000000e4100000, 0x00000000e4200000|  0%| F|  |TAMS 0x00000000e4100000, 0x00000000e4100000| Untracked 
|  66|0x00000000e4200000, 0x00000000e4200000, 0x00000000e4300000|  0%| F|  |TAMS 0x00000000e4200000, 0x00000000e4200000| Untracked 
|  67|0x00000000e4300000, 0x00000000e4300000, 0x00000000e4400000|  0%| F|  |TAMS 0x00000000e4300000, 0x00000000e4300000| Untracked 
|  68|0x00000000e4400000, 0x00000000e4400000, 0x00000000e4500000|  0%| F|  |TAMS 0x00000000e4400000, 0x00000000e4400000| Untracked 
|  69|0x00000000e4500000, 0x00000000e4500000, 0x00000000e4600000|  0%| F|  |TAMS 0x00000000e4500000, 0x00000000e4500000| Untracked 
|  70|0x00000000e4600000, 0x00000000e4600000, 0x00000000e4700000|  0%| F|  |TAMS 0x00000000e4600000, 0x00000000e4600000| Untracked 
|  71|0x00000000e4700000, 0x00000000e4700000, 0x00000000e4800000|  0%| F|  |TAMS 0x00000000e4700000, 0x00000000e4700000| Untracked 
|  72|0x00000000e4800000, 0x00000000e4800000, 0x00000000e4900000|  0%| F|  |TAMS 0x00000000e4800000, 0x00000000e4800000| Untracked 
|  73|0x00000000e4900000, 0x00000000e4900000, 0x00000000e4a00000|  0%| F|  |TAMS 0x00000000e4900000, 0x00000000e4900000| Untracked 
|  74|0x00000000e4a00000, 0x00000000e4a00000, 0x00000000e4b00000|  0%| F|  |TAMS 0x00000000e4a00000, 0x00000000e4a00000| Untracked 
|  75|0x00000000e4b00000, 0x00000000e4b00000, 0x00000000e4c00000|  0%| F|  |TAMS 0x00000000e4b00000, 0x00000000e4b00000| Untracked 
|  76|0x00000000e4c00000, 0x00000000e4c00000, 0x00000000e4d00000|  0%| F|  |TAMS 0x00000000e4c00000, 0x00000000e4c00000| Untracked 
|  77|0x00000000e4d00000, 0x00000000e4d00000, 0x00000000e4e00000|  0%| F|  |TAMS 0x00000000e4d00000, 0x00000000e4d00000| Untracked 
|  78|0x00000000e4e00000, 0x00000000e4e00000, 0x00000000e4f00000|  0%| F|  |TAMS 0x00000000e4e00000, 0x00000000e4e00000| Untracked 
|  79|0x00000000e4f00000, 0x00000000e4f00000, 0x00000000e5000000|  0%| F|  |TAMS 0x00000000e4f00000, 0x00000000e4f00000| Untracked 
|  80|0x00000000e5000000, 0x00000000e5000000, 0x00000000e5100000|  0%| F|  |TAMS 0x00000000e5000000, 0x00000000e5000000| Untracked 
|  81|0x00000000e5100000, 0x00000000e5100000, 0x00000000e5200000|  0%| F|  |TAMS 0x00000000e5100000, 0x00000000e5100000| Untracked 
|  82|0x00000000e5200000, 0x00000000e5200000, 0x00000000e5300000|  0%| F|  |TAMS 0x00000000e5200000, 0x00000000e5200000| Untracked 
|  83|0x00000000e5300000, 0x00000000e5300000, 0x00000000e5400000|  0%| F|  |TAMS 0x00000000e5300000, 0x00000000e5300000| Untracked 
|  84|0x00000000e5400000, 0x00000000e5400000, 0x00000000e5500000|  0%| F|  |TAMS 0x00000000e5400000, 0x00000000e5400000| Untracked 
|  85|0x00000000e5500000, 0x00000000e5500000, 0x00000000e5600000|  0%| F|  |TAMS 0x00000000e5500000, 0x00000000e5500000| Untracked 
|  86|0x00000000e5600000, 0x00000000e5600000, 0x00000000e5700000|  0%| F|  |TAMS 0x00000000e5600000, 0x00000000e5600000| Untracked 
|  87|0x00000000e5700000, 0x00000000e5700000, 0x00000000e5800000|  0%| F|  |TAMS 0x00000000e5700000, 0x00000000e5700000| Untracked 
|  88|0x00000000e5800000, 0x00000000e5800000, 0x00000000e5900000|  0%| F|  |TAMS 0x00000000e5800000, 0x00000000e5800000| Untracked 
|  89|0x00000000e5900000, 0x00000000e5900000, 0x00000000e5a00000|  0%| F|  |TAMS 0x00000000e5900000, 0x00000000e5900000| Untracked 
|  90|0x00000000e5a00000, 0x00000000e5a00000, 0x00000000e5b00000|  0%| F|  |TAMS 0x00000000e5a00000, 0x00000000e5a00000| Untracked 
|  91|0x00000000e5b00000, 0x00000000e5b86470, 0x00000000e5c00000| 52%| S|CS|TAMS 0x00000000e5b00000, 0x00000000e5b00000| Complete 
|  92|0x00000000e5c00000, 0x00000000e5d00000, 0x00000000e5d00000|100%| S|CS|TAMS 0x00000000e5c00000, 0x00000000e5c00000| Complete 
|  93|0x00000000e5d00000, 0x00000000e5e00000, 0x00000000e5e00000|100%| S|CS|TAMS 0x00000000e5d00000, 0x00000000e5d00000| Complete 
|  94|0x00000000e5e00000, 0x00000000e5f00000, 0x00000000e5f00000|100%| S|CS|TAMS 0x00000000e5e00000, 0x00000000e5e00000| Complete 
|  95|0x00000000e5f00000, 0x00000000e6000000, 0x00000000e6000000|100%| S|CS|TAMS 0x00000000e5f00000, 0x00000000e5f00000| Complete 
|  96|0x00000000e6000000, 0x00000000e6100000, 0x00000000e6100000|100%| S|CS|TAMS 0x00000000e6000000, 0x00000000e6000000| Complete 
|  97|0x00000000e6100000, 0x00000000e6200000, 0x00000000e6200000|100%| S|CS|TAMS 0x00000000e6100000, 0x00000000e6100000| Complete 
|  98|0x00000000e6200000, 0x00000000e6300000, 0x00000000e6300000|100%| S|CS|TAMS 0x00000000e6200000, 0x00000000e6200000| Complete 
|  99|0x00000000e6300000, 0x00000000e6400000, 0x00000000e6400000|100%| S|CS|TAMS 0x00000000e6300000, 0x00000000e6300000| Complete 
| 100|0x00000000e6400000, 0x00000000e6500000, 0x00000000e6500000|100%| S|CS|TAMS 0x00000000e6400000, 0x00000000e6400000| Complete 
| 101|0x00000000e6500000, 0x00000000e6600000, 0x00000000e6600000|100%| S|CS|TAMS 0x00000000e6500000, 0x00000000e6500000| Complete 
| 102|0x00000000e6600000, 0x00000000e6700000, 0x00000000e6700000|100%| S|CS|TAMS 0x00000000e6600000, 0x00000000e6600000| Complete 
| 103|0x00000000e6700000, 0x00000000e6800000, 0x00000000e6800000|100%| S|CS|TAMS 0x00000000e6700000, 0x00000000e6700000| Complete 
| 104|0x00000000e6800000, 0x00000000e6900000, 0x00000000e6900000|100%| S|CS|TAMS 0x00000000e6800000, 0x00000000e6800000| Complete 
| 105|0x00000000e6900000, 0x00000000e6a00000, 0x00000000e6a00000|100%| S|CS|TAMS 0x00000000e6900000, 0x00000000e6900000| Complete 
| 106|0x00000000e6a00000, 0x00000000e6a00000, 0x00000000e6b00000|  0%| F|  |TAMS 0x00000000e6a00000, 0x00000000e6a00000| Untracked 
| 107|0x00000000e6b00000, 0x00000000e6b00000, 0x00000000e6c00000|  0%| F|  |TAMS 0x00000000e6b00000, 0x00000000e6b00000| Untracked 
| 108|0x00000000e6c00000, 0x00000000e6c00000, 0x00000000e6d00000|  0%| F|  |TAMS 0x00000000e6c00000, 0x00000000e6c00000| Untracked 
| 109|0x00000000e6d00000, 0x00000000e6d00000, 0x00000000e6e00000|  0%| F|  |TAMS 0x00000000e6d00000, 0x00000000e6d00000| Untracked 
| 110|0x00000000e6e00000, 0x00000000e6e00000, 0x00000000e6f00000|  0%| F|  |TAMS 0x00000000e6e00000, 0x00000000e6e00000| Untracked 
| 111|0x00000000e6f00000, 0x00000000e6f00000, 0x00000000e7000000|  0%| F|  |TAMS 0x00000000e6f00000, 0x00000000e6f00000| Untracked 
| 112|0x00000000e7000000, 0x00000000e7000000, 0x00000000e7100000|  0%| F|  |TAMS 0x00000000e7000000, 0x00000000e7000000| Untracked 
| 113|0x00000000e7100000, 0x00000000e7100000, 0x00000000e7200000|  0%| F|  |TAMS 0x00000000e7100000, 0x00000000e7100000| Untracked 
| 114|0x00000000e7200000, 0x00000000e7200000, 0x00000000e7300000|  0%| F|  |TAMS 0x00000000e7200000, 0x00000000e7200000| Untracked 
| 115|0x00000000e7300000, 0x00000000e7300000, 0x00000000e7400000|  0%| F|  |TAMS 0x00000000e7300000, 0x00000000e7300000| Untracked 
| 116|0x00000000e7400000, 0x00000000e7400000, 0x00000000e7500000|  0%| F|  |TAMS 0x00000000e7400000, 0x00000000e7400000| Untracked 
| 117|0x00000000e7500000, 0x00000000e7500000, 0x00000000e7600000|  0%| F|  |TAMS 0x00000000e7500000, 0x00000000e7500000| Untracked 
| 118|0x00000000e7600000, 0x00000000e7600000, 0x00000000e7700000|  0%| F|  |TAMS 0x00000000e7600000, 0x00000000e7600000| Untracked 
| 119|0x00000000e7700000, 0x00000000e7700000, 0x00000000e7800000|  0%| F|  |TAMS 0x00000000e7700000, 0x00000000e7700000| Untracked 
| 120|0x00000000e7800000, 0x00000000e7800000, 0x00000000e7900000|  0%| F|  |TAMS 0x00000000e7800000, 0x00000000e7800000| Untracked 
| 121|0x00000000e7900000, 0x00000000e7900000, 0x00000000e7a00000|  0%| F|  |TAMS 0x00000000e7900000, 0x00000000e7900000| Untracked 
| 122|0x00000000e7a00000, 0x00000000e7a00000, 0x00000000e7b00000|  0%| F|  |TAMS 0x00000000e7a00000, 0x00000000e7a00000| Untracked 
| 123|0x00000000e7b00000, 0x00000000e7b00000, 0x00000000e7c00000|  0%| F|  |TAMS 0x00000000e7b00000, 0x00000000e7b00000| Untracked 
| 124|0x00000000e7c00000, 0x00000000e7c00000, 0x00000000e7d00000|  0%| F|  |TAMS 0x00000000e7c00000, 0x00000000e7c00000| Untracked 
| 125|0x00000000e7d00000, 0x00000000e7d00000, 0x00000000e7e00000|  0%| F|  |TAMS 0x00000000e7d00000, 0x00000000e7d00000| Untracked 
| 126|0x00000000e7e00000, 0x00000000e7e00000, 0x00000000e7f00000|  0%| F|  |TAMS 0x00000000e7e00000, 0x00000000e7e00000| Untracked 
| 127|0x00000000e7f00000, 0x00000000e7f00000, 0x00000000e8000000|  0%| F|  |TAMS 0x00000000e7f00000, 0x00000000e7f00000| Untracked 
| 128|0x00000000e8000000, 0x00000000e8000000, 0x00000000e8100000|  0%| F|  |TAMS 0x00000000e8000000, 0x00000000e8000000| Untracked 
| 129|0x00000000e8100000, 0x00000000e8100000, 0x00000000e8200000|  0%| F|  |TAMS 0x00000000e8100000, 0x00000000e8100000| Untracked 
| 130|0x00000000e8200000, 0x00000000e8200000, 0x00000000e8300000|  0%| F|  |TAMS 0x00000000e8200000, 0x00000000e8200000| Untracked 
| 131|0x00000000e8300000, 0x00000000e8300000, 0x00000000e8400000|  0%| F|  |TAMS 0x00000000e8300000, 0x00000000e8300000| Untracked 
| 132|0x00000000e8400000, 0x00000000e8400000, 0x00000000e8500000|  0%| F|  |TAMS 0x00000000e8400000, 0x00000000e8400000| Untracked 
| 133|0x00000000e8500000, 0x00000000e8500000, 0x00000000e8600000|  0%| F|  |TAMS 0x00000000e8500000, 0x00000000e8500000| Untracked 
| 134|0x00000000e8600000, 0x00000000e8600000, 0x00000000e8700000|  0%| F|  |TAMS 0x00000000e8600000, 0x00000000e8600000| Untracked 
| 135|0x00000000e8700000, 0x00000000e8700000, 0x00000000e8800000|  0%| F|  |TAMS 0x00000000e8700000, 0x00000000e8700000| Untracked 
| 136|0x00000000e8800000, 0x00000000e8800000, 0x00000000e8900000|  0%| F|  |TAMS 0x00000000e8800000, 0x00000000e8800000| Untracked 
| 137|0x00000000e8900000, 0x00000000e8900000, 0x00000000e8a00000|  0%| F|  |TAMS 0x00000000e8900000, 0x00000000e8900000| Untracked 
| 138|0x00000000e8a00000, 0x00000000e8a00000, 0x00000000e8b00000|  0%| F|  |TAMS 0x00000000e8a00000, 0x00000000e8a00000| Untracked 
| 139|0x00000000e8b00000, 0x00000000e8b00000, 0x00000000e8c00000|  0%| F|  |TAMS 0x00000000e8b00000, 0x00000000e8b00000| Untracked 
| 140|0x00000000e8c00000, 0x00000000e8c00000, 0x00000000e8d00000|  0%| F|  |TAMS 0x00000000e8c00000, 0x00000000e8c00000| Untracked 
| 141|0x00000000e8d00000, 0x00000000e8d00000, 0x00000000e8e00000|  0%| F|  |TAMS 0x00000000e8d00000, 0x00000000e8d00000| Untracked 
| 142|0x00000000e8e00000, 0x00000000e8e00000, 0x00000000e8f00000|  0%| F|  |TAMS 0x00000000e8e00000, 0x00000000e8e00000| Untracked 
| 143|0x00000000e8f00000, 0x00000000e8f00000, 0x00000000e9000000|  0%| F|  |TAMS 0x00000000e8f00000, 0x00000000e8f00000| Untracked 
| 144|0x00000000e9000000, 0x00000000e9000000, 0x00000000e9100000|  0%| F|  |TAMS 0x00000000e9000000, 0x00000000e9000000| Untracked 
| 145|0x00000000e9100000, 0x00000000e9100000, 0x00000000e9200000|  0%| F|  |TAMS 0x00000000e9100000, 0x00000000e9100000| Untracked 
| 146|0x00000000e9200000, 0x00000000e9200000, 0x00000000e9300000|  0%| F|  |TAMS 0x00000000e9200000, 0x00000000e9200000| Untracked 
| 147|0x00000000e9300000, 0x00000000e9300000, 0x00000000e9400000|  0%| F|  |TAMS 0x00000000e9300000, 0x00000000e9300000| Untracked 
| 148|0x00000000e9400000, 0x00000000e9400000, 0x00000000e9500000|  0%| F|  |TAMS 0x00000000e9400000, 0x00000000e9400000| Untracked 
| 149|0x00000000e9500000, 0x00000000e9500000, 0x00000000e9600000|  0%| F|  |TAMS 0x00000000e9500000, 0x00000000e9500000| Untracked 
| 150|0x00000000e9600000, 0x00000000e9600000, 0x00000000e9700000|  0%| F|  |TAMS 0x00000000e9600000, 0x00000000e9600000| Untracked 
| 151|0x00000000e9700000, 0x00000000e9700000, 0x00000000e9800000|  0%| F|  |TAMS 0x00000000e9700000, 0x00000000e9700000| Untracked 
| 152|0x00000000e9800000, 0x00000000e9836660, 0x00000000e9900000| 21%| E|  |TAMS 0x00000000e9800000, 0x00000000e9800000| Complete 
| 153|0x00000000e9900000, 0x00000000e9a00000, 0x00000000e9a00000|100%| E|CS|TAMS 0x00000000e9900000, 0x00000000e9900000| Complete 
| 154|0x00000000e9a00000, 0x00000000e9b00000, 0x00000000e9b00000|100%| E|CS|TAMS 0x00000000e9a00000, 0x00000000e9a00000| Complete 
| 155|0x00000000e9b00000, 0x00000000e9c00000, 0x00000000e9c00000|100%| E|CS|TAMS 0x00000000e9b00000, 0x00000000e9b00000| Complete 
| 156|0x00000000e9c00000, 0x00000000e9d00000, 0x00000000e9d00000|100%| E|CS|TAMS 0x00000000e9c00000, 0x00000000e9c00000| Complete 
| 157|0x00000000e9d00000, 0x00000000e9e00000, 0x00000000e9e00000|100%| E|CS|TAMS 0x00000000e9d00000, 0x00000000e9d00000| Complete 
| 158|0x00000000e9e00000, 0x00000000e9f00000, 0x00000000e9f00000|100%| E|CS|TAMS 0x00000000e9e00000, 0x00000000e9e00000| Complete 
| 159|0x00000000e9f00000, 0x00000000ea000000, 0x00000000ea000000|100%| E|CS|TAMS 0x00000000e9f00000, 0x00000000e9f00000| Complete 
| 160|0x00000000ea000000, 0x00000000ea100000, 0x00000000ea100000|100%| E|CS|TAMS 0x00000000ea000000, 0x00000000ea000000| Complete 
| 161|0x00000000ea100000, 0x00000000ea200000, 0x00000000ea200000|100%| E|CS|TAMS 0x00000000ea100000, 0x00000000ea100000| Complete 
| 162|0x00000000ea200000, 0x00000000ea300000, 0x00000000ea300000|100%| E|CS|TAMS 0x00000000ea200000, 0x00000000ea200000| Complete 
| 163|0x00000000ea300000, 0x00000000ea400000, 0x00000000ea400000|100%| E|CS|TAMS 0x00000000ea300000, 0x00000000ea300000| Complete 
| 164|0x00000000ea400000, 0x00000000ea500000, 0x00000000ea500000|100%| E|CS|TAMS 0x00000000ea400000, 0x00000000ea400000| Complete 
| 165|0x00000000ea500000, 0x00000000ea600000, 0x00000000ea600000|100%| E|CS|TAMS 0x00000000ea500000, 0x00000000ea500000| Complete 
| 166|0x00000000ea600000, 0x00000000ea700000, 0x00000000ea700000|100%| E|CS|TAMS 0x00000000ea600000, 0x00000000ea600000| Complete 
| 167|0x00000000ea700000, 0x00000000ea800000, 0x00000000ea800000|100%| E|CS|TAMS 0x00000000ea700000, 0x00000000ea700000| Complete 
| 168|0x00000000ea800000, 0x00000000ea900000, 0x00000000ea900000|100%| E|CS|TAMS 0x00000000ea800000, 0x00000000ea800000| Complete 
| 169|0x00000000ea900000, 0x00000000eaa00000, 0x00000000eaa00000|100%| E|CS|TAMS 0x00000000ea900000, 0x00000000ea900000| Complete 
| 170|0x00000000eaa00000, 0x00000000eab00000, 0x00000000eab00000|100%| E|CS|TAMS 0x00000000eaa00000, 0x00000000eaa00000| Complete 
| 171|0x00000000eab00000, 0x00000000eac00000, 0x00000000eac00000|100%| E|CS|TAMS 0x00000000eab00000, 0x00000000eab00000| Complete 
| 172|0x00000000eac00000, 0x00000000ead00000, 0x00000000ead00000|100%| E|CS|TAMS 0x00000000eac00000, 0x00000000eac00000| Complete 
| 173|0x00000000ead00000, 0x00000000eae00000, 0x00000000eae00000|100%| E|CS|TAMS 0x00000000ead00000, 0x00000000ead00000| Complete 
| 174|0x00000000eae00000, 0x00000000eaf00000, 0x00000000eaf00000|100%| E|CS|TAMS 0x00000000eae00000, 0x00000000eae00000| Complete 
| 175|0x00000000eaf00000, 0x00000000eb000000, 0x00000000eb000000|100%| E|CS|TAMS 0x00000000eaf00000, 0x00000000eaf00000| Complete 
| 176|0x00000000eb000000, 0x00000000eb100000, 0x00000000eb100000|100%| E|CS|TAMS 0x00000000eb000000, 0x00000000eb000000| Complete 
| 177|0x00000000eb100000, 0x00000000eb200000, 0x00000000eb200000|100%| E|CS|TAMS 0x00000000eb100000, 0x00000000eb100000| Complete 
| 178|0x00000000eb200000, 0x00000000eb300000, 0x00000000eb300000|100%| E|CS|TAMS 0x00000000eb200000, 0x00000000eb200000| Complete 
| 179|0x00000000eb300000, 0x00000000eb400000, 0x00000000eb400000|100%| E|CS|TAMS 0x00000000eb300000, 0x00000000eb300000| Complete 
| 180|0x00000000eb400000, 0x00000000eb500000, 0x00000000eb500000|100%| E|CS|TAMS 0x00000000eb400000, 0x00000000eb400000| Complete 
| 181|0x00000000eb500000, 0x00000000eb600000, 0x00000000eb600000|100%| E|CS|TAMS 0x00000000eb500000, 0x00000000eb500000| Complete 
| 182|0x00000000eb600000, 0x00000000eb700000, 0x00000000eb700000|100%| E|CS|TAMS 0x00000000eb600000, 0x00000000eb600000| Complete 
| 183|0x00000000eb700000, 0x00000000eb800000, 0x00000000eb800000|100%| E|CS|TAMS 0x00000000eb700000, 0x00000000eb700000| Complete 
| 184|0x00000000eb800000, 0x00000000eb900000, 0x00000000eb900000|100%| E|CS|TAMS 0x00000000eb800000, 0x00000000eb800000| Complete 
| 185|0x00000000eb900000, 0x00000000eba00000, 0x00000000eba00000|100%| E|CS|TAMS 0x00000000eb900000, 0x00000000eb900000| Complete 
| 186|0x00000000eba00000, 0x00000000ebb00000, 0x00000000ebb00000|100%| E|CS|TAMS 0x00000000eba00000, 0x00000000eba00000| Complete 
| 187|0x00000000ebb00000, 0x00000000ebc00000, 0x00000000ebc00000|100%| E|CS|TAMS 0x00000000ebb00000, 0x00000000ebb00000| Complete 
| 188|0x00000000ebc00000, 0x00000000ebd00000, 0x00000000ebd00000|100%| E|CS|TAMS 0x00000000ebc00000, 0x00000000ebc00000| Complete 
| 189|0x00000000ebd00000, 0x00000000ebe00000, 0x00000000ebe00000|100%| E|CS|TAMS 0x00000000ebd00000, 0x00000000ebd00000| Complete 
| 190|0x00000000ebe00000, 0x00000000ebf00000, 0x00000000ebf00000|100%| E|CS|TAMS 0x00000000ebe00000, 0x00000000ebe00000| Complete 
| 191|0x00000000ebf00000, 0x00000000ec000000, 0x00000000ec000000|100%| E|CS|TAMS 0x00000000ebf00000, 0x00000000ebf00000| Complete 
| 192|0x00000000ec000000, 0x00000000ec100000, 0x00000000ec100000|100%| E|CS|TAMS 0x00000000ec000000, 0x00000000ec000000| Complete 
| 193|0x00000000ec100000, 0x00000000ec200000, 0x00000000ec200000|100%| E|CS|TAMS 0x00000000ec100000, 0x00000000ec100000| Complete 
| 194|0x00000000ec200000, 0x00000000ec300000, 0x00000000ec300000|100%| E|CS|TAMS 0x00000000ec200000, 0x00000000ec200000| Complete 
| 195|0x00000000ec300000, 0x00000000ec400000, 0x00000000ec400000|100%| E|CS|TAMS 0x00000000ec300000, 0x00000000ec300000| Complete 
| 196|0x00000000ec400000, 0x00000000ec500000, 0x00000000ec500000|100%| E|CS|TAMS 0x00000000ec400000, 0x00000000ec400000| Complete 
| 197|0x00000000ec500000, 0x00000000ec600000, 0x00000000ec600000|100%| E|CS|TAMS 0x00000000ec500000, 0x00000000ec500000| Complete 
| 198|0x00000000ec600000, 0x00000000ec700000, 0x00000000ec700000|100%| E|CS|TAMS 0x00000000ec600000, 0x00000000ec600000| Complete 
| 199|0x00000000ec700000, 0x00000000ec800000, 0x00000000ec800000|100%| E|CS|TAMS 0x00000000ec700000, 0x00000000ec700000| Complete 
| 200|0x00000000ec800000, 0x00000000ec900000, 0x00000000ec900000|100%| E|CS|TAMS 0x00000000ec800000, 0x00000000ec800000| Complete 
| 201|0x00000000ec900000, 0x00000000eca00000, 0x00000000eca00000|100%| E|CS|TAMS 0x00000000ec900000, 0x00000000ec900000| Complete 
| 202|0x00000000eca00000, 0x00000000ecb00000, 0x00000000ecb00000|100%| E|CS|TAMS 0x00000000eca00000, 0x00000000eca00000| Complete 
| 203|0x00000000ecb00000, 0x00000000ecc00000, 0x00000000ecc00000|100%| E|CS|TAMS 0x00000000ecb00000, 0x00000000ecb00000| Complete 
| 204|0x00000000ecc00000, 0x00000000ecd00000, 0x00000000ecd00000|100%| E|CS|TAMS 0x00000000ecc00000, 0x00000000ecc00000| Complete 
| 205|0x00000000ecd00000, 0x00000000ece00000, 0x00000000ece00000|100%| E|CS|TAMS 0x00000000ecd00000, 0x00000000ecd00000| Complete 
| 206|0x00000000ece00000, 0x00000000ecf00000, 0x00000000ecf00000|100%| E|CS|TAMS 0x00000000ece00000, 0x00000000ece00000| Complete 
| 207|0x00000000ecf00000, 0x00000000ed000000, 0x00000000ed000000|100%| E|CS|TAMS 0x00000000ecf00000, 0x00000000ecf00000| Complete 
| 208|0x00000000ed000000, 0x00000000ed100000, 0x00000000ed100000|100%| E|CS|TAMS 0x00000000ed000000, 0x00000000ed000000| Complete 
| 209|0x00000000ed100000, 0x00000000ed200000, 0x00000000ed200000|100%| E|CS|TAMS 0x00000000ed100000, 0x00000000ed100000| Complete 
| 210|0x00000000ed200000, 0x00000000ed300000, 0x00000000ed300000|100%| E|CS|TAMS 0x00000000ed200000, 0x00000000ed200000| Complete 
| 211|0x00000000ed300000, 0x00000000ed400000, 0x00000000ed400000|100%| E|CS|TAMS 0x00000000ed300000, 0x00000000ed300000| Complete 
| 212|0x00000000ed400000, 0x00000000ed500000, 0x00000000ed500000|100%| E|CS|TAMS 0x00000000ed400000, 0x00000000ed400000| Complete 
| 213|0x00000000ed500000, 0x00000000ed600000, 0x00000000ed600000|100%| E|CS|TAMS 0x00000000ed500000, 0x00000000ed500000| Complete 
| 214|0x00000000ed600000, 0x00000000ed700000, 0x00000000ed700000|100%| E|CS|TAMS 0x00000000ed600000, 0x00000000ed600000| Complete 
| 215|0x00000000ed700000, 0x00000000ed800000, 0x00000000ed800000|100%| E|CS|TAMS 0x00000000ed700000, 0x00000000ed700000| Complete 
| 216|0x00000000ed800000, 0x00000000ed900000, 0x00000000ed900000|100%| E|CS|TAMS 0x00000000ed800000, 0x00000000ed800000| Complete 
| 217|0x00000000ed900000, 0x00000000eda00000, 0x00000000eda00000|100%| E|CS|TAMS 0x00000000ed900000, 0x00000000ed900000| Complete 
| 218|0x00000000eda00000, 0x00000000edb00000, 0x00000000edb00000|100%| E|CS|TAMS 0x00000000eda00000, 0x00000000eda00000| Complete 
| 219|0x00000000edb00000, 0x00000000edc00000, 0x00000000edc00000|100%| E|CS|TAMS 0x00000000edb00000, 0x00000000edb00000| Complete 
| 220|0x00000000edc00000, 0x00000000edd00000, 0x00000000edd00000|100%| E|CS|TAMS 0x00000000edc00000, 0x00000000edc00000| Complete 
| 221|0x00000000edd00000, 0x00000000ede00000, 0x00000000ede00000|100%| E|CS|TAMS 0x00000000edd00000, 0x00000000edd00000| Complete 
| 222|0x00000000ede00000, 0x00000000edf00000, 0x00000000edf00000|100%| E|CS|TAMS 0x00000000ede00000, 0x00000000ede00000| Complete 
| 223|0x00000000edf00000, 0x00000000ee000000, 0x00000000ee000000|100%| E|CS|TAMS 0x00000000edf00000, 0x00000000edf00000| Complete 
| 224|0x00000000ee000000, 0x00000000ee100000, 0x00000000ee100000|100%| E|CS|TAMS 0x00000000ee000000, 0x00000000ee000000| Complete 
| 225|0x00000000ee100000, 0x00000000ee200000, 0x00000000ee200000|100%| E|CS|TAMS 0x00000000ee100000, 0x00000000ee100000| Complete 
| 226|0x00000000ee200000, 0x00000000ee300000, 0x00000000ee300000|100%| E|CS|TAMS 0x00000000ee200000, 0x00000000ee200000| Complete 
| 227|0x00000000ee300000, 0x00000000ee400000, 0x00000000ee400000|100%| E|CS|TAMS 0x00000000ee300000, 0x00000000ee300000| Complete 
| 228|0x00000000ee400000, 0x00000000ee500000, 0x00000000ee500000|100%| E|CS|TAMS 0x00000000ee400000, 0x00000000ee400000| Complete 
| 229|0x00000000ee500000, 0x00000000ee600000, 0x00000000ee600000|100%| E|CS|TAMS 0x00000000ee500000, 0x00000000ee500000| Complete 
| 230|0x00000000ee600000, 0x00000000ee700000, 0x00000000ee700000|100%| E|CS|TAMS 0x00000000ee600000, 0x00000000ee600000| Complete 
| 231|0x00000000ee700000, 0x00000000ee800000, 0x00000000ee800000|100%| E|CS|TAMS 0x00000000ee700000, 0x00000000ee700000| Complete 
| 232|0x00000000ee800000, 0x00000000ee900000, 0x00000000ee900000|100%| E|CS|TAMS 0x00000000ee800000, 0x00000000ee800000| Complete 
| 233|0x00000000ee900000, 0x00000000eea00000, 0x00000000eea00000|100%| E|CS|TAMS 0x00000000ee900000, 0x00000000ee900000| Complete 
| 234|0x00000000eea00000, 0x00000000eeb00000, 0x00000000eeb00000|100%| E|CS|TAMS 0x00000000eea00000, 0x00000000eea00000| Complete 
| 235|0x00000000eeb00000, 0x00000000eec00000, 0x00000000eec00000|100%| E|CS|TAMS 0x00000000eeb00000, 0x00000000eeb00000| Complete 
| 236|0x00000000eec00000, 0x00000000eed00000, 0x00000000eed00000|100%| E|CS|TAMS 0x00000000eec00000, 0x00000000eec00000| Complete 
| 237|0x00000000eed00000, 0x00000000eee00000, 0x00000000eee00000|100%| E|CS|TAMS 0x00000000eed00000, 0x00000000eed00000| Complete 
| 238|0x00000000eee00000, 0x00000000eef00000, 0x00000000eef00000|100%| E|CS|TAMS 0x00000000eee00000, 0x00000000eee00000| Complete 
| 239|0x00000000eef00000, 0x00000000ef000000, 0x00000000ef000000|100%| E|CS|TAMS 0x00000000eef00000, 0x00000000eef00000| Complete 
| 240|0x00000000ef000000, 0x00000000ef100000, 0x00000000ef100000|100%| E|CS|TAMS 0x00000000ef000000, 0x00000000ef000000| Complete 
| 241|0x00000000ef100000, 0x00000000ef200000, 0x00000000ef200000|100%| E|CS|TAMS 0x00000000ef100000, 0x00000000ef100000| Complete 
| 242|0x00000000ef200000, 0x00000000ef300000, 0x00000000ef300000|100%| E|CS|TAMS 0x00000000ef200000, 0x00000000ef200000| Complete 
| 243|0x00000000ef300000, 0x00000000ef400000, 0x00000000ef400000|100%| E|CS|TAMS 0x00000000ef300000, 0x00000000ef300000| Complete 
| 244|0x00000000ef400000, 0x00000000ef500000, 0x00000000ef500000|100%| E|CS|TAMS 0x00000000ef400000, 0x00000000ef400000| Complete 
| 245|0x00000000ef500000, 0x00000000ef600000, 0x00000000ef600000|100%| E|CS|TAMS 0x00000000ef500000, 0x00000000ef500000| Complete 
| 246|0x00000000ef600000, 0x00000000ef700000, 0x00000000ef700000|100%| E|CS|TAMS 0x00000000ef600000, 0x00000000ef600000| Complete 
| 247|0x00000000ef700000, 0x00000000ef800000, 0x00000000ef800000|100%| E|CS|TAMS 0x00000000ef700000, 0x00000000ef700000| Complete 
| 248|0x00000000ef800000, 0x00000000ef900000, 0x00000000ef900000|100%| E|CS|TAMS 0x00000000ef800000, 0x00000000ef800000| Complete 
| 249|0x00000000ef900000, 0x00000000efa00000, 0x00000000efa00000|100%| E|CS|TAMS 0x00000000ef900000, 0x00000000ef900000| Complete 
| 250|0x00000000efa00000, 0x00000000efb00000, 0x00000000efb00000|100%| E|CS|TAMS 0x00000000efa00000, 0x00000000efa00000| Complete 
| 251|0x00000000efb00000, 0x00000000efc00000, 0x00000000efc00000|100%| E|CS|TAMS 0x00000000efb00000, 0x00000000efb00000| Complete 
| 252|0x00000000efc00000, 0x00000000efd00000, 0x00000000efd00000|100%| E|CS|TAMS 0x00000000efc00000, 0x00000000efc00000| Complete 
| 253|0x00000000efd00000, 0x00000000efe00000, 0x00000000efe00000|100%| E|CS|TAMS 0x00000000efd00000, 0x00000000efd00000| Complete 
| 254|0x00000000efe00000, 0x00000000eff00000, 0x00000000eff00000|100%| E|CS|TAMS 0x00000000efe00000, 0x00000000efe00000| Complete 
| 255|0x00000000eff00000, 0x00000000f0000000, 0x00000000f0000000|100%| E|CS|TAMS 0x00000000eff00000, 0x00000000eff00000| Complete 

Card table byte_map: [0x00000239f2110000,0x00000239f2210000] _byte_map_base: 0x00000239f1a10000

Marking Bits (Prev, Next): (CMBitMap*) 0x00000239e82bfa30, (CMBitMap*) 0x00000239e82bf9f0
 Prev Bits: [0x00000239f2b10000, 0x00000239f3310000)
 Next Bits: [0x00000239f2310000, 0x00000239f2b10000)

Polling page: 0x00000239e8350000

Metaspace:

Usage:
  Non-class:     54.85 MB used.
      Class:      8.71 MB used.
       Both:     63.56 MB used.

Virtual space:
  Non-class space:       64.00 MB reserved,      55.12 MB ( 86%) committed,  1 nodes.
      Class space:      320.00 MB reserved,       9.00 MB (  3%) committed,  1 nodes.
             Both:      384.00 MB reserved,      64.12 MB ( 17%) committed. 

Chunk freelists:
   Non-Class:  8.69 MB
       Class:  6.91 MB
        Both:  15.60 MB

MaxMetaspaceSize: 384.00 MB
CompressedClassSpaceSize: 320.00 MB
Initial GC threshold: 21.00 MB
Current GC threshold: 98.69 MB
CDS: on
MetaspaceReclaimPolicy: balanced
 - commit_granule_bytes: 65536.
 - commit_granule_words: 8192.
 - virtual_space_node_default_size: 8388608.
 - enlarge_chunks_in_place: 1.
 - new_chunks_are_fully_committed: 0.
 - uncommit_free_chunks: 1.
 - use_allocation_guard: 0.
 - handle_deallocations: 1.


Internal statistics:

num_allocs_failed_limit: 9.
num_arena_births: 676.
num_arena_deaths: 0.
num_vsnodes_births: 2.
num_vsnodes_deaths: 0.
num_space_committed: 1026.
num_space_uncommitted: 0.
num_chunks_returned_to_freelist: 9.
num_chunks_taken_from_freelist: 3352.
num_chunk_merges: 9.
num_chunk_splits: 2219.
num_chunks_enlarged: 1465.
num_inconsistent_stats: 0.

CodeHeap 'non-profiled nmethods': size=120000Kb used=5730Kb max_used=5730Kb free=114269Kb
 bounds [0x0000023987ad0000, 0x0000023988070000, 0x000002398f000000]
CodeHeap 'profiled nmethods': size=120000Kb used=20129Kb max_used=20129Kb free=99870Kb
 bounds [0x0000023980000000, 0x00000239813b0000, 0x0000023987530000]
CodeHeap 'non-nmethods': size=5760Kb used=2359Kb max_used=2410Kb free=3400Kb
 bounds [0x0000023987530000, 0x00000239877a0000, 0x0000023987ad0000]
 total_blobs=10634 nmethods=9767 adapters=778
 compilation: enabled
              stopped_count=0, restarted_count=0
 full_count=0

Compilation events (20 events):
Event: 102.606 Thread 0x00000239f5d50840 nmethod 10542 0x0000023988063310 code [0x0000023988063480, 0x0000023988063538]
Event: 103.368 Thread 0x00000239f5d519a0 10543       1       java.util.concurrent.ThreadPoolExecutor::getQueue (5 bytes)
Event: 103.372 Thread 0x00000239f5d519a0 nmethod 10543 0x0000023988063610 code [0x00000239880637a0, 0x0000023988063878]
Event: 104.181 Thread 0x00000239f5d50840 10544   !   4       java.util.concurrent.LinkedBlockingQueue::poll (128 bytes)
Event: 104.617 Thread 0x00000239f5d50840 nmethod 10544 0x0000023988063910 code [0x0000023988063b40, 0x0000023988064fc0]
Event: 104.744 Thread 0x00000239f5d519a0 10545       1       org.gradle.internal.snapshot.AbstractListChildMap$1::getChildMap (5 bytes)
Event: 104.760 Thread 0x00000239f5d519a0 nmethod 10545 0x0000023988065b10 code [0x0000023988065ca0, 0x0000023988065d78]
Event: 104.760 Thread 0x00000239f5d519a0 10546       1       org.gradle.internal.snapshot.AbstractListChildMap::isEmpty (2 bytes)
Event: 104.765 Thread 0x00000239f5d519a0 nmethod 10546 0x0000023988065e10 code [0x0000023988065fa0, 0x0000023988066078]
Event: 104.888 Thread 0x00000239f5d519a0 10547       3       org.gradle.internal.io.StreamByteBuffer$StreamByteBufferChunk::write (32 bytes)
Event: 104.925 Thread 0x00000239f5d519a0 nmethod 10547 0x00000239813a4790 code [0x00000239813a4940, 0x00000239813a4af8]
Event: 105.352 Thread 0x00000239f5d519a0 10548       3       java.util.concurrent.ScheduledThreadPoolExecutor$DelayedWorkQueue::setIndex (16 bytes)
Event: 105.373 Thread 0x00000239f5d50840 10549       4       org.gradle.internal.snapshot.AbstractListChildMap$$Lambda$546/0x0000023990494df8::compareTo (16 bytes)
Event: 105.380 Thread 0x00000239f5d519a0 nmethod 10548 0x00000239813a4c10 code [0x00000239813a4dc0, 0x00000239813a50d8]
Event: 105.382 Thread 0x00000239f5d519a0 10550       3       org.gradle.internal.snapshot.VfsRelativePath::compareToFirstSegment (203 bytes)
Event: 105.468 Thread 0x00000239f5d519a0 nmethod 10550 0x00000239813a5190 code [0x00000239813a55e0, 0x00000239813a79d8]
Event: 105.918 Thread 0x00000239f5d50840 nmethod 10549 0x0000023988066110 code [0x0000023988066320, 0x0000023988066de8]
Event: 106.498 Thread 0x00000239f5d50840 10551  s    4       java.io.BufferedInputStream::read (113 bytes)
Event: 106.759 Thread 0x00000239f5d50840 nmethod 10551 0x0000023988067790 code [0x0000023988067940, 0x0000023988068478]
Event: 107.600 Thread 0x00000239f5d50840 10552       4       sun.instrument.InstrumentationImpl::transform (73 bytes)

GC Heap History (16 events):
Event: 2.175 GC heap before
{Heap before GC invocations=0 (full 0):
 garbage-first heap   total 262144K, used 26624K [0x00000000e0000000, 0x0000000100000000)
  region size 1024K, 23 young (23552K), 0 survivors (0K)
 Metaspace       used 3038K, committed 3136K, reserved 393216K
  class space    used 389K, committed 448K, reserved 327680K
}
Event: 2.195 GC heap after
{Heap after GC invocations=1 (full 0):
 garbage-first heap   total 262144K, used 10669K [0x00000000e0000000, 0x0000000100000000)
  region size 1024K, 3 young (3072K), 3 survivors (3072K)
 Metaspace       used 3038K, committed 3136K, reserved 393216K
  class space    used 389K, committed 448K, reserved 327680K
}
Event: 3.383 GC heap before
{Heap before GC invocations=1 (full 0):
 garbage-first heap   total 262144K, used 37293K [0x00000000e0000000, 0x0000000100000000)
  region size 1024K, 29 young (29696K), 3 survivors (3072K)
 Metaspace       used 4055K, committed 4224K, reserved 393216K
  class space    used 497K, committed 576K, reserved 327680K
}
Event: 3.385 GC heap after
{Heap after GC invocations=2 (full 0):
 garbage-first heap   total 262144K, used 11785K [0x00000000e0000000, 0x0000000100000000)
  region size 1024K, 1 young (1024K), 1 survivors (1024K)
 Metaspace       used 4055K, committed 4224K, reserved 393216K
  class space    used 497K, committed 576K, reserved 327680K
}
Event: 10.247 GC heap before
{Heap before GC invocations=2 (full 0):
 garbage-first heap   total 262144K, used 132617K [0x00000000e0000000, 0x0000000100000000)
  region size 1024K, 119 young (121856K), 1 survivors (1024K)
 Metaspace       used 21256K, committed 21504K, reserved 393216K
  class space    used 3126K, committed 3264K, reserved 327680K
}
Event: 10.274 GC heap after
{Heap after GC invocations=3 (full 0):
 garbage-first heap   total 262144K, used 23011K [0x00000000e0000000, 0x0000000100000000)
  region size 1024K, 12 young (12288K), 12 survivors (12288K)
 Metaspace       used 21256K, committed 21504K, reserved 393216K
  class space    used 3126K, committed 3264K, reserved 327680K
}
Event: 14.369 GC heap before
{Heap before GC invocations=4 (full 0):
 garbage-first heap   total 262144K, used 139747K [0x00000000e0000000, 0x0000000100000000)
  region size 1024K, 123 young (125952K), 12 survivors (12288K)
 Metaspace       used 35719K, committed 36096K, reserved 393216K
  class space    used 4994K, committed 5120K, reserved 327680K
}
Event: 14.383 GC heap after
{Heap after GC invocations=5 (full 0):
 garbage-first heap   total 262144K, used 31674K [0x00000000e0000000, 0x0000000100000000)
  region size 1024K, 9 young (9216K), 9 survivors (9216K)
 Metaspace       used 35719K, committed 36096K, reserved 393216K
  class space    used 4994K, committed 5120K, reserved 327680K
}
Event: 20.772 GC heap before
{Heap before GC invocations=6 (full 0):
 garbage-first heap   total 262144K, used 188346K [0x00000000e0000000, 0x0000000100000000)
  region size 1024K, 153 young (156672K), 9 survivors (9216K)
 Metaspace       used 48104K, committed 48512K, reserved 393216K
  class space    used 6787K, committed 6976K, reserved 327680K
}
Event: 20.787 GC heap after
{Heap after GC invocations=7 (full 0):
 garbage-first heap   total 262144K, used 50471K [0x00000000e0000000, 0x0000000100000000)
  region size 1024K, 20 young (20480K), 20 survivors (20480K)
 Metaspace       used 48104K, committed 48512K, reserved 393216K
  class space    used 6787K, committed 6976K, reserved 327680K
}
Event: 23.402 GC heap before
{Heap before GC invocations=7 (full 0):
 garbage-first heap   total 262144K, used 185639K [0x00000000e0000000, 0x0000000100000000)
  region size 1024K, 153 young (156672K), 20 survivors (20480K)
 Metaspace       used 57121K, committed 57664K, reserved 393216K
  class space    used 7976K, committed 8256K, reserved 327680K
}
Event: 23.422 GC heap after
{Heap after GC invocations=8 (full 0):
 garbage-first heap   total 262144K, used 60203K [0x00000000e0000000, 0x0000000100000000)
  region size 1024K, 10 young (10240K), 10 survivors (10240K)
 Metaspace       used 57121K, committed 57664K, reserved 393216K
  class space    used 7976K, committed 8256K, reserved 327680K
}
Event: 24.194 GC heap before
{Heap before GC invocations=8 (full 0):
 garbage-first heap   total 262144K, used 90923K [0x00000000e0000000, 0x0000000100000000)
  region size 1024K, 41 young (41984K), 10 survivors (10240K)
 Metaspace       used 59922K, committed 60480K, reserved 393216K
  class space    used 8425K, committed 8704K, reserved 327680K
}
Event: 24.200 GC heap after
{Heap after GC invocations=9 (full 0):
 garbage-first heap   total 262144K, used 61756K [0x00000000e0000000, 0x0000000100000000)
  region size 1024K, 12 young (12288K), 12 survivors (12288K)
 Metaspace       used 59922K, committed 60480K, reserved 393216K
  class space    used 8425K, committed 8704K, reserved 327680K
}
Event: 29.618 GC heap before
{Heap before GC invocations=10 (full 0):
 garbage-first heap   total 262144K, used 202044K [0x00000000e0000000, 0x0000000100000000)
  region size 1024K, 150 young (153600K), 12 survivors (12288K)
 Metaspace       used 63775K, committed 64320K, reserved 393216K
  class space    used 8760K, committed 9024K, reserved 327680K
}
Event: 29.640 GC heap after
{Heap after GC invocations=11 (full 0):
 garbage-first heap   total 262144K, used 74224K [0x00000000e0000000, 0x0000000100000000)
  region size 1024K, 15 young (15360K), 15 survivors (15360K)
 Metaspace       used 63775K, committed 64320K, reserved 393216K
  class space    used 8760K, committed 9024K, reserved 327680K
}

Dll operation events (14 events):
Event: 0.061 Loaded shared library C:\Users\yoon\.jdks\corretto-17.0.9\bin\java.dll
Event: 0.158 Loaded shared library C:\Users\yoon\.jdks\corretto-17.0.9\bin\jsvml.dll
Event: 0.290 Loaded shared library C:\Users\yoon\.jdks\corretto-17.0.9\bin\zip.dll
Event: 0.294 Loaded shared library C:\Users\yoon\.jdks\corretto-17.0.9\bin\instrument.dll
Event: 0.303 Loaded shared library C:\Users\yoon\.jdks\corretto-17.0.9\bin\net.dll
Event: 0.308 Loaded shared library C:\Users\yoon\.jdks\corretto-17.0.9\bin\nio.dll
Event: 0.314 Loaded shared library C:\Users\yoon\.jdks\corretto-17.0.9\bin\zip.dll
Event: 0.837 Loaded shared library C:\Users\yoon\.jdks\corretto-17.0.9\bin\jimage.dll
Event: 1.029 Loaded shared library C:\Users\yoon\.jdks\corretto-17.0.9\bin\verify.dll
Event: 1.924 Loaded shared library C:\Users\yoon\.gradle\native\c067742578af261105cb4f569cf0c3c89f3d7b1fecec35dd04571415982c5e48\windows-amd64\native-platform.dll
Event: 1.961 Loaded shared library C:\Users\yoon\.gradle\native\38dada09dfb8b06ba9b0570ebf7e218e3eb74d4ef43ca46872605cf95ebc2f47\windows-amd64\native-platform-file-events.dll
Event: 4.282 Loaded shared library C:\Users\yoon\.jdks\corretto-17.0.9\bin\management.dll
Event: 4.287 Loaded shared library C:\Users\yoon\.jdks\corretto-17.0.9\bin\management_ext.dll
Event: 7.177 Loaded shared library C:\Users\yoon\.jdks\corretto-17.0.9\bin\sunmscapi.dll

Deoptimization events (20 events):
Event: 32.506 Thread 0x00000239fe9cf3d0 Uncommon trap: trap_request=0xffffffc6 fr.pc=0x0000023987d77404 relative=0x0000000000000264
Event: 32.506 Thread 0x00000239fe9cf3d0 Uncommon trap: reason=bimorphic_or_optimized_type_check action=maybe_recompile pc=0x0000023987d77404 method=java.util.stream.StreamOpFlag.fromCharacteristics(Ljava/util/Spliterator;)I @ 14 c2
Event: 32.506 Thread 0x00000239fe9cf3d0 DEOPT PACKING pc=0x0000023987d77404 sp=0x00000085245fdf90
Event: 32.507 Thread 0x00000239fe9cf3d0 DEOPT UNPACKING pc=0x000002398758a1a3 sp=0x00000085245fde78 mode 2
Event: 32.512 Thread 0x00000239fe9cf3d0 Uncommon trap: trap_request=0xffffffc6 fr.pc=0x0000023987d77404 relative=0x0000000000000264
Event: 32.512 Thread 0x00000239fe9cf3d0 Uncommon trap: reason=bimorphic_or_optimized_type_check action=maybe_recompile pc=0x0000023987d77404 method=java.util.stream.StreamOpFlag.fromCharacteristics(Ljava/util/Spliterator;)I @ 14 c2
Event: 32.512 Thread 0x00000239fe9cf3d0 DEOPT PACKING pc=0x0000023987d77404 sp=0x00000085245fdf90
Event: 32.512 Thread 0x00000239fe9cf3d0 DEOPT UNPACKING pc=0x000002398758a1a3 sp=0x00000085245fde78 mode 2
Event: 57.860 Thread 0x00000239fe9cdf90 Uncommon trap: trap_request=0xffffffc6 fr.pc=0x0000023987d77404 relative=0x0000000000000264
Event: 57.860 Thread 0x00000239fe9cdf90 Uncommon trap: reason=bimorphic_or_optimized_type_check action=maybe_recompile pc=0x0000023987d77404 method=java.util.stream.StreamOpFlag.fromCharacteristics(Ljava/util/Spliterator;)I @ 14 c2
Event: 57.860 Thread 0x00000239fe9cdf90 DEOPT PACKING pc=0x0000023987d77404 sp=0x00000085244fe1e0
Event: 57.861 Thread 0x00000239fe9cdf90 DEOPT UNPACKING pc=0x000002398758a1a3 sp=0x00000085244fe0c8 mode 2
Event: 57.969 Thread 0x00000239fe9cdf90 Uncommon trap: trap_request=0xffffff45 fr.pc=0x000002398803aaa8 relative=0x0000000000000888
Event: 57.969 Thread 0x00000239fe9cdf90 Uncommon trap: reason=unstable_if action=reinterpret pc=0x000002398803aaa8 method=org.gradle.internal.snapshot.VfsRelativePath.compareToFirstSegment(Ljava/lang/String;Lorg/gradle/internal/snapshot/CaseSensitivity;)I @ 134 c2
Event: 57.969 Thread 0x00000239fe9cdf90 DEOPT PACKING pc=0x000002398803aaa8 sp=0x00000085244fc700
Event: 57.969 Thread 0x00000239fe9cdf90 DEOPT UNPACKING pc=0x000002398758a1a3 sp=0x00000085244fc680 mode 2
Event: 58.369 Thread 0x00000239fd2b9430 Uncommon trap: trap_request=0xffffffbe fr.pc=0x000002398805ba60 relative=0x0000000000000320
Event: 58.369 Thread 0x00000239fd2b9430 Uncommon trap: reason=profile_predicate action=maybe_recompile pc=0x000002398805ba60 method=sun.instrument.TransformerManager.transform(Ljava/lang/Module;Ljava/lang/ClassLoader;Ljava/lang/String;Ljava/lang/Class;Ljava/security/ProtectionDomain;[B)[B @ 21 
Event: 58.369 Thread 0x00000239fd2b9430 DEOPT PACKING pc=0x000002398805ba60 sp=0x0000008523ffcdb0
Event: 58.369 Thread 0x00000239fd2b9430 DEOPT UNPACKING pc=0x000002398758a1a3 sp=0x0000008523ffcd30 mode 2

Classes unloaded (0 events):
No events

Classes redefined (0 events):
No events

Internal exceptions (20 events):
Event: 24.297 Thread 0x00000239fa240bd0 Exception <a 'java/lang/NoSuchMethodError'{0x00000000efd78e60}: static Lorg/gradle/internal/build/event/types/DefaultTaskDescriptor;.<clinit>()V> (0x00000000efd78e60) 
thrown [s\src\hotspot\share\prims\jni.cpp, line 1107]
Event: 24.302 Thread 0x00000239fa240bd0 Exception <a 'java/lang/NoSuchMethodError'{0x00000000efc029d8}: static Lorg/gradle/internal/operations/OperationIdentifier;.<clinit>()V> (0x00000000efc029d8) 
thrown [s\src\hotspot\share\prims\jni.cpp, line 1107]
Event: 24.303 Thread 0x00000239fa240bd0 Exception <a 'java/lang/NoSuchMethodError'{0x00000000efc0c3a0}: static Lorg/gradle/internal/build/event/types/DefaultBinaryPluginIdentifier;.<clinit>()V> (0x00000000efc0c3a0) 
thrown [s\src\hotspot\share\prims\jni.cpp, line 1107]
Event: 24.481 Thread 0x00000239fd2b9e50 Exception <a 'java/lang/IncompatibleClassChangeError'{0x00000000ef796130}: Found class java.lang.Object, but interface was expected> (0x00000000ef796130) 
thrown [s\src\hotspot\share\interpreter\linkResolver.cpp, line 826]
Event: 24.486 Thread 0x00000239fd2b9e50 Exception <a 'java/lang/NoSuchMethodError'{0x00000000ef7e39a8}: static Ljava/lang/Object;.<clinit>()V> (0x00000000ef7e39a8) 
thrown [s\src\hotspot\share\prims\jni.cpp, line 1107]
Event: 31.836 Thread 0x00000239fd2b9e50 Exception <a 'java/lang/NoSuchMethodError'{0x00000000ea9b28a0}: 'void java.lang.invoke.DirectMethodHandle$Holder.invokeVirtual(java.lang.Object, java.lang.Object, java.lang.Object, java.lang.Object)'> (0x00000000ea9b28a0) 
thrown [s\src\hotspot\share\interpreter\linkResolver.cpp, line 759]
Event: 32.158 Thread 0x00000239fd2b9e50 Exception <a 'java/lang/NoSuchMethodError'{0x00000000ea579d40}: 'void java.lang.invoke.DirectMethodHandle$Holder.invokeVirtual(java.lang.Object, java.lang.Object)'> (0x00000000ea579d40) 
thrown [s\src\hotspot\share\interpreter\linkResolver.cpp, line 759]
Event: 32.465 Thread 0x00000239fd2b9e50 Exception <a 'java/lang/NoSuchMethodError'{0x00000000e9eb1b68}: 'int java.lang.invoke.DirectMethodHandle$Holder.invokeStaticInit(java.lang.Object, java.lang.Object, java.lang.Object, java.lang.Object, java.lang.Object)'> (0x00000000e9eb1b68) 
thrown [s\src\hotspot\share\interpreter\linkResolver.cpp, line 759]
Event: 32.506 Thread 0x00000239fa240bd0 Exception <a 'java/lang/NoSuchMethodError'{0x00000000eff09728}: static Lorg/gradle/internal/build/event/types/DefaultTaskFinishedProgressEvent;.<clinit>()V> (0x00000000eff09728) 
thrown [s\src\hotspot\share\prims\jni.cpp, line 1107]
Event: 32.508 Thread 0x00000239fa240bd0 Exception <a 'java/lang/NoSuchMethodError'{0x00000000e9c314e8}: static Lorg/gradle/internal/build/event/types/DefaultTaskSuccessResult;.<clinit>()V> (0x00000000e9c314e8) 
thrown [s\src\hotspot\share\prims\jni.cpp, line 1107]
Event: 32.509 Thread 0x00000239fa240bd0 Exception <a 'java/lang/NoSuchMethodError'{0x00000000e9c32758}: static Lorg/gradle/internal/build/event/types/AbstractTaskResult;.<clinit>()V> (0x00000000e9c32758) 
thrown [s\src\hotspot\share\prims\jni.cpp, line 1107]
Event: 32.509 Thread 0x00000239fa240bd0 Exception <a 'java/lang/NoSuchMethodError'{0x00000000e9c33c80}: static Lorg/gradle/internal/build/event/types/AbstractResult;.<clinit>()V> (0x00000000e9c33c80) 
thrown [s\src\hotspot\share\prims\jni.cpp, line 1107]
Event: 32.513 Thread 0x00000239fa240bd0 Exception <a 'java/lang/NoSuchMethodError'{0x00000000e9c455e8}: static Lorg/gradle/internal/build/event/types/DefaultScriptPluginIdentifier;.<clinit>()V> (0x00000000e9c455e8) 
thrown [s\src\hotspot\share\prims\jni.cpp, line 1107]
Event: 32.516 Thread 0x00000239fa240bd0 Exception <a 'java/lang/NoSuchMethodError'{0x00000000e9c71380}: static Lorg/gradle/internal/build/event/types/DefaultTaskSkippedResult;.<clinit>()V> (0x00000000e9c71380) 
thrown [s\src\hotspot\share\prims\jni.cpp, line 1107]
Event: 32.625 Thread 0x00000239fec86f80 Exception <a 'java/lang/NoSuchMethodError'{0x00000000e9b69d90}: 'void java.lang.invoke.DirectMethodHandle$Holder.invokeStatic(java.lang.Object, long)'> (0x00000000e9b69d90) 
thrown [s\src\hotspot\share\interpreter\linkResolver.cpp, line 759]
Event: 32.626 Thread 0x00000239fec86f80 Exception <a 'java/lang/NoSuchMethodError'{0x00000000e9b6f5f8}: 'java.lang.Object java.lang.invoke.DirectMethodHandle$Holder.newInvokeSpecial(java.lang.Object, long)'> (0x00000000e9b6f5f8) 
thrown [s\src\hotspot\share\interpreter\linkResolver.cpp, line 759]
Event: 32.628 Thread 0x00000239fec86f80 Exception <a 'java/lang/NoSuchMethodError'{0x00000000e9b78c78}: 'java.lang.Object java.lang.invoke.DirectMethodHandle$Holder.invokeStatic(java.lang.Object, java.lang.Object, long, java.lang.Object)'> (0x00000000e9b78c78) 
thrown [s\src\hotspot\share\interpreter\linkResolver.cpp, line 759]
Event: 32.629 Thread 0x00000239fec86f80 Exception <a 'java/lang/NoSuchMethodError'{0x00000000e9b7c6b0}: 'java.lang.Object java.lang.invoke.DirectMethodHandle$Holder.invokeStaticInit(java.lang.Object, java.lang.Object, long, java.lang.Object)'> (0x00000000e9b7c6b0) 
thrown [s\src\hotspot\share\interpreter\linkResolver.cpp, line 759]
Event: 57.095 Thread 0x00000239fec86f80 Exception <a 'java/lang/NoSuchMethodError'{0x00000000e9b8f620}: 'void java.lang.invoke.DirectMethodHandle$Holder.invokeSpecial(java.lang.Object, java.lang.Object, int)'> (0x00000000e9b8f620) 
thrown [s\src\hotspot\share\interpreter\linkResolver.cpp, line 759]
Event: 57.854 Thread 0x00000239fa240bd0 Exception <a 'java/lang/NoSuchMethodError'{0x00000000e992efe8}: static [Ljava/lang/Object;.<clinit>()V> (0x00000000e992efe8) 
thrown [s\src\hotspot\share\prims\jni.cpp, line 1107]

VM Operations (20 events):
Event: 45.756 Executing VM operation: Cleanup
Event: 45.756 Executing VM operation: Cleanup done
Event: 51.815 Executing VM operation: Cleanup
Event: 51.815 Executing VM operation: Cleanup done
Event: 57.872 Executing VM operation: Cleanup
Event: 57.873 Executing VM operation: Cleanup done
Event: 58.887 Executing VM operation: Cleanup
Event: 58.887 Executing VM operation: Cleanup done
Event: 59.888 Executing VM operation: Cleanup
Event: 59.888 Executing VM operation: Cleanup done
Event: 60.302 Executing VM operation: HandshakeAllThreads
Event: 60.303 Executing VM operation: HandshakeAllThreads done
Event: 64.345 Executing VM operation: Cleanup
Event: 64.345 Executing VM operation: Cleanup done
Event: 65.356 Executing VM operation: Cleanup
Event: 65.356 Executing VM operation: Cleanup done
Event: 72.435 Executing VM operation: Cleanup
Event: 72.445 Executing VM operation: Cleanup done
Event: 104.688 Executing VM operation: Cleanup
Event: 104.698 Executing VM operation: Cleanup done

Events (20 events):
Event: 29.403 loading class sun/nio/cs/ISO_8859_1$Decoder
Event: 29.403 loading class sun/nio/cs/ISO_8859_1$Decoder done
Event: 32.547 Thread 0x00000239fec86f80 Thread added: 0x00000239fec86f80
Event: 32.555 loading class java/lang/ProcessImpl
Event: 32.558 loading class java/lang/ProcessImpl done
Event: 32.626 loading class java/lang/ProcessHandleImpl
Event: 32.627 loading class java/lang/ProcessHandleImpl done
Event: 32.629 loading class java/lang/ProcessImpl$2
Event: 32.630 loading class java/lang/ProcessImpl$2 done
Event: 32.630 loading class java/lang/Process$PipeInputStream
Event: 32.631 loading class java/lang/Process$PipeInputStream done
Event: 32.633 loading class jdk/internal/event/ProcessStartEvent
Event: 32.638 loading class jdk/internal/event/ProcessStartEvent done
Event: 32.640 Thread 0x00000239fdb6d6a0 Thread added: 0x00000239fdb6d6a0
Event: 32.640 Thread 0x00000239fdb6bd50 Thread added: 0x00000239fdb6bd50
Event: 54.273 loading class java/time/Instant$1
Event: 54.279 loading class java/time/Instant$1 done
Event: 57.832 loading class java/io/ObjectStreamClass$ExceptionInfo
Event: 57.841 loading class java/io/ObjectStreamClass$ExceptionInfo done
Event: 106.800 loading class java/util/logging/LogRecord


Dynamic libraries:
0x00007ff628180000 - 0x00007ff62818e000 	C:\Users\yoon\.jdks\corretto-17.0.9\bin\java.exe
0x00007ffeca0f0000 - 0x00007ffeca2e8000 	C:\Windows\SYSTEM32\ntdll.dll
0x00007ffec9f30000 - 0x00007ffec9fed000 	C:\Windows\System32\KERNEL32.DLL
0x00007ffec77c0000 - 0x00007ffec7ab6000 	C:\Windows\System32\KERNELBASE.dll
0x00007ffec7be0000 - 0x00007ffec7ce0000 	C:\Windows\System32\ucrtbase.dll
0x00007ffe90b80000 - 0x00007ffe90b97000 	C:\Users\yoon\.jdks\corretto-17.0.9\bin\jli.dll
0x00007ffec8cb0000 - 0x00007ffec8e4e000 	C:\Windows\System32\USER32.dll
0x00007ffec8110000 - 0x00007ffec8132000 	C:\Windows\System32\win32u.dll
0x00007ffec9180000 - 0x00007ffec91ac000 	C:\Windows\System32\GDI32.dll
0x00007ffec7ac0000 - 0x00007ffec7bda000 	C:\Windows\System32\gdi32full.dll
0x00007ffec7f00000 - 0x00007ffec7f9d000 	C:\Windows\System32\msvcp_win.dll
0x00007ffe8e140000 - 0x00007ffe8e15b000 	C:\Users\yoon\.jdks\corretto-17.0.9\bin\VCRUNTIME140.dll
0x00007ffeb0800000 - 0x00007ffeb0a9a000 	C:\Windows\WinSxS\amd64_microsoft.windows.common-controls_6595b64144ccf1df_6.0.19041.3636_none_60b6a03d71f818d5\COMCTL32.dll
0x00007ffec90e0000 - 0x00007ffec917e000 	C:\Windows\System32\msvcrt.dll
0x00007ffec8fa0000 - 0x00007ffec8fd0000 	C:\Windows\System32\IMM32.DLL
0x00007ffe8dff0000 - 0x00007ffe8dffc000 	C:\Users\yoon\.jdks\corretto-17.0.9\bin\vcruntime140_1.dll
0x00007ffe82370000 - 0x00007ffe823fd000 	C:\Users\yoon\.jdks\corretto-17.0.9\bin\msvcp140.dll
0x00007ffe33290000 - 0x00007ffe33ef1000 	C:\Users\yoon\.jdks\corretto-17.0.9\bin\server\jvm.dll
0x00007ffec9ff0000 - 0x00007ffeca0a3000 	C:\Windows\System32\ADVAPI32.dll
0x00007ffec8460000 - 0x00007ffec84ff000 	C:\Windows\System32\sechost.dll
0x00007ffec9770000 - 0x00007ffec9896000 	C:\Windows\System32\RPCRT4.dll
0x00007ffec7fa0000 - 0x00007ffec7fc7000 	C:\Windows\System32\bcrypt.dll
0x00007ffea3fc0000 - 0x00007ffea3fc9000 	C:\Windows\SYSTEM32\WSOCK32.dll
0x00007ffec9a50000 - 0x00007ffec9abb000 	C:\Windows\System32\WS2_32.dll
0x00007ffec6d10000 - 0x00007ffec6d5b000 	C:\Windows\SYSTEM32\POWRPROF.dll
0x00007ffeafd40000 - 0x00007ffeafd67000 	C:\Windows\SYSTEM32\WINMM.dll
0x00007ffebcbb0000 - 0x00007ffebcbba000 	C:\Windows\SYSTEM32\VERSION.dll
0x00007ffec6bd0000 - 0x00007ffec6be2000 	C:\Windows\SYSTEM32\UMPDC.dll
0x00007ffec6000000 - 0x00007ffec6012000 	C:\Windows\SYSTEM32\kernel.appcore.dll
0x00007ffe8dfe0000 - 0x00007ffe8dfea000 	C:\Users\yoon\.jdks\corretto-17.0.9\bin\jimage.dll
0x00007ffec5d60000 - 0x00007ffec5f44000 	C:\Windows\SYSTEM32\DBGHELP.DLL
0x00007ffeb6b20000 - 0x00007ffeb6b54000 	C:\Windows\SYSTEM32\dbgcore.DLL
0x00007ffec7fd0000 - 0x00007ffec8052000 	C:\Windows\System32\bcryptPrimitives.dll
0x00007ffebce20000 - 0x00007ffebce2e000 	C:\Users\yoon\.jdks\corretto-17.0.9\bin\instrument.dll
0x00007ffe84560000 - 0x00007ffe84585000 	C:\Users\yoon\.jdks\corretto-17.0.9\bin\java.dll
0x00007ffe5a1d0000 - 0x00007ffe5a2a7000 	C:\Users\yoon\.jdks\corretto-17.0.9\bin\jsvml.dll
0x00007ffec8560000 - 0x00007ffec8ca5000 	C:\Windows\System32\SHELL32.dll
0x00007ffec5500000 - 0x00007ffec5c9b000 	C:\Windows\SYSTEM32\windows.storage.dll
0x00007ffec91c0000 - 0x00007ffec9514000 	C:\Windows\System32\combase.dll
0x00007ffec71f0000 - 0x00007ffec721d000 	C:\Windows\SYSTEM32\Wldp.dll
0x00007ffec8ef0000 - 0x00007ffec8f9d000 	C:\Windows\System32\SHCORE.dll
0x00007ffec8500000 - 0x00007ffec8555000 	C:\Windows\System32\shlwapi.dll
0x00007ffec76f0000 - 0x00007ffec7715000 	C:\Windows\SYSTEM32\profapi.dll
0x00007ffe8e240000 - 0x00007ffe8e258000 	C:\Users\yoon\.jdks\corretto-17.0.9\bin\zip.dll
0x00007ffebe8b0000 - 0x00007ffebe8c9000 	C:\Users\yoon\.jdks\corretto-17.0.9\bin\net.dll
0x00007ffebf960000 - 0x00007ffebfa6a000 	C:\Windows\SYSTEM32\WINHTTP.dll
0x00007ffec6f50000 - 0x00007ffec6fba000 	C:\Windows\system32\mswsock.dll
0x00007ffe8e260000 - 0x00007ffe8e276000 	C:\Users\yoon\.jdks\corretto-17.0.9\bin\nio.dll
0x00007ffe82360000 - 0x00007ffe82370000 	C:\Users\yoon\.jdks\corretto-17.0.9\bin\verify.dll
0x00007ffebce90000 - 0x00007ffebceb7000 	C:\Users\yoon\.gradle\native\c067742578af261105cb4f569cf0c3c89f3d7b1fecec35dd04571415982c5e48\windows-amd64\native-platform.dll
0x00007ffe61da0000 - 0x00007ffe61ee4000 	C:\Users\yoon\.gradle\native\38dada09dfb8b06ba9b0570ebf7e218e3eb74d4ef43ca46872605cf95ebc2f47\windows-amd64\native-platform-file-events.dll
0x00007ffebcff0000 - 0x00007ffebcff9000 	C:\Users\yoon\.jdks\corretto-17.0.9\bin\management.dll
0x00007ffebcfe0000 - 0x00007ffebcfeb000 	C:\Users\yoon\.jdks\corretto-17.0.9\bin\management_ext.dll
0x00007ffec91b0000 - 0x00007ffec91b8000 	C:\Windows\System32\PSAPI.DLL
0x00007ffec7140000 - 0x00007ffec7158000 	C:\Windows\SYSTEM32\CRYPTSP.dll
0x00007ffec6810000 - 0x00007ffec6844000 	C:\Windows\system32\rsaenh.dll
0x00007ffec76b0000 - 0x00007ffec76de000 	C:\Windows\SYSTEM32\USERENV.dll
0x00007ffec7160000 - 0x00007ffec716c000 	C:\Windows\SYSTEM32\CRYPTBASE.dll
0x00007ffec6bf0000 - 0x00007ffec6c2b000 	C:\Windows\SYSTEM32\IPHLPAPI.DLL
0x00007ffec9520000 - 0x00007ffec9528000 	C:\Windows\System32\NSI.dll
0x00007ffebdaf0000 - 0x00007ffebdb07000 	C:\Windows\SYSTEM32\dhcpcsvc6.DLL
0x00007ffebdad0000 - 0x00007ffebdaed000 	C:\Windows\SYSTEM32\dhcpcsvc.DLL
0x00007ffec6c30000 - 0x00007ffec6cfa000 	C:\Windows\SYSTEM32\DNSAPI.dll
0x00007ffebce80000 - 0x00007ffebce8e000 	C:\Users\yoon\.jdks\corretto-17.0.9\bin\sunmscapi.dll
0x00007ffec7d30000 - 0x00007ffec7e8d000 	C:\Windows\System32\CRYPT32.dll
0x00007ffec7260000 - 0x00007ffec7288000 	C:\Windows\SYSTEM32\ncrypt.dll
0x00007ffec7220000 - 0x00007ffec725b000 	C:\Windows\SYSTEM32\NTASN1.dll
0x00007ffe5a4f0000 - 0x00007ffe5a4f7000 	C:\Windows\system32\wshunix.dll

dbghelp: loaded successfully - version: 4.0.5 - missing functions: none
symbol engine: initialized successfully - sym options: 0x614 - pdb path: .;C:\Users\yoon\.jdks\corretto-17.0.9\bin;C:\Windows\SYSTEM32;C:\Windows\WinSxS\amd64_microsoft.windows.common-controls_6595b64144ccf1df_6.0.19041.3636_none_60b6a03d71f818d5;C:\Users\yoon\.jdks\corretto-17.0.9\bin\server;C:\Users\yoon\.gradle\native\c067742578af261105cb4f569cf0c3c89f3d7b1fecec35dd04571415982c5e48\windows-amd64;C:\Users\yoon\.gradle\native\38dada09dfb8b06ba9b0570ebf7e218e3eb74d4ef43ca46872605cf95ebc2f47\windows-amd64

VM Arguments:
jvm_args: --add-opens=java.base/java.util=ALL-UNNAMED --add-opens=java.base/java.lang=ALL-UNNAMED --add-opens=java.base/java.lang.invoke=ALL-UNNAMED --add-opens=java.prefs/java.util.prefs=ALL-UNNAMED --add-opens=java.base/java.nio.charset=ALL-UNNAMED --add-opens=java.base/java.net=ALL-UNNAMED --add-opens=java.base/java.util.concurrent.atomic=ALL-UNNAMED -XX:MaxMetaspaceSize=384m -XX:+HeapDumpOnOutOfMemoryError -Xms256m -Xmx512m -Dfile.encoding=x-windows-949 -Duser.country=KR -Duser.language=ko -Duser.variant -javaagent:C:\Users\yoon\.gradle\wrapper\dists\gradle-8.5-bin\5t9huq95ubn472n8rpzujfbqh\gradle-8.5\lib\agents\gradle-instrumentation-agent-8.5.jar 
java_command: org.gradle.launcher.daemon.bootstrap.GradleDaemon 8.5
java_class_path (initial): C:\Users\yoon\.gradle\wrapper\dists\gradle-8.5-bin\5t9huq95ubn472n8rpzujfbqh\gradle-8.5\lib\gradle-launcher-8.5.jar
Launcher Type: SUN_STANDARD

[Global flags]
     intx CICompilerCount                          = 4                                         {product} {ergonomic}
   size_t CompressedClassSpaceSize                 = 335544320                                 {product} {ergonomic}
     uint ConcGCThreads                            = 2                                         {product} {ergonomic}
     uint G1ConcRefinementThreads                  = 8                                         {product} {ergonomic}
   size_t G1HeapRegionSize                         = 1048576                                   {product} {ergonomic}
    uintx GCDrainStackTargetSize                   = 64                                        {product} {ergonomic}
     bool HeapDumpOnOutOfMemoryError               = true                                   {manageable} {command line}
   size_t InitialHeapSize                          = 268435456                                 {product} {command line}
   size_t MarkStackSize                            = 4194304                                   {product} {ergonomic}
   size_t MaxHeapSize                              = 536870912                                 {product} {command line}
   size_t MaxMetaspaceSize                         = 402653184                                 {product} {command line}
   size_t MaxNewSize                               = 321912832                                 {product} {ergonomic}
   size_t MinHeapDeltaBytes                        = 1048576                                   {product} {ergonomic}
   size_t MinHeapSize                              = 268435456                                 {product} {command line}
    uintx NonNMethodCodeHeapSize                   = 5839372                                {pd product} {ergonomic}
    uintx NonProfiledCodeHeapSize                  = 122909434                              {pd product} {ergonomic}
    uintx ProfiledCodeHeapSize                     = 122909434                              {pd product} {ergonomic}
    uintx ReservedCodeCacheSize                    = 251658240                              {pd product} {ergonomic}
     bool SegmentedCodeCache                       = true                                      {product} {ergonomic}
   size_t SoftMaxHeapSize                          = 536870912                              {manageable} {ergonomic}
     bool UseCompressedClassPointers               = true                           {product lp64_product} {ergonomic}
     bool UseCompressedOops                        = true                           {product lp64_product} {ergonomic}
     bool UseG1GC                                  = true                                      {product} {ergonomic}
     bool UseLargePagesIndividualAllocation        = false                                  {pd product} {ergonomic}

Logging:
Log output configuration:
 #0: stdout all=warning uptime,level,tags
 #1: stderr all=off uptime,level,tags

Environment Variables:
JAVA_HOME=C:\naver0829\jdk-17_windows-x64_bin\jdk-17.0.8
PATH=C:\Program Files\Common Files\Oracle\Java\javapath;C:\app\yoon\product\21c\dbhomeXE\bin;C:\naver0829\jdk-17_windows-x64_bin\jdk-17.0.8\bin;C:\Windows\system32;C:\Windows;C:\Windows\System32\Wbem;C:\Windows\System32\WindowsPowerShell\v1.0\;C:\Windows\System32\OpenSSH\;C:\Program Files\Git\cmd;C:\Program Files\MySQL\MySQL Server 8.0\bin;C:\Program Files\Bandizip\;C:\Program Files\dotnet\;C:\Program Files\nodejs\;C:\Program Files\MongoDB\Server\5.0\bin;C:\Users\yoon\AppData\Local\Microsoft\WindowsApps;C:\Users\yoon\AppData\Local\afreeca;C:\Users\yoon\AppData\Roaming\npm;C:\Users\yoon\AppData\Local\Programs\Microsoft VS Code\bin;C:\Program Files\JetBrains\IntelliJ IDEA 2023.3.2\bin;;
USERNAME=yoon
OS=Windows_NT
PROCESSOR_IDENTIFIER=Intel64 Family 6 Model 140 Stepping 1, GenuineIntel
TMP=C:\Users\yoon\AppData\Local\Temp
TEMP=C:\Users\yoon\AppData\Local\Temp



Periodic native trim disabled


---------------  S Y S T E M  ---------------

OS:
 Windows 10 , 64 bit Build 19041 (10.0.19041.3636)
OS uptime: 0 days 3:25 hours

CPU: total 8 (initial active 8) (4 cores per cpu, 2 threads per core) family 6 model 140 stepping 1 microcode 0xa6, cx8, cmov, fxsr, ht, mmx, 3dnowpref, sse, sse2, sse3, ssse3, sse4.1, sse4.2, popcnt, lzcnt, tsc, tscinvbit, avx, avx2, aes, erms, clmul, bmi1, bmi2, adx, avx512f, avx512dq, avx512cd, avx512bw, avx512vl, sha, fma, vzeroupper, avx512_vpopcntdq, avx512_vpclmulqdq, avx512_vaes, avx512_vnni, clflush, clflushopt, clwb, avx512_vbmi2, avx512_vbmi
Processor Information for all 8 processors :
  Max Mhz: 2419, Current Mhz: 2419, Mhz Limit: 2419

Memory: 4k page, system-wide physical 7886M (257M free)
TotalPageFile size 32462M (AvailPageFile size 0M)
current process WorkingSet (physical memory assigned to process): 28M, peak: 393M
current process commit charge ("private bytes"): 499M, peak: 515M

vm_info: OpenJDK 64-Bit Server VM (17.0.9+8-LTS) for windows-amd64 JRE (17.0.9+8-LTS), built on Oct 12 2023 16:15:33 by "Administrator" with MS VC++ 16.10 / 16.11 (VS2019)

END.
