#
# There is insufficient memory for the Java Runtime Environment to continue.
# Native memory allocation (malloc) failed to allocate 131088 bytes for Chunk::new
# Possible reasons:
#   The system is out of physical RAM or swap space
#   The process is running with CompressedOops enabled, and the Java Heap may be blocking the growth of the native heap
# Possible solutions:
#   Reduce memory load on the system
#   Increase physical memory or swap space
#   Check if swap backing store is full
#   Decrease Java heap size (-Xmx/-Xms)
#   Decrease number of Java threads
#   Decrease Java thread stack sizes (-Xss)
#   Set larger code cache with -XX:ReservedCodeCacheSize=
#   JVM is running with Unscaled Compressed Oops mode in which the Java heap is
#     placed in the first 4GB address space. The Java Heap base address is the
#     maximum limit for the native heap growth. Please use -XX:HeapBaseMinAddress
#     to set the Java Heap base and to place the Java Heap above 4GB virtual address.
# This output file may be truncated or incomplete.
#
#  Out of Memory Error (arena.cpp:191), pid=23148, tid=11032
#
# JRE version: OpenJDK Runtime Environment Corretto-17.0.9.8.1 (17.0.9+8) (build 17.0.9+8-LTS)
# Java VM: OpenJDK 64-Bit Server VM Corretto-17.0.9.8.1 (17.0.9+8-LTS, mixed mode, sharing, tiered, compressed oops, compressed class ptrs, g1 gc, windows-amd64)
# No core dump will be written. Minidumps are not enabled by default on client versions of Windows
#

---------------  S U M M A R Y ------------

Command Line: --add-opens=java.base/java.util=ALL-UNNAMED --add-opens=java.base/java.lang=ALL-UNNAMED --add-opens=java.base/java.lang.invoke=ALL-UNNAMED --add-opens=java.prefs/java.util.prefs=ALL-UNNAMED --add-opens=java.base/java.nio.charset=ALL-UNNAMED --add-opens=java.base/java.net=ALL-UNNAMED --add-opens=java.base/java.util.concurrent.atomic=ALL-UNNAMED -XX:MaxMetaspaceSize=384m -XX:+HeapDumpOnOutOfMemoryError -Xms256m -Xmx512m -Dfile.encoding=x-windows-949 -Duser.country=KR -Duser.language=ko -Duser.variant -javaagent:C:\Users\yoon\.gradle\wrapper\dists\gradle-8.5-bin\5t9huq95ubn472n8rpzujfbqh\gradle-8.5\lib\agents\gradle-instrumentation-agent-8.5.jar org.gradle.launcher.daemon.bootstrap.GradleDaemon 8.5

Host: 11th Gen Intel(R) Core(TM) i5-1135G7 @ 2.40GHz, 8 cores, 7G,  Windows 10 , 64 bit Build 19041 (10.0.19041.3636)
Time: Fri Feb 16 11:46:14 2024  Windows 10 , 64 bit Build 19041 (10.0.19041.3636) elapsed time: 160.669874 seconds (0d 0h 2m 40s)

---------------  T H R E A D  ---------------

Current thread (0x00000209ed362ab0):  JavaThread "C2 CompilerThread0" daemon [_thread_in_native, id=11032, stack(0x0000008bd5900000,0x0000008bd5a00000)]


Current CompileTask:
C2: 160681 10910       4       org.gradle.internal.logging.text.AbstractLineChoppingStyledTextOutput::doAppend (43 bytes)

Stack: [0x0000008bd5900000,0x0000008bd5a00000]
Native frames: (J=compiled Java code, j=interpreted, Vv=VM code, C=native code)
V  [jvm.dll+0x67cb49]
V  [jvm.dll+0x8344da]
V  [jvm.dll+0x835f9e]
V  [jvm.dll+0x836603]
V  [jvm.dll+0x247b5f]
V  [jvm.dll+0xac43c]
V  [jvm.dll+0xaca8c]
V  [jvm.dll+0xac54b]
V  [jvm.dll+0x65a19c]
V  [jvm.dll+0x2214c9]
V  [jvm.dll+0x69fe31]
V  [jvm.dll+0x219349]
V  [jvm.dll+0x1a56cd]
V  [jvm.dll+0x2293ee]
V  [jvm.dll+0x2275bc]
V  [jvm.dll+0x7e95a7]
V  [jvm.dll+0x7e396a]
V  [jvm.dll+0x67ba35]
C  [ucrtbase.dll+0x21bb2]
C  [KERNEL32.DLL+0x17344]
C  [ntdll.dll+0x526b1]


---------------  P R O C E S S  ---------------

Threads class SMR info:
_java_thread_list=0x00000209f25539e0, length=136, elements={
0x00000209d27dce10, 0x00000209ed3473c0, 0x00000209ed3484a0, 0x00000209ed35cad0,
0x00000209ed35d4a0, 0x00000209ed361530, 0x00000209ed361e00, 0x00000209ed362ab0,
0x00000209ed3698d0, 0x00000209ed36a980, 0x00000209ed330bf0, 0x00000209ed5e8a30,
0x00000209f3399ea0, 0x00000209f33658c0, 0x00000209f30e29a0, 0x00000209f3361c70,
0x00000209f33631d0, 0x00000209f35b7a80, 0x00000209f35b98e0, 0x00000209f35b93d0,
0x00000209f35b84a0, 0x00000209f35b7f90, 0x00000209f35b89b0, 0x00000209f35b7060,
0x00000209f35ba300, 0x00000209f35b9df0, 0x00000209f35ba810, 0x00000209f3a18300,
0x00000209f3a18810, 0x00000209f3a1a160, 0x00000209f3a169b0, 0x00000209f3a15f90,
0x00000209f3a178e0, 0x00000209f3a1a670, 0x00000209f3a17df0, 0x00000209f3a1bab0,
0x00000209f3a19c50, 0x00000209f3a1ab80, 0x00000209f3a16ec0, 0x00000209f3a173d0,
0x00000209f3a18d20, 0x00000209f3a19230, 0x00000209f3a1c4d0, 0x00000209f3a15060,
0x00000209f3a1c9e0, 0x00000209f3a15570, 0x00000209f3a15a80, 0x00000209f2520ae0,
0x00000209f251f6a0, 0x00000209f2520ff0, 0x00000209f251e770, 0x00000209f251ec80,
0x00000209f251a090, 0x00000209f251b9e0, 0x00000209f251c910, 0x00000209f25200c0,
0x00000209f251e260, 0x00000209f25205d0, 0x00000209f2521a10, 0x00000209f251a5a0,
0x00000209f251aab0, 0x00000209f251afc0, 0x00000209f251fbb0, 0x00000209f251ce20,
0x00000209f251f190, 0x00000209f251b4d0, 0x00000209f251bef0, 0x00000209f251d330,
0x00000209f251d840, 0x00000209f251dd50, 0x00000209f5b826d0, 0x00000209f5b84f50,
0x00000209f5b87ce0, 0x00000209f5b88700, 0x00000209f5b881f0, 0x00000209f5b84020,
0x00000209f5b86390, 0x00000209f5b85460, 0x00000209f5b872c0, 0x00000209f5b88c10,
0x00000209f5b85970, 0x00000209f5b84a40, 0x00000209f5b85e80, 0x00000209f5b868a0,
0x00000209f5b86db0, 0x00000209f5b830f0, 0x00000209f5b84530, 0x00000209f5b82be0,
0x00000209f5b877d0, 0x00000209f5b81cb0, 0x00000209f5b89120, 0x00000209f5b89630,
0x00000209f5b821c0, 0x00000209f5b83600, 0x00000209f5b83b10, 0x00000209f3bf9080,
0x00000209f3bf3f80, 0x00000209f3bf6800, 0x00000209f3bf6d10, 0x00000209f3bf9aa0,
0x00000209f3bf9fb0, 0x00000209f3bf4490, 0x00000209f3bf49a0, 0x00000209f3bf58d0,
0x00000209f3bf7220, 0x00000209f3bf5de0, 0x00000209f3bf62f0, 0x00000209f3bf7730,
0x00000209f3bf53c0, 0x00000209f3bf9590, 0x00000209f3bf8660, 0x00000209f3bf7c40,
0x00000209f3bf8150, 0x00000209f3bfa4c0, 0x00000209f3bfa9d0, 0x00000209f3bfaee0,
0x00000209f3bf3a70, 0x00000209f3bfb3f0, 0x00000209f69818a0, 0x00000209f6981390,
0x00000209f69827d0, 0x00000209f6981db0, 0x00000209f697f020, 0x00000209f697ff50,
0x00000209f697f530, 0x00000209f697fa40, 0x00000209f69822c0, 0x00000209f6980970,
0x00000209f6980e80, 0x00000209f6980460, 0x00000209f4c8f480, 0x00000209f4c8ef70,
0x00000209f4c8db30, 0x00000209f4c8ada0, 0x00000209f4c8a380, 0x00000209f4c8cc00
}

Java Threads: ( => current thread )
  0x00000209d27dce10 JavaThread "main" [_thread_blocked, id=22844, stack(0x0000008bd4c00000,0x0000008bd4d00000)]
  0x00000209ed3473c0 JavaThread "Reference Handler" daemon [_thread_blocked, id=25528, stack(0x0000008bd5300000,0x0000008bd5400000)]
  0x00000209ed3484a0 JavaThread "Finalizer" daemon [_thread_blocked, id=21384, stack(0x0000008bd5400000,0x0000008bd5500000)]
  0x00000209ed35cad0 JavaThread "Signal Dispatcher" daemon [_thread_blocked, id=20580, stack(0x0000008bd5500000,0x0000008bd5600000)]
  0x00000209ed35d4a0 JavaThread "Attach Listener" daemon [_thread_blocked, id=9636, stack(0x0000008bd5600000,0x0000008bd5700000)]
  0x00000209ed361530 JavaThread "Service Thread" daemon [_thread_blocked, id=21676, stack(0x0000008bd5700000,0x0000008bd5800000)]
  0x00000209ed361e00 JavaThread "Monitor Deflation Thread" daemon [_thread_blocked, id=2476, stack(0x0000008bd5800000,0x0000008bd5900000)]
=>0x00000209ed362ab0 JavaThread "C2 CompilerThread0" daemon [_thread_in_native, id=11032, stack(0x0000008bd5900000,0x0000008bd5a00000)]
  0x00000209ed3698d0 JavaThread "C1 CompilerThread0" daemon [_thread_in_vm, id=17280, stack(0x0000008bd5a00000,0x0000008bd5b00000)]
  0x00000209ed36a980 JavaThread "Sweeper thread" daemon [_thread_blocked, id=7768, stack(0x0000008bd5b00000,0x0000008bd5c00000)]
  0x00000209ed330bf0 JavaThread "Common-Cleaner" daemon [_thread_blocked, id=6796, stack(0x0000008bd5c00000,0x0000008bd5d00000)]
  0x00000209ed5e8a30 JavaThread "Notification Thread" daemon [_thread_blocked, id=26144, stack(0x0000008bd5d00000,0x0000008bd5e00000)]
  0x00000209f3399ea0 JavaThread "Daemon health stats" [_thread_blocked, id=28340, stack(0x0000008bd6400000,0x0000008bd6500000)]
  0x00000209f33658c0 JavaThread "Incoming local TCP Connector on port 64152" [_thread_in_native, id=3812, stack(0x0000008bd6500000,0x0000008bd6600000)]
  0x00000209f30e29a0 JavaThread "Daemon periodic checks" [_thread_blocked, id=11788, stack(0x0000008bd6600000,0x0000008bd6700000)]
  0x00000209f3361c70 JavaThread "Daemon" [_thread_blocked, id=22020, stack(0x0000008bd6700000,0x0000008bd6800000)]
  0x00000209f33631d0 JavaThread "Handler for socket connection from /127.0.0.1:64152 to /127.0.0.1:64154" [_thread_in_native, id=25900, stack(0x0000008bd6800000,0x0000008bd6900000)]
  0x00000209f35b7a80 JavaThread "Cancel handler" [_thread_blocked, id=26788, stack(0x0000008bd6900000,0x0000008bd6a00000)]
  0x00000209f35b98e0 JavaThread "Daemon worker" [_thread_blocked, id=7388, stack(0x0000008bd6a00000,0x0000008bd6b00000)]
  0x00000209f35b93d0 JavaThread "Asynchronous log dispatcher for DefaultDaemonConnection: socket connection from /127.0.0.1:64152 to /127.0.0.1:64154" [_thread_blocked, id=24732, stack(0x0000008bd6b00000,0x0000008bd6c00000)]
  0x00000209f35b84a0 JavaThread "Stdin handler" [_thread_blocked, id=30696, stack(0x0000008bd6c00000,0x0000008bd6d00000)]
  0x00000209f35b7f90 JavaThread "Daemon client event forwarder" [_thread_blocked, id=30368, stack(0x0000008bd6d00000,0x0000008bd6e00000)]
  0x00000209f35b89b0 JavaThread "Cache worker for journal cache (C:\Users\yoon\.gradle\caches\journal-1)" [_thread_blocked, id=2336, stack(0x0000008bd6e00000,0x0000008bd6f00000)]
  0x00000209f35b7060 JavaThread "File lock request listener" [_thread_in_native, id=15576, stack(0x0000008bd6f00000,0x0000008bd7000000)]
  0x00000209f35ba300 JavaThread "Cache worker for file hash cache (C:\Users\yoon\.gradle\caches\8.5\fileHashes)" [_thread_blocked, id=2928, stack(0x0000008bd7100000,0x0000008bd7200000)]
  0x00000209f35b9df0 JavaThread "File watcher server" daemon [_thread_in_native, id=22536, stack(0x0000008bd7200000,0x0000008bd7300000)]
  0x00000209f35ba810 JavaThread "File watcher consumer" daemon [_thread_blocked, id=5816, stack(0x0000008bd7300000,0x0000008bd7400000)]
  0x00000209f3a18300 JavaThread "Cache worker for checksums cache (C:\FP\cherry-weather\.gradle\8.5\checksums)" [_thread_blocked, id=15976, stack(0x0000008bd7700000,0x0000008bd7800000)]
  0x00000209f3a18810 JavaThread "Cache worker for file hash cache (C:\FP\cherry-weather\.gradle\8.5\fileHashes)" [_thread_blocked, id=30320, stack(0x0000008bd7800000,0x0000008bd7900000)]
  0x00000209f3a1a160 JavaThread "Cache worker for cache directory md-supplier (C:\Users\yoon\.gradle\caches\8.5\md-supplier)" [_thread_blocked, id=29160, stack(0x0000008bd7900000,0x0000008bd7a00000)]
  0x00000209f3a169b0 JavaThread "Cache worker for cache directory md-rule (C:\Users\yoon\.gradle\caches\8.5\md-rule)" [_thread_blocked, id=21148, stack(0x0000008bd7a00000,0x0000008bd7b00000)]
  0x00000209f3a15f90 JavaThread "Cache worker for file content cache (C:\Users\yoon\.gradle\caches\8.5\fileContent)" [_thread_blocked, id=19980, stack(0x0000008bd7b00000,0x0000008bd7c00000)]
  0x00000209f3a178e0 JavaThread "Cache worker for execution history cache (C:\Users\yoon\.gradle\caches\8.5\executionHistory)" [_thread_blocked, id=19836, stack(0x0000008bd7c00000,0x0000008bd7d00000)]
  0x00000209f3a1a670 JavaThread "jar transforms" [_thread_blocked, id=22576, stack(0x0000008bd7d00000,0x0000008bd7e00000)]
  0x00000209f3a17df0 JavaThread "jar transforms Thread 2" [_thread_blocked, id=29356, stack(0x0000008bd7e00000,0x0000008bd7f00000)]
  0x00000209f3a1bab0 JavaThread "jar transforms Thread 3" [_thread_blocked, id=12252, stack(0x0000008bd7f00000,0x0000008bd8000000)]
  0x00000209f3a19c50 JavaThread "jar transforms Thread 4" [_thread_blocked, id=7488, stack(0x0000008bd8000000,0x0000008bd8100000)]
  0x00000209f3a1ab80 JavaThread "jar transforms Thread 5" [_thread_blocked, id=10288, stack(0x0000008bd8100000,0x0000008bd8200000)]
  0x00000209f3a16ec0 JavaThread "jar transforms Thread 6" [_thread_blocked, id=4068, stack(0x0000008bd8200000,0x0000008bd8300000)]
  0x00000209f3a173d0 JavaThread "Cache worker for dependencies-accessors (C:\FP\cherry-weather\.gradle\8.5\dependencies-accessors)" [_thread_blocked, id=20596, stack(0x0000008bd8300000,0x0000008bd8400000)]
  0x00000209f3a18d20 JavaThread "jar transforms Thread 7" [_thread_blocked, id=1256, stack(0x0000008bd8400000,0x0000008bd8500000)]
  0x00000209f3a19230 JavaThread "Cache worker for Build Output Cleanup Cache (C:\FP\cherry-weather\.gradle\buildOutputCleanup)" [_thread_blocked, id=29420, stack(0x0000008bd4900000,0x0000008bd4a00000)]
  0x00000209f3a1c4d0 JavaThread "Unconstrained build operations" [_thread_blocked, id=2956, stack(0x0000008bd8700000,0x0000008bd8800000)]
  0x00000209f3a15060 JavaThread "Unconstrained build operations Thread 2" [_thread_blocked, id=29108, stack(0x0000008bd8800000,0x0000008bd8900000)]
  0x00000209f3a1c9e0 JavaThread "Unconstrained build operations Thread 3" [_thread_blocked, id=8700, stack(0x0000008bd8900000,0x0000008bd8a00000)]
  0x00000209f3a15570 JavaThread "Unconstrained build operations Thread 4" [_thread_blocked, id=2864, stack(0x0000008bd8a00000,0x0000008bd8b00000)]
  0x00000209f3a15a80 JavaThread "Unconstrained build operations Thread 5" [_thread_blocked, id=6372, stack(0x0000008bd8b00000,0x0000008bd8c00000)]
  0x00000209f2520ae0 JavaThread "Unconstrained build operations Thread 6" [_thread_blocked, id=744, stack(0x0000008bd8c00000,0x0000008bd8d00000)]
  0x00000209f251f6a0 JavaThread "Unconstrained build operations Thread 7" [_thread_blocked, id=19784, stack(0x0000008bd8d00000,0x0000008bd8e00000)]
  0x00000209f2520ff0 JavaThread "jar transforms Thread 8" [_thread_blocked, id=15984, stack(0x0000008bd8e00000,0x0000008bd8f00000)]
  0x00000209f251e770 JavaThread "Memory manager" [_thread_blocked, id=4844, stack(0x0000008bd8f00000,0x0000008bd9000000)]
  0x00000209f251ec80 JavaThread "included builds" [_thread_blocked, id=13852, stack(0x0000008bd9000000,0x0000008bd9100000)]
  0x00000209f251a090 JavaThread "Execution worker" [_thread_blocked, id=25588, stack(0x0000008bd9100000,0x0000008bd9200000)]
  0x00000209f251b9e0 JavaThread "Execution worker Thread 2" [_thread_blocked, id=1408, stack(0x0000008bd9200000,0x0000008bd9300000)]
  0x00000209f251c910 JavaThread "Execution worker Thread 3" [_thread_blocked, id=18948, stack(0x0000008bd9300000,0x0000008bd9400000)]
  0x00000209f25200c0 JavaThread "Execution worker Thread 4" [_thread_blocked, id=21192, stack(0x0000008bd9400000,0x0000008bd9500000)]
  0x00000209f251e260 JavaThread "Execution worker Thread 5" [_thread_blocked, id=24500, stack(0x0000008bd9500000,0x0000008bd9600000)]
  0x00000209f25205d0 JavaThread "Execution worker Thread 6" [_thread_blocked, id=5828, stack(0x0000008bd9600000,0x0000008bd9700000)]
  0x00000209f2521a10 JavaThread "Execution worker Thread 7" [_thread_blocked, id=29888, stack(0x0000008bd9700000,0x0000008bd9800000)]
  0x00000209f251a5a0 JavaThread "Cache worker for execution history cache (C:\FP\cherry-weather\.gradle\8.5\executionHistory)" [_thread_blocked, id=16628, stack(0x0000008bd9800000,0x0000008bd9900000)]
  0x00000209f251aab0 JavaThread "Unconstrained build operations Thread 8" [_thread_blocked, id=21668, stack(0x0000008bd9900000,0x0000008bd9a00000)]
  0x00000209f251afc0 JavaThread "Unconstrained build operations Thread 9" [_thread_blocked, id=24900, stack(0x0000008bd9a00000,0x0000008bd9b00000)]
  0x00000209f251fbb0 JavaThread "Unconstrained build operations Thread 10" [_thread_blocked, id=17808, stack(0x0000008bd9b00000,0x0000008bd9c00000)]
  0x00000209f251ce20 JavaThread "Unconstrained build operations Thread 11" [_thread_blocked, id=20328, stack(0x0000008bd9c00000,0x0000008bd9d00000)]
  0x00000209f251f190 JavaThread "Unconstrained build operations Thread 12" [_thread_blocked, id=22684, stack(0x0000008bd9d00000,0x0000008bd9e00000)]
  0x00000209f251b4d0 JavaThread "Unconstrained build operations Thread 13" [_thread_blocked, id=14488, stack(0x0000008bd9e00000,0x0000008bd9f00000)]
  0x00000209f251bef0 JavaThread "Unconstrained build operations Thread 14" [_thread_blocked, id=20344, stack(0x0000008bd9f00000,0x0000008bda000000)]
  0x00000209f251d330 JavaThread "Unconstrained build operations Thread 15" [_thread_blocked, id=6668, stack(0x0000008bda000000,0x0000008bda100000)]
  0x00000209f251d840 JavaThread "Unconstrained build operations Thread 16" [_thread_blocked, id=12244, stack(0x0000008bda100000,0x0000008bda200000)]
  0x00000209f251dd50 JavaThread "Unconstrained build operations Thread 17" [_thread_blocked, id=12084, stack(0x0000008bda200000,0x0000008bda300000)]
  0x00000209f5b826d0 JavaThread "Unconstrained build operations Thread 18" [_thread_blocked, id=7664, stack(0x0000008bda300000,0x0000008bda400000)]
  0x00000209f5b84f50 JavaThread "Unconstrained build operations Thread 19" [_thread_blocked, id=24836, stack(0x0000008bda400000,0x0000008bda500000)]
  0x00000209f5b87ce0 JavaThread "Unconstrained build operations Thread 20" [_thread_blocked, id=26948, stack(0x0000008bda500000,0x0000008bda600000)]
  0x00000209f5b88700 JavaThread "Unconstrained build operations Thread 21" [_thread_blocked, id=24132, stack(0x0000008bda600000,0x0000008bda700000)]
  0x00000209f5b881f0 JavaThread "Unconstrained build operations Thread 22" [_thread_blocked, id=23868, stack(0x0000008bda700000,0x0000008bda800000)]
  0x00000209f5b84020 JavaThread "Unconstrained build operations Thread 23" [_thread_blocked, id=3088, stack(0x0000008bda800000,0x0000008bda900000)]
  0x00000209f5b86390 JavaThread "Unconstrained build operations Thread 24" [_thread_blocked, id=2376, stack(0x0000008bda900000,0x0000008bdaa00000)]
  0x00000209f5b85460 JavaThread "Unconstrained build operations Thread 25" [_thread_blocked, id=7224, stack(0x0000008bdaa00000,0x0000008bdab00000)]
  0x00000209f5b872c0 JavaThread "Unconstrained build operations Thread 26" [_thread_blocked, id=11580, stack(0x0000008bdab00000,0x0000008bdac00000)]
  0x00000209f5b88c10 JavaThread "Unconstrained build operations Thread 27" [_thread_blocked, id=24804, stack(0x0000008bdac00000,0x0000008bdad00000)]
  0x00000209f5b85970 JavaThread "Unconstrained build operations Thread 28" [_thread_blocked, id=24496, stack(0x0000008bdad00000,0x0000008bdae00000)]
  0x00000209f5b84a40 JavaThread "Unconstrained build operations Thread 29" [_thread_blocked, id=16588, stack(0x0000008bdae00000,0x0000008bdaf00000)]
  0x00000209f5b85e80 JavaThread "Unconstrained build operations Thread 30" [_thread_blocked, id=29680, stack(0x0000008bdaf00000,0x0000008bdb000000)]
  0x00000209f5b868a0 JavaThread "Unconstrained build operations Thread 31" [_thread_blocked, id=3436, stack(0x0000008bd4a00000,0x0000008bd4b00000)]
  0x00000209f5b86db0 JavaThread "Unconstrained build operations Thread 32" [_thread_blocked, id=4684, stack(0x0000008bd4b00000,0x0000008bd4c00000)]
  0x00000209f5b830f0 JavaThread "Unconstrained build operations Thread 33" [_thread_blocked, id=2460, stack(0x0000008bdb000000,0x0000008bdb100000)]
  0x00000209f5b84530 JavaThread "Unconstrained build operations Thread 34" [_thread_blocked, id=26324, stack(0x0000008bdb100000,0x0000008bdb200000)]
  0x00000209f5b82be0 JavaThread "Unconstrained build operations Thread 35" [_thread_blocked, id=9240, stack(0x0000008bdb200000,0x0000008bdb300000)]
  0x00000209f5b877d0 JavaThread "Unconstrained build operations Thread 36" [_thread_blocked, id=6968, stack(0x0000008bdb300000,0x0000008bdb400000)]
  0x00000209f5b81cb0 JavaThread "Unconstrained build operations Thread 37" [_thread_blocked, id=25436, stack(0x0000008bdb400000,0x0000008bdb500000)]
  0x00000209f5b89120 JavaThread "Unconstrained build operations Thread 38" [_thread_blocked, id=3356, stack(0x0000008bdb500000,0x0000008bdb600000)]
  0x00000209f5b89630 JavaThread "Unconstrained build operations Thread 39" [_thread_blocked, id=24908, stack(0x0000008bdb600000,0x0000008bdb700000)]
  0x00000209f5b821c0 JavaThread "Unconstrained build operations Thread 40" [_thread_blocked, id=7920, stack(0x0000008bdb700000,0x0000008bdb800000)]
  0x00000209f5b83600 JavaThread "Unconstrained build operations Thread 41" [_thread_blocked, id=9832, stack(0x0000008bdb800000,0x0000008bdb900000)]
  0x00000209f5b83b10 JavaThread "Unconstrained build operations Thread 42" [_thread_blocked, id=4360, stack(0x0000008bdb900000,0x0000008bdba00000)]
  0x00000209f3bf9080 JavaThread "Unconstrained build operations Thread 43" [_thread_blocked, id=15940, stack(0x0000008bdba00000,0x0000008bdbb00000)]
  0x00000209f3bf3f80 JavaThread "Unconstrained build operations Thread 44" [_thread_blocked, id=24292, stack(0x0000008bdbb00000,0x0000008bdbc00000)]
  0x00000209f3bf6800 JavaThread "Unconstrained build operations Thread 45" [_thread_blocked, id=4700, stack(0x0000008bdbc00000,0x0000008bdbd00000)]
  0x00000209f3bf6d10 JavaThread "Unconstrained build operations Thread 46" [_thread_blocked, id=24628, stack(0x0000008bdbd00000,0x0000008bdbe00000)]
  0x00000209f3bf9aa0 JavaThread "Unconstrained build operations Thread 47" [_thread_blocked, id=24564, stack(0x0000008bdbe00000,0x0000008bdbf00000)]
  0x00000209f3bf9fb0 JavaThread "Unconstrained build operations Thread 48" [_thread_blocked, id=19628, stack(0x0000008bdbf00000,0x0000008bdc000000)]
  0x00000209f3bf4490 JavaThread "Unconstrained build operations Thread 49" [_thread_blocked, id=15436, stack(0x0000008bdc000000,0x0000008bdc100000)]
  0x00000209f3bf49a0 JavaThread "Unconstrained build operations Thread 50" [_thread_blocked, id=23032, stack(0x0000008bdc100000,0x0000008bdc200000)]
  0x00000209f3bf58d0 JavaThread "Unconstrained build operations Thread 51" [_thread_blocked, id=17060, stack(0x0000008bdc200000,0x0000008bdc300000)]
  0x00000209f3bf7220 JavaThread "Unconstrained build operations Thread 52" [_thread_blocked, id=14372, stack(0x0000008bdc300000,0x0000008bdc400000)]
  0x00000209f3bf5de0 JavaThread "Unconstrained build operations Thread 53" [_thread_blocked, id=13680, stack(0x0000008bdc400000,0x0000008bdc500000)]
  0x00000209f3bf62f0 JavaThread "Unconstrained build operations Thread 54" [_thread_blocked, id=1276, stack(0x0000008bdc500000,0x0000008bdc600000)]
  0x00000209f3bf7730 JavaThread "Unconstrained build operations Thread 55" [_thread_blocked, id=24928, stack(0x0000008bdc600000,0x0000008bdc700000)]
  0x00000209f3bf53c0 JavaThread "Unconstrained build operations Thread 56" [_thread_blocked, id=3008, stack(0x0000008bdc700000,0x0000008bdc800000)]
  0x00000209f3bf9590 JavaThread "Unconstrained build operations Thread 57" [_thread_blocked, id=11648, stack(0x0000008bdc800000,0x0000008bdc900000)]
  0x00000209f3bf8660 JavaThread "Unconstrained build operations Thread 58" [_thread_blocked, id=23888, stack(0x0000008bdc900000,0x0000008bdca00000)]
  0x00000209f3bf7c40 JavaThread "Unconstrained build operations Thread 59" [_thread_blocked, id=30676, stack(0x0000008bdca00000,0x0000008bdcb00000)]
  0x00000209f3bf8150 JavaThread "Unconstrained build operations Thread 60" [_thread_blocked, id=21532, stack(0x0000008bdcb00000,0x0000008bdcc00000)]
  0x00000209f3bfa4c0 JavaThread "Unconstrained build operations Thread 61" [_thread_blocked, id=18332, stack(0x0000008bdcc00000,0x0000008bdcd00000)]
  0x00000209f3bfa9d0 JavaThread "Unconstrained build operations Thread 62" [_thread_blocked, id=24856, stack(0x0000008bdcd00000,0x0000008bdce00000)]
  0x00000209f3bfaee0 JavaThread "Unconstrained build operations Thread 63" [_thread_blocked, id=20712, stack(0x0000008bdce00000,0x0000008bdcf00000)]
  0x00000209f3bf3a70 JavaThread "Unconstrained build operations Thread 64" [_thread_blocked, id=21208, stack(0x0000008bdcf00000,0x0000008bdd000000)]
  0x00000209f3bfb3f0 JavaThread "Unconstrained build operations Thread 65" [_thread_blocked, id=28452, stack(0x0000008bdd000000,0x0000008bdd100000)]
  0x00000209f69818a0 JavaThread "Unconstrained build operations Thread 66" [_thread_blocked, id=3228, stack(0x0000008bdd100000,0x0000008bdd200000)]
  0x00000209f6981390 JavaThread "Unconstrained build operations Thread 67" [_thread_blocked, id=25576, stack(0x0000008bdd200000,0x0000008bdd300000)]
  0x00000209f69827d0 JavaThread "Unconstrained build operations Thread 68" [_thread_blocked, id=22708, stack(0x0000008bdd300000,0x0000008bdd400000)]
  0x00000209f6981db0 JavaThread "Unconstrained build operations Thread 69" [_thread_blocked, id=12148, stack(0x0000008bdd400000,0x0000008bdd500000)]
  0x00000209f697f020 JavaThread "Unconstrained build operations Thread 70" [_thread_blocked, id=10812, stack(0x0000008bdd500000,0x0000008bdd600000)]
  0x00000209f697ff50 JavaThread "Unconstrained build operations Thread 71" [_thread_blocked, id=10904, stack(0x0000008bdd600000,0x0000008bdd700000)]
  0x00000209f697f530 JavaThread "Unconstrained build operations Thread 72" [_thread_blocked, id=2344, stack(0x0000008bdd700000,0x0000008bdd800000)]
  0x00000209f697fa40 JavaThread "Unconstrained build operations Thread 73" [_thread_blocked, id=16172, stack(0x0000008bdd800000,0x0000008bdd900000)]
  0x00000209f69822c0 JavaThread "Unconstrained build operations Thread 74" [_thread_blocked, id=4128, stack(0x0000008bdd900000,0x0000008bdda00000)]
  0x00000209f6980970 JavaThread "Unconstrained build operations Thread 75" [_thread_blocked, id=10144, stack(0x0000008bdda00000,0x0000008bddb00000)]
  0x00000209f6980e80 JavaThread "Unconstrained build operations Thread 76" [_thread_blocked, id=27976, stack(0x0000008bddb00000,0x0000008bddc00000)]
  0x00000209f6980460 JavaThread "Unconstrained build operations Thread 77" [_thread_blocked, id=26204, stack(0x0000008bddc00000,0x0000008bddd00000)]
  0x00000209f4c8f480 JavaThread "Unconstrained build operations Thread 78" [_thread_blocked, id=24412, stack(0x0000008bddd00000,0x0000008bdde00000)]
  0x00000209f4c8ef70 JavaThread "Unconstrained build operations Thread 79" [_thread_blocked, id=27420, stack(0x0000008bdde00000,0x0000008bddf00000)]
  0x00000209f4c8db30 JavaThread "Unconstrained build operations Thread 80" [_thread_blocked, id=1260, stack(0x0000008bddf00000,0x0000008bde000000)]
  0x00000209f4c8ada0 JavaThread "Exec process" [_thread_in_native, id=10332, stack(0x0000008bde000000,0x0000008bde100000)]
  0x00000209f4c8a380 JavaThread "Exec process Thread 2" [_thread_in_native, id=15308, stack(0x0000008bde100000,0x0000008bde200000)]
  0x00000209f4c8cc00 JavaThread "Exec process Thread 3" [_thread_in_native, id=23316, stack(0x0000008bde200000,0x0000008bde300000)]

Other Threads:
  0x00000209ed3439b0 VMThread "VM Thread" [stack: 0x0000008bd5200000,0x0000008bd5300000] [id=844]
  0x00000209d27ddce0 WatcherThread [stack: 0x0000008bd5e00000,0x0000008bd5f00000] [id=22132]
  0x00000209d280d6a0 GCTaskThread "GC Thread#0" [stack: 0x0000008bd4d00000,0x0000008bd4e00000] [id=9612]
  0x00000209f296b8d0 GCTaskThread "GC Thread#1" [stack: 0x0000008bd5f00000,0x0000008bd6000000] [id=10644]
  0x00000209f296bb90 GCTaskThread "GC Thread#2" [stack: 0x0000008bd6000000,0x0000008bd6100000] [id=28168]
  0x00000209f296be50 GCTaskThread "GC Thread#3" [stack: 0x0000008bd6100000,0x0000008bd6200000] [id=5964]
  0x00000209f296c110 GCTaskThread "GC Thread#4" [stack: 0x0000008bd6200000,0x0000008bd6300000] [id=21360]
  0x00000209f296c3d0 GCTaskThread "GC Thread#5" [stack: 0x0000008bd6300000,0x0000008bd6400000] [id=11376]
  0x00000209f26d9660 GCTaskThread "GC Thread#6" [stack: 0x0000008bd7400000,0x0000008bd7500000] [id=13376]
  0x00000209f26d8e20 GCTaskThread "GC Thread#7" [stack: 0x0000008bd7500000,0x0000008bd7600000] [id=28960]
  0x00000209d2812500 ConcurrentGCThread "G1 Main Marker" [stack: 0x0000008bd4e00000,0x0000008bd4f00000] [id=7756]
  0x00000209d2813e40 ConcurrentGCThread "G1 Conc#0" [stack: 0x0000008bd4f00000,0x0000008bd5000000] [id=9588]
  0x00000209f26d90e0 ConcurrentGCThread "G1 Conc#1" [stack: 0x0000008bd7600000,0x0000008bd7700000] [id=18876]
  0x00000209d289d970 ConcurrentGCThread "G1 Refine#0" [stack: 0x0000008bd5000000,0x0000008bd5100000] [id=28420]
  0x00000209d289e2b0 ConcurrentGCThread "G1 Service" [stack: 0x0000008bd5100000,0x0000008bd5200000] [id=23336]

Threads with active compile tasks:
C2 CompilerThread0   161481 10910       4       org.gradle.internal.logging.text.AbstractLineChoppingStyledTextOutput::doAppend (43 bytes)
C1 CompilerThread0   161481 10918       3       org.gradle.internal.vfs.impl.AbstractVirtualFileSystem::updateRootUnderLock (12 bytes)

VM state: not at safepoint (normal execution)

VM Mutex/Monitor currently owned by a thread:  ([mutex/lock_event])
[0x00000209d06dbba0] CodeCache_lock - owner thread: 0x00000209ed3698d0
[0x00000209d27d99e0] Compile_lock - owner thread: 0x00000209ed3698d0
[0x00000209d27da490] MethodCompileQueue_lock - owner thread: 0x00000209ed3698d0

Heap address: 0x00000000e0000000, size: 512 MB, Compressed Oops mode: 32-bit

CDS archive(s) mapped at: [0x0000020980000000-0x0000020980ba0000-0x0000020980ba0000), size 12189696, SharedBaseAddress: 0x0000020980000000, ArchiveRelocationMode: 1.
Compressed class space mapped at: 0x0000020981000000-0x0000020995000000, reserved size: 335544320
Narrow klass base: 0x0000020980000000, Narrow klass shift: 0, Narrow klass range: 0x100000000

GC Precious Log:
 CPUs: 8 total, 8 available
 Memory: 7886M
 Large Page Support: Disabled
 NUMA Support: Disabled
 Compressed Oops: Enabled (32-bit)
 Heap Region Size: 1M
 Heap Min Capacity: 256M
 Heap Initial Capacity: 256M
 Heap Max Capacity: 512M
 Pre-touch: Disabled
 Parallel Workers: 8
 Concurrent Workers: 2
 Concurrent Refinement Workers: 8
 Periodic GC: Disabled

Heap:
 garbage-first heap   total 262144K, used 189002K [0x00000000e0000000, 0x0000000100000000)
  region size 1024K, 128 young (131072K), 14 survivors (14336K)
 Metaspace       used 65278K, committed 65920K, reserved 393216K
  class space    used 8920K, committed 9280K, reserved 327680K

Heap Regions: E=young(eden), S=young(survivor), O=old, HS=humongous(starts), HC=humongous(continues), CS=collection set, F=free, OA=open archive, CA=closed archive, TAMS=top-at-mark-start (previous, next)
|   0|0x00000000e0000000, 0x00000000e0100000, 0x00000000e0100000|100%|HS|  |TAMS 0x00000000e0100000, 0x00000000e0000000| Complete 
|   1|0x00000000e0100000, 0x00000000e0200000, 0x00000000e0200000|100%|HC|  |TAMS 0x00000000e0200000, 0x00000000e0100000| Complete 
|   2|0x00000000e0200000, 0x00000000e0300000, 0x00000000e0300000|100%|HC|  |TAMS 0x00000000e0300000, 0x00000000e0200000| Complete 
|   3|0x00000000e0300000, 0x00000000e0400000, 0x00000000e0400000|100%|HC|  |TAMS 0x00000000e0400000, 0x00000000e0300000| Complete 
|   4|0x00000000e0400000, 0x00000000e0500000, 0x00000000e0500000|100%| O|  |TAMS 0x00000000e0500000, 0x00000000e0400000| Untracked 
|   5|0x00000000e0500000, 0x00000000e0600000, 0x00000000e0600000|100%| O|  |TAMS 0x00000000e0600000, 0x00000000e0500000| Untracked 
|   6|0x00000000e0600000, 0x00000000e0700000, 0x00000000e0700000|100%| O|  |TAMS 0x00000000e0700000, 0x00000000e0600000| Untracked 
|   7|0x00000000e0700000, 0x00000000e0800000, 0x00000000e0800000|100%| O|  |TAMS 0x00000000e0800000, 0x00000000e0700000| Untracked 
|   8|0x00000000e0800000, 0x00000000e0900000, 0x00000000e0900000|100%| O|  |TAMS 0x00000000e0900000, 0x00000000e0800000| Untracked 
|   9|0x00000000e0900000, 0x00000000e0a00000, 0x00000000e0a00000|100%| O|  |TAMS 0x00000000e0a00000, 0x00000000e0900000| Untracked 
|  10|0x00000000e0a00000, 0x00000000e0b00000, 0x00000000e0b00000|100%| O|  |TAMS 0x00000000e0b00000, 0x00000000e0a00000| Untracked 
|  11|0x00000000e0b00000, 0x00000000e0c00000, 0x00000000e0c00000|100%| O|  |TAMS 0x00000000e0c00000, 0x00000000e0b00000| Untracked 
|  12|0x00000000e0c00000, 0x00000000e0d00000, 0x00000000e0d00000|100%| O|  |TAMS 0x00000000e0d00000, 0x00000000e0c00000| Untracked 
|  13|0x00000000e0d00000, 0x00000000e0e00000, 0x00000000e0e00000|100%|HS|  |TAMS 0x00000000e0e00000, 0x00000000e0d00000| Complete 
|  14|0x00000000e0e00000, 0x00000000e0f00000, 0x00000000e0f00000|100%|HC|  |TAMS 0x00000000e0f00000, 0x00000000e0e00000| Complete 
|  15|0x00000000e0f00000, 0x00000000e1000000, 0x00000000e1000000|100%|HS|  |TAMS 0x00000000e1000000, 0x00000000e0f00000| Complete 
|  16|0x00000000e1000000, 0x00000000e1100000, 0x00000000e1100000|100%| O|  |TAMS 0x00000000e1100000, 0x00000000e1000000| Untracked 
|  17|0x00000000e1100000, 0x00000000e1200000, 0x00000000e1200000|100%| O|  |TAMS 0x00000000e1200000, 0x00000000e1100000| Untracked 
|  18|0x00000000e1200000, 0x00000000e1300000, 0x00000000e1300000|100%| O|  |TAMS 0x00000000e1300000, 0x00000000e1200000| Untracked 
|  19|0x00000000e1300000, 0x00000000e1400000, 0x00000000e1400000|100%| O|  |TAMS 0x00000000e1400000, 0x00000000e1300000| Untracked 
|  20|0x00000000e1400000, 0x00000000e1500000, 0x00000000e1500000|100%| O|  |TAMS 0x00000000e1500000, 0x00000000e1400000| Untracked 
|  21|0x00000000e1500000, 0x00000000e1600000, 0x00000000e1600000|100%| O|  |TAMS 0x00000000e1600000, 0x00000000e1500000| Untracked 
|  22|0x00000000e1600000, 0x00000000e1700000, 0x00000000e1700000|100%| O|  |TAMS 0x00000000e1700000, 0x00000000e1600000| Untracked 
|  23|0x00000000e1700000, 0x00000000e1800000, 0x00000000e1800000|100%| O|  |TAMS 0x00000000e1800000, 0x00000000e1700000| Untracked 
|  24|0x00000000e1800000, 0x00000000e1900000, 0x00000000e1900000|100%| O|  |TAMS 0x00000000e1900000, 0x00000000e1800000| Untracked 
|  25|0x00000000e1900000, 0x00000000e1a00000, 0x00000000e1a00000|100%| O|  |TAMS 0x00000000e1a00000, 0x00000000e1900000| Untracked 
|  26|0x00000000e1a00000, 0x00000000e1b00000, 0x00000000e1b00000|100%| O|  |TAMS 0x00000000e1b00000, 0x00000000e1a00000| Untracked 
|  27|0x00000000e1b00000, 0x00000000e1c00000, 0x00000000e1c00000|100%| O|  |TAMS 0x00000000e1c00000, 0x00000000e1b00000| Untracked 
|  28|0x00000000e1c00000, 0x00000000e1d00000, 0x00000000e1d00000|100%|HS|  |TAMS 0x00000000e1d00000, 0x00000000e1c00000| Complete 
|  29|0x00000000e1d00000, 0x00000000e1e00000, 0x00000000e1e00000|100%|HC|  |TAMS 0x00000000e1e00000, 0x00000000e1d00000| Complete 
|  30|0x00000000e1e00000, 0x00000000e1f00000, 0x00000000e1f00000|100%|HC|  |TAMS 0x00000000e1f00000, 0x00000000e1e00000| Complete 
|  31|0x00000000e1f00000, 0x00000000e2000000, 0x00000000e2000000|100%|HC|  |TAMS 0x00000000e2000000, 0x00000000e1f00000| Complete 
|  32|0x00000000e2000000, 0x00000000e2100000, 0x00000000e2100000|100%| O|  |TAMS 0x00000000e2100000, 0x00000000e2000000| Untracked 
|  33|0x00000000e2100000, 0x00000000e2200000, 0x00000000e2200000|100%| O|  |TAMS 0x00000000e2200000, 0x00000000e2100000| Untracked 
|  34|0x00000000e2200000, 0x00000000e2300000, 0x00000000e2300000|100%| O|  |TAMS 0x00000000e2300000, 0x00000000e2200000| Untracked 
|  35|0x00000000e2300000, 0x00000000e2400000, 0x00000000e2400000|100%| O|  |TAMS 0x00000000e2400000, 0x00000000e2300000| Untracked 
|  36|0x00000000e2400000, 0x00000000e2500000, 0x00000000e2500000|100%| O|  |TAMS 0x00000000e2500000, 0x00000000e2400000| Untracked 
|  37|0x00000000e2500000, 0x00000000e2600000, 0x00000000e2600000|100%| O|  |TAMS 0x00000000e2600000, 0x00000000e2500000| Untracked 
|  38|0x00000000e2600000, 0x00000000e2700000, 0x00000000e2700000|100%| O|  |TAMS 0x00000000e2700000, 0x00000000e2600000| Untracked 
|  39|0x00000000e2700000, 0x00000000e2800000, 0x00000000e2800000|100%| O|  |TAMS 0x00000000e2800000, 0x00000000e2700000| Untracked 
|  40|0x00000000e2800000, 0x00000000e2900000, 0x00000000e2900000|100%| O|  |TAMS 0x00000000e2900000, 0x00000000e2800000| Untracked 
|  41|0x00000000e2900000, 0x00000000e2a00000, 0x00000000e2a00000|100%| O|  |TAMS 0x00000000e2a00000, 0x00000000e2900000| Untracked 
|  42|0x00000000e2a00000, 0x00000000e2b00000, 0x00000000e2b00000|100%| O|  |TAMS 0x00000000e2b00000, 0x00000000e2a00000| Untracked 
|  43|0x00000000e2b00000, 0x00000000e2c00000, 0x00000000e2c00000|100%| O|  |TAMS 0x00000000e2c00000, 0x00000000e2b00000| Untracked 
|  44|0x00000000e2c00000, 0x00000000e2d00000, 0x00000000e2d00000|100%| O|  |TAMS 0x00000000e2d00000, 0x00000000e2c00000| Untracked 
|  45|0x00000000e2d00000, 0x00000000e2e00000, 0x00000000e2e00000|100%| O|  |TAMS 0x00000000e2e00000, 0x00000000e2d00000| Untracked 
|  46|0x00000000e2e00000, 0x00000000e2f00000, 0x00000000e2f00000|100%| O|  |TAMS 0x00000000e2f00000, 0x00000000e2e00000| Untracked 
|  47|0x00000000e2f00000, 0x00000000e3000000, 0x00000000e3000000|100%| O|  |TAMS 0x00000000e2fa2a00, 0x00000000e2f00000| Untracked 
|  48|0x00000000e3000000, 0x00000000e3100000, 0x00000000e3100000|100%| O|  |TAMS 0x00000000e3000000, 0x00000000e3000000| Untracked 
|  49|0x00000000e3100000, 0x00000000e3200000, 0x00000000e3200000|100%| O|  |TAMS 0x00000000e3100000, 0x00000000e3100000| Untracked 
|  50|0x00000000e3200000, 0x00000000e3300000, 0x00000000e3300000|100%| O|  |TAMS 0x00000000e3200000, 0x00000000e3200000| Untracked 
|  51|0x00000000e3300000, 0x00000000e3400000, 0x00000000e3400000|100%| O|  |TAMS 0x00000000e3300000, 0x00000000e3300000| Untracked 
|  52|0x00000000e3400000, 0x00000000e3500000, 0x00000000e3500000|100%| O|  |TAMS 0x00000000e3400000, 0x00000000e3400000| Untracked 
|  53|0x00000000e3500000, 0x00000000e3600000, 0x00000000e3600000|100%| O|  |TAMS 0x00000000e3500000, 0x00000000e3500000| Untracked 
|  54|0x00000000e3600000, 0x00000000e3700000, 0x00000000e3700000|100%| O|  |TAMS 0x00000000e3600000, 0x00000000e3600000| Untracked 
|  55|0x00000000e3700000, 0x00000000e3800000, 0x00000000e3800000|100%| O|  |TAMS 0x00000000e3700000, 0x00000000e3700000| Untracked 
|  56|0x00000000e3800000, 0x00000000e3900000, 0x00000000e3900000|100%| O|  |TAMS 0x00000000e3800000, 0x00000000e3800000| Untracked 
|  57|0x00000000e3900000, 0x00000000e3a00000, 0x00000000e3a00000|100%| O|  |TAMS 0x00000000e3900000, 0x00000000e3900000| Untracked 
|  58|0x00000000e3a00000, 0x00000000e3a48800, 0x00000000e3b00000| 28%| O|  |TAMS 0x00000000e3a00000, 0x00000000e3a00000| Untracked 
|  59|0x00000000e3b00000, 0x00000000e3b00000, 0x00000000e3c00000|  0%| F|  |TAMS 0x00000000e3b00000, 0x00000000e3b00000| Untracked 
|  60|0x00000000e3c00000, 0x00000000e3c00000, 0x00000000e3d00000|  0%| F|  |TAMS 0x00000000e3c00000, 0x00000000e3c00000| Untracked 
|  61|0x00000000e3d00000, 0x00000000e3d00000, 0x00000000e3e00000|  0%| F|  |TAMS 0x00000000e3d00000, 0x00000000e3d00000| Untracked 
|  62|0x00000000e3e00000, 0x00000000e3e00000, 0x00000000e3f00000|  0%| F|  |TAMS 0x00000000e3e00000, 0x00000000e3e00000| Untracked 
|  63|0x00000000e3f00000, 0x00000000e3f00000, 0x00000000e4000000|  0%| F|  |TAMS 0x00000000e3f00000, 0x00000000e3f00000| Untracked 
|  64|0x00000000e4000000, 0x00000000e4000000, 0x00000000e4100000|  0%| F|  |TAMS 0x00000000e4000000, 0x00000000e4000000| Untracked 
|  65|0x00000000e4100000, 0x00000000e4100000, 0x00000000e4200000|  0%| F|  |TAMS 0x00000000e4100000, 0x00000000e4100000| Untracked 
|  66|0x00000000e4200000, 0x00000000e4200000, 0x00000000e4300000|  0%| F|  |TAMS 0x00000000e4200000, 0x00000000e4200000| Untracked 
|  67|0x00000000e4300000, 0x00000000e4300000, 0x00000000e4400000|  0%| F|  |TAMS 0x00000000e4300000, 0x00000000e4300000| Untracked 
|  68|0x00000000e4400000, 0x00000000e4400000, 0x00000000e4500000|  0%| F|  |TAMS 0x00000000e4400000, 0x00000000e4400000| Untracked 
|  69|0x00000000e4500000, 0x00000000e4500000, 0x00000000e4600000|  0%| F|  |TAMS 0x00000000e4500000, 0x00000000e4500000| Untracked 
|  70|0x00000000e4600000, 0x00000000e4600000, 0x00000000e4700000|  0%| F|  |TAMS 0x00000000e4600000, 0x00000000e4600000| Untracked 
|  71|0x00000000e4700000, 0x00000000e4700000, 0x00000000e4800000|  0%| F|  |TAMS 0x00000000e4700000, 0x00000000e4700000| Untracked 
|  72|0x00000000e4800000, 0x00000000e4800000, 0x00000000e4900000|  0%| F|  |TAMS 0x00000000e4800000, 0x00000000e4800000| Untracked 
|  73|0x00000000e4900000, 0x00000000e4900000, 0x00000000e4a00000|  0%| F|  |TAMS 0x00000000e4900000, 0x00000000e4900000| Untracked 
|  74|0x00000000e4a00000, 0x00000000e4a00000, 0x00000000e4b00000|  0%| F|  |TAMS 0x00000000e4a00000, 0x00000000e4a00000| Untracked 
|  75|0x00000000e4b00000, 0x00000000e4b00000, 0x00000000e4c00000|  0%| F|  |TAMS 0x00000000e4b00000, 0x00000000e4b00000| Untracked 
|  76|0x00000000e4c00000, 0x00000000e4c00000, 0x00000000e4d00000|  0%| F|  |TAMS 0x00000000e4c00000, 0x00000000e4c00000| Untracked 
|  77|0x00000000e4d00000, 0x00000000e4d00000, 0x00000000e4e00000|  0%| F|  |TAMS 0x00000000e4d00000, 0x00000000e4d00000| Untracked 
|  78|0x00000000e4e00000, 0x00000000e4e00000, 0x00000000e4f00000|  0%| F|  |TAMS 0x00000000e4e00000, 0x00000000e4e00000| Untracked 
|  79|0x00000000e4f00000, 0x00000000e4f00000, 0x00000000e5000000|  0%| F|  |TAMS 0x00000000e4f00000, 0x00000000e4f00000| Untracked 
|  80|0x00000000e5000000, 0x00000000e5000000, 0x00000000e5100000|  0%| F|  |TAMS 0x00000000e5000000, 0x00000000e5000000| Untracked 
|  81|0x00000000e5100000, 0x00000000e5100000, 0x00000000e5200000|  0%| F|  |TAMS 0x00000000e5100000, 0x00000000e5100000| Untracked 
|  82|0x00000000e5200000, 0x00000000e5200000, 0x00000000e5300000|  0%| F|  |TAMS 0x00000000e5200000, 0x00000000e5200000| Untracked 
|  83|0x00000000e5300000, 0x00000000e5300000, 0x00000000e5400000|  0%| F|  |TAMS 0x00000000e5300000, 0x00000000e5300000| Untracked 
|  84|0x00000000e5400000, 0x00000000e5400000, 0x00000000e5500000|  0%| F|  |TAMS 0x00000000e5400000, 0x00000000e5400000| Untracked 
|  85|0x00000000e5500000, 0x00000000e5500000, 0x00000000e5600000|  0%| F|  |TAMS 0x00000000e5500000, 0x00000000e5500000| Untracked 
|  86|0x00000000e5600000, 0x00000000e5600000, 0x00000000e5700000|  0%| F|  |TAMS 0x00000000e5600000, 0x00000000e5600000| Untracked 
|  87|0x00000000e5700000, 0x00000000e5700000, 0x00000000e5800000|  0%| F|  |TAMS 0x00000000e5700000, 0x00000000e5700000| Untracked 
|  88|0x00000000e5800000, 0x00000000e5800000, 0x00000000e5900000|  0%| F|  |TAMS 0x00000000e5800000, 0x00000000e5800000| Untracked 
|  89|0x00000000e5900000, 0x00000000e5900000, 0x00000000e5a00000|  0%| F|  |TAMS 0x00000000e5900000, 0x00000000e5900000| Untracked 
|  90|0x00000000e5a00000, 0x00000000e5a00000, 0x00000000e5b00000|  0%| F|  |TAMS 0x00000000e5a00000, 0x00000000e5a00000| Untracked 
|  91|0x00000000e5b00000, 0x00000000e5b00000, 0x00000000e5c00000|  0%| F|  |TAMS 0x00000000e5b00000, 0x00000000e5b00000| Untracked 
|  92|0x00000000e5c00000, 0x00000000e5c00000, 0x00000000e5d00000|  0%| F|  |TAMS 0x00000000e5c00000, 0x00000000e5c00000| Untracked 
|  93|0x00000000e5d00000, 0x00000000e5d00000, 0x00000000e5e00000|  0%| F|  |TAMS 0x00000000e5d00000, 0x00000000e5d00000| Untracked 
|  94|0x00000000e5e00000, 0x00000000e5e00000, 0x00000000e5f00000|  0%| F|  |TAMS 0x00000000e5e00000, 0x00000000e5e00000| Untracked 
|  95|0x00000000e5f00000, 0x00000000e5f00000, 0x00000000e6000000|  0%| F|  |TAMS 0x00000000e5f00000, 0x00000000e5f00000| Untracked 
|  96|0x00000000e6000000, 0x00000000e6000000, 0x00000000e6100000|  0%| F|  |TAMS 0x00000000e6000000, 0x00000000e6000000| Untracked 
|  97|0x00000000e6100000, 0x00000000e6100000, 0x00000000e6200000|  0%| F|  |TAMS 0x00000000e6100000, 0x00000000e6100000| Untracked 
|  98|0x00000000e6200000, 0x00000000e6200000, 0x00000000e6300000|  0%| F|  |TAMS 0x00000000e6200000, 0x00000000e6200000| Untracked 
|  99|0x00000000e6300000, 0x00000000e6300000, 0x00000000e6400000|  0%| F|  |TAMS 0x00000000e6300000, 0x00000000e6300000| Untracked 
| 100|0x00000000e6400000, 0x00000000e6400000, 0x00000000e6500000|  0%| F|  |TAMS 0x00000000e6400000, 0x00000000e6400000| Untracked 
| 101|0x00000000e6500000, 0x00000000e6500000, 0x00000000e6600000|  0%| F|  |TAMS 0x00000000e6500000, 0x00000000e6500000| Untracked 
| 102|0x00000000e6600000, 0x00000000e664a100, 0x00000000e6700000| 28%| S|CS|TAMS 0x00000000e6600000, 0x00000000e6600000| Complete 
| 103|0x00000000e6700000, 0x00000000e6800000, 0x00000000e6800000|100%| S|CS|TAMS 0x00000000e6700000, 0x00000000e6700000| Complete 
| 104|0x00000000e6800000, 0x00000000e6900000, 0x00000000e6900000|100%| S|CS|TAMS 0x00000000e6800000, 0x00000000e6800000| Complete 
| 105|0x00000000e6900000, 0x00000000e6a00000, 0x00000000e6a00000|100%| S|CS|TAMS 0x00000000e6900000, 0x00000000e6900000| Complete 
| 106|0x00000000e6a00000, 0x00000000e6b00000, 0x00000000e6b00000|100%| S|CS|TAMS 0x00000000e6a00000, 0x00000000e6a00000| Complete 
| 107|0x00000000e6b00000, 0x00000000e6c00000, 0x00000000e6c00000|100%| S|CS|TAMS 0x00000000e6b00000, 0x00000000e6b00000| Complete 
| 108|0x00000000e6c00000, 0x00000000e6d00000, 0x00000000e6d00000|100%| S|CS|TAMS 0x00000000e6c00000, 0x00000000e6c00000| Complete 
| 109|0x00000000e6d00000, 0x00000000e6e00000, 0x00000000e6e00000|100%| S|CS|TAMS 0x00000000e6d00000, 0x00000000e6d00000| Complete 
| 110|0x00000000e6e00000, 0x00000000e6f00000, 0x00000000e6f00000|100%| S|CS|TAMS 0x00000000e6e00000, 0x00000000e6e00000| Complete 
| 111|0x00000000e6f00000, 0x00000000e7000000, 0x00000000e7000000|100%| S|CS|TAMS 0x00000000e6f00000, 0x00000000e6f00000| Complete 
| 112|0x00000000e7000000, 0x00000000e7100000, 0x00000000e7100000|100%| S|CS|TAMS 0x00000000e7000000, 0x00000000e7000000| Complete 
| 113|0x00000000e7100000, 0x00000000e7200000, 0x00000000e7200000|100%| S|CS|TAMS 0x00000000e7100000, 0x00000000e7100000| Complete 
| 114|0x00000000e7200000, 0x00000000e7300000, 0x00000000e7300000|100%| S|CS|TAMS 0x00000000e7200000, 0x00000000e7200000| Complete 
| 115|0x00000000e7300000, 0x00000000e7400000, 0x00000000e7400000|100%| S|CS|TAMS 0x00000000e7300000, 0x00000000e7300000| Complete 
| 116|0x00000000e7400000, 0x00000000e7400000, 0x00000000e7500000|  0%| F|  |TAMS 0x00000000e7400000, 0x00000000e7400000| Untracked 
| 117|0x00000000e7500000, 0x00000000e7500000, 0x00000000e7600000|  0%| F|  |TAMS 0x00000000e7500000, 0x00000000e7500000| Untracked 
| 118|0x00000000e7600000, 0x00000000e7600000, 0x00000000e7700000|  0%| F|  |TAMS 0x00000000e7600000, 0x00000000e7600000| Untracked 
| 119|0x00000000e7700000, 0x00000000e7700000, 0x00000000e7800000|  0%| F|  |TAMS 0x00000000e7700000, 0x00000000e7700000| Untracked 
| 120|0x00000000e7800000, 0x00000000e7800000, 0x00000000e7900000|  0%| F|  |TAMS 0x00000000e7800000, 0x00000000e7800000| Untracked 
| 121|0x00000000e7900000, 0x00000000e7900000, 0x00000000e7a00000|  0%| F|  |TAMS 0x00000000e7900000, 0x00000000e7900000| Untracked 
| 122|0x00000000e7a00000, 0x00000000e7a00000, 0x00000000e7b00000|  0%| F|  |TAMS 0x00000000e7a00000, 0x00000000e7a00000| Untracked 
| 123|0x00000000e7b00000, 0x00000000e7b00000, 0x00000000e7c00000|  0%| F|  |TAMS 0x00000000e7b00000, 0x00000000e7b00000| Untracked 
| 124|0x00000000e7c00000, 0x00000000e7c00000, 0x00000000e7d00000|  0%| F|  |TAMS 0x00000000e7c00000, 0x00000000e7c00000| Untracked 
| 125|0x00000000e7d00000, 0x00000000e7d00000, 0x00000000e7e00000|  0%| F|  |TAMS 0x00000000e7d00000, 0x00000000e7d00000| Untracked 
| 126|0x00000000e7e00000, 0x00000000e7e00000, 0x00000000e7f00000|  0%| F|  |TAMS 0x00000000e7e00000, 0x00000000e7e00000| Untracked 
| 127|0x00000000e7f00000, 0x00000000e7f00000, 0x00000000e8000000|  0%| F|  |TAMS 0x00000000e7f00000, 0x00000000e7f00000| Untracked 
| 128|0x00000000e8000000, 0x00000000e8000000, 0x00000000e8100000|  0%| F|  |TAMS 0x00000000e8000000, 0x00000000e8000000| Untracked 
| 129|0x00000000e8100000, 0x00000000e8100000, 0x00000000e8200000|  0%| F|  |TAMS 0x00000000e8100000, 0x00000000e8100000| Untracked 
| 130|0x00000000e8200000, 0x00000000e8200000, 0x00000000e8300000|  0%| F|  |TAMS 0x00000000e8200000, 0x00000000e8200000| Untracked 
| 131|0x00000000e8300000, 0x00000000e8300000, 0x00000000e8400000|  0%| F|  |TAMS 0x00000000e8300000, 0x00000000e8300000| Untracked 
| 132|0x00000000e8400000, 0x00000000e8400000, 0x00000000e8500000|  0%| F|  |TAMS 0x00000000e8400000, 0x00000000e8400000| Untracked 
| 133|0x00000000e8500000, 0x00000000e8500000, 0x00000000e8600000|  0%| F|  |TAMS 0x00000000e8500000, 0x00000000e8500000| Untracked 
| 134|0x00000000e8600000, 0x00000000e8600000, 0x00000000e8700000|  0%| F|  |TAMS 0x00000000e8600000, 0x00000000e8600000| Untracked 
| 135|0x00000000e8700000, 0x00000000e8700000, 0x00000000e8800000|  0%| F|  |TAMS 0x00000000e8700000, 0x00000000e8700000| Untracked 
| 136|0x00000000e8800000, 0x00000000e8800000, 0x00000000e8900000|  0%| F|  |TAMS 0x00000000e8800000, 0x00000000e8800000| Untracked 
| 137|0x00000000e8900000, 0x00000000e8900000, 0x00000000e8a00000|  0%| F|  |TAMS 0x00000000e8900000, 0x00000000e8900000| Untracked 
| 138|0x00000000e8a00000, 0x00000000e8a00000, 0x00000000e8b00000|  0%| F|  |TAMS 0x00000000e8a00000, 0x00000000e8a00000| Untracked 
| 139|0x00000000e8b00000, 0x00000000e8b00000, 0x00000000e8c00000|  0%| F|  |TAMS 0x00000000e8b00000, 0x00000000e8b00000| Untracked 
| 140|0x00000000e8c00000, 0x00000000e8c00000, 0x00000000e8d00000|  0%| F|  |TAMS 0x00000000e8c00000, 0x00000000e8c00000| Untracked 
| 141|0x00000000e8d00000, 0x00000000e8d00000, 0x00000000e8e00000|  0%| F|  |TAMS 0x00000000e8d00000, 0x00000000e8d00000| Untracked 
| 142|0x00000000e8e00000, 0x00000000e8e966e8, 0x00000000e8f00000| 58%| E|  |TAMS 0x00000000e8e00000, 0x00000000e8e00000| Complete 
| 143|0x00000000e8f00000, 0x00000000e9000000, 0x00000000e9000000|100%| E|CS|TAMS 0x00000000e8f00000, 0x00000000e8f00000| Complete 
| 144|0x00000000e9000000, 0x00000000e9100000, 0x00000000e9100000|100%| E|CS|TAMS 0x00000000e9000000, 0x00000000e9000000| Complete 
| 145|0x00000000e9100000, 0x00000000e9200000, 0x00000000e9200000|100%| E|CS|TAMS 0x00000000e9100000, 0x00000000e9100000| Complete 
| 146|0x00000000e9200000, 0x00000000e9300000, 0x00000000e9300000|100%| E|CS|TAMS 0x00000000e9200000, 0x00000000e9200000| Complete 
| 147|0x00000000e9300000, 0x00000000e9400000, 0x00000000e9400000|100%| E|CS|TAMS 0x00000000e9300000, 0x00000000e9300000| Complete 
| 148|0x00000000e9400000, 0x00000000e9500000, 0x00000000e9500000|100%| E|CS|TAMS 0x00000000e9400000, 0x00000000e9400000| Complete 
| 149|0x00000000e9500000, 0x00000000e9600000, 0x00000000e9600000|100%| E|CS|TAMS 0x00000000e9500000, 0x00000000e9500000| Complete 
| 150|0x00000000e9600000, 0x00000000e9700000, 0x00000000e9700000|100%| E|CS|TAMS 0x00000000e9600000, 0x00000000e9600000| Complete 
| 151|0x00000000e9700000, 0x00000000e9800000, 0x00000000e9800000|100%| E|CS|TAMS 0x00000000e9700000, 0x00000000e9700000| Complete 
| 152|0x00000000e9800000, 0x00000000e9900000, 0x00000000e9900000|100%| E|CS|TAMS 0x00000000e9800000, 0x00000000e9800000| Complete 
| 153|0x00000000e9900000, 0x00000000e9a00000, 0x00000000e9a00000|100%| E|CS|TAMS 0x00000000e9900000, 0x00000000e9900000| Complete 
| 154|0x00000000e9a00000, 0x00000000e9b00000, 0x00000000e9b00000|100%| E|CS|TAMS 0x00000000e9a00000, 0x00000000e9a00000| Complete 
| 155|0x00000000e9b00000, 0x00000000e9c00000, 0x00000000e9c00000|100%| E|CS|TAMS 0x00000000e9b00000, 0x00000000e9b00000| Complete 
| 156|0x00000000e9c00000, 0x00000000e9d00000, 0x00000000e9d00000|100%| E|CS|TAMS 0x00000000e9c00000, 0x00000000e9c00000| Complete 
| 157|0x00000000e9d00000, 0x00000000e9e00000, 0x00000000e9e00000|100%| E|CS|TAMS 0x00000000e9d00000, 0x00000000e9d00000| Complete 
| 158|0x00000000e9e00000, 0x00000000e9f00000, 0x00000000e9f00000|100%| E|CS|TAMS 0x00000000e9e00000, 0x00000000e9e00000| Complete 
| 159|0x00000000e9f00000, 0x00000000ea000000, 0x00000000ea000000|100%| E|CS|TAMS 0x00000000e9f00000, 0x00000000e9f00000| Complete 
| 160|0x00000000ea000000, 0x00000000ea100000, 0x00000000ea100000|100%| E|CS|TAMS 0x00000000ea000000, 0x00000000ea000000| Complete 
| 161|0x00000000ea100000, 0x00000000ea200000, 0x00000000ea200000|100%| E|CS|TAMS 0x00000000ea100000, 0x00000000ea100000| Complete 
| 162|0x00000000ea200000, 0x00000000ea300000, 0x00000000ea300000|100%| E|CS|TAMS 0x00000000ea200000, 0x00000000ea200000| Complete 
| 163|0x00000000ea300000, 0x00000000ea400000, 0x00000000ea400000|100%| E|CS|TAMS 0x00000000ea300000, 0x00000000ea300000| Complete 
| 164|0x00000000ea400000, 0x00000000ea500000, 0x00000000ea500000|100%| E|CS|TAMS 0x00000000ea400000, 0x00000000ea400000| Complete 
| 165|0x00000000ea500000, 0x00000000ea600000, 0x00000000ea600000|100%| E|CS|TAMS 0x00000000ea500000, 0x00000000ea500000| Complete 
| 166|0x00000000ea600000, 0x00000000ea700000, 0x00000000ea700000|100%| E|CS|TAMS 0x00000000ea600000, 0x00000000ea600000| Complete 
| 167|0x00000000ea700000, 0x00000000ea800000, 0x00000000ea800000|100%| E|CS|TAMS 0x00000000ea700000, 0x00000000ea700000| Complete 
| 168|0x00000000ea800000, 0x00000000ea900000, 0x00000000ea900000|100%| E|CS|TAMS 0x00000000ea800000, 0x00000000ea800000| Complete 
| 169|0x00000000ea900000, 0x00000000eaa00000, 0x00000000eaa00000|100%| E|CS|TAMS 0x00000000ea900000, 0x00000000ea900000| Complete 
| 170|0x00000000eaa00000, 0x00000000eab00000, 0x00000000eab00000|100%| E|CS|TAMS 0x00000000eaa00000, 0x00000000eaa00000| Complete 
| 171|0x00000000eab00000, 0x00000000eac00000, 0x00000000eac00000|100%| E|CS|TAMS 0x00000000eab00000, 0x00000000eab00000| Complete 
| 172|0x00000000eac00000, 0x00000000ead00000, 0x00000000ead00000|100%| E|CS|TAMS 0x00000000eac00000, 0x00000000eac00000| Complete 
| 173|0x00000000ead00000, 0x00000000eae00000, 0x00000000eae00000|100%| E|CS|TAMS 0x00000000ead00000, 0x00000000ead00000| Complete 
| 174|0x00000000eae00000, 0x00000000eaf00000, 0x00000000eaf00000|100%| E|CS|TAMS 0x00000000eae00000, 0x00000000eae00000| Complete 
| 175|0x00000000eaf00000, 0x00000000eb000000, 0x00000000eb000000|100%| E|CS|TAMS 0x00000000eaf00000, 0x00000000eaf00000| Complete 
| 176|0x00000000eb000000, 0x00000000eb100000, 0x00000000eb100000|100%| E|CS|TAMS 0x00000000eb000000, 0x00000000eb000000| Complete 
| 177|0x00000000eb100000, 0x00000000eb200000, 0x00000000eb200000|100%| E|CS|TAMS 0x00000000eb100000, 0x00000000eb100000| Complete 
| 178|0x00000000eb200000, 0x00000000eb300000, 0x00000000eb300000|100%| E|CS|TAMS 0x00000000eb200000, 0x00000000eb200000| Complete 
| 179|0x00000000eb300000, 0x00000000eb400000, 0x00000000eb400000|100%| E|CS|TAMS 0x00000000eb300000, 0x00000000eb300000| Complete 
| 180|0x00000000eb400000, 0x00000000eb500000, 0x00000000eb500000|100%| E|CS|TAMS 0x00000000eb400000, 0x00000000eb400000| Complete 
| 181|0x00000000eb500000, 0x00000000eb600000, 0x00000000eb600000|100%| E|CS|TAMS 0x00000000eb500000, 0x00000000eb500000| Complete 
| 182|0x00000000eb600000, 0x00000000eb700000, 0x00000000eb700000|100%| E|CS|TAMS 0x00000000eb600000, 0x00000000eb600000| Complete 
| 183|0x00000000eb700000, 0x00000000eb800000, 0x00000000eb800000|100%| E|CS|TAMS 0x00000000eb700000, 0x00000000eb700000| Complete 
| 184|0x00000000eb800000, 0x00000000eb900000, 0x00000000eb900000|100%| E|CS|TAMS 0x00000000eb800000, 0x00000000eb800000| Complete 
| 185|0x00000000eb900000, 0x00000000eba00000, 0x00000000eba00000|100%| E|CS|TAMS 0x00000000eb900000, 0x00000000eb900000| Complete 
| 186|0x00000000eba00000, 0x00000000ebb00000, 0x00000000ebb00000|100%| E|CS|TAMS 0x00000000eba00000, 0x00000000eba00000| Complete 
| 187|0x00000000ebb00000, 0x00000000ebc00000, 0x00000000ebc00000|100%| E|CS|TAMS 0x00000000ebb00000, 0x00000000ebb00000| Complete 
| 188|0x00000000ebc00000, 0x00000000ebd00000, 0x00000000ebd00000|100%| E|CS|TAMS 0x00000000ebc00000, 0x00000000ebc00000| Complete 
| 189|0x00000000ebd00000, 0x00000000ebe00000, 0x00000000ebe00000|100%| E|CS|TAMS 0x00000000ebd00000, 0x00000000ebd00000| Complete 
| 190|0x00000000ebe00000, 0x00000000ebf00000, 0x00000000ebf00000|100%| E|CS|TAMS 0x00000000ebe00000, 0x00000000ebe00000| Complete 
| 191|0x00000000ebf00000, 0x00000000ec000000, 0x00000000ec000000|100%| E|CS|TAMS 0x00000000ebf00000, 0x00000000ebf00000| Complete 
| 192|0x00000000ec000000, 0x00000000ec100000, 0x00000000ec100000|100%| E|CS|TAMS 0x00000000ec000000, 0x00000000ec000000| Complete 
| 193|0x00000000ec100000, 0x00000000ec200000, 0x00000000ec200000|100%| E|CS|TAMS 0x00000000ec100000, 0x00000000ec100000| Complete 
| 194|0x00000000ec200000, 0x00000000ec300000, 0x00000000ec300000|100%| E|CS|TAMS 0x00000000ec200000, 0x00000000ec200000| Complete 
| 195|0x00000000ec300000, 0x00000000ec400000, 0x00000000ec400000|100%| E|CS|TAMS 0x00000000ec300000, 0x00000000ec300000| Complete 
| 196|0x00000000ec400000, 0x00000000ec500000, 0x00000000ec500000|100%| E|CS|TAMS 0x00000000ec400000, 0x00000000ec400000| Complete 
| 197|0x00000000ec500000, 0x00000000ec600000, 0x00000000ec600000|100%| E|CS|TAMS 0x00000000ec500000, 0x00000000ec500000| Complete 
| 198|0x00000000ec600000, 0x00000000ec700000, 0x00000000ec700000|100%| E|CS|TAMS 0x00000000ec600000, 0x00000000ec600000| Complete 
| 199|0x00000000ec700000, 0x00000000ec800000, 0x00000000ec800000|100%| E|CS|TAMS 0x00000000ec700000, 0x00000000ec700000| Complete 
| 200|0x00000000ec800000, 0x00000000ec900000, 0x00000000ec900000|100%| E|CS|TAMS 0x00000000ec800000, 0x00000000ec800000| Complete 
| 201|0x00000000ec900000, 0x00000000eca00000, 0x00000000eca00000|100%| E|CS|TAMS 0x00000000ec900000, 0x00000000ec900000| Complete 
| 202|0x00000000eca00000, 0x00000000ecb00000, 0x00000000ecb00000|100%| E|CS|TAMS 0x00000000eca00000, 0x00000000eca00000| Complete 
| 203|0x00000000ecb00000, 0x00000000ecc00000, 0x00000000ecc00000|100%| E|CS|TAMS 0x00000000ecb00000, 0x00000000ecb00000| Complete 
| 204|0x00000000ecc00000, 0x00000000ecd00000, 0x00000000ecd00000|100%| E|CS|TAMS 0x00000000ecc00000, 0x00000000ecc00000| Complete 
| 205|0x00000000ecd00000, 0x00000000ece00000, 0x00000000ece00000|100%| E|CS|TAMS 0x00000000ecd00000, 0x00000000ecd00000| Complete 
| 206|0x00000000ece00000, 0x00000000ecf00000, 0x00000000ecf00000|100%| E|CS|TAMS 0x00000000ece00000, 0x00000000ece00000| Complete 
| 207|0x00000000ecf00000, 0x00000000ed000000, 0x00000000ed000000|100%| E|CS|TAMS 0x00000000ecf00000, 0x00000000ecf00000| Complete 
| 208|0x00000000ed000000, 0x00000000ed100000, 0x00000000ed100000|100%| E|CS|TAMS 0x00000000ed000000, 0x00000000ed000000| Complete 
| 209|0x00000000ed100000, 0x00000000ed200000, 0x00000000ed200000|100%| E|CS|TAMS 0x00000000ed100000, 0x00000000ed100000| Complete 
| 210|0x00000000ed200000, 0x00000000ed300000, 0x00000000ed300000|100%| E|CS|TAMS 0x00000000ed200000, 0x00000000ed200000| Complete 
| 211|0x00000000ed300000, 0x00000000ed400000, 0x00000000ed400000|100%| E|CS|TAMS 0x00000000ed300000, 0x00000000ed300000| Complete 
| 212|0x00000000ed400000, 0x00000000ed500000, 0x00000000ed500000|100%| E|CS|TAMS 0x00000000ed400000, 0x00000000ed400000| Complete 
| 213|0x00000000ed500000, 0x00000000ed600000, 0x00000000ed600000|100%| E|CS|TAMS 0x00000000ed500000, 0x00000000ed500000| Complete 
| 214|0x00000000ed600000, 0x00000000ed700000, 0x00000000ed700000|100%| E|CS|TAMS 0x00000000ed600000, 0x00000000ed600000| Complete 
| 215|0x00000000ed700000, 0x00000000ed800000, 0x00000000ed800000|100%| E|CS|TAMS 0x00000000ed700000, 0x00000000ed700000| Complete 
| 216|0x00000000ed800000, 0x00000000ed900000, 0x00000000ed900000|100%| E|CS|TAMS 0x00000000ed800000, 0x00000000ed800000| Complete 
| 217|0x00000000ed900000, 0x00000000eda00000, 0x00000000eda00000|100%| E|CS|TAMS 0x00000000ed900000, 0x00000000ed900000| Complete 
| 218|0x00000000eda00000, 0x00000000edb00000, 0x00000000edb00000|100%| E|CS|TAMS 0x00000000eda00000, 0x00000000eda00000| Complete 
| 219|0x00000000edb00000, 0x00000000edc00000, 0x00000000edc00000|100%| E|CS|TAMS 0x00000000edb00000, 0x00000000edb00000| Complete 
| 220|0x00000000edc00000, 0x00000000edd00000, 0x00000000edd00000|100%| E|CS|TAMS 0x00000000edc00000, 0x00000000edc00000| Complete 
| 221|0x00000000edd00000, 0x00000000ede00000, 0x00000000ede00000|100%| E|CS|TAMS 0x00000000edd00000, 0x00000000edd00000| Complete 
| 222|0x00000000ede00000, 0x00000000edf00000, 0x00000000edf00000|100%| E|CS|TAMS 0x00000000ede00000, 0x00000000ede00000| Complete 
| 223|0x00000000edf00000, 0x00000000ee000000, 0x00000000ee000000|100%| E|CS|TAMS 0x00000000edf00000, 0x00000000edf00000| Complete 
| 224|0x00000000ee000000, 0x00000000ee100000, 0x00000000ee100000|100%| E|CS|TAMS 0x00000000ee000000, 0x00000000ee000000| Complete 
| 225|0x00000000ee100000, 0x00000000ee200000, 0x00000000ee200000|100%| E|CS|TAMS 0x00000000ee100000, 0x00000000ee100000| Complete 
| 226|0x00000000ee200000, 0x00000000ee300000, 0x00000000ee300000|100%| E|CS|TAMS 0x00000000ee200000, 0x00000000ee200000| Complete 
| 227|0x00000000ee300000, 0x00000000ee400000, 0x00000000ee400000|100%| E|CS|TAMS 0x00000000ee300000, 0x00000000ee300000| Complete 
| 228|0x00000000ee400000, 0x00000000ee500000, 0x00000000ee500000|100%| E|CS|TAMS 0x00000000ee400000, 0x00000000ee400000| Complete 
| 229|0x00000000ee500000, 0x00000000ee600000, 0x00000000ee600000|100%| E|CS|TAMS 0x00000000ee500000, 0x00000000ee500000| Complete 
| 230|0x00000000ee600000, 0x00000000ee700000, 0x00000000ee700000|100%| E|CS|TAMS 0x00000000ee600000, 0x00000000ee600000| Complete 
| 231|0x00000000ee700000, 0x00000000ee800000, 0x00000000ee800000|100%| E|CS|TAMS 0x00000000ee700000, 0x00000000ee700000| Complete 
| 232|0x00000000ee800000, 0x00000000ee900000, 0x00000000ee900000|100%| E|CS|TAMS 0x00000000ee800000, 0x00000000ee800000| Complete 
| 233|0x00000000ee900000, 0x00000000eea00000, 0x00000000eea00000|100%| E|CS|TAMS 0x00000000ee900000, 0x00000000ee900000| Complete 
| 234|0x00000000eea00000, 0x00000000eeb00000, 0x00000000eeb00000|100%| E|CS|TAMS 0x00000000eea00000, 0x00000000eea00000| Complete 
| 235|0x00000000eeb00000, 0x00000000eec00000, 0x00000000eec00000|100%| E|CS|TAMS 0x00000000eeb00000, 0x00000000eeb00000| Complete 
| 236|0x00000000eec00000, 0x00000000eed00000, 0x00000000eed00000|100%| E|CS|TAMS 0x00000000eec00000, 0x00000000eec00000| Complete 
| 237|0x00000000eed00000, 0x00000000eee00000, 0x00000000eee00000|100%| E|CS|TAMS 0x00000000eed00000, 0x00000000eed00000| Complete 
| 238|0x00000000eee00000, 0x00000000eef00000, 0x00000000eef00000|100%| E|CS|TAMS 0x00000000eee00000, 0x00000000eee00000| Complete 
| 239|0x00000000eef00000, 0x00000000ef000000, 0x00000000ef000000|100%| E|CS|TAMS 0x00000000eef00000, 0x00000000eef00000| Complete 
| 240|0x00000000ef000000, 0x00000000ef100000, 0x00000000ef100000|100%| E|CS|TAMS 0x00000000ef000000, 0x00000000ef000000| Complete 
| 241|0x00000000ef100000, 0x00000000ef200000, 0x00000000ef200000|100%| E|CS|TAMS 0x00000000ef100000, 0x00000000ef100000| Complete 
| 242|0x00000000ef200000, 0x00000000ef300000, 0x00000000ef300000|100%| E|CS|TAMS 0x00000000ef200000, 0x00000000ef200000| Complete 
| 243|0x00000000ef300000, 0x00000000ef400000, 0x00000000ef400000|100%| E|CS|TAMS 0x00000000ef300000, 0x00000000ef300000| Complete 
| 244|0x00000000ef400000, 0x00000000ef500000, 0x00000000ef500000|100%| E|CS|TAMS 0x00000000ef400000, 0x00000000ef400000| Complete 
| 245|0x00000000ef500000, 0x00000000ef600000, 0x00000000ef600000|100%| E|CS|TAMS 0x00000000ef500000, 0x00000000ef500000| Complete 
| 246|0x00000000ef600000, 0x00000000ef700000, 0x00000000ef700000|100%| E|CS|TAMS 0x00000000ef600000, 0x00000000ef600000| Complete 
| 247|0x00000000ef700000, 0x00000000ef800000, 0x00000000ef800000|100%| E|CS|TAMS 0x00000000ef700000, 0x00000000ef700000| Complete 
| 248|0x00000000ef800000, 0x00000000ef900000, 0x00000000ef900000|100%| E|CS|TAMS 0x00000000ef800000, 0x00000000ef800000| Complete 
| 249|0x00000000ef900000, 0x00000000efa00000, 0x00000000efa00000|100%| E|CS|TAMS 0x00000000ef900000, 0x00000000ef900000| Complete 
| 250|0x00000000efa00000, 0x00000000efb00000, 0x00000000efb00000|100%| E|CS|TAMS 0x00000000efa00000, 0x00000000efa00000| Complete 
| 251|0x00000000efb00000, 0x00000000efc00000, 0x00000000efc00000|100%| E|CS|TAMS 0x00000000efb00000, 0x00000000efb00000| Complete 
| 252|0x00000000efc00000, 0x00000000efd00000, 0x00000000efd00000|100%| E|CS|TAMS 0x00000000efc00000, 0x00000000efc00000| Complete 
| 253|0x00000000efd00000, 0x00000000efe00000, 0x00000000efe00000|100%| E|CS|TAMS 0x00000000efd00000, 0x00000000efd00000| Complete 
| 254|0x00000000efe00000, 0x00000000eff00000, 0x00000000eff00000|100%| E|CS|TAMS 0x00000000efe00000, 0x00000000efe00000| Complete 
| 255|0x00000000eff00000, 0x00000000f0000000, 0x00000000f0000000|100%| E|CS|TAMS 0x00000000eff00000, 0x00000000eff00000| Complete 

Card table byte_map: [0x00000209e9730000,0x00000209e9830000] _byte_map_base: 0x00000209e9030000

Marking Bits (Prev, Next): (CMBitMap*) 0x00000209d280dc10, (CMBitMap*) 0x00000209d280dbd0
 Prev Bits: [0x00000209ea130000, 0x00000209ea930000)
 Next Bits: [0x00000209e9930000, 0x00000209ea130000)

Polling page: 0x00000209d1fa0000

Metaspace:

Usage:
  Non-class:     55.04 MB used.
      Class:      8.71 MB used.
       Both:     63.75 MB used.

Virtual space:
  Non-class space:       64.00 MB reserved,      55.31 MB ( 86%) committed,  1 nodes.
      Class space:      320.00 MB reserved,       9.06 MB (  3%) committed,  1 nodes.
             Both:      384.00 MB reserved,      64.38 MB ( 17%) committed. 

Chunk freelists:
   Non-Class:  8.56 MB
       Class:  6.87 MB
        Both:  15.43 MB

MaxMetaspaceSize: 384.00 MB
CompressedClassSpaceSize: 320.00 MB
Initial GC threshold: 21.00 MB
Current GC threshold: 97.94 MB
CDS: on
MetaspaceReclaimPolicy: balanced
 - commit_granule_bytes: 65536.
 - commit_granule_words: 8192.
 - virtual_space_node_default_size: 8388608.
 - enlarge_chunks_in_place: 1.
 - new_chunks_are_fully_committed: 0.
 - uncommit_free_chunks: 1.
 - use_allocation_guard: 0.
 - handle_deallocations: 1.


Internal statistics:

num_allocs_failed_limit: 9.
num_arena_births: 678.
num_arena_deaths: 0.
num_vsnodes_births: 2.
num_vsnodes_deaths: 0.
num_space_committed: 1030.
num_space_uncommitted: 0.
num_chunks_returned_to_freelist: 9.
num_chunks_taken_from_freelist: 3345.
num_chunk_merges: 9.
num_chunk_splits: 2221.
num_chunks_enlarged: 1483.
num_inconsistent_stats: 0.

CodeHeap 'non-profiled nmethods': size=120000Kb used=5726Kb max_used=5845Kb free=114273Kb
 bounds [0x00000209e1dc0000, 0x00000209e2390000, 0x00000209e92f0000]
CodeHeap 'profiled nmethods': size=120000Kb used=18740Kb max_used=19863Kb free=101259Kb
 bounds [0x00000209da2f0000, 0x00000209db660000, 0x00000209e1820000]
CodeHeap 'non-nmethods': size=5760Kb used=2358Kb max_used=2407Kb free=3401Kb
 bounds [0x00000209e1820000, 0x00000209e1a90000, 0x00000209e1dc0000]
 total_blobs=10334 nmethods=9467 adapters=778
 compilation: enabled
              stopped_count=0, restarted_count=0
 full_count=0

Compilation events (20 events):
Event: 152.902 Thread 0x00000209ed3698d0 nmethod 10901 0x00000209da84fa10 code [0x00000209da84fba0, 0x00000209da84fd18]
Event: 154.563 Thread 0x00000209ed3698d0 10902       3       java.lang.management.ManagementFactory$PlatformMBeanFinder::getMap (4 bytes)
Event: 154.967 Thread 0x00000209ed3698d0 nmethod 10902 0x00000209dac5b110 code [0x00000209dac5b2a0, 0x00000209dac5b398]
Event: 158.557 Thread 0x00000209ed3698d0 10905       1       org.gradle.launcher.daemon.server.health.gc.GarbageCollectionEvent::getCount (5 bytes)
Event: 158.564 Thread 0x00000209ed3698d0 nmethod 10905 0x00000209e1f03390 code [0x00000209e1f03520, 0x00000209e1f035f8]
Event: 159.250 Thread 0x00000209ed3698d0 10906       3       org.gradle.internal.logging.text.AbstractLineChoppingStyledTextOutput$StateContext::flushLineText (113 bytes)
Event: 159.295 Thread 0x00000209ed362ab0 10909       4       org.gradle.internal.logging.text.AbstractLineChoppingStyledTextOutput$StateContext::hasChar (25 bytes)
Event: 159.388 Thread 0x00000209ed3698d0 nmethod 10906 0x00000209db041d10 code [0x00000209db041fa0, 0x00000209db042938]
Event: 159.388 Thread 0x00000209ed3698d0 10907       3       org.gradle.internal.io.StreamByteBuffer$StreamByteBufferOutputStream::write (22 bytes)
Event: 159.437 Thread 0x00000209ed3698d0 nmethod 10907 0x00000209db041590 code [0x00000209db041740, 0x00000209db0418f8]
Event: 159.437 Thread 0x00000209ed3698d0 10908       3       org.gradle.internal.io.StreamByteBuffer$StreamByteBufferChunk::write (32 bytes)
Event: 159.444 Thread 0x00000209ed3698d0 nmethod 10908 0x00000209daa77a10 code [0x00000209daa77bc0, 0x00000209daa77d78]
Event: 159.444 Thread 0x00000209ed3698d0 10914       3       org.gradle.internal.io.StreamByteBuffer::hasRemaining (17 bytes)
Event: 159.492 Thread 0x00000209ed3698d0 nmethod 10914 0x00000209daa77410 code [0x00000209daa775c0, 0x00000209daa77838]
Event: 159.492 Thread 0x00000209ed3698d0 10915       3       java.io.OutputStreamWriter::flushBuffer (8 bytes)
Event: 159.493 Thread 0x00000209ed3698d0 nmethod 10915 0x00000209da449910 code [0x00000209da449ac0, 0x00000209da449c08]
Event: 159.493 Thread 0x00000209ed3698d0 10913       3       org.gradle.internal.logging.events.RenderableOutputEvent::<init> (15 bytes)
Event: 159.593 Thread 0x00000209ed3698d0 nmethod 10913 0x00000209da449310 code [0x00000209da4494c0, 0x00000209da4497f8]
Event: 159.934 Thread 0x00000209ed362ab0 nmethod 10909 0x00000209e1f03090 code [0x00000209e1f03200, 0x00000209e1f03298]
Event: 159.934 Thread 0x00000209ed362ab0 10910       4       org.gradle.internal.logging.text.AbstractLineChoppingStyledTextOutput::doAppend (43 bytes)

GC Heap History (16 events):
Event: 23.487 GC heap before
{Heap before GC invocations=0 (full 0):
 garbage-first heap   total 262144K, used 26624K [0x00000000e0000000, 0x0000000100000000)
  region size 1024K, 23 young (23552K), 0 survivors (0K)
 Metaspace       used 3054K, committed 3200K, reserved 393216K
  class space    used 389K, committed 448K, reserved 327680K
}
Event: 23.519 GC heap after
{Heap after GC invocations=1 (full 0):
 garbage-first heap   total 262144K, used 10688K [0x00000000e0000000, 0x0000000100000000)
  region size 1024K, 3 young (3072K), 3 survivors (3072K)
 Metaspace       used 3054K, committed 3200K, reserved 393216K
  class space    used 389K, committed 448K, reserved 327680K
}
Event: 27.806 GC heap before
{Heap before GC invocations=1 (full 0):
 garbage-first heap   total 262144K, used 36288K [0x00000000e0000000, 0x0000000100000000)
  region size 1024K, 28 young (28672K), 3 survivors (3072K)
 Metaspace       used 4062K, committed 4224K, reserved 393216K
  class space    used 497K, committed 576K, reserved 327680K
}
Event: 27.810 GC heap after
{Heap after GC invocations=2 (full 0):
 garbage-first heap   total 262144K, used 11907K [0x00000000e0000000, 0x0000000100000000)
  region size 1024K, 1 young (1024K), 1 survivors (1024K)
 Metaspace       used 4062K, committed 4224K, reserved 393216K
  class space    used 497K, committed 576K, reserved 327680K
}
Event: 41.574 GC heap before
{Heap before GC invocations=2 (full 0):
 garbage-first heap   total 262144K, used 131715K [0x00000000e0000000, 0x0000000100000000)
  region size 1024K, 119 young (121856K), 1 survivors (1024K)
 Metaspace       used 21244K, committed 21504K, reserved 393216K
  class space    used 3112K, committed 3264K, reserved 327680K
}
Event: 41.602 GC heap after
{Heap after GC invocations=3 (full 0):
 garbage-first heap   total 262144K, used 23236K [0x00000000e0000000, 0x0000000100000000)
  region size 1024K, 12 young (12288K), 12 survivors (12288K)
 Metaspace       used 21244K, committed 21504K, reserved 393216K
  class space    used 3112K, committed 3264K, reserved 327680K
}
Event: 51.908 GC heap before
{Heap before GC invocations=4 (full 0):
 garbage-first heap   total 262144K, used 139972K [0x00000000e0000000, 0x0000000100000000)
  region size 1024K, 123 young (125952K), 12 survivors (12288K)
 Metaspace       used 35609K, committed 35968K, reserved 393216K
  class space    used 4972K, committed 5184K, reserved 327680K
}
Event: 51.947 GC heap after
{Heap after GC invocations=5 (full 0):
 garbage-first heap   total 262144K, used 32344K [0x00000000e0000000, 0x0000000100000000)
  region size 1024K, 10 young (10240K), 10 survivors (10240K)
 Metaspace       used 35609K, committed 35968K, reserved 393216K
  class space    used 4972K, committed 5184K, reserved 327680K
}
Event: 72.814 GC heap before
{Heap before GC invocations=6 (full 0):
 garbage-first heap   total 262144K, used 186968K [0x00000000e0000000, 0x0000000100000000)
  region size 1024K, 153 young (156672K), 10 survivors (10240K)
 Metaspace       used 47973K, committed 48512K, reserved 393216K
  class space    used 6745K, committed 6976K, reserved 327680K
}
Event: 72.843 GC heap after
{Heap after GC invocations=7 (full 0):
 garbage-first heap   total 262144K, used 49655K [0x00000000e0000000, 0x0000000100000000)
  region size 1024K, 20 young (20480K), 20 survivors (20480K)
 Metaspace       used 47973K, committed 48512K, reserved 393216K
  class space    used 6745K, committed 6976K, reserved 327680K
}
Event: 79.686 GC heap before
{Heap before GC invocations=7 (full 0):
 garbage-first heap   total 262144K, used 185847K [0x00000000e0000000, 0x0000000100000000)
  region size 1024K, 153 young (156672K), 20 survivors (20480K)
 Metaspace       used 56244K, committed 56768K, reserved 393216K
  class space    used 7849K, committed 8128K, reserved 327680K
}
Event: 79.753 GC heap after
{Heap after GC invocations=8 (full 0):
 garbage-first heap   total 262144K, used 60042K [0x00000000e0000000, 0x0000000100000000)
  region size 1024K, 11 young (11264K), 11 survivors (11264K)
 Metaspace       used 56244K, committed 56768K, reserved 393216K
  class space    used 7849K, committed 8128K, reserved 327680K
}
Event: 82.161 GC heap before
{Heap before GC invocations=8 (full 0):
 garbage-first heap   total 262144K, used 90762K [0x00000000e0000000, 0x0000000100000000)
  region size 1024K, 42 young (43008K), 11 survivors (11264K)
 Metaspace       used 59580K, committed 60096K, reserved 393216K
  class space    used 8316K, committed 8576K, reserved 327680K
}
Event: 82.200 GC heap after
{Heap after GC invocations=9 (full 0):
 garbage-first heap   total 262144K, used 62549K [0x00000000e0000000, 0x0000000100000000)
  region size 1024K, 3 young (3072K), 3 survivors (3072K)
 Metaspace       used 59580K, committed 60096K, reserved 393216K
  class space    used 8316K, committed 8576K, reserved 327680K
}
Event: 92.703 GC heap before
{Heap before GC invocations=10 (full 0):
 garbage-first heap   total 262144K, used 201813K [0x00000000e0000000, 0x0000000100000000)
  region size 1024K, 140 young (143360K), 3 survivors (3072K)
 Metaspace       used 63881K, committed 64448K, reserved 393216K
  class space    used 8763K, committed 9024K, reserved 327680K
}
Event: 92.719 GC heap after
{Heap after GC invocations=11 (full 0):
 garbage-first heap   total 262144K, used 73290K [0x00000000e0000000, 0x0000000100000000)
  region size 1024K, 14 young (14336K), 14 survivors (14336K)
 Metaspace       used 63881K, committed 64448K, reserved 393216K
  class space    used 8763K, committed 9024K, reserved 327680K
}

Dll operation events (14 events):
Event: 2.245 Loaded shared library C:\Users\yoon\.jdks\corretto-17.0.9\bin\java.dll
Event: 4.232 Loaded shared library C:\Users\yoon\.jdks\corretto-17.0.9\bin\jsvml.dll
Event: 6.492 Loaded shared library C:\Users\yoon\.jdks\corretto-17.0.9\bin\zip.dll
Event: 6.517 Loaded shared library C:\Users\yoon\.jdks\corretto-17.0.9\bin\instrument.dll
Event: 6.836 Loaded shared library C:\Users\yoon\.jdks\corretto-17.0.9\bin\net.dll
Event: 6.913 Loaded shared library C:\Users\yoon\.jdks\corretto-17.0.9\bin\nio.dll
Event: 6.936 Loaded shared library C:\Users\yoon\.jdks\corretto-17.0.9\bin\zip.dll
Event: 16.685 Loaded shared library C:\Users\yoon\.jdks\corretto-17.0.9\bin\jimage.dll
Event: 19.683 Loaded shared library C:\Users\yoon\.jdks\corretto-17.0.9\bin\verify.dll
Event: 23.107 Loaded shared library C:\Users\yoon\.gradle\native\c067742578af261105cb4f569cf0c3c89f3d7b1fecec35dd04571415982c5e48\windows-amd64\native-platform.dll
Event: 23.146 Loaded shared library C:\Users\yoon\.gradle\native\38dada09dfb8b06ba9b0570ebf7e218e3eb74d4ef43ca46872605cf95ebc2f47\windows-amd64\native-platform-file-events.dll
Event: 29.425 Loaded shared library C:\Users\yoon\.jdks\corretto-17.0.9\bin\management.dll
Event: 29.438 Loaded shared library C:\Users\yoon\.jdks\corretto-17.0.9\bin\management_ext.dll
Event: 34.478 Loaded shared library C:\Users\yoon\.jdks\corretto-17.0.9\bin\sunmscapi.dll

Deoptimization events (20 events):
Event: 97.666 Thread 0x00000209f2521a10 Uncommon trap: trap_request=0xffffffc6 fr.pc=0x00000209e20e6bac relative=0x000000000000008c
Event: 97.666 Thread 0x00000209f2521a10 Uncommon trap: reason=bimorphic_or_optimized_type_check action=maybe_recompile pc=0x00000209e20e6bac method=java.util.Collections$SetFromMap.remove(Ljava/lang/Object;)Z @ 5 c2
Event: 97.666 Thread 0x00000209f2521a10 DEOPT PACKING pc=0x00000209e20e6bac sp=0x0000008bd97fe8c0
Event: 97.666 Thread 0x00000209f2521a10 DEOPT UNPACKING pc=0x00000209e187a1a3 sp=0x0000008bd97fe858 mode 2
Event: 97.667 Thread 0x00000209f251ec80 Uncommon trap: trap_request=0xffffffc6 fr.pc=0x00000209e2020b80 relative=0x0000000000000260
Event: 97.667 Thread 0x00000209f251ec80 Uncommon trap: reason=bimorphic_or_optimized_type_check action=maybe_recompile pc=0x00000209e2020b80 method=java.util.stream.StreamOpFlag.fromCharacteristics(Ljava/util/Spliterator;)I @ 14 c2
Event: 97.667 Thread 0x00000209f251ec80 DEOPT PACKING pc=0x00000209e2020b80 sp=0x0000008bd90fd3d0
Event: 97.667 Thread 0x00000209f251ec80 DEOPT UNPACKING pc=0x00000209e187a1a3 sp=0x0000008bd90fd2b8 mode 2
Event: 130.521 Thread 0x00000209f2521a10 Uncommon trap: trap_request=0xffffffc6 fr.pc=0x00000209e2020b80 relative=0x0000000000000260
Event: 130.530 Thread 0x00000209f2521a10 Uncommon trap: reason=bimorphic_or_optimized_type_check action=maybe_recompile pc=0x00000209e2020b80 method=java.util.stream.StreamOpFlag.fromCharacteristics(Ljava/util/Spliterator;)I @ 14 c2
Event: 130.535 Thread 0x00000209f2521a10 DEOPT PACKING pc=0x00000209e2020b80 sp=0x0000008bd97fe060
Event: 130.535 Thread 0x00000209f2521a10 DEOPT UNPACKING pc=0x00000209e187a1a3 sp=0x0000008bd97fdf48 mode 2
Event: 130.541 Thread 0x00000209f2521a10 Uncommon trap: trap_request=0xffffff45 fr.pc=0x00000209e21bf9ac relative=0x000000000000088c
Event: 130.541 Thread 0x00000209f2521a10 Uncommon trap: reason=unstable_if action=reinterpret pc=0x00000209e21bf9ac method=org.gradle.internal.snapshot.VfsRelativePath.compareToFirstSegment(Ljava/lang/String;Lorg/gradle/internal/snapshot/CaseSensitivity;)I @ 134 c2
Event: 130.541 Thread 0x00000209f2521a10 DEOPT PACKING pc=0x00000209e21bf9ac sp=0x0000008bd97fc520
Event: 130.541 Thread 0x00000209f2521a10 DEOPT UNPACKING pc=0x00000209e187a1a3 sp=0x0000008bd97fc4a0 mode 2
Event: 130.541 Thread 0x00000209f2521a10 Uncommon trap: trap_request=0xffffff45 fr.pc=0x00000209e21f2a2c relative=0x000000000000078c
Event: 130.541 Thread 0x00000209f2521a10 Uncommon trap: reason=unstable_if action=reinterpret pc=0x00000209e21f2a2c method=org.gradle.internal.snapshot.VfsRelativePath.lengthOfCommonPrefix(Ljava/lang/String;Lorg/gradle/internal/snapshot/CaseSensitivity;)I @ 107 c2
Event: 130.541 Thread 0x00000209f2521a10 DEOPT PACKING pc=0x00000209e21f2a2c sp=0x0000008bd97fc4c0
Event: 130.541 Thread 0x00000209f2521a10 DEOPT UNPACKING pc=0x00000209e187a1a3 sp=0x0000008bd97fc448 mode 2

Classes unloaded (0 events):
No events

Classes redefined (0 events):
No events

Internal exceptions (20 events):
Event: 83.145 Thread 0x00000209f35b7f90 Exception <a 'java/lang/NoSuchMethodError'{0x00000000ef559728}: static Lorg/gradle/internal/build/event/types/DefaultTaskDescriptor;.<clinit>()V> (0x00000000ef559728) 
thrown [s\src\hotspot\share\prims\jni.cpp, line 1107]
Event: 83.176 Thread 0x00000209f35b7f90 Exception <a 'java/lang/NoSuchMethodError'{0x00000000ef5e7760}: static Lorg/gradle/internal/operations/OperationIdentifier;.<clinit>()V> (0x00000000ef5e7760) 
thrown [s\src\hotspot\share\prims\jni.cpp, line 1107]
Event: 83.179 Thread 0x00000209f35b7f90 Exception <a 'java/lang/NoSuchMethodError'{0x00000000ef5f1390}: static Lorg/gradle/internal/build/event/types/DefaultBinaryPluginIdentifier;.<clinit>()V> (0x00000000ef5f1390) 
thrown [s\src\hotspot\share\prims\jni.cpp, line 1107]
Event: 84.023 Thread 0x00000209f251ec80 Exception <a 'java/lang/IncompatibleClassChangeError'{0x00000000eefcbcc8}: Found class java.lang.Object, but interface was expected> (0x00000000eefcbcc8) 
thrown [s\src\hotspot\share\interpreter\linkResolver.cpp, line 826]
Event: 84.030 Thread 0x00000209f251ec80 Exception <a 'java/lang/NoSuchMethodError'{0x00000000eefe6b60}: static Ljava/lang/Object;.<clinit>()V> (0x00000000eefe6b60) 
thrown [s\src\hotspot\share\prims\jni.cpp, line 1107]
Event: 96.747 Thread 0x00000209f251ec80 Exception <a 'java/lang/NoSuchMethodError'{0x00000000e9e20670}: 'void java.lang.invoke.DirectMethodHandle$Holder.invokeVirtual(java.lang.Object, java.lang.Object, java.lang.Object, java.lang.Object)'> (0x00000000e9e20670) 
thrown [s\src\hotspot\share\interpreter\linkResolver.cpp, line 759]
Event: 97.200 Thread 0x00000209f5b877d0 Exception <a 'java/lang/NoSuchMethodError'{0x00000000e99fb138}: 'void java.lang.invoke.DirectMethodHandle$Holder.invokeVirtual(java.lang.Object, java.lang.Object)'> (0x00000000e99fb138) 
thrown [s\src\hotspot\share\interpreter\linkResolver.cpp, line 759]
Event: 97.591 Thread 0x00000209f251ec80 Exception <a 'java/lang/NoSuchMethodError'{0x00000000e9312e08}: 'int java.lang.invoke.DirectMethodHandle$Holder.invokeStaticInit(java.lang.Object, java.lang.Object, java.lang.Object, java.lang.Object, java.lang.Object)'> (0x00000000e9312e08) 
thrown [s\src\hotspot\share\interpreter\linkResolver.cpp, line 759]
Event: 97.663 Thread 0x00000209f35b7f90 Exception <a 'java/lang/NoSuchMethodError'{0x00000000edf099e8}: static Lorg/gradle/internal/build/event/types/DefaultTaskFinishedProgressEvent;.<clinit>()V> (0x00000000edf099e8) 
thrown [s\src\hotspot\share\prims\jni.cpp, line 1107]
Event: 97.665 Thread 0x00000209f35b7f90 Exception <a 'java/lang/NoSuchMethodError'{0x00000000e92c03e8}: static Lorg/gradle/internal/build/event/types/DefaultTaskSuccessResult;.<clinit>()V> (0x00000000e92c03e8) 
thrown [s\src\hotspot\share\prims\jni.cpp, line 1107]
Event: 97.665 Thread 0x00000209f35b7f90 Exception <a 'java/lang/NoSuchMethodError'{0x00000000e92c1658}: static Lorg/gradle/internal/build/event/types/AbstractTaskResult;.<clinit>()V> (0x00000000e92c1658) 
thrown [s\src\hotspot\share\prims\jni.cpp, line 1107]
Event: 97.665 Thread 0x00000209f35b7f90 Exception <a 'java/lang/NoSuchMethodError'{0x00000000e92c2b80}: static Lorg/gradle/internal/build/event/types/AbstractResult;.<clinit>()V> (0x00000000e92c2b80) 
thrown [s\src\hotspot\share\prims\jni.cpp, line 1107]
Event: 97.668 Thread 0x00000209f35b7f90 Exception <a 'java/lang/NoSuchMethodError'{0x00000000e92d4540}: static Lorg/gradle/internal/build/event/types/DefaultScriptPluginIdentifier;.<clinit>()V> (0x00000000e92d4540) 
thrown [s\src\hotspot\share\prims\jni.cpp, line 1107]
Event: 97.672 Thread 0x00000209f35b7f90 Exception <a 'java/lang/NoSuchMethodError'{0x00000000e92e8f88}: static Lorg/gradle/internal/build/event/types/DefaultTaskSkippedResult;.<clinit>()V> (0x00000000e92e8f88) 
thrown [s\src\hotspot\share\prims\jni.cpp, line 1107]
Event: 97.772 Thread 0x00000209f4c8ada0 Exception <a 'java/lang/NoSuchMethodError'{0x00000000e900cf58}: 'void java.lang.invoke.DirectMethodHandle$Holder.invokeStatic(java.lang.Object, long)'> (0x00000000e900cf58) 
thrown [s\src\hotspot\share\interpreter\linkResolver.cpp, line 759]
Event: 97.773 Thread 0x00000209f4c8ada0 Exception <a 'java/lang/NoSuchMethodError'{0x00000000e9012860}: 'java.lang.Object java.lang.invoke.DirectMethodHandle$Holder.newInvokeSpecial(java.lang.Object, long)'> (0x00000000e9012860) 
thrown [s\src\hotspot\share\interpreter\linkResolver.cpp, line 759]
Event: 97.778 Thread 0x00000209f4c8ada0 Exception <a 'java/lang/NoSuchMethodError'{0x00000000e901bee0}: 'java.lang.Object java.lang.invoke.DirectMethodHandle$Holder.invokeStatic(java.lang.Object, java.lang.Object, long, java.lang.Object)'> (0x00000000e901bee0) 
thrown [s\src\hotspot\share\interpreter\linkResolver.cpp, line 759]
Event: 97.778 Thread 0x00000209f4c8ada0 Exception <a 'java/lang/NoSuchMethodError'{0x00000000e901f918}: 'java.lang.Object java.lang.invoke.DirectMethodHandle$Holder.invokeStaticInit(java.lang.Object, java.lang.Object, long, java.lang.Object)'> (0x00000000e901f918) 
thrown [s\src\hotspot\share\interpreter\linkResolver.cpp, line 759]
Event: 130.261 Thread 0x00000209f4c8ada0 Exception <a 'java/lang/NoSuchMethodError'{0x00000000e9032918}: 'void java.lang.invoke.DirectMethodHandle$Holder.invokeSpecial(java.lang.Object, java.lang.Object, int)'> (0x00000000e9032918) 
thrown [s\src\hotspot\share\interpreter\linkResolver.cpp, line 759]
Event: 130.622 Thread 0x00000209f35b7f90 Exception <a 'java/lang/NoSuchMethodError'{0x00000000e8fe7530}: static [Ljava/lang/Object;.<clinit>()V> (0x00000000e8fe7530) 
thrown [s\src\hotspot\share\prims\jni.cpp, line 1107]

VM Operations (20 events):
Event: 112.882 Executing VM operation: Cleanup
Event: 112.883 Executing VM operation: Cleanup done
Event: 122.253 Executing VM operation: HandshakeAllThreads
Event: 122.255 Executing VM operation: HandshakeAllThreads done
Event: 130.331 Executing VM operation: Cleanup
Event: 130.362 Executing VM operation: Cleanup done
Event: 131.363 Executing VM operation: Cleanup
Event: 131.363 Executing VM operation: Cleanup done
Event: 132.371 Executing VM operation: Cleanup
Event: 132.371 Executing VM operation: Cleanup done
Event: 135.392 Executing VM operation: Cleanup
Event: 135.392 Executing VM operation: Cleanup done
Event: 137.413 Executing VM operation: Cleanup
Event: 137.413 Executing VM operation: Cleanup done
Event: 138.423 Executing VM operation: Cleanup
Event: 138.423 Executing VM operation: Cleanup done
Event: 143.448 Executing VM operation: Cleanup
Event: 143.448 Executing VM operation: Cleanup done
Event: 159.595 Executing VM operation: Cleanup
Event: 159.652 Executing VM operation: Cleanup done

Events (20 events):
Event: 95.490 Thread 0x00000209ed36a980 flushing nmethod 0x00000209db47ad10
Event: 95.490 Thread 0x00000209ed36a980 flushing nmethod 0x00000209db4b0090
Event: 97.713 Thread 0x00000209f4c8ada0 Thread added: 0x00000209f4c8ada0
Event: 97.722 loading class java/lang/ProcessImpl
Event: 97.724 loading class java/lang/ProcessImpl done
Event: 97.773 loading class java/lang/ProcessHandleImpl
Event: 97.775 loading class java/lang/ProcessHandleImpl done
Event: 97.779 loading class java/lang/ProcessImpl$2
Event: 97.780 loading class java/lang/ProcessImpl$2 done
Event: 97.781 loading class java/lang/Process$PipeInputStream
Event: 97.781 loading class java/lang/Process$PipeInputStream done
Event: 97.783 loading class jdk/internal/event/ProcessStartEvent
Event: 97.785 loading class jdk/internal/event/ProcessStartEvent done
Event: 97.787 Thread 0x00000209f4c8a380 Thread added: 0x00000209f4c8a380
Event: 97.787 Thread 0x00000209f4c8cc00 Thread added: 0x00000209f4c8cc00
Event: 112.479 loading class java/time/Instant$1
Event: 112.502 loading class java/time/Instant$1 done
Event: 130.584 loading class java/io/ObjectStreamClass$ExceptionInfo
Event: 130.621 loading class java/io/ObjectStreamClass$ExceptionInfo done
Event: 130.768 Thread 0x00000209f35b8ec0 Thread exited: 0x00000209f35b8ec0


Dynamic libraries:
0x00007ff77f470000 - 0x00007ff77f47e000 	C:\Users\yoon\.jdks\corretto-17.0.9\bin\java.exe
0x00007fffcfcf0000 - 0x00007fffcfee8000 	C:\Windows\SYSTEM32\ntdll.dll
0x00007fffcdf60000 - 0x00007fffce01d000 	C:\Windows\System32\KERNEL32.DLL
0x00007fffcd810000 - 0x00007fffcdb06000 	C:\Windows\System32\KERNELBASE.dll
0x00007fffcd5e0000 - 0x00007fffcd6e0000 	C:\Windows\System32\ucrtbase.dll
0x00007fff8f0b0000 - 0x00007fff8f0cb000 	C:\Users\yoon\.jdks\corretto-17.0.9\bin\VCRUNTIME140.dll
0x00007fff8f0d0000 - 0x00007fff8f0e7000 	C:\Users\yoon\.jdks\corretto-17.0.9\bin\jli.dll
0x00007fffcf260000 - 0x00007fffcf3fe000 	C:\Windows\System32\USER32.dll
0x00007fffcdd10000 - 0x00007fffcdd32000 	C:\Windows\System32\win32u.dll
0x00007fffced00000 - 0x00007fffced2c000 	C:\Windows\System32\GDI32.dll
0x00007fffcdb10000 - 0x00007fffcdc2a000 	C:\Windows\System32\gdi32full.dll
0x00007fffcd770000 - 0x00007fffcd80d000 	C:\Windows\System32\msvcp_win.dll
0x00007fffb69b0000 - 0x00007fffb6c4a000 	C:\Windows\WinSxS\amd64_microsoft.windows.common-controls_6595b64144ccf1df_6.0.19041.3636_none_60b6a03d71f818d5\COMCTL32.dll
0x00007fffcf1c0000 - 0x00007fffcf25e000 	C:\Windows\System32\msvcrt.dll
0x00007fffcfb50000 - 0x00007fffcfb80000 	C:\Windows\System32\IMM32.DLL
0x00007fffc5da0000 - 0x00007fffc5dac000 	C:\Users\yoon\.jdks\corretto-17.0.9\bin\vcruntime140_1.dll
0x00007fff80460000 - 0x00007fff804ed000 	C:\Users\yoon\.jdks\corretto-17.0.9\bin\msvcp140.dll
0x00007fff52060000 - 0x00007fff52cc1000 	C:\Users\yoon\.jdks\corretto-17.0.9\bin\server\jvm.dll
0x00007fffced40000 - 0x00007fffcedf3000 	C:\Windows\System32\ADVAPI32.dll
0x00007fffce1c0000 - 0x00007fffce25f000 	C:\Windows\System32\sechost.dll
0x00007fffcddd0000 - 0x00007fffcdef6000 	C:\Windows\System32\RPCRT4.dll
0x00007fffcdce0000 - 0x00007fffcdd07000 	C:\Windows\System32\bcrypt.dll
0x00007fffc1840000 - 0x00007fffc184a000 	C:\Windows\SYSTEM32\VERSION.dll
0x00007fffaa6b0000 - 0x00007fffaa6b9000 	C:\Windows\SYSTEM32\WSOCK32.dll
0x00007fffce020000 - 0x00007fffce08b000 	C:\Windows\System32\WS2_32.dll
0x00007fffb79f0000 - 0x00007fffb7a17000 	C:\Windows\SYSTEM32\WINMM.dll
0x00007fffcc960000 - 0x00007fffcc9ab000 	C:\Windows\SYSTEM32\POWRPROF.dll
0x00007fffcc7d0000 - 0x00007fffcc7e2000 	C:\Windows\SYSTEM32\UMPDC.dll
0x00007fffcbc00000 - 0x00007fffcbc12000 	C:\Windows\SYSTEM32\kernel.appcore.dll
0x00007fffbbb60000 - 0x00007fffbbb6a000 	C:\Users\yoon\.jdks\corretto-17.0.9\bin\jimage.dll
0x00007fffcb960000 - 0x00007fffcbb44000 	C:\Windows\SYSTEM32\DBGHELP.DLL
0x00007fffb0cc0000 - 0x00007fffb0cf4000 	C:\Windows\SYSTEM32\dbgcore.DLL
0x00007fffcd6e0000 - 0x00007fffcd762000 	C:\Windows\System32\bcryptPrimitives.dll
0x00007fffb87c0000 - 0x00007fffb87ce000 	C:\Users\yoon\.jdks\corretto-17.0.9\bin\instrument.dll
0x00007fff8f080000 - 0x00007fff8f0a5000 	C:\Users\yoon\.jdks\corretto-17.0.9\bin\java.dll
0x00007fff794d0000 - 0x00007fff795a7000 	C:\Users\yoon\.jdks\corretto-17.0.9\bin\jsvml.dll
0x00007fffce410000 - 0x00007fffceb55000 	C:\Windows\System32\SHELL32.dll
0x00007fffcb100000 - 0x00007fffcb89b000 	C:\Windows\SYSTEM32\windows.storage.dll
0x00007fffcee00000 - 0x00007fffcf154000 	C:\Windows\System32\combase.dll
0x00007fffccdf0000 - 0x00007fffcce1d000 	C:\Windows\SYSTEM32\Wldp.dll
0x00007fffcfa80000 - 0x00007fffcfb2d000 	C:\Windows\System32\SHCORE.dll
0x00007fffcdf00000 - 0x00007fffcdf55000 	C:\Windows\System32\shlwapi.dll
0x00007fffcd2f0000 - 0x00007fffcd315000 	C:\Windows\SYSTEM32\profapi.dll
0x00007fff89250000 - 0x00007fff89268000 	C:\Users\yoon\.jdks\corretto-17.0.9\bin\zip.dll
0x00007fff8d1b0000 - 0x00007fff8d1c9000 	C:\Users\yoon\.jdks\corretto-17.0.9\bin\net.dll
0x00007fffc52c0000 - 0x00007fffc53ca000 	C:\Windows\SYSTEM32\WINHTTP.dll
0x00007fffccb50000 - 0x00007fffccbba000 	C:\Windows\system32\mswsock.dll
0x00007fff89270000 - 0x00007fff89286000 	C:\Users\yoon\.jdks\corretto-17.0.9\bin\nio.dll
0x00007fffa5c60000 - 0x00007fffa5c70000 	C:\Users\yoon\.jdks\corretto-17.0.9\bin\verify.dll
0x00007fffbabd0000 - 0x00007fffbabf7000 	C:\Users\yoon\.gradle\native\c067742578af261105cb4f569cf0c3c89f3d7b1fecec35dd04571415982c5e48\windows-amd64\native-platform.dll
0x00007fff7b1d0000 - 0x00007fff7b314000 	C:\Users\yoon\.gradle\native\38dada09dfb8b06ba9b0570ebf7e218e3eb74d4ef43ca46872605cf95ebc2f47\windows-amd64\native-platform-file-events.dll
0x00007fffb87b0000 - 0x00007fffb87b9000 	C:\Users\yoon\.jdks\corretto-17.0.9\bin\management.dll
0x00007fff9de90000 - 0x00007fff9de9b000 	C:\Users\yoon\.jdks\corretto-17.0.9\bin\management_ext.dll
0x00007fffcfa70000 - 0x00007fffcfa78000 	C:\Windows\System32\PSAPI.DLL
0x00007fffccd40000 - 0x00007fffccd58000 	C:\Windows\SYSTEM32\CRYPTSP.dll
0x00007fffcc410000 - 0x00007fffcc444000 	C:\Windows\system32\rsaenh.dll
0x00007fffcd270000 - 0x00007fffcd29e000 	C:\Windows\SYSTEM32\USERENV.dll
0x00007fffccd60000 - 0x00007fffccd6c000 	C:\Windows\SYSTEM32\CRYPTBASE.dll
0x00007fffcc7f0000 - 0x00007fffcc82b000 	C:\Windows\SYSTEM32\IPHLPAPI.DLL
0x00007fffcf5f0000 - 0x00007fffcf5f8000 	C:\Windows\System32\NSI.dll
0x00007fffc2650000 - 0x00007fffc2667000 	C:\Windows\SYSTEM32\dhcpcsvc6.DLL
0x00007fffc1850000 - 0x00007fffc186d000 	C:\Windows\SYSTEM32\dhcpcsvc.DLL
0x00007fffcc830000 - 0x00007fffcc8fa000 	C:\Windows\SYSTEM32\DNSAPI.dll
0x00007fff9d1f0000 - 0x00007fff9d1fe000 	C:\Users\yoon\.jdks\corretto-17.0.9\bin\sunmscapi.dll
0x00007fffcd430000 - 0x00007fffcd58d000 	C:\Windows\System32\CRYPT32.dll
0x00007fffcce60000 - 0x00007fffcce88000 	C:\Windows\SYSTEM32\ncrypt.dll
0x00007fffcce20000 - 0x00007fffcce5b000 	C:\Windows\SYSTEM32\NTASN1.dll
0x00007fffc2640000 - 0x00007fffc2647000 	C:\Windows\system32\wshunix.dll

dbghelp: loaded successfully - version: 4.0.5 - missing functions: none
symbol engine: initialized successfully - sym options: 0x614 - pdb path: .;C:\Users\yoon\.jdks\corretto-17.0.9\bin;C:\Windows\SYSTEM32;C:\Windows\WinSxS\amd64_microsoft.windows.common-controls_6595b64144ccf1df_6.0.19041.3636_none_60b6a03d71f818d5;C:\Users\yoon\.jdks\corretto-17.0.9\bin\server;C:\Users\yoon\.gradle\native\c067742578af261105cb4f569cf0c3c89f3d7b1fecec35dd04571415982c5e48\windows-amd64;C:\Users\yoon\.gradle\native\38dada09dfb8b06ba9b0570ebf7e218e3eb74d4ef43ca46872605cf95ebc2f47\windows-amd64

VM Arguments:
jvm_args: --add-opens=java.base/java.util=ALL-UNNAMED --add-opens=java.base/java.lang=ALL-UNNAMED --add-opens=java.base/java.lang.invoke=ALL-UNNAMED --add-opens=java.prefs/java.util.prefs=ALL-UNNAMED --add-opens=java.base/java.nio.charset=ALL-UNNAMED --add-opens=java.base/java.net=ALL-UNNAMED --add-opens=java.base/java.util.concurrent.atomic=ALL-UNNAMED -XX:MaxMetaspaceSize=384m -XX:+HeapDumpOnOutOfMemoryError -Xms256m -Xmx512m -Dfile.encoding=x-windows-949 -Duser.country=KR -Duser.language=ko -Duser.variant -javaagent:C:\Users\yoon\.gradle\wrapper\dists\gradle-8.5-bin\5t9huq95ubn472n8rpzujfbqh\gradle-8.5\lib\agents\gradle-instrumentation-agent-8.5.jar 
java_command: org.gradle.launcher.daemon.bootstrap.GradleDaemon 8.5
java_class_path (initial): C:\Users\yoon\.gradle\wrapper\dists\gradle-8.5-bin\5t9huq95ubn472n8rpzujfbqh\gradle-8.5\lib\gradle-launcher-8.5.jar
Launcher Type: SUN_STANDARD

[Global flags]
     intx CICompilerCount                          = 4                                         {product} {ergonomic}
   size_t CompressedClassSpaceSize                 = 335544320                                 {product} {ergonomic}
     uint ConcGCThreads                            = 2                                         {product} {ergonomic}
     uint G1ConcRefinementThreads                  = 8                                         {product} {ergonomic}
   size_t G1HeapRegionSize                         = 1048576                                   {product} {ergonomic}
    uintx GCDrainStackTargetSize                   = 64                                        {product} {ergonomic}
     bool HeapDumpOnOutOfMemoryError               = true                                   {manageable} {command line}
   size_t InitialHeapSize                          = 268435456                                 {product} {command line}
   size_t MarkStackSize                            = 4194304                                   {product} {ergonomic}
   size_t MaxHeapSize                              = 536870912                                 {product} {command line}
   size_t MaxMetaspaceSize                         = 402653184                                 {product} {command line}
   size_t MaxNewSize                               = 321912832                                 {product} {ergonomic}
   size_t MinHeapDeltaBytes                        = 1048576                                   {product} {ergonomic}
   size_t MinHeapSize                              = 268435456                                 {product} {command line}
    uintx NonNMethodCodeHeapSize                   = 5839372                                {pd product} {ergonomic}
    uintx NonProfiledCodeHeapSize                  = 122909434                              {pd product} {ergonomic}
    uintx ProfiledCodeHeapSize                     = 122909434                              {pd product} {ergonomic}
    uintx ReservedCodeCacheSize                    = 251658240                              {pd product} {ergonomic}
     bool SegmentedCodeCache                       = true                                      {product} {ergonomic}
   size_t SoftMaxHeapSize                          = 536870912                              {manageable} {ergonomic}
     bool UseCompressedClassPointers               = true                           {product lp64_product} {ergonomic}
     bool UseCompressedOops                        = true                           {product lp64_product} {ergonomic}
     bool UseG1GC                                  = true                                      {product} {ergonomic}
     bool UseLargePagesIndividualAllocation        = false                                  {pd product} {ergonomic}

Logging:
Log output configuration:
 #0: stdout all=warning uptime,level,tags
 #1: stderr all=off uptime,level,tags

Environment Variables:
JAVA_HOME=C:\naver0829\jdk-17_windows-x64_bin\jdk-17.0.8
PATH=C:\Program Files\Common Files\Oracle\Java\javapath;C:\app\yoon\product\21c\dbhomeXE\bin;C:\naver0829\jdk-17_windows-x64_bin\jdk-17.0.8\bin;C:\Windows\system32;C:\Windows;C:\Windows\System32\Wbem;C:\Windows\System32\WindowsPowerShell\v1.0\;C:\Windows\System32\OpenSSH\;C:\Program Files\Git\cmd;C:\Program Files\MySQL\MySQL Server 8.0\bin;C:\Program Files\Bandizip\;C:\Program Files\dotnet\;C:\Program Files\nodejs\;C:\Program Files\MongoDB\Server\5.0\bin;C:\Users\yoon\AppData\Local\Microsoft\WindowsApps;C:\Users\yoon\AppData\Local\afreeca;C:\Users\yoon\AppData\Roaming\npm;C:\Users\yoon\AppData\Local\Programs\Microsoft VS Code\bin;C:\Program Files\JetBrains\IntelliJ IDEA 2023.3.2\bin;;
USERNAME=yoon
OS=Windows_NT
PROCESSOR_IDENTIFIER=Intel64 Family 6 Model 140 Stepping 1, GenuineIntel
TMP=C:\Users\yoon\AppData\Local\Temp
TEMP=C:\Users\yoon\AppData\Local\Temp



Periodic native trim disabled


---------------  S Y S T E M  ---------------

OS:
 Windows 10 , 64 bit Build 19041 (10.0.19041.3636)
OS uptime: 15 days 20:26 hours

CPU: total 8 (initial active 8) (4 cores per cpu, 2 threads per core) family 6 model 140 stepping 1 microcode 0xa6, cx8, cmov, fxsr, ht, mmx, 3dnowpref, sse, sse2, sse3, ssse3, sse4.1, sse4.2, popcnt, lzcnt, tsc, tscinvbit, avx, avx2, aes, erms, clmul, bmi1, bmi2, adx, avx512f, avx512dq, avx512cd, avx512bw, avx512vl, sha, fma, vzeroupper, avx512_vpopcntdq, avx512_vpclmulqdq, avx512_vaes, avx512_vnni, clflush, clflushopt, clwb, avx512_vbmi2, avx512_vbmi
Processor Information for all 8 processors :
  Max Mhz: 2419, Current Mhz: 2419, Mhz Limit: 2419

Memory: 4k page, system-wide physical 7886M (63M free)
TotalPageFile size 32462M (AvailPageFile size 87M)
current process WorkingSet (physical memory assigned to process): 25M, peak: 364M
current process commit charge ("private bytes"): 501M, peak: 515M

vm_info: OpenJDK 64-Bit Server VM (17.0.9+8-LTS) for windows-amd64 JRE (17.0.9+8-LTS), built on Oct 12 2023 16:15:33 by "Administrator" with MS VC++ 16.10 / 16.11 (VS2019)

END.
