#
# A fatal error has been detected by the Java Runtime Environment:
#
#  EXCEPTION_ACCESS_VIOLATION (0xc0000005) at pc=0x00007ff80304fe93, pid=32152, tid=19968
#
# JRE version: OpenJDK Runtime Environment JBR-17.0.9+7-1000.46-jcef (17.0.9+7) (build 17.0.9+7-b1000.46)
# Java VM: OpenJDK 64-Bit Server VM JBR-17.0.9+7-1000.46-jcef (17.0.9+7-b1000.46, mixed mode, tiered, compressed oops, compressed class ptrs, g1 gc, windows-amd64)
# Problematic frame:
# V  [jvm.dll+0x38fe93]
#
# No core dump will be written. Minidumps are not enabled by default on client versions of Windows
#
# If you would like to submit a bug report, please visit:
#   https://youtrack.jetbrains.com/issues/JBR
#

---------------  S U M M A R Y ------------

Command Line: -Djava.rmi.server.hostname=127.0.0.1 -Duser.timezone=UTC -Xmx2048m -Xms128m -Djdbc.classpath=C:\Program Files\JetBrains\IntelliJ IDEA 2023.2.5\plugins\DatabaseTools\lib\jdbc-console.jar;C:\Users\bitcamp\AppData\Roaming\JetBrains\IntelliJIdea2023.2\jdbc-drivers\MySQL ConnectorJ\8.0.25\mysql-connector-java-8.0.25.jar --add-exports=java.desktop/sun.awt=ALL-UNNAMED --add-exports=java.desktop/java.awt.peer=ALL-UNNAMED --add-opens=java.desktop/java.awt=ALL-UNNAMED --add-opens=jdk.unsupported/sun.misc=ALL-UNNAMED --add-opens=java.base/java.nio=ALL-UNNAMED --add-opens=java.base/java.util=ALL-UNNAMED -Dfile.encoding=UTF-8 com.intellij.database.remote.RemoteJdbcServer com.mysql.cj.jdbc.Driver

Host: Intel(R) Core(TM) i7-9700 CPU @ 3.00GHz, 8 cores, 15G,  Windows 11 , 64 bit Build 22621 (10.0.22621.3085)
Time: Thu Feb 29 12:58:48 2024  Windows 11 , 64 bit Build 22621 (10.0.22621.3085) elapsed time: 351.200240 seconds (0d 0h 5m 51s)

---------------  T H R E A D  ---------------

Current thread (0x00000207de0a14c0):  JavaThread "RMI TCP Connection(5)-127.0.0.1" daemon [_thread_in_vm, id=19968, stack(0x000000d7a7600000,0x000000d7a7700000)]

Stack: [0x000000d7a7600000,0x000000d7a7700000],  sp=0x000000d7a76f9d80,  free space=999k
Native frames: (J=compiled Java code, j=interpreted, Vv=VM code, C=native code)
V  [jvm.dll+0x38fe93]
V  [jvm.dll+0x688602]
V  [jvm.dll+0x390aeb]
V  [jvm.dll+0x390cb8]
V  [jvm.dll+0x7ba6d4]
V  [jvm.dll+0x7bb9bc]
V  [jvm.dll+0x7bbd08]
V  [jvm.dll+0x82b27e]
V  [jvm.dll+0x82ac9d]
V  [jvm.dll+0x836448]
V  [jvm.dll+0x8350b3]
V  [jvm.dll+0x82e7ec]
V  [jvm.dll+0x379229]
V  [jvm.dll+0x378274]
V  [jvm.dll+0x378218]
V  [jvm.dll+0x570585]
V  [jvm.dll+0x56f434]
V  [jvm.dll+0x38c332]
