JvmtiExport can_access_local_variables 0
JvmtiExport can_hotswap_or_post_breakpoint 0
JvmtiExport can_post_on_exceptions 0
# 238 ciObject found
ciInstanceKlass java/lang/Cloneable 1 0 7 100 1 100 1 1 1
instanceKlass java/io/ObjectStreamClass$ExceptionInfo
instanceKlass com/google/common/collect/ImmutableList$SerializedForm
instanceKlass org/gradle/internal/execution/steps/ExecuteStep$Operation$Result$1
instanceKlass org/gradle/internal/execution/steps/ExecuteStep$Operation$Result
instanceKlass org/gradle/internal/execution/steps/ExecuteStep$ExecutionResultImpl
instanceKlass org/gradle/internal/execution/steps/ExecuteStep$3
instanceKlass org/gradle/api/internal/tasks/execution/TaskExecution$2
instanceKlass org/gradle/process/internal/DefaultExecHandle$ExecResultImpl
instanceKlass org/gradle/internal/operations/CurrentBuildOperationRef$Callable
instanceKlass org/gradle/execution/plan/DefaultPlanExecutor$ExecutorState$HealthState
instanceKlass java/time/Instant$1
instanceKlass java/time/Clock
instanceKlass java/time/InstantSource
instanceKlass org/gradle/process/internal/streams/ExecOutputHandleRunner
instanceKlass java/lang/ProcessImpl$2
instanceKlass java/lang/ProcessHandleImpl
instanceKlass net/rubygrapefruit/platform/internal/jni/WindowsHandleFunctions
instanceKlass org/gradle/process/internal/ProcessBuilderFactory
instanceKlass org/gradle/process/internal/DefaultExecHandle$CompositeStreamsHandler
instanceKlass org/gradle/process/internal/ExecHandleRunner
instanceKlass org/gradle/process/internal/ExecHandleShutdownHookAction
instanceKlass net/rubygrapefruit/platform/internal/DefaultProcessLauncher
instanceKlass net/rubygrapefruit/platform/internal/WindowsProcessLauncher
instanceKlass net/rubygrapefruit/platform/internal/WrapperProcessLauncher
instanceKlass org/gradle/process/internal/DefaultExecHandle
instanceKlass org/gradle/process/internal/ProcessSettings
instanceKlass org/gradle/process/internal/streams/OutputStreamsForwarder
instanceKlass org/gradle/process/internal/streams/SafeStreams
instanceKlass org/gradle/process/internal/streams/EmptyStdInStreamsHandler
instanceKlass org/gradle/process/internal/ExecHandle
instanceKlass org/gradle/process/internal/StreamsHandler
instanceKlass org/gradle/api/internal/tasks/execution/ExecuteTaskActionBuildOperationType$2
instanceKlass org/gradle/api/internal/tasks/execution/ExecuteTaskActionBuildOperationType$1
instanceKlass org/gradle/api/internal/tasks/execution/ExecuteTaskActionBuildOperationType$Result
instanceKlass org/gradle/api/internal/tasks/execution/ExecuteTaskActionBuildOperationType$Details
instanceKlass org/gradle/api/internal/tasks/execution/ExecuteTaskActionBuildOperationType
instanceKlass org/gradle/api/internal/tasks/execution/TaskExecution$3
instanceKlass org/gradle/internal/execution/steps/ExecuteStep$2
instanceKlass org/gradle/internal/execution/steps/ExecuteStep$1$1
instanceKlass org/gradle/internal/execution/steps/ExecuteStep$Operation$Details
instanceKlass org/gradle/internal/execution/steps/ExecuteStep$1
instanceKlass org/gradle/internal/execution/steps/CreateOutputsStep$1
instanceKlass org/gradle/internal/execution/steps/CaptureStateAfterExecutionStep$1
instanceKlass org/gradle/internal/execution/steps/SkipEmptyWorkStep$2
instanceKlass org/gradle/internal/logging/events/StyledTextOutputEvent$Span
instanceKlass org/gradle/internal/logging/events/operations/StyledTextBuildOperationProgressDetails$Span
instanceKlass org/gradle/internal/operations/logging/StyledTextBuildOperationProgressDetails$Span
instanceKlass org/gradle/api/internal/tasks/execution/statistics/TaskExecutionStatisticsEventAdapter$1
instanceKlass org/gradle/api/internal/tasks/execution/ExecuteTaskBuildOperationResult
instanceKlass org/gradle/api/internal/tasks/execution/ExecuteTaskBuildOperationType$Result
instanceKlass org/gradle/api/internal/tasks/execution/ExecuteActionsTaskExecuter$1
instanceKlass org/gradle/api/internal/tasks/execution/ExecuteActionsTaskExecuter$2
instanceKlass org/gradle/internal/execution/steps/SkipUpToDateStep$1
instanceKlass org/gradle/internal/execution/history/impl/DefaultAfterExecutionState
instanceKlass org/gradle/internal/execution/history/changes/InputChangesInternal
instanceKlass org/gradle/internal/execution/history/changes/ExecutionStateChanges$1
instanceKlass org/gradle/internal/execution/history/changes/CachingChangeContainer$CachingVisitor
instanceKlass org/gradle/internal/execution/history/changes/DefaultExecutionStateChangeDetector$InputFileChangesWrapper
instanceKlass org/gradle/internal/execution/history/changes/CachingChangeContainer
instanceKlass org/gradle/internal/execution/history/changes/AbstractFingerprintChanges$1
instanceKlass org/gradle/internal/execution/history/changes/SortedMapDiffUtil
instanceKlass org/gradle/internal/execution/history/changes/OutputFileChanges$1
instanceKlass org/gradle/internal/execution/history/changes/SummarizingChangeContainer$ChangeDetectingVisitor
instanceKlass org/gradle/internal/execution/history/changes/DefaultExecutionStateChangeDetector$MessageCollectingChangeVisitor
instanceKlass org/gradle/internal/execution/history/changes/ErrorHandlingChangeContainer
instanceKlass org/gradle/internal/execution/history/changes/SummarizingChangeContainer
instanceKlass org/gradle/internal/execution/history/changes/OutputFileChanges
instanceKlass com/google/common/base/Predicates$CompositionPredicate
instanceKlass org/gradle/internal/execution/history/changes/TrivialChangeDetector
instanceKlass org/gradle/internal/execution/history/changes/AbsolutePathChangeDetector$ItemComparator
instanceKlass org/gradle/internal/execution/history/changes/AbsolutePathChangeDetector
instanceKlass org/gradle/internal/execution/history/changes/AbstractFingerprintCompareStrategy$2
instanceKlass org/gradle/internal/execution/history/changes/AbstractFingerprintCompareStrategy$1
instanceKlass org/gradle/internal/execution/history/changes/TrivialChangeDetector$ItemComparator
instanceKlass org/gradle/internal/execution/history/changes/CompareStrategy$ChangeFactory
instanceKlass org/gradle/internal/execution/history/changes/CompareStrategy$ChangeDetector
instanceKlass org/gradle/internal/execution/history/changes/CompareStrategy
instanceKlass org/gradle/internal/execution/history/changes/FingerprintCompareStrategy
instanceKlass org/gradle/internal/execution/history/changes/PropertyDiffListener
instanceKlass org/gradle/internal/execution/history/changes/AbstractFingerprintChanges
instanceKlass org/gradle/internal/execution/history/changes/InputValueChanges
instanceKlass org/gradle/internal/execution/history/changes/PropertyChanges
instanceKlass org/gradle/internal/execution/history/changes/ImplementationChanges
instanceKlass org/gradle/internal/execution/history/changes/DescriptiveChange
instanceKlass org/gradle/internal/execution/history/changes/Change
instanceKlass org/gradle/internal/execution/history/changes/PreviousSuccessChanges
instanceKlass org/gradle/internal/execution/history/changes/DefaultIncrementalInputProperties
instanceKlass org/gradle/internal/execution/steps/ResolveChangesStep$1
instanceKlass org/gradle/internal/execution/steps/ResolveChangesStep$2
instanceKlass org/gradle/internal/execution/history/changes/ExecutionStateChanges
instanceKlass org/gradle/internal/execution/caching/CachingState$Enabled
instanceKlass org/gradle/api/problems/ReportableProblem
instanceKlass org/gradle/internal/execution/steps/ValidateStep$1
instanceKlass org/gradle/execution/plan/ExecutionNodeAccessHierarchy$FilteredNodeAccess
instanceKlass org/gradle/execution/plan/MissingTaskDependencyDetector$FilteredTree
instanceKlass org/gradle/execution/plan/MissingTaskDependencyDetector$1
instanceKlass org/gradle/api/internal/tasks/properties/DefaultPropertyValidationContext
instanceKlass org/gradle/internal/execution/steps/CaptureStateBeforeExecutionStep$Operation$Result$1
instanceKlass org/gradle/internal/execution/steps/CaptureStateBeforeExecutionStep$Operation$Result
instanceKlass org/gradle/api/internal/artifacts/ivyservice/ShortCircuitEmptyConfigurationResolver$EmptyResolvedConfiguration$1
instanceKlass org/gradle/api/internal/artifacts/ivyservice/ShortCircuitEmptyConfigurationResolver$EmptyResults
instanceKlass org/gradle/api/internal/artifacts/ivyservice/ShortCircuitEmptyConfigurationResolver$EmptyResolvedConfiguration
instanceKlass io/spring/gradle/dependencymanagement/internal/ExclusionConfiguringAction$Node
instanceKlass io/spring/gradle/dependencymanagement/org/codehaus/plexus/util/Os
instanceKlass jdk/internal/access/foreign/MemorySegmentProxy
instanceKlass io/spring/gradle/dependencymanagement/org/apache/maven/model/building/DefaultModelProblem
instanceKlass io/spring/gradle/dependencymanagement/org/apache/maven/model/building/ModelProblemCollectorRequest
instanceKlass io/spring/gradle/dependencymanagement/org/apache/maven/model/building/FilterModelBuildingRequest
instanceKlass org/gradle/api/internal/artifacts/ivyservice/resolveengine/artifact/AbstractFailedResolvedArtifactSet
instanceKlass org/gradle/api/internal/artifacts/ivyservice/DefaultLenientConfiguration$LenientArtifactCollectingVisitor
instanceKlass org/gradle/api/internal/artifacts/ivyservice/ErrorHandlingConfigurationResolver$ErrorHandlingLenientConfiguration
instanceKlass io/spring/gradle/dependencymanagement/internal/ExclusionConfiguringAction$DependencyCandidate
instanceKlass org/gradle/api/internal/artifacts/result/AbstractDependencyResult
instanceKlass org/gradle/api/artifacts/result/ResolvedDependencyResult
instanceKlass org/gradle/api/internal/artifacts/ivyservice/resolveengine/result/DetachedResolvedGraphDependency
instanceKlass org/gradle/api/internal/artifacts/ivyservice/resolveengine/result/CachingComponentSelectionDescriptorFactory$Key
instanceKlass org/gradle/cache/internal/BinaryStore$ReadAction
instanceKlass org/gradle/api/internal/artifacts/ivyservice/dependencysubstitution/DefaultDependencyArtifactSelector
instanceKlass org/gradle/api/internal/artifacts/ivyservice/dependencysubstitution/UnversionedModuleComponentSelector
instanceKlass org/gradle/api/internal/artifacts/dsl/ComponentSelectorParsers$ProjectConverter
instanceKlass org/gradle/api/internal/artifacts/dsl/ComponentSelectorParsers$StringConverter
instanceKlass org/gradle/api/internal/artifacts/dsl/ComponentSelectorParsers
instanceKlass org/gradle/api/internal/artifacts/ivyservice/dependencysubstitution/DefaultDependencyResolveDetails
instanceKlass org/gradle/api/artifacts/DependencyResolveDetails
instanceKlass org/gradle/api/artifacts/DependencyArtifactSelector
instanceKlass org/gradle/api/internal/artifacts/ivyservice/dependencysubstitution/DefaultArtifactSelectionDetails
instanceKlass org/gradle/api/internal/artifacts/ivyservice/dependencysubstitution/ArtifactSelectionDetailsInternal
instanceKlass org/gradle/api/artifacts/ArtifactSelectionDetails
instanceKlass org/gradle/api/internal/artifacts/ivyservice/dependencysubstitution/DefaultDependencySubstitution
instanceKlass org/gradle/api/internal/artifacts/configurations/DefaultConfiguration$ConfigurationResolvableDependencies$1
instanceKlass io/spring/gradle/dependencymanagement/internal/pom/Pom
instanceKlass io/spring/gradle/dependencymanagement/internal/Exclusion
instanceKlass io/spring/gradle/dependencymanagement/internal/pom/Dependency
instanceKlass io/spring/gradle/dependencymanagement/org/apache/maven/model/ActivationOS
instanceKlass io/spring/gradle/dependencymanagement/org/apache/maven/model/merge/ModelMerger$NotifierKeyComputer
instanceKlass io/spring/gradle/dependencymanagement/org/codehaus/plexus/interpolation/RegexBasedInterpolator
instanceKlass io/spring/gradle/dependencymanagement/org/apache/maven/model/ActivationFile
instanceKlass io/spring/gradle/dependencymanagement/org/apache/maven/model/Notifier
instanceKlass org/gradle/internal/component/external/model/AbstractMutableModuleComponentResolveMetadata$DependencyConstraintImpl
instanceKlass org/gradle/internal/component/external/model/ComponentVariant$DependencyConstraint
instanceKlass io/spring/gradle/dependencymanagement/org/codehaus/plexus/interpolation/SimpleRecursionInterceptor
instanceKlass io/spring/gradle/dependencymanagement/org/apache/maven/model/profile/activation/JdkVersionProfileActivator$RangeValue
instanceKlass io/spring/gradle/dependencymanagement/org/apache/maven/model/building/ModelProblemUtils
instanceKlass org/gradle/internal/classpath/declarations/FileInterceptorsDeclaration
instanceKlass org/gradle/process/internal/health/memory/JvmMemoryStatusSnapshot
instanceKlass org/gradle/workers/internal/WorkerDaemonClient
instanceKlass org/gradle/workers/internal/WorkerDaemonExpiration$SimpleMemoryExpirationSelector
instanceKlass org/gradle/process/internal/health/memory/OsMemoryStatusAspect$Unavailable
instanceKlass io/spring/gradle/dependencymanagement/org/apache/maven/model/Relocation
instanceKlass io/spring/gradle/dependencymanagement/org/apache/maven/model/Site
instanceKlass io/spring/gradle/dependencymanagement/internal/maven/EffectiveModelBuilder$InMemoryModelCache$Key
instanceKlass io/spring/gradle/dependencymanagement/org/apache/maven/model/building/ModelCacheTag$2
instanceKlass io/spring/gradle/dependencymanagement/org/apache/maven/model/building/ModelCacheTag$1
instanceKlass io/spring/gradle/dependencymanagement/org/apache/maven/model/building/ModelCacheTag
instanceKlass io/spring/gradle/dependencymanagement/org/apache/maven/model/building/ModelBuildingEventCatapult$1
instanceKlass io/spring/gradle/dependencymanagement/org/apache/maven/model/building/ModelBuildingEventCatapult
instanceKlass io/spring/gradle/dependencymanagement/org/apache/maven/model/Extension
instanceKlass io/spring/gradle/dependencymanagement/org/codehaus/plexus/interpolation/util/StringUtils
instanceKlass io/spring/gradle/dependencymanagement/org/apache/maven/model/MailingList
instanceKlass io/spring/gradle/dependencymanagement/org/codehaus/plexus/interpolation/reflection/MethodMap
instanceKlass io/spring/gradle/dependencymanagement/org/codehaus/plexus/interpolation/reflection/ClassMap$CacheMiss
instanceKlass io/spring/gradle/dependencymanagement/org/codehaus/plexus/interpolation/reflection/ClassMap
instanceKlass io/spring/gradle/dependencymanagement/org/codehaus/plexus/interpolation/reflection/ReflectionValueExtractor$Tokenizer
instanceKlass io/spring/gradle/dependencymanagement/org/codehaus/plexus/interpolation/reflection/ReflectionValueExtractor
instanceKlass io/spring/gradle/dependencymanagement/org/codehaus/plexus/interpolation/util/ValueSourceUtils
instanceKlass io/spring/gradle/dependencymanagement/org/apache/maven/model/DistributionManagement
instanceKlass io/spring/gradle/dependencymanagement/org/apache/maven/model/interpolation/StringSearchModelInterpolator$InterpolateObjectAction$CacheField
instanceKlass io/spring/gradle/dependencymanagement/org/apache/maven/model/CiManagement
instanceKlass io/spring/gradle/dependencymanagement/org/apache/maven/model/IssueManagement
instanceKlass io/spring/gradle/dependencymanagement/org/apache/maven/model/Prerequisites
instanceKlass io/spring/gradle/dependencymanagement/org/apache/maven/model/Organization
instanceKlass io/spring/gradle/dependencymanagement/org/apache/maven/model/Parent
instanceKlass io/spring/gradle/dependencymanagement/org/apache/maven/model/interpolation/StringSearchModelInterpolator$InterpolateObjectAction$CacheItem
instanceKlass io/spring/gradle/dependencymanagement/org/apache/maven/model/interpolation/StringSearchModelInterpolator$InterpolateObjectAction
instanceKlass io/spring/gradle/dependencymanagement/org/apache/maven/model/interpolation/StringSearchModelInterpolator$1
instanceKlass io/spring/gradle/dependencymanagement/org/codehaus/plexus/interpolation/PrefixAwareRecursionInterceptor
instanceKlass io/spring/gradle/dependencymanagement/org/codehaus/plexus/interpolation/StringSearchInterpolator
instanceKlass io/spring/gradle/dependencymanagement/org/codehaus/plexus/interpolation/Interpolator
instanceKlass io/spring/gradle/dependencymanagement/org/codehaus/plexus/interpolation/BasicInterpolator
instanceKlass io/spring/gradle/dependencymanagement/org/apache/maven/model/interpolation/UrlNormalizingPostProcessor
instanceKlass io/spring/gradle/dependencymanagement/org/codehaus/plexus/interpolation/InterpolationPostProcessor
instanceKlass io/spring/gradle/dependencymanagement/org/apache/maven/model/interpolation/ProblemDetectingValueSource
instanceKlass io/spring/gradle/dependencymanagement/org/codehaus/plexus/interpolation/PrefixedValueSourceWrapper
instanceKlass io/spring/gradle/dependencymanagement/org/codehaus/plexus/interpolation/FeedbackEnabledValueSource
instanceKlass io/spring/gradle/dependencymanagement/org/codehaus/plexus/interpolation/AbstractDelegatingValueSource
instanceKlass io/spring/gradle/dependencymanagement/org/codehaus/plexus/interpolation/QueryEnabledValueSource
instanceKlass io/spring/gradle/dependencymanagement/org/codehaus/plexus/interpolation/AbstractValueSource
instanceKlass io/spring/gradle/dependencymanagement/org/apache/maven/model/merge/ModelMerger$ExtensionKeyComputer
instanceKlass io/spring/gradle/dependencymanagement/org/apache/maven/model/merge/ModelMerger$ResourceKeyComputer
instanceKlass io/spring/gradle/dependencymanagement/org/apache/maven/model/merge/ModelMerger$SourceDominant
instanceKlass io/spring/gradle/dependencymanagement/org/apache/maven/model/merge/ModelMerger$DependencyKeyComputer
instanceKlass io/spring/gradle/dependencymanagement/org/codehaus/plexus/util/xml/XMLWriter
instanceKlass io/spring/gradle/dependencymanagement/org/codehaus/plexus/util/xml/Xpp3Dom
instanceKlass io/spring/gradle/dependencymanagement/org/codehaus/plexus/util/xml/Xpp3DomBuilder
instanceKlass io/spring/gradle/dependencymanagement/org/apache/maven/model/io/xpp3/MavenXpp3ReaderEx$Xpp3DomBuilderInputLocationBuilder
instanceKlass io/spring/gradle/dependencymanagement/org/apache/maven/model/ActivationProperty
instanceKlass io/spring/gradle/dependencymanagement/org/apache/maven/model/Activation
instanceKlass io/spring/gradle/dependencymanagement/org/apache/maven/model/Reporting
instanceKlass io/spring/gradle/dependencymanagement/org/apache/maven/model/RepositoryPolicy
instanceKlass io/spring/gradle/dependencymanagement/org/apache/maven/model/io/xpp3/MavenXpp3ReaderEx$1
instanceKlass io/spring/gradle/dependencymanagement/org/codehaus/plexus/util/xml/Xpp3DomBuilder$InputLocationBuilder
instanceKlass io/spring/gradle/dependencymanagement/org/apache/maven/model/io/xpp3/MavenXpp3ReaderEx$ContentTransformer
instanceKlass io/spring/gradle/dependencymanagement/org/apache/maven/model/io/xpp3/MavenXpp3ReaderEx
instanceKlass io/spring/gradle/dependencymanagement/org/apache/maven/model/building/ModelData
instanceKlass io/spring/gradle/dependencymanagement/org/codehaus/plexus/util/StringUtils
instanceKlass io/spring/gradle/dependencymanagement/org/apache/maven/model/Exclusion
instanceKlass io/spring/gradle/dependencymanagement/org/apache/maven/model/Dependency
instanceKlass io/spring/gradle/dependencymanagement/org/apache/maven/model/DependencyManagement
instanceKlass io/spring/gradle/dependencymanagement/org/apache/maven/model/Scm
instanceKlass io/spring/gradle/dependencymanagement/org/apache/maven/model/License
instanceKlass io/spring/gradle/dependencymanagement/org/codehaus/plexus/util/xml/pull/EntityReplacementMap
instanceKlass io/spring/gradle/dependencymanagement/org/codehaus/plexus/util/xml/pull/MXParser
instanceKlass io/spring/gradle/dependencymanagement/org/apache/maven/model/io/xpp3/MavenXpp3Reader$1
instanceKlass io/spring/gradle/dependencymanagement/org/codehaus/plexus/util/xml/pull/XmlPullParser
instanceKlass io/spring/gradle/dependencymanagement/org/apache/maven/model/io/xpp3/MavenXpp3Reader$ContentTransformer
instanceKlass io/spring/gradle/dependencymanagement/org/apache/maven/model/io/xpp3/MavenXpp3Reader
instanceKlass io/spring/gradle/dependencymanagement/org/codehaus/plexus/util/ReaderFactory
instanceKlass org/gradle/internal/classpath/declarations/FileInputStreamInterceptorsDeclaration
instanceKlass io/spring/gradle/dependencymanagement/org/apache/maven/model/profile/DefaultProfileActivationContext
instanceKlass io/spring/gradle/dependencymanagement/org/apache/maven/model/building/ModelProblem
instanceKlass io/spring/gradle/dependencymanagement/org/apache/maven/model/building/DefaultModelProblemCollector
instanceKlass io/spring/gradle/dependencymanagement/org/apache/maven/model/building/DefaultModelBuildingResult
instanceKlass io/spring/gradle/dependencymanagement/org/apache/maven/model/interpolation/StringSearchModelInterpolator$InnerInterpolator
instanceKlass io/spring/gradle/dependencymanagement/org/apache/maven/model/InputLocation
instanceKlass io/spring/gradle/dependencymanagement/org/apache/maven/model/InputSource
instanceKlass io/spring/gradle/dependencymanagement/org/apache/maven/model/plugin/DefaultReportingConverter
instanceKlass io/spring/gradle/dependencymanagement/org/apache/maven/model/plugin/DefaultReportConfigurationExpander
instanceKlass io/spring/gradle/dependencymanagement/org/apache/maven/model/plugin/DefaultPluginConfigurationExpander
instanceKlass io/spring/gradle/dependencymanagement/org/apache/maven/model/management/DefaultPluginManagementInjector
instanceKlass io/spring/gradle/dependencymanagement/org/apache/maven/model/building/DefaultModelBuilderFactory$StubLifecycleBindingsInjector
instanceKlass io/spring/gradle/dependencymanagement/org/apache/maven/model/management/DefaultDependencyManagementInjector
instanceKlass io/spring/gradle/dependencymanagement/org/apache/maven/model/composition/DefaultDependencyManagementImporter
instanceKlass io/spring/gradle/dependencymanagement/org/apache/maven/model/superpom/DefaultSuperPomProvider
instanceKlass io/spring/gradle/dependencymanagement/org/apache/maven/model/path/ProfileActivationFilePathInterpolator
instanceKlass io/spring/gradle/dependencymanagement/org/apache/maven/model/profile/activation/FileProfileActivator
instanceKlass io/spring/gradle/dependencymanagement/org/apache/maven/model/profile/activation/PropertyProfileActivator
instanceKlass io/spring/gradle/dependencymanagement/org/apache/maven/model/profile/activation/OperatingSystemProfileActivator
instanceKlass io/spring/gradle/dependencymanagement/org/apache/maven/model/profile/activation/JdkVersionProfileActivator
instanceKlass io/spring/gradle/dependencymanagement/org/apache/maven/model/profile/activation/ProfileActivator
instanceKlass io/spring/gradle/dependencymanagement/org/apache/maven/model/profile/DefaultProfileSelector
instanceKlass io/spring/gradle/dependencymanagement/org/apache/maven/model/profile/DefaultProfileInjector
instanceKlass io/spring/gradle/dependencymanagement/org/apache/maven/model/inheritance/DefaultInheritanceAssembler
instanceKlass io/spring/gradle/dependencymanagement/org/apache/maven/model/interpolation/StringVisitorModelInterpolator$InnerInterpolator
instanceKlass io/spring/gradle/dependencymanagement/org/codehaus/plexus/interpolation/RecursionInterceptor
instanceKlass io/spring/gradle/dependencymanagement/org/apache/maven/model/interpolation/AbstractStringBasedModelInterpolator
instanceKlass io/spring/gradle/dependencymanagement/org/apache/maven/model/path/DefaultUrlNormalizer
instanceKlass io/spring/gradle/dependencymanagement/org/apache/maven/model/path/DefaultModelUrlNormalizer
instanceKlass io/spring/gradle/dependencymanagement/org/apache/maven/model/path/DefaultPathTranslator
instanceKlass io/spring/gradle/dependencymanagement/org/apache/maven/model/path/DefaultModelPathTranslator
instanceKlass io/spring/gradle/dependencymanagement/org/apache/maven/model/Contributor
instanceKlass io/spring/gradle/dependencymanagement/org/apache/maven/model/PluginContainer
instanceKlass io/spring/gradle/dependencymanagement/org/apache/maven/model/ConfigurationContainer
instanceKlass io/spring/gradle/dependencymanagement/org/apache/maven/model/PatternSet
instanceKlass io/spring/gradle/dependencymanagement/org/apache/maven/model/ModelBase
instanceKlass io/spring/gradle/dependencymanagement/org/apache/maven/model/merge/ModelMerger$KeyComputer
instanceKlass io/spring/gradle/dependencymanagement/org/apache/maven/model/merge/ModelMerger$Remapping
instanceKlass io/spring/gradle/dependencymanagement/org/apache/maven/model/merge/ModelMerger
instanceKlass io/spring/gradle/dependencymanagement/org/apache/maven/model/normalization/DefaultModelNormalizer
instanceKlass io/spring/gradle/dependencymanagement/org/apache/maven/model/interpolation/DefaultModelVersionProcessor
instanceKlass io/spring/gradle/dependencymanagement/org/apache/maven/model/RepositoryBase
instanceKlass io/spring/gradle/dependencymanagement/org/apache/maven/model/InputLocationTracker
instanceKlass io/spring/gradle/dependencymanagement/org/apache/maven/model/validation/DefaultModelValidator
instanceKlass io/spring/gradle/dependencymanagement/org/apache/maven/model/io/DefaultModelReader
instanceKlass io/spring/gradle/dependencymanagement/org/apache/maven/model/locator/DefaultModelLocator
instanceKlass io/spring/gradle/dependencymanagement/org/apache/maven/model/building/DefaultModelProcessor
instanceKlass io/spring/gradle/dependencymanagement/org/apache/maven/artifact/versioning/ArtifactVersion
instanceKlass io/spring/gradle/dependencymanagement/org/apache/maven/model/building/ModelBuildingEvent
instanceKlass io/spring/gradle/dependencymanagement/org/codehaus/plexus/interpolation/ValueSource
instanceKlass io/spring/gradle/dependencymanagement/org/apache/maven/model/building/ModelProblemCollectorExt
instanceKlass io/spring/gradle/dependencymanagement/org/apache/maven/model/profile/ProfileActivationContext
instanceKlass io/spring/gradle/dependencymanagement/org/apache/maven/model/building/ModelProblemCollector
instanceKlass io/spring/gradle/dependencymanagement/org/apache/maven/model/building/ModelBuildingResult
instanceKlass io/spring/gradle/dependencymanagement/org/apache/maven/model/building/DefaultModelBuilder
instanceKlass io/spring/gradle/dependencymanagement/org/apache/maven/model/building/ModelBuilder
instanceKlass io/spring/gradle/dependencymanagement/org/apache/maven/model/profile/ProfileInjector
instanceKlass io/spring/gradle/dependencymanagement/org/apache/maven/model/normalization/ModelNormalizer
instanceKlass io/spring/gradle/dependencymanagement/org/apache/maven/model/path/PathTranslator
instanceKlass io/spring/gradle/dependencymanagement/org/apache/maven/model/profile/ProfileSelector
instanceKlass io/spring/gradle/dependencymanagement/org/apache/maven/model/building/ModelProcessor
instanceKlass io/spring/gradle/dependencymanagement/org/apache/maven/model/path/UrlNormalizer
instanceKlass io/spring/gradle/dependencymanagement/org/apache/maven/model/io/ModelReader
instanceKlass io/spring/gradle/dependencymanagement/org/apache/maven/model/locator/ModelLocator
instanceKlass io/spring/gradle/dependencymanagement/org/apache/maven/model/plugin/ReportingConverter
instanceKlass io/spring/gradle/dependencymanagement/org/apache/maven/model/plugin/ReportConfigurationExpander
instanceKlass io/spring/gradle/dependencymanagement/org/apache/maven/model/plugin/PluginConfigurationExpander
instanceKlass io/spring/gradle/dependencymanagement/org/apache/maven/model/management/PluginManagementInjector
instanceKlass io/spring/gradle/dependencymanagement/org/apache/maven/model/plugin/LifecycleBindingsInjector
instanceKlass io/spring/gradle/dependencymanagement/org/apache/maven/model/inheritance/InheritanceAssembler
instanceKlass io/spring/gradle/dependencymanagement/org/apache/maven/model/management/DependencyManagementInjector
instanceKlass io/spring/gradle/dependencymanagement/org/apache/maven/model/composition/DependencyManagementImporter
instanceKlass io/spring/gradle/dependencymanagement/org/apache/maven/model/path/ModelUrlNormalizer
instanceKlass io/spring/gradle/dependencymanagement/org/apache/maven/model/interpolation/ModelVersionProcessor
instanceKlass io/spring/gradle/dependencymanagement/org/apache/maven/model/path/ModelPathTranslator
instanceKlass io/spring/gradle/dependencymanagement/org/apache/maven/model/superpom/SuperPomProvider
instanceKlass io/spring/gradle/dependencymanagement/org/apache/maven/model/building/DefaultModelBuilderFactory
instanceKlass io/spring/gradle/dependencymanagement/org/apache/maven/building/FileSource
instanceKlass io/spring/gradle/dependencymanagement/org/apache/maven/model/building/ModelSource2
instanceKlass org/gradle/internal/classpath/AccessTrackingProperties$TrackingEntry
instanceKlass org/gradle/internal/classpath/AccessTrackingProperties$2
instanceKlass org/gradle/internal/classpath/Instrumented$2
instanceKlass org/gradle/internal/classpath/AccessTrackingSet$Listener
instanceKlass io/spring/gradle/dependencymanagement/org/apache/maven/model/building/DefaultModelBuildingRequest
instanceKlass io/spring/gradle/dependencymanagement/internal/maven/EffectiveModelBuilder$InMemoryModelCache
instanceKlass io/spring/gradle/dependencymanagement/internal/maven/EffectiveModelBuilder$ModelInput
instanceKlass io/spring/gradle/dependencymanagement/internal/properties/CompositePropertySource
instanceKlass org/gradle/internal/resolve/resolver/DefaultVariantArtifactResolver$SingleArtifactVariantIdentifier
instanceKlass org/gradle/api/internal/artifacts/ivyservice/ArtifactCollectingVisitor
instanceKlass io/spring/gradle/dependencymanagement/internal/properties/ProjectPropertySource
instanceKlass io/spring/gradle/dependencymanagement/internal/Versions
instanceKlass org/gradle/api/internal/tasks/properties/InputParameterUtils
instanceKlass org/gradle/internal/execution/steps/CaptureStateBeforeExecutionStep$ImplementationsBuilder
instanceKlass org/gradle/internal/snapshot/AbstractInvalidateChildHandler
instanceKlass org/gradle/internal/execution/impl/DefaultOutputSnapshotter$1
instanceKlass org/gradle/internal/snapshot/AbstractIncompleteFileSystemNode$1
instanceKlass org/gradle/internal/execution/steps/CaptureStateBeforeExecutionStep$Operation$Details$1
instanceKlass org/gradle/internal/watch/vfs/impl/WatchingVirtualFileSystem$VfsChangeLoggingNodeDiffListener
instanceKlass org/gradle/internal/execution/steps/CaptureStateBeforeExecutionStep$Operation$Details
instanceKlass org/gradle/internal/watch/registry/impl/DefaultFileWatcherRegistry$3
instanceKlass org/gradle/internal/watch/registry/impl/DefaultFileWatcherRegistry$1
instanceKlass net/rubygrapefruit/platform/internal/jni/AbstractFileEventFunctions$ChangeEvent
instanceKlass org/gradle/internal/watch/registry/impl/DefaultFileWatcherProbeRegistry$1
instanceKlass org/gradle/internal/fingerprint/impl/PatternSetSnapshottingFilter$PathBackedFileTreeElement
instanceKlass org/gradle/internal/snapshot/SnapshottingFilter$DirectoryWalkerPredicate
instanceKlass org/gradle/internal/fingerprint/impl/PatternSetSnapshottingFilter
instanceKlass org/gradle/internal/execution/UnitOfWork$InputFileValueSupplier
instanceKlass org/gradle/internal/execution/steps/SkipEmptyWorkStep$1
instanceKlass org/gradle/internal/execution/history/impl/AbstractInputExecutionState
instanceKlass org/gradle/internal/execution/history/impl/FileSystemSnapshotSerializer$2
instanceKlass java/util/stream/ReduceOps$5ReducingSink
instanceKlass org/gradle/internal/execution/history/impl/FileSystemSnapshotSerializer$SnapshotStack
instanceKlass org/gradle/internal/fingerprint/FileCollectionFingerprint$1
instanceKlass org/gradle/internal/execution/history/impl/SerializableFileCollectionFingerprint
instanceKlass org/gradle/internal/execution/history/impl/FingerprintMapSerializer$1
instanceKlass org/gradle/caching/internal/origin/OriginMetadata
instanceKlass org/gradle/cache/internal/btree/FreeListBlockStore$FreeListEntry
instanceKlass com/google/common/collect/Streams
instanceKlass org/gradle/internal/execution/UnitOfWork$OutputFileValueSupplier
instanceKlass org/gradle/internal/execution/UnitOfWork$FileValueSupplier
instanceKlass org/gradle/internal/execution/UnitOfWork$ValueSupplier
instanceKlass org/gradle/internal/execution/steps/CleanupStaleOutputsStep$1
instanceKlass org/gradle/internal/execution/workspace/WorkspaceProvider$WorkspaceAction
instanceKlass org/gradle/api/internal/tasks/execution/TaskExecution$4
instanceKlass org/gradle/internal/execution/steps/IdentifyStep$1
instanceKlass org/gradle/internal/execution/steps/IdentifyStep$Operation$Result
instanceKlass org/gradle/internal/execution/UnitOfWork$Identity
instanceKlass java/io/SerialCallbackContext
instanceKlass org/gradle/internal/execution/impl/DefaultInputFingerprinter$InputFingerprints
instanceKlass org/gradle/internal/execution/InputFingerprinter$Result
instanceKlass org/gradle/internal/execution/impl/DefaultInputFingerprinter$InputCollectingVisitor
instanceKlass org/gradle/internal/execution/steps/BuildOperationStep$1
instanceKlass org/gradle/internal/execution/steps/IdentifyStep$2
instanceKlass org/gradle/internal/execution/steps/IdentifyStep$Operation$Details
instanceKlass java/io/ObjectStreamClass$ClassDataSlot
instanceKlass java/io/ObjectStreamClass$5
instanceKlass java/io/ObjectStreamClass$4
instanceKlass java/io/ObjectStreamClass$3
instanceKlass java/io/ObjectStreamClass$MemberSignature
instanceKlass java/io/ObjectStreamClass$1
instanceKlass org/gradle/internal/execution/impl/DefaultExecutionEngine$1
instanceKlass org/gradle/api/internal/tasks/execution/TaskExecution$1
instanceKlass java/io/ObjectStreamClass$FieldReflector
instanceKlass java/io/ObjectStreamClass$FieldReflectorKey
instanceKlass java/io/ObjectStreamClass$2
instanceKlass org/gradle/internal/execution/UnitOfWork$WorkOutput
instanceKlass org/gradle/api/internal/tasks/properties/PropertyValidationContext
instanceKlass org/gradle/api/internal/tasks/SnapshotTaskInputsBuildOperationType$Details
instanceKlass java/io/ClassCache
instanceKlass org/gradle/api/internal/tasks/execution/TaskExecution
instanceKlass java/io/ObjectStreamClass$Caches
instanceKlass java/io/ObjectStreamClass
instanceKlass java/io/Bits
instanceKlass java/io/ObjectOutputStream$ReplaceTable
instanceKlass java/io/ObjectOutputStream$HandleTable
instanceKlass org/gradle/api/internal/changedetection/changes/DefaultTaskExecutionMode
instanceKlass org/gradle/api/internal/changedetection/TaskExecutionMode
instanceKlass org/gradle/internal/build/event/types/AbstractProgressEvent
instanceKlass org/gradle/internal/build/event/types/DefaultTaskDescriptor
instanceKlass org/gradle/tooling/internal/protocol/events/InternalTaskWithExtraInfoDescriptor
instanceKlass org/gradle/tooling/internal/protocol/events/InternalTaskDescriptor
instanceKlass java/util/TreeMap$TreeMapSpliterator
instanceKlass org/gradle/api/internal/tasks/execution/EventFiringTaskExecuter$1
instanceKlass org/gradle/api/internal/tasks/execution/EventFiringTaskExecuter
instanceKlass org/gradle/api/internal/tasks/execution/CatchExceptionTaskExecuter
instanceKlass org/gradle/api/internal/tasks/execution/SkipOnlyIfTaskExecuter
instanceKlass org/gradle/api/internal/tasks/execution/SkipTaskWithNoActionsExecuter
instanceKlass org/gradle/api/internal/tasks/execution/ResolveTaskExecutionModeExecuter
instanceKlass org/gradle/api/internal/tasks/execution/FinalizePropertiesTaskExecuter
instanceKlass org/gradle/api/internal/tasks/TaskExecuterResult
instanceKlass org/gradle/api/internal/tasks/execution/ExecuteActionsTaskExecuter
instanceKlass org/gradle/normalization/internal/InputNormalizationHandlerInternal$CachedState
instanceKlass org/gradle/normalization/internal/DefaultInputNormalizationHandler
instanceKlass org/gradle/api/internal/changedetection/state/IgnoringResourceEntryFilter
instanceKlass org/gradle/api/internal/changedetection/state/IgnoringResourceFilter
instanceKlass org/gradle/normalization/internal/DefaultRuntimeClasspathNormalization$RuntimeMetaInfNormalization
instanceKlass org/gradle/normalization/PropertiesFileNormalization
instanceKlass org/gradle/normalization/internal/DefaultRuntimeClasspathNormalization$DefaultPropertiesFileFilter
instanceKlass org/gradle/normalization/internal/DefaultRuntimeClasspathNormalization$EvaluatableFilter
instanceKlass org/gradle/normalization/internal/RuntimeClasspathNormalizationInternal$CachedState
instanceKlass org/gradle/normalization/MetaInfNormalization
instanceKlass org/gradle/normalization/internal/DefaultRuntimeClasspathNormalization
instanceKlass org/gradle/api/internal/changedetection/changes/DefaultTaskExecutionModeResolver
instanceKlass org/gradle/api/internal/tasks/execution/DefaultTaskCacheabilityResolver
instanceKlass org/gradle/internal/file/DefaultReservedFileSystemLocationRegistry
instanceKlass org/gradle/api/internal/artifacts/transform/MutableTransformWorkspaceServices$MutableTransformWorkspaceProvider
instanceKlass org/gradle/api/internal/tasks/TaskExecutionContext$ValidationAction
instanceKlass org/gradle/api/internal/tasks/execution/DefaultTaskExecutionContext
instanceKlass org/gradle/execution/plan/ValuedVfsHierarchy$1
instanceKlass org/gradle/execution/plan/ValuedVfsHierarchy$2
instanceKlass org/gradle/execution/plan/ExecutionNodeAccessHierarchy$DefaultNodeAccess
instanceKlass org/gradle/execution/plan/ExecutionNodeAccessHierarchy$NodeAccess
instanceKlass org/gradle/internal/reflect/validation/TypeValidationProblemRenderer
instanceKlass org/gradle/internal/reflect/ProblemRecordingTypeValidationContext
instanceKlass org/gradle/api/internal/tasks/properties/InputPropertySpec
instanceKlass org/gradle/api/internal/tasks/properties/DefaultTaskProperties$ResolvingValue
instanceKlass org/gradle/api/internal/tasks/properties/CacheableOutputFilePropertySpec
instanceKlass org/gradle/internal/MutableBoolean
instanceKlass org/gradle/api/internal/tasks/properties/ValidationActions$7
instanceKlass org/gradle/api/internal/tasks/properties/AbstractValidatingProperty
instanceKlass org/gradle/api/internal/tasks/properties/ValidatingProperty
instanceKlass org/gradle/api/internal/tasks/properties/LifecycleAwareValue
instanceKlass org/gradle/api/internal/tasks/properties/AbstractPropertySpec
instanceKlass org/gradle/api/internal/tasks/properties/InputFilePropertySpec
instanceKlass org/gradle/api/internal/tasks/properties/CompositePropertyVisitor
instanceKlass org/gradle/api/internal/tasks/properties/DefaultTaskProperties$GetDestroyablesVisitor
instanceKlass org/gradle/api/internal/tasks/properties/DefaultTaskProperties$GetLocalStateVisitor
instanceKlass org/gradle/api/internal/tasks/properties/OutputUnpacker$UnpackedOutputConsumer$1
instanceKlass org/gradle/api/internal/tasks/properties/OutputUnpacker
instanceKlass org/gradle/api/internal/tasks/properties/OutputFilesCollector
instanceKlass org/gradle/api/internal/tasks/properties/ValidationAction
instanceKlass org/gradle/api/internal/tasks/properties/DefaultTaskProperties$ValidationVisitor
instanceKlass org/gradle/api/internal/tasks/properties/GetServiceReferencesVisitor
instanceKlass org/gradle/api/internal/tasks/properties/GetInputFilesVisitor
instanceKlass org/gradle/api/internal/tasks/properties/GetInputPropertiesVisitor
instanceKlass org/gradle/api/internal/tasks/properties/DefaultTaskProperties
instanceKlass org/gradle/api/internal/tasks/properties/TaskProperties
instanceKlass org/gradle/execution/plan/ResolveMutationsNode$ResolveTaskMutationsDetails
instanceKlass org/gradle/api/internal/tasks/execution/ResolveTaskMutationsBuildOperationType$Details
instanceKlass org/gradle/execution/plan/ResolveMutationsNode$1
instanceKlass org/gradle/execution/plan/MissingTaskDependencyDetector
instanceKlass org/gradle/api/execution/TaskActionListener
instanceKlass org/gradle/api/internal/tasks/TaskExecuter
instanceKlass org/gradle/api/internal/changedetection/TaskExecutionModeResolver
instanceKlass org/gradle/api/internal/tasks/execution/TaskCacheabilityResolver
instanceKlass org/gradle/internal/file/ReservedFileSystemLocationRegistry
instanceKlass org/gradle/execution/ProjectExecutionServiceRegistry$DefaultNodeExecutionContext
instanceKlass org/gradle/execution/plan/DefaultPlanExecutor$WorkItem
instanceKlass org/gradle/execution/plan/WorkSource$Selection
instanceKlass org/gradle/execution/plan/DefaultPlanExecutor$ExecutorState$WorkerState
instanceKlass org/gradle/execution/plan/DefaultPlanExecutor$ExecutorWorker
instanceKlass org/gradle/execution/plan/DefaultPlanExecutor$PlanDetails
instanceKlass org/gradle/execution/taskgraph/DefaultTaskExecutionGraph$InvokeNodeExecutorsAction
instanceKlass org/gradle/execution/taskgraph/DefaultTaskExecutionGraph$BuildOperationAwareExecutionAction
instanceKlass org/gradle/execution/RunRootBuildWorkBuildOperationType$Details
instanceKlass org/gradle/execution/BuildOperationFiringBuildWorkerExecutor$ExecuteTasks
instanceKlass org/gradle/composite/internal/DefaultBuildController$BuildOpRunnable
instanceKlass org/gradle/internal/buildtree/BuildOperationFiringBuildTreeWorkExecutor$1
instanceKlass org/gradle/composite/internal/DefaultIncludedBuildTaskGraph$DefaultBuildTreeWorkGraph$1$1
instanceKlass org/gradle/internal/taskgraph/CalculateTreeTaskGraphBuildOperationType$Result
instanceKlass org/gradle/api/internal/provider/ValueSupplier$TaskProducer
instanceKlass org/gradle/execution/taskgraph/NotifyTaskGraphWhenReadyBuildOperationType$1
instanceKlass org/gradle/execution/taskgraph/NotifyTaskGraphWhenReadyBuildOperationType$Result
instanceKlass org/gradle/execution/taskgraph/NotifyTaskGraphWhenReadyBuildOperationType
instanceKlass org/gradle/execution/taskgraph/DefaultTaskExecutionGraph$NotifyTaskGraphWhenReadyDetails
instanceKlass org/gradle/execution/taskgraph/NotifyTaskGraphWhenReadyBuildOperationType$Details
instanceKlass org/gradle/execution/taskgraph/DefaultTaskExecutionGraph$NotifyTaskGraphWhenReady
instanceKlass org/gradle/execution/plan/DefaultFinalizedExecutionPlan$ExecutionQueue
instanceKlass org/gradle/execution/plan/DefaultFinalizedExecutionPlan$1
instanceKlass org/gradle/execution/plan/DefaultFinalizedExecutionPlan
instanceKlass org/gradle/internal/build/BuildOperationFiringBuildWorkPreparer$PopulateWorkGraph$CalculateTaskGraphResult
instanceKlass org/gradle/internal/taskgraph/CalculateTaskGraphBuildOperationType$Result
instanceKlass org/gradle/execution/plan/ToPlannedTaskConverter$PlannedTaskIdentity
instanceKlass org/gradle/initialization/DefaultPlannedTask
instanceKlass org/gradle/internal/taskgraph/CalculateTaskGraphBuildOperationType$PlannedTask
instanceKlass org/gradle/internal/build/PlannedNodeGraph
instanceKlass org/gradle/internal/build/PlannedNodeGraph$IdentityProvider
instanceKlass org/gradle/internal/build/PlannedNodeGraph$DependencyTraverser
instanceKlass org/gradle/internal/build/PlannedNodeGraph$Collector
instanceKlass org/gradle/execution/plan/ScheduledWork
instanceKlass java/util/IdentityHashMap$IdentityHashMapIterator
instanceKlass org/gradle/execution/plan/DetermineExecutionPlanAction$TaskClassifier
instanceKlass org/gradle/execution/plan/DetermineExecutionPlanAction$NodeInVisitingSegment
instanceKlass org/gradle/execution/plan/DetermineExecutionPlanAction
instanceKlass org/gradle/api/internal/WithEstimatedSize$Estimates
instanceKlass org/gradle/internal/Actions$FilteredAction
instanceKlass org/gradle/api/internal/artifacts/ivyservice/moduleconverter/dependencies/DefaultLocalConfigurationMetadataBuilder$NestedVariantIdentifier
instanceKlass org/gradle/api/internal/tasks/TaskDependencyInternal$1
instanceKlass org/gradle/api/internal/artifacts/dsl/FileSystemPublishArtifact
instanceKlass org/gradle/api/attributes/TestSuiteType$Impl
instanceKlass org/gradle/api/internal/tasks/compile/CompilationSourceDirs$SourceRoots
instanceKlass org/gradle/api/internal/tasks/compile/CompilationSourceDirs
instanceKlass org/gradle/internal/component/external/model/ProjectDerivedCapability
instanceKlass java/util/stream/ReduceOps$2ReducingSink
instanceKlass org/gradle/api/internal/artifacts/ivyservice/dependencysubstitution/DefaultDependencySubstitutionApplicator
instanceKlass org/gradle/api/internal/artifacts/ivyservice/dependencysubstitution/CachingDependencySubstitutionApplicator
instanceKlass org/gradle/api/reflect/TypeOf$4
instanceKlass org/gradle/internal/properties/bean/DefaultPropertyWalker$ImplementationPropertyValue
instanceKlass org/gradle/internal/snapshot/impl/ImplementationValue
